[0.068s] Invoking command in '/husarion_ws/build/husarion_ugv_battery': CMAKE_PREFIX_PATH=/husarion_ws/install/husarion_ugv_utils:/husarion_ws/install/husarion_ugv_msgs:/husarion_ws/install/husarion_ugv:/husarion_ws/install/husarion_ugv_gazebo:/husarion_ws/install/husarion_ugv_controller:/husarion_ws/install/husarion_ugv_description:/husarion_ws/install/ros_components_description:/husarion_ws/install/mecanum_drive_controller:/husarion_ws/install/husarion_ugv_manager:/husarion_ws/install/husarion_ugv_localization:/husarion_ws/install/husarion_ugv_lights:/husarion_ws/install/husarion_gz_worlds:/husarion_ws/install/behaviortree_ros2:/husarion_ws/install/btcpp_ros2_interfaces:/opt/ros/jazzy/opt/gz_sim_vendor:/opt/ros/jazzy/opt/gz_sensors_vendor:/opt/ros/jazzy/opt/gz_physics_vendor:/opt/ros/jazzy/opt/sdformat_vendor:/opt/ros/jazzy/opt/gz_gui_vendor:/opt/ros/jazzy/opt/gz_transport_vendor:/opt/ros/jazzy/opt/gz_rendering_vendor:/opt/ros/jazzy/opt/gz_plugin_vendor:/opt/ros/jazzy/opt/gz_fuel_tools_vendor:/opt/ros/jazzy/opt/gz_msgs_vendor:/opt/ros/jazzy/opt/gz_common_vendor:/opt/ros/jazzy/opt/gz_math_vendor:/opt/ros/jazzy/opt/gz_utils_vendor:/opt/ros/jazzy/opt/gz_tools_vendor:/opt/ros/jazzy/opt/gz_ogre_next_vendor:/opt/ros/jazzy/opt/gz_dartsim_vendor:/opt/ros/jazzy/opt/gz_cmake_vendor:/opt/ros/jazzy LD_LIBRARY_PATH=/husarion_ws/install/husarion_ugv_msgs/lib:/husarion_ws/install/husarion_ugv_gazebo/lib:/husarion_ws/install/mecanum_drive_controller/lib:/husarion_ws/install/husarion_ugv_manager/lib:/husarion_ws/install/husarion_ugv_lights/lib:/husarion_ws/install/behaviortree_ros2/lib:/husarion_ws/install/btcpp_ros2_interfaces/lib:/opt/ros/jazzy/opt/gz_sim_vendor/lib:/opt/ros/jazzy/opt/gz_sensors_vendor/lib:/opt/ros/jazzy/opt/gz_physics_vendor/lib:/opt/ros/jazzy/opt/sdformat_vendor/lib:/opt/ros/jazzy/opt/rviz_ogre_vendor/lib:/opt/ros/jazzy/lib/x86_64-linux-gnu:/opt/ros/jazzy/opt/libphidget22/lib:/opt/ros/jazzy/opt/gz_gui_vendor/lib:/opt/ros/jazzy/opt/gz_transport_vendor/lib:/opt/ros/jazzy/opt/gz_rendering_vendor/lib:/opt/ros/jazzy/opt/gz_plugin_vendor/lib:/opt/ros/jazzy/opt/gz_fuel_tools_vendor/lib:/opt/ros/jazzy/opt/gz_msgs_vendor/lib:/opt/ros/jazzy/opt/gz_common_vendor/lib:/opt/ros/jazzy/opt/gz_math_vendor/lib:/opt/ros/jazzy/opt/gz_utils_vendor/lib:/opt/ros/jazzy/opt/gz_tools_vendor/lib:/opt/ros/jazzy/opt/gz_ogre_next_vendor/lib:/opt/ros/jazzy/opt/gz_dartsim_vendor/lib:/opt/ros/jazzy/opt/gz_cmake_vendor/lib:/opt/ros/jazzy/lib /usr/bin/cmake /husarion_ws/src/husarion_ugv_ros/husarion_ugv_battery -DCMAKE_INSTALL_PREFIX=/husarion_ws/install/husarion_ugv_battery
[0.113s] -- The C compiler identification is GNU 13.3.0
[0.156s] -- The CXX compiler identification is GNU 13.3.0
[0.169s] -- Detecting C compiler ABI info
[0.241s] -- Detecting C compiler ABI info - done
[0.248s] -- Check for working C compiler: /usr/bin/cc - skipped
[0.248s] -- Detecting C compile features
[0.248s] -- Detecting C compile features - done
[0.255s] -- Detecting CXX compiler ABI info
[0.330s] -- Detecting CXX compiler ABI info - done
[0.336s] -- Check for working CXX compiler: /usr/bin/c++ - skipped
[0.336s] -- Detecting CXX compile features
[0.337s] -- Detecting CXX compile features - done
[0.341s] -- Found ament_cmake: 2.5.4 (/opt/ros/jazzy/share/ament_cmake/cmake)
[0.460s] -- Found Python3: /usr/bin/python3 (found version "3.12.3") found components: Interpreter 
[0.564s] -- Found diagnostic_updater: 4.2.4 (/opt/ros/jazzy/share/diagnostic_updater/cmake)
[0.621s] -- Found rosidl_generator_c: 4.6.5 (/opt/ros/jazzy/share/rosidl_generator_c/cmake)
[0.638s] -- Found rosidl_generator_cpp: 4.6.5 (/opt/ros/jazzy/share/rosidl_generator_cpp/cmake)
[0.656s] -- Using all available rosidl_typesupport_c: rosidl_typesupport_fastrtps_c;rosidl_typesupport_introspection_c
[0.676s] -- Using all available rosidl_typesupport_cpp: rosidl_typesupport_fastrtps_cpp;rosidl_typesupport_introspection_cpp
[0.790s] -- Found rmw_implementation_cmake: 7.3.2 (/opt/ros/jazzy/share/rmw_implementation_cmake/cmake)
[0.795s] -- Found rmw_fastrtps_cpp: 8.4.2 (/opt/ros/jazzy/share/rmw_fastrtps_cpp/cmake)
[0.870s] -- Found OpenSSL: /usr/lib/x86_64-linux-gnu/libcrypto.so (found version "3.0.13")  
[0.887s] -- Found FastRTPS: /opt/ros/jazzy/include (Required is at least version "2.13") 
[0.905s] -- Using RMW implementation 'rmw_fastrtps_cpp' as default
[0.990s] -- Found generate_parameter_library: 0.4.0 (/opt/ros/jazzy/share/generate_parameter_library/cmake)
[0.998s] -- Found parameter_traits: 0.4.0 (/opt/ros/jazzy/share/parameter_traits/cmake)
[1.029s] -- Found rclcpp_lifecycle: 28.1.9 (/opt/ros/jazzy/share/rclcpp_lifecycle/cmake)
[1.059s] -- Found husarion_ugv_msgs: 2.3.0 (/husarion_ws/install/husarion_ugv_msgs/share/husarion_ugv_msgs/cmake)
[1.074s] -- Found husarion_ugv_utils: 2.3.0 (/husarion_ws/install/husarion_ugv_utils/share/husarion_ugv_utils/cmake)
[1.252s] -- Found sensor_msgs: 5.3.6 (/opt/ros/jazzy/share/sensor_msgs/cmake)
[1.299s] -- Found ament_cmake_gtest: 2.5.4 (/opt/ros/jazzy/share/ament_cmake_gtest/cmake)
[1.304s] -- Found gtest sources under '/opt/ros/jazzy/src/gtest_vendor': C++ tests using 'Google Test' will be built
[1.307s] -- Found Threads: TRUE  
[1.447s] -- Configuring done (1.4s)
[1.579s] -- Generating done (0.1s)
[1.597s] -- Build files have been written to: /husarion_ws/build/husarion_ugv_battery
[1.612s] Invoked command in '/husarion_ws/build/husarion_ugv_battery' returned '0': CMAKE_PREFIX_PATH=/husarion_ws/install/husarion_ugv_utils:/husarion_ws/install/husarion_ugv_msgs:/husarion_ws/install/husarion_ugv:/husarion_ws/install/husarion_ugv_gazebo:/husarion_ws/install/husarion_ugv_controller:/husarion_ws/install/husarion_ugv_description:/husarion_ws/install/ros_components_description:/husarion_ws/install/mecanum_drive_controller:/husarion_ws/install/husarion_ugv_manager:/husarion_ws/install/husarion_ugv_localization:/husarion_ws/install/husarion_ugv_lights:/husarion_ws/install/husarion_gz_worlds:/husarion_ws/install/behaviortree_ros2:/husarion_ws/install/btcpp_ros2_interfaces:/opt/ros/jazzy/opt/gz_sim_vendor:/opt/ros/jazzy/opt/gz_sensors_vendor:/opt/ros/jazzy/opt/gz_physics_vendor:/opt/ros/jazzy/opt/sdformat_vendor:/opt/ros/jazzy/opt/gz_gui_vendor:/opt/ros/jazzy/opt/gz_transport_vendor:/opt/ros/jazzy/opt/gz_rendering_vendor:/opt/ros/jazzy/opt/gz_plugin_vendor:/opt/ros/jazzy/opt/gz_fuel_tools_vendor:/opt/ros/jazzy/opt/gz_msgs_vendor:/opt/ros/jazzy/opt/gz_common_vendor:/opt/ros/jazzy/opt/gz_math_vendor:/opt/ros/jazzy/opt/gz_utils_vendor:/opt/ros/jazzy/opt/gz_tools_vendor:/opt/ros/jazzy/opt/gz_ogre_next_vendor:/opt/ros/jazzy/opt/gz_dartsim_vendor:/opt/ros/jazzy/opt/gz_cmake_vendor:/opt/ros/jazzy LD_LIBRARY_PATH=/husarion_ws/install/husarion_ugv_msgs/lib:/husarion_ws/install/husarion_ugv_gazebo/lib:/husarion_ws/install/mecanum_drive_controller/lib:/husarion_ws/install/husarion_ugv_manager/lib:/husarion_ws/install/husarion_ugv_lights/lib:/husarion_ws/install/behaviortree_ros2/lib:/husarion_ws/install/btcpp_ros2_interfaces/lib:/opt/ros/jazzy/opt/gz_sim_vendor/lib:/opt/ros/jazzy/opt/gz_sensors_vendor/lib:/opt/ros/jazzy/opt/gz_physics_vendor/lib:/opt/ros/jazzy/opt/sdformat_vendor/lib:/opt/ros/jazzy/opt/rviz_ogre_vendor/lib:/opt/ros/jazzy/lib/x86_64-linux-gnu:/opt/ros/jazzy/opt/libphidget22/lib:/opt/ros/jazzy/opt/gz_gui_vendor/lib:/opt/ros/jazzy/opt/gz_transport_vendor/lib:/opt/ros/jazzy/opt/gz_rendering_vendor/lib:/opt/ros/jazzy/opt/gz_plugin_vendor/lib:/opt/ros/jazzy/opt/gz_fuel_tools_vendor/lib:/opt/ros/jazzy/opt/gz_msgs_vendor/lib:/opt/ros/jazzy/opt/gz_common_vendor/lib:/opt/ros/jazzy/opt/gz_math_vendor/lib:/opt/ros/jazzy/opt/gz_utils_vendor/lib:/opt/ros/jazzy/opt/gz_tools_vendor/lib:/opt/ros/jazzy/opt/gz_ogre_next_vendor/lib:/opt/ros/jazzy/opt/gz_dartsim_vendor/lib:/opt/ros/jazzy/opt/gz_cmake_vendor/lib:/opt/ros/jazzy/lib /usr/bin/cmake /husarion_ws/src/husarion_ugv_ros/husarion_ugv_battery -DCMAKE_INSTALL_PREFIX=/husarion_ws/install/husarion_ugv_battery
[1.613s] Invoking command in '/husarion_ws/build/husarion_ugv_battery': CMAKE_PREFIX_PATH=/husarion_ws/install/husarion_ugv_utils:/husarion_ws/install/husarion_ugv_msgs:/husarion_ws/install/husarion_ugv:/husarion_ws/install/husarion_ugv_gazebo:/husarion_ws/install/husarion_ugv_controller:/husarion_ws/install/husarion_ugv_description:/husarion_ws/install/ros_components_description:/husarion_ws/install/mecanum_drive_controller:/husarion_ws/install/husarion_ugv_manager:/husarion_ws/install/husarion_ugv_localization:/husarion_ws/install/husarion_ugv_lights:/husarion_ws/install/husarion_gz_worlds:/husarion_ws/install/behaviortree_ros2:/husarion_ws/install/btcpp_ros2_interfaces:/opt/ros/jazzy/opt/gz_sim_vendor:/opt/ros/jazzy/opt/gz_sensors_vendor:/opt/ros/jazzy/opt/gz_physics_vendor:/opt/ros/jazzy/opt/sdformat_vendor:/opt/ros/jazzy/opt/gz_gui_vendor:/opt/ros/jazzy/opt/gz_transport_vendor:/opt/ros/jazzy/opt/gz_rendering_vendor:/opt/ros/jazzy/opt/gz_plugin_vendor:/opt/ros/jazzy/opt/gz_fuel_tools_vendor:/opt/ros/jazzy/opt/gz_msgs_vendor:/opt/ros/jazzy/opt/gz_common_vendor:/opt/ros/jazzy/opt/gz_math_vendor:/opt/ros/jazzy/opt/gz_utils_vendor:/opt/ros/jazzy/opt/gz_tools_vendor:/opt/ros/jazzy/opt/gz_ogre_next_vendor:/opt/ros/jazzy/opt/gz_dartsim_vendor:/opt/ros/jazzy/opt/gz_cmake_vendor:/opt/ros/jazzy LD_LIBRARY_PATH=/husarion_ws/install/husarion_ugv_msgs/lib:/husarion_ws/install/husarion_ugv_gazebo/lib:/husarion_ws/install/mecanum_drive_controller/lib:/husarion_ws/install/husarion_ugv_manager/lib:/husarion_ws/install/husarion_ugv_lights/lib:/husarion_ws/install/behaviortree_ros2/lib:/husarion_ws/install/btcpp_ros2_interfaces/lib:/opt/ros/jazzy/opt/gz_sim_vendor/lib:/opt/ros/jazzy/opt/gz_sensors_vendor/lib:/opt/ros/jazzy/opt/gz_physics_vendor/lib:/opt/ros/jazzy/opt/sdformat_vendor/lib:/opt/ros/jazzy/opt/rviz_ogre_vendor/lib:/opt/ros/jazzy/lib/x86_64-linux-gnu:/opt/ros/jazzy/opt/libphidget22/lib:/opt/ros/jazzy/opt/gz_gui_vendor/lib:/opt/ros/jazzy/opt/gz_transport_vendor/lib:/opt/ros/jazzy/opt/gz_rendering_vendor/lib:/opt/ros/jazzy/opt/gz_plugin_vendor/lib:/opt/ros/jazzy/opt/gz_fuel_tools_vendor/lib:/opt/ros/jazzy/opt/gz_msgs_vendor/lib:/opt/ros/jazzy/opt/gz_common_vendor/lib:/opt/ros/jazzy/opt/gz_math_vendor/lib:/opt/ros/jazzy/opt/gz_utils_vendor/lib:/opt/ros/jazzy/opt/gz_tools_vendor/lib:/opt/ros/jazzy/opt/gz_ogre_next_vendor/lib:/opt/ros/jazzy/opt/gz_dartsim_vendor/lib:/opt/ros/jazzy/opt/gz_cmake_vendor/lib:/opt/ros/jazzy/lib /usr/bin/cmake --build /husarion_ws/build/husarion_ugv_battery -- -j12 -l12
[1.687s] [  1%] [34m[1mRunning `/opt/ros/jazzy/bin/generate_parameter_library_cpp /husarion_ws/build/husarion_ugv_battery/include/husarion_ugv_battery/battery_parameters.hpp /husarion_ws/src/husarion_ugv_ros/husarion_ugv_battery/src/battery_parameters.yaml `[0m
[1.698s] [  3%] [32mBuilding CXX object gtest/CMakeFiles/gtest_main.dir/src/gtest_main.cc.o[0m
[1.704s] [  4%] [32mBuilding CXX object gtest/CMakeFiles/gtest.dir/src/gtest-all.cc.o[0m
[4.015s] [  6%] [32m[1mLinking CXX static library libgtest_main.a[0m
[4.044s] [  6%] Built target gtest_main
[4.383s] [  8%] [34m[1mCreating deprecated header file /husarion_ws/build/husarion_ugv_battery/include/battery_parameters.hpp[0m
[5.018s] [  8%] Built target battery_parameters
[5.312s] [  9%] [32mBuilding CXX object CMakeFiles/battery_driver_node.dir/src/main.cpp.o[0m
[5.378s] [ 11%] [32mBuilding CXX object CMakeFiles/battery_driver_node.dir/src/battery/adc_battery.cpp.o[0m
[5.392s] [ 13%] [32mBuilding CXX object CMakeFiles/battery_driver_node.dir/src/battery_publisher/dual_battery_publisher.cpp.o[0m
[5.405s] [ 14%] [32mBuilding CXX object CMakeFiles/battery_driver_node.dir/src/battery_publisher/battery_publisher.cpp.o[0m
[5.416s] [ 16%] [32mBuilding CXX object CMakeFiles/battery_driver_node.dir/src/battery_driver_node.cpp.o[0m
[5.423s] [ 18%] [32mBuilding CXX object CMakeFiles/battery_driver_node.dir/src/battery/roboteq_battery.cpp.o[0m
[5.474s] [ 19%] [32mBuilding CXX object CMakeFiles/battery_driver_node.dir/src/battery_publisher/single_battery_publisher.cpp.o[0m
[42.722s] [ 21%] [32m[1mLinking CXX static library libgtest.a[0m
[43.419s] [ 21%] Built target gtest
[107.102s] [ 22%] [32m[1mLinking CXX executable battery_driver_node[0m
[109.197s] [ 22%] Built target battery_driver_node
[109.228s] [ 24%] [32mBuilding CXX object CMakeFiles/husarion_ugv_battery_test_battery_driver_node_roboteq.dir/test/test_battery_driver_node_roboteq.cpp.o[0m
[121.605s] [ 26%] [32mBuilding CXX object CMakeFiles/husarion_ugv_battery_test_battery_driver_node_roboteq.dir/src/battery_driver_node.cpp.o[0m
[128.493s] [ 27%] [32mBuilding CXX object CMakeFiles/husarion_ugv_battery_test_battery_driver_node_roboteq.dir/src/battery_publisher/battery_publisher.cpp.o[0m
[134.353s] [ 29%] [32mBuilding CXX object CMakeFiles/husarion_ugv_battery_test_battery_driver_node_roboteq.dir/src/battery_publisher/dual_battery_publisher.cpp.o[0m
[138.513s] [ 31%] [32mBuilding CXX object CMakeFiles/husarion_ugv_battery_test_battery_driver_node_roboteq.dir/src/battery_publisher/single_battery_publisher.cpp.o[0m
[142.402s] [ 32%] [32mBuilding CXX object CMakeFiles/husarion_ugv_battery_test_battery_driver_node_roboteq.dir/src/battery/roboteq_battery.cpp.o[0m
[144.661s] [ 34%] [32mBuilding CXX object CMakeFiles/husarion_ugv_battery_test_battery_driver_node_roboteq.dir/src/battery/adc_battery.cpp.o[0m
[147.013s] [ 36%] [32m[1mLinking CXX executable husarion_ugv_battery_test_battery_driver_node_roboteq[0m
[147.690s] [ 36%] Built target husarion_ugv_battery_test_battery_driver_node_roboteq
[147.711s] [ 39%] [32mBuilding CXX object CMakeFiles/husarion_ugv_battery_test_dual_battery_publisher.dir/test/battery_publisher/test_dual_battery_publisher.cpp.o[0m
[147.711s] [ 39%] [32mBuilding CXX object CMakeFiles/husarion_ugv_battery_test_dual_battery_publisher.dir/src/battery_publisher/battery_publisher.cpp.o[0m
[147.714s] [ 40%] [32mBuilding CXX object CMakeFiles/husarion_ugv_battery_test_dual_battery_publisher.dir/src/battery/adc_battery.cpp.o[0m
[147.714s] [ 44%] [32mBuilding CXX object CMakeFiles/husarion_ugv_battery_test_battery_driver_node_adc_dual.dir/test/test_battery_driver_node_adc_dual.cpp.o[0m
[147.715s] [ 44%] [32mBuilding CXX object CMakeFiles/husarion_ugv_battery_test_battery_driver_node_adc_single.dir/test/test_battery_driver_node_adc_single.cpp.o[0m
[167.757s] [ 45%] [32mBuilding CXX object CMakeFiles/husarion_ugv_battery_test_battery_driver_node_adc_dual.dir/src/battery/adc_battery.cpp.o[0m
[167.759s] [ 47%] [32mBuilding CXX object CMakeFiles/husarion_ugv_battery_test_battery_driver_node_adc_dual.dir/src/battery_driver_node.cpp.o[0m
[167.892s] [ 49%] [32mBuilding CXX object CMakeFiles/husarion_ugv_battery_test_dual_battery_publisher.dir/src/battery_publisher/dual_battery_publisher.cpp.o[0m
[168.913s] [ 50%] [32mBuilding CXX object CMakeFiles/husarion_ugv_battery_test_battery_driver_node_adc_single.dir/src/battery/adc_battery.cpp.o[0m
[168.917s] [ 52%] [32mBuilding CXX object CMakeFiles/husarion_ugv_battery_test_battery_driver_node_adc_dual.dir/src/battery_publisher/battery_publisher.cpp.o[0m
[173.593s] [ 54%] [32mBuilding CXX object CMakeFiles/husarion_ugv_battery_test_battery_driver_node_adc_single.dir/src/battery_driver_node.cpp.o[0m
[197.003s] [ 55%] [32m[1mLinking CXX executable husarion_ugv_battery_test_dual_battery_publisher[0m
[199.727s] [ 55%] Built target husarion_ugv_battery_test_dual_battery_publisher
[202.740s] [ 59%] [32mBuilding CXX object CMakeFiles/husarion_ugv_battery_test_battery_driver_node_adc_single.dir/src/battery_publisher/dual_battery_publisher.cpp.o[0m
[202.740s] [ 59%] [32mBuilding CXX object CMakeFiles/husarion_ugv_battery_test_battery_driver_node_adc_single.dir/src/battery_publisher/single_battery_publisher.cpp.o[0m
[202.814s] [ 60%] [32mBuilding CXX object CMakeFiles/husarion_ugv_battery_test_battery_driver_node_adc_dual.dir/src/battery_publisher/dual_battery_publisher.cpp.o[0m
[202.820s] [ 62%] [32mBuilding CXX object CMakeFiles/husarion_ugv_battery_test_battery_driver_node_adc_dual.dir/src/battery_publisher/single_battery_publisher.cpp.o[0m
[203.833s] [ 63%] [32mBuilding CXX object CMakeFiles/husarion_ugv_battery_test_battery_driver_node_adc_single.dir/src/battery_publisher/battery_publisher.cpp.o[0m
[205.028s] [ 65%] [32mBuilding CXX object CMakeFiles/husarion_ugv_battery_test_battery_driver_node_adc_single.dir/src/battery/roboteq_battery.cpp.o[0m
[218.919s] [ 67%] [32mBuilding CXX object CMakeFiles/husarion_ugv_battery_test_battery_driver_node_adc_dual.dir/src/battery/roboteq_battery.cpp.o[0m
[244.803s] [ 68%] [32m[1mLinking CXX executable husarion_ugv_battery_test_battery_driver_node_adc_dual[0m
[251.098s] [ 68%] Built target husarion_ugv_battery_test_battery_driver_node_adc_dual
[251.398s] [ 70%] [32mBuilding CXX object CMakeFiles/husarion_ugv_battery_test_roboteq_battery.dir/src/battery/roboteq_battery.cpp.o[0m
[251.403s] [ 72%] [32mBuilding CXX object CMakeFiles/husarion_ugv_battery_test_roboteq_battery.dir/test/battery/test_roboteq_battery.cpp.o[0m
[251.409s] [ 73%] [32mBuilding CXX object CMakeFiles/husarion_ugv_battery_test_adc_data_reader.dir/test/test_adc_data_reader.cpp.o[0m
[251.485s] [ 75%] [32mBuilding CXX object CMakeFiles/husarion_ugv_battery_test_single_battery_publisher.dir/src/battery/adc_battery.cpp.o[0m
[251.500s] [ 77%] [32mBuilding CXX object CMakeFiles/husarion_ugv_battery_test_battery_publisher.dir/test/battery_publisher/test_battery_publisher.cpp.o[0m
[251.516s] [ 78%] [32mBuilding CXX object CMakeFiles/husarion_ugv_battery_test_battery_publisher.dir/src/battery_publisher/battery_publisher.cpp.o[0m
[251.519s] [ 80%] [32mBuilding CXX object CMakeFiles/husarion_ugv_battery_test_adc_battery.dir/test/battery/test_adc_battery.cpp.o[0m
[251.520s] [ 81%] [32mBuilding CXX object CMakeFiles/husarion_ugv_battery_test_single_battery_publisher.dir/src/battery_publisher/single_battery_publisher.cpp.o[0m
[251.574s] [ 83%] [32mBuilding CXX object CMakeFiles/husarion_ugv_battery_test_single_battery_publisher.dir/test/battery_publisher/test_single_battery_publisher.cpp.o[0m
[251.587s] [ 85%] [32mBuilding CXX object CMakeFiles/husarion_ugv_battery_test_battery.dir/test/battery/test_battery.cpp.o[0m
[251.592s] [ 86%] [32mBuilding CXX object CMakeFiles/husarion_ugv_battery_test_single_battery_publisher.dir/src/battery_publisher/battery_publisher.cpp.o[0m
[254.980s] [ 88%] [32m[1mLinking CXX executable husarion_ugv_battery_test_battery_driver_node_adc_single[0m
[265.203s] [ 88%] Built target husarion_ugv_battery_test_battery_driver_node_adc_single
[265.374s] [ 90%] [32mBuilding CXX object CMakeFiles/husarion_ugv_battery_test_adc_battery.dir/src/battery/adc_battery.cpp.o[0m
[281.998s] [ 91%] [32m[1mLinking CXX executable husarion_ugv_battery_test_adc_data_reader[0m
[283.812s] [ 91%] Built target husarion_ugv_battery_test_adc_data_reader
[294.421s] [ 93%] [32m[1mLinking CXX executable husarion_ugv_battery_test_adc_battery[0m
[295.774s] [ 93%] Built target husarion_ugv_battery_test_adc_battery
[310.581s] [ 95%] [32m[1mLinking CXX executable husarion_ugv_battery_test_battery_publisher[0m
[313.916s] [ 96%] [32m[1mLinking CXX executable husarion_ugv_battery_test_roboteq_battery[0m
[314.707s] [ 96%] Built target husarion_ugv_battery_test_battery_publisher
[315.014s] [ 96%] Built target husarion_ugv_battery_test_roboteq_battery
[315.211s] [ 98%] [32m[1mLinking CXX executable husarion_ugv_battery_test_battery[0m
[316.189s] [ 98%] Built target husarion_ugv_battery_test_battery
[319.425s] [100%] [32m[1mLinking CXX executable husarion_ugv_battery_test_single_battery_publisher[0m
[320.033s] [100%] Built target husarion_ugv_battery_test_single_battery_publisher
[320.046s] Invoked command in '/husarion_ws/build/husarion_ugv_battery' returned '0': CMAKE_PREFIX_PATH=/husarion_ws/install/husarion_ugv_utils:/husarion_ws/install/husarion_ugv_msgs:/husarion_ws/install/husarion_ugv:/husarion_ws/install/husarion_ugv_gazebo:/husarion_ws/install/husarion_ugv_controller:/husarion_ws/install/husarion_ugv_description:/husarion_ws/install/ros_components_description:/husarion_ws/install/mecanum_drive_controller:/husarion_ws/install/husarion_ugv_manager:/husarion_ws/install/husarion_ugv_localization:/husarion_ws/install/husarion_ugv_lights:/husarion_ws/install/husarion_gz_worlds:/husarion_ws/install/behaviortree_ros2:/husarion_ws/install/btcpp_ros2_interfaces:/opt/ros/jazzy/opt/gz_sim_vendor:/opt/ros/jazzy/opt/gz_sensors_vendor:/opt/ros/jazzy/opt/gz_physics_vendor:/opt/ros/jazzy/opt/sdformat_vendor:/opt/ros/jazzy/opt/gz_gui_vendor:/opt/ros/jazzy/opt/gz_transport_vendor:/opt/ros/jazzy/opt/gz_rendering_vendor:/opt/ros/jazzy/opt/gz_plugin_vendor:/opt/ros/jazzy/opt/gz_fuel_tools_vendor:/opt/ros/jazzy/opt/gz_msgs_vendor:/opt/ros/jazzy/opt/gz_common_vendor:/opt/ros/jazzy/opt/gz_math_vendor:/opt/ros/jazzy/opt/gz_utils_vendor:/opt/ros/jazzy/opt/gz_tools_vendor:/opt/ros/jazzy/opt/gz_ogre_next_vendor:/opt/ros/jazzy/opt/gz_dartsim_vendor:/opt/ros/jazzy/opt/gz_cmake_vendor:/opt/ros/jazzy LD_LIBRARY_PATH=/husarion_ws/install/husarion_ugv_msgs/lib:/husarion_ws/install/husarion_ugv_gazebo/lib:/husarion_ws/install/mecanum_drive_controller/lib:/husarion_ws/install/husarion_ugv_manager/lib:/husarion_ws/install/husarion_ugv_lights/lib:/husarion_ws/install/behaviortree_ros2/lib:/husarion_ws/install/btcpp_ros2_interfaces/lib:/opt/ros/jazzy/opt/gz_sim_vendor/lib:/opt/ros/jazzy/opt/gz_sensors_vendor/lib:/opt/ros/jazzy/opt/gz_physics_vendor/lib:/opt/ros/jazzy/opt/sdformat_vendor/lib:/opt/ros/jazzy/opt/rviz_ogre_vendor/lib:/opt/ros/jazzy/lib/x86_64-linux-gnu:/opt/ros/jazzy/opt/libphidget22/lib:/opt/ros/jazzy/opt/gz_gui_vendor/lib:/opt/ros/jazzy/opt/gz_transport_vendor/lib:/opt/ros/jazzy/opt/gz_rendering_vendor/lib:/opt/ros/jazzy/opt/gz_plugin_vendor/lib:/opt/ros/jazzy/opt/gz_fuel_tools_vendor/lib:/opt/ros/jazzy/opt/gz_msgs_vendor/lib:/opt/ros/jazzy/opt/gz_common_vendor/lib:/opt/ros/jazzy/opt/gz_math_vendor/lib:/opt/ros/jazzy/opt/gz_utils_vendor/lib:/opt/ros/jazzy/opt/gz_tools_vendor/lib:/opt/ros/jazzy/opt/gz_ogre_next_vendor/lib:/opt/ros/jazzy/opt/gz_dartsim_vendor/lib:/opt/ros/jazzy/opt/gz_cmake_vendor/lib:/opt/ros/jazzy/lib /usr/bin/cmake --build /husarion_ws/build/husarion_ugv_battery -- -j12 -l12
[320.047s] Invoking command in '/husarion_ws/build/husarion_ugv_battery': CMAKE_PREFIX_PATH=/husarion_ws/install/husarion_ugv_utils:/husarion_ws/install/husarion_ugv_msgs:/husarion_ws/install/husarion_ugv:/husarion_ws/install/husarion_ugv_gazebo:/husarion_ws/install/husarion_ugv_controller:/husarion_ws/install/husarion_ugv_description:/husarion_ws/install/ros_components_description:/husarion_ws/install/mecanum_drive_controller:/husarion_ws/install/husarion_ugv_manager:/husarion_ws/install/husarion_ugv_localization:/husarion_ws/install/husarion_ugv_lights:/husarion_ws/install/husarion_gz_worlds:/husarion_ws/install/behaviortree_ros2:/husarion_ws/install/btcpp_ros2_interfaces:/opt/ros/jazzy/opt/gz_sim_vendor:/opt/ros/jazzy/opt/gz_sensors_vendor:/opt/ros/jazzy/opt/gz_physics_vendor:/opt/ros/jazzy/opt/sdformat_vendor:/opt/ros/jazzy/opt/gz_gui_vendor:/opt/ros/jazzy/opt/gz_transport_vendor:/opt/ros/jazzy/opt/gz_rendering_vendor:/opt/ros/jazzy/opt/gz_plugin_vendor:/opt/ros/jazzy/opt/gz_fuel_tools_vendor:/opt/ros/jazzy/opt/gz_msgs_vendor:/opt/ros/jazzy/opt/gz_common_vendor:/opt/ros/jazzy/opt/gz_math_vendor:/opt/ros/jazzy/opt/gz_utils_vendor:/opt/ros/jazzy/opt/gz_tools_vendor:/opt/ros/jazzy/opt/gz_ogre_next_vendor:/opt/ros/jazzy/opt/gz_dartsim_vendor:/opt/ros/jazzy/opt/gz_cmake_vendor:/opt/ros/jazzy LD_LIBRARY_PATH=/husarion_ws/install/husarion_ugv_msgs/lib:/husarion_ws/install/husarion_ugv_gazebo/lib:/husarion_ws/install/mecanum_drive_controller/lib:/husarion_ws/install/husarion_ugv_manager/lib:/husarion_ws/install/husarion_ugv_lights/lib:/husarion_ws/install/behaviortree_ros2/lib:/husarion_ws/install/btcpp_ros2_interfaces/lib:/opt/ros/jazzy/opt/gz_sim_vendor/lib:/opt/ros/jazzy/opt/gz_sensors_vendor/lib:/opt/ros/jazzy/opt/gz_physics_vendor/lib:/opt/ros/jazzy/opt/sdformat_vendor/lib:/opt/ros/jazzy/opt/rviz_ogre_vendor/lib:/opt/ros/jazzy/lib/x86_64-linux-gnu:/opt/ros/jazzy/opt/libphidget22/lib:/opt/ros/jazzy/opt/gz_gui_vendor/lib:/opt/ros/jazzy/opt/gz_transport_vendor/lib:/opt/ros/jazzy/opt/gz_rendering_vendor/lib:/opt/ros/jazzy/opt/gz_plugin_vendor/lib:/opt/ros/jazzy/opt/gz_fuel_tools_vendor/lib:/opt/ros/jazzy/opt/gz_msgs_vendor/lib:/opt/ros/jazzy/opt/gz_common_vendor/lib:/opt/ros/jazzy/opt/gz_math_vendor/lib:/opt/ros/jazzy/opt/gz_utils_vendor/lib:/opt/ros/jazzy/opt/gz_tools_vendor/lib:/opt/ros/jazzy/opt/gz_ogre_next_vendor/lib:/opt/ros/jazzy/opt/gz_dartsim_vendor/lib:/opt/ros/jazzy/opt/gz_cmake_vendor/lib:/opt/ros/jazzy/lib /usr/bin/cmake --install /husarion_ws/build/husarion_ugv_battery
[320.055s] -- Install configuration: ""
[320.055s] -- Installing: /husarion_ws/install/husarion_ugv_battery/include/husarion_ugv_battery
[320.055s] -- Installing: /husarion_ws/install/husarion_ugv_battery/include/husarion_ugv_battery/battery_parameters.hpp
[320.055s] -- Installing: /husarion_ws/install/husarion_ugv_battery/lib/husarion_ugv_battery/battery_driver_node
[320.061s] -- Set non-toolchain portion of runtime path of "/husarion_ws/install/husarion_ugv_battery/lib/husarion_ugv_battery/battery_driver_node" to ""
[320.061s] -- Installing: /husarion_ws/install/husarion_ugv_battery/share/husarion_ugv_battery/config
[320.061s] -- Installing: /husarion_ws/install/husarion_ugv_battery/share/husarion_ugv_battery/config/battery.yaml
[320.061s] -- Installing: /husarion_ws/install/husarion_ugv_battery/share/husarion_ugv_battery/launch
[320.061s] -- Installing: /husarion_ws/install/husarion_ugv_battery/share/husarion_ugv_battery/launch/battery.launch.py
[320.061s] -- Installing: /husarion_ws/install/husarion_ugv_battery/share/ament_index/resource_index/package_run_dependencies/husarion_ugv_battery
[320.062s] -- Installing: /husarion_ws/install/husarion_ugv_battery/share/ament_index/resource_index/parent_prefix_path/husarion_ugv_battery
[320.062s] -- Installing: /husarion_ws/install/husarion_ugv_battery/share/husarion_ugv_battery/environment/ament_prefix_path.sh
[320.062s] -- Installing: /husarion_ws/install/husarion_ugv_battery/share/husarion_ugv_battery/environment/ament_prefix_path.dsv
[320.062s] -- Installing: /husarion_ws/install/husarion_ugv_battery/share/husarion_ugv_battery/environment/path.sh
[320.062s] -- Installing: /husarion_ws/install/husarion_ugv_battery/share/husarion_ugv_battery/environment/path.dsv
[320.062s] -- Installing: /husarion_ws/install/husarion_ugv_battery/share/husarion_ugv_battery/local_setup.bash
[320.062s] -- Installing: /husarion_ws/install/husarion_ugv_battery/share/husarion_ugv_battery/local_setup.sh
[320.062s] -- Installing: /husarion_ws/install/husarion_ugv_battery/share/husarion_ugv_battery/local_setup.zsh
[320.062s] -- Installing: /husarion_ws/install/husarion_ugv_battery/share/husarion_ugv_battery/local_setup.dsv
[320.062s] -- Installing: /husarion_ws/install/husarion_ugv_battery/share/husarion_ugv_battery/package.dsv
[320.062s] -- Installing: /husarion_ws/install/husarion_ugv_battery/share/ament_index/resource_index/packages/husarion_ugv_battery
[320.063s] -- Installing: /husarion_ws/install/husarion_ugv_battery/share/husarion_ugv_battery/cmake/ament_cmake_export_dependencies-extras.cmake
[320.063s] -- Installing: /husarion_ws/install/husarion_ugv_battery/share/husarion_ugv_battery/cmake/husarion_ugv_batteryConfig.cmake
[320.063s] -- Installing: /husarion_ws/install/husarion_ugv_battery/share/husarion_ugv_battery/cmake/husarion_ugv_batteryConfig-version.cmake
[320.063s] -- Installing: /husarion_ws/install/husarion_ugv_battery/share/husarion_ugv_battery/package.xml
[320.065s] Invoked command in '/husarion_ws/build/husarion_ugv_battery' returned '0': CMAKE_PREFIX_PATH=/husarion_ws/install/husarion_ugv_utils:/husarion_ws/install/husarion_ugv_msgs:/husarion_ws/install/husarion_ugv:/husarion_ws/install/husarion_ugv_gazebo:/husarion_ws/install/husarion_ugv_controller:/husarion_ws/install/husarion_ugv_description:/husarion_ws/install/ros_components_description:/husarion_ws/install/mecanum_drive_controller:/husarion_ws/install/husarion_ugv_manager:/husarion_ws/install/husarion_ugv_localization:/husarion_ws/install/husarion_ugv_lights:/husarion_ws/install/husarion_gz_worlds:/husarion_ws/install/behaviortree_ros2:/husarion_ws/install/btcpp_ros2_interfaces:/opt/ros/jazzy/opt/gz_sim_vendor:/opt/ros/jazzy/opt/gz_sensors_vendor:/opt/ros/jazzy/opt/gz_physics_vendor:/opt/ros/jazzy/opt/sdformat_vendor:/opt/ros/jazzy/opt/gz_gui_vendor:/opt/ros/jazzy/opt/gz_transport_vendor:/opt/ros/jazzy/opt/gz_rendering_vendor:/opt/ros/jazzy/opt/gz_plugin_vendor:/opt/ros/jazzy/opt/gz_fuel_tools_vendor:/opt/ros/jazzy/opt/gz_msgs_vendor:/opt/ros/jazzy/opt/gz_common_vendor:/opt/ros/jazzy/opt/gz_math_vendor:/opt/ros/jazzy/opt/gz_utils_vendor:/opt/ros/jazzy/opt/gz_tools_vendor:/opt/ros/jazzy/opt/gz_ogre_next_vendor:/opt/ros/jazzy/opt/gz_dartsim_vendor:/opt/ros/jazzy/opt/gz_cmake_vendor:/opt/ros/jazzy LD_LIBRARY_PATH=/husarion_ws/install/husarion_ugv_msgs/lib:/husarion_ws/install/husarion_ugv_gazebo/lib:/husarion_ws/install/mecanum_drive_controller/lib:/husarion_ws/install/husarion_ugv_manager/lib:/husarion_ws/install/husarion_ugv_lights/lib:/husarion_ws/install/behaviortree_ros2/lib:/husarion_ws/install/btcpp_ros2_interfaces/lib:/opt/ros/jazzy/opt/gz_sim_vendor/lib:/opt/ros/jazzy/opt/gz_sensors_vendor/lib:/opt/ros/jazzy/opt/gz_physics_vendor/lib:/opt/ros/jazzy/opt/sdformat_vendor/lib:/opt/ros/jazzy/opt/rviz_ogre_vendor/lib:/opt/ros/jazzy/lib/x86_64-linux-gnu:/opt/ros/jazzy/opt/libphidget22/lib:/opt/ros/jazzy/opt/gz_gui_vendor/lib:/opt/ros/jazzy/opt/gz_transport_vendor/lib:/opt/ros/jazzy/opt/gz_rendering_vendor/lib:/opt/ros/jazzy/opt/gz_plugin_vendor/lib:/opt/ros/jazzy/opt/gz_fuel_tools_vendor/lib:/opt/ros/jazzy/opt/gz_msgs_vendor/lib:/opt/ros/jazzy/opt/gz_common_vendor/lib:/opt/ros/jazzy/opt/gz_math_vendor/lib:/opt/ros/jazzy/opt/gz_utils_vendor/lib:/opt/ros/jazzy/opt/gz_tools_vendor/lib:/opt/ros/jazzy/opt/gz_ogre_next_vendor/lib:/opt/ros/jazzy/opt/gz_dartsim_vendor/lib:/opt/ros/jazzy/opt/gz_cmake_vendor/lib:/opt/ros/jazzy/lib /usr/bin/cmake --install /husarion_ws/build/husarion_ugv_battery
