[0.018s] Invoking command in '/husarion_ws/build/husarion_ugv_gazebo': AMENT_PREFIX_PATH=/husarion_ws/install/husarion_ugv_manager:/husarion_ws/install/husarion_ugv_controller:/husarion_ws/install/husarion_ugv_localization:/husarion_ws/install/husarion_ugv_lights:/husarion_ws/install/husarion_ugv_description:/husarion_ws/install/behaviortree_ros2:/husarion_ws/install/ros_components_description:/husarion_ws/install/mecanum_drive_controller:/husarion_ws/install/husarion_ugv_utils:/husarion_ws/install/husarion_ugv_msgs:/husarion_ws/install/husarion_gz_worlds:/husarion_ws/install/btcpp_ros2_interfaces:${AMENT_PREFIX_PATH} CMAKE_PREFIX_PATH=/husarion_ws/install/husarion_ugv_manager:/husarion_ws/install/husarion_ugv_controller:/husarion_ws/install/husarion_ugv_localization:/husarion_ws/install/husarion_ugv_lights:/husarion_ws/install/husarion_ugv_description:/husarion_ws/install/behaviortree_ros2:/husarion_ws/install/ros_components_description:/husarion_ws/install/mecanum_drive_controller:/husarion_ws/install/husarion_ugv_utils:/husarion_ws/install/husarion_ugv_msgs:/husarion_ws/install/husarion_gz_worlds:/husarion_ws/install/btcpp_ros2_interfaces:/opt/ros/jazzy/opt/gz_sim_vendor:/opt/ros/jazzy/opt/gz_sensors_vendor:/opt/ros/jazzy/opt/gz_physics_vendor:/opt/ros/jazzy/opt/sdformat_vendor:/opt/ros/jazzy/opt/gz_gui_vendor:/opt/ros/jazzy/opt/gz_transport_vendor:/opt/ros/jazzy/opt/gz_rendering_vendor:/opt/ros/jazzy/opt/gz_plugin_vendor:/opt/ros/jazzy/opt/gz_fuel_tools_vendor:/opt/ros/jazzy/opt/gz_msgs_vendor:/opt/ros/jazzy/opt/gz_common_vendor:/opt/ros/jazzy/opt/gz_math_vendor:/opt/ros/jazzy/opt/gz_utils_vendor:/opt/ros/jazzy/opt/gz_tools_vendor:/opt/ros/jazzy/opt/gz_ogre_next_vendor:/opt/ros/jazzy/opt/gz_dartsim_vendor:/opt/ros/jazzy/opt/gz_cmake_vendor:/opt/ros/jazzy GAZEBO_MODEL_PATH=/husarion_ws/install/husarion_ugv_description/share:/husarion_ws/install/ros_components_description/share:/husarion_ws/install/husarion_gz_worlds/share/husarion_gz_worlds/models:${GAZEBO_MODEL_PATH} GZ_SIM_RESOURCE_PATH=/husarion_ws/install/husarion_ugv_description/share:/opt/ros/jazzy/share:/husarion_ws/install/ros_components_description/share:/husarion_ws/install/husarion_gz_worlds/share/husarion_gz_worlds/models IGN_GAZEBO_RESOURCE_PATH=/husarion_ws/install/husarion_ugv_description/share:/husarion_ws/install/husarion_gz_worlds/share/husarion_gz_worlds/models:${IGN_GAZEBO_RESOURCE_PATH} LD_LIBRARY_PATH=/husarion_ws/install/husarion_ugv_manager/lib:/husarion_ws/install/husarion_ugv_lights/lib:/husarion_ws/install/behaviortree_ros2/lib:/husarion_ws/install/mecanum_drive_controller/lib:/husarion_ws/install/husarion_ugv_msgs/lib:/husarion_ws/install/btcpp_ros2_interfaces/lib:${LD_LIBRARY_PATH} PYTHONPATH=/husarion_ws/install/husarion_ugv_utils/lib/python3.12/site-packages:/husarion_ws/install/husarion_ugv_msgs/lib/python3.12/site-packages:/husarion_ws/install/btcpp_ros2_interfaces/lib/python3.12/site-packages:${PYTHONPATH} /usr/bin/cmake /husarion_ws/src/husarion_ugv_ros/husarion_ugv_gazebo -DCMAKE_BUILD_TYPE=Release -DBUILD_TESTING=OFF -DAMENT_CMAKE_SYMLINK_INSTALL=1 -DCMAKE_INSTALL_PREFIX=/husarion_ws/install/husarion_ugv_gazebo
[0.057s] -- The C compiler identification is GNU 13.3.0
[0.094s] -- The CXX compiler identification is GNU 13.3.0
[0.106s] -- Detecting C compiler ABI info
[0.195s] -- Detecting C compiler ABI info - done
[0.206s] -- Check for working C compiler: /usr/bin/cc - skipped
[0.206s] -- Detecting C compile features
[0.206s] -- Detecting C compile features - done
[0.215s] -- Detecting CXX compiler ABI info
[0.320s] -- Detecting CXX compiler ABI info - done
[0.327s] -- Check for working CXX compiler: /usr/bin/c++ - skipped
[0.327s] -- Detecting CXX compile features
[0.327s] -- Detecting CXX compile features - done
[0.333s] -- Found ament_cmake: 2.5.4 (/opt/ros/jazzy/share/ament_cmake/cmake)
[0.455s] -- Found Python3: /usr/bin/python3 (found version "3.12.3") found components: Interpreter 
[0.514s] -- Override CMake install command with custom implementation using symlinks instead of copying resources
[0.562s] -- Found hardware_interface: 4.29.0 (/opt/ros/jazzy/share/hardware_interface/cmake)
[0.615s] -- Found rosidl_generator_c: 4.6.5 (/opt/ros/jazzy/share/rosidl_generator_c/cmake)
[0.630s] -- Found rosidl_generator_cpp: 4.6.5 (/opt/ros/jazzy/share/rosidl_generator_cpp/cmake)
[0.647s] -- Using all available rosidl_typesupport_c: rosidl_typesupport_fastrtps_c;rosidl_typesupport_introspection_c
[0.665s] -- Using all available rosidl_typesupport_cpp: rosidl_typesupport_fastrtps_cpp;rosidl_typesupport_introspection_cpp
[0.866s] -- Found TinyXML2 via Config file: /usr/lib/x86_64-linux-gnu/cmake/tinyxml2
[0.912s] -- Found rmw_implementation_cmake: 7.3.2 (/opt/ros/jazzy/share/rmw_implementation_cmake/cmake)
[0.916s] -- Found rmw_fastrtps_cpp: 8.4.2 (/opt/ros/jazzy/share/rmw_fastrtps_cpp/cmake)
[0.940s] -- Found TinyXML2 via Config file: /usr/lib/x86_64-linux-gnu/cmake/tinyxml2
[0.984s] -- Found OpenSSL: /usr/lib/x86_64-linux-gnu/libcrypto.so (found version "3.0.13")  
[0.987s] -- Found TinyXML2 via Config file: /usr/lib/x86_64-linux-gnu/cmake/tinyxml2
[1.001s] -- Found FastRTPS: /opt/ros/jazzy/include (Required is at least version "2.13") 
[1.003s] -- Found TinyXML2 via Config file: /usr/lib/x86_64-linux-gnu/cmake/tinyxml2
[1.009s] -- Found TinyXML2 via Config file: /usr/lib/x86_64-linux-gnu/cmake/tinyxml2
[1.016s] -- Using RMW implementation 'rmw_fastrtps_cpp' as default
[1.233s] -- Looking for gz-sim8 -- found version 8.9.0
[1.239s] -- Searching for dependencies of gz-sim8
[1.240s] -- Looking for sdformat14 -- found version 14.7.0
[1.240s] -- Searching for dependencies of sdformat14
[1.244s] -- Checking for module 'tinyxml2'
[1.255s] --   Found tinyxml2, version 10.0.0
[1.279s] -- Looking for gz-math7 -- found version 7.5.2
[1.279s] -- Searching for dependencies of gz-math7
[1.281s] -- Looking for gz-utils2 -- found version 2.2.1
[1.282s] -- Searching for dependencies of gz-utils2
[1.283s] -- Looking for gz-utils2 -- found version 2.2.1
[1.283s] -- Searching for dependencies of gz-utils2
[1.283s] -- Searching for <gz-utils2> component [cli]
[1.285s] -- Looking for gz-utils2-cli -- found version 2.2.1
[1.285s] -- Searching for dependencies of gz-utils2-cli
[1.287s] -- Looking for gz-plugin2 -- found version 2.0.4
[1.287s] -- Searching for dependencies of gz-plugin2
[1.288s] -- Looking for gz-utils2 -- found version 2.2.1
[1.288s] -- Searching for <gz-plugin2> component [loader]
[1.290s] -- Looking for gz-plugin2-loader -- found version 2.0.4
[1.290s] -- Searching for dependencies of gz-plugin2-loader
[1.290s] -- Searching for <gz-plugin2> component [register]
[1.292s] -- Looking for gz-plugin2-register -- found version 2.0.4
[1.292s] -- Searching for dependencies of gz-plugin2-register
[1.294s] -- Looking for gz-transport13 -- found version 13.4.1
[1.294s] -- Searching for dependencies of gz-transport13
[1.317s] -- Found Protobuf: /usr/lib/x86_64-linux-gnu/libprotobuf.so (found version "3.21.12") 
[1.328s] -- Config-file not installed for ZeroMQ -- checking for pkg-config
[1.331s] -- Checking for module 'libzmq >= 4'
[1.341s] --   Found libzmq, version 4.3.5
[1.370s] -- Found ZeroMQ: TRUE (Required is at least version "4") 
[1.374s] -- Checking for module 'uuid'
[1.385s] --   Found uuid, version 2.39.3
[1.407s] -- Found UUID: TRUE  
[1.408s] -- Looking for gz-utils2 -- found version 2.2.1
[1.410s] -- Looking for gz-msgs10 -- found version 10.3.2
[1.410s] -- Searching for dependencies of gz-msgs10
[1.426s] -- Looking for gz-utils2 -- found version 2.2.1
[1.426s] -- Looking for gz-math7 -- found version 7.5.2
[1.432s] -- Searching for <gz-transport13> component [log]
[1.434s] -- Looking for gz-transport13-log -- found version 13.4.1
[1.434s] -- Searching for dependencies of gz-transport13-log
[1.434s] -- Searching for <gz-transport13> component [parameters]
[1.436s] -- Looking for gz-transport13-parameters -- found version 13.4.1
[1.436s] -- Searching for dependencies of gz-transport13-parameters
[1.437s] -- Looking for gz-msgs10 -- found version 10.3.2
[1.439s] -- Looking for gz-common5 -- found version 5.7.1
[1.439s] -- Searching for dependencies of gz-common5
[1.439s] -- Looking for gz-utils2 -- found version 2.2.1
[1.440s] -- Looking for dlfcn.h - found
[1.441s] -- Looking for libdl - found
[1.442s] -- Found DL: TRUE  
[1.446s] -- Searching for <gz-common5> component [av]
[1.448s] -- Looking for gz-common5-av -- found version 5.7.1
[1.448s] -- Searching for dependencies of gz-common5-av
[1.452s] -- Checking for module 'libswscale'
[1.462s] --   Found libswscale, version 7.5.100
[1.487s] -- Found SWSCALE: TRUE  
[1.491s] -- Checking for module 'libavdevice >= 56.4.100'
[1.502s] --   Found libavdevice, version 60.3.100
[1.558s] -- Found AVDEVICE: TRUE (Required is at least version "56.4.100") 
[1.567s] -- Checking for module 'libavformat'
[1.590s] --   Found libavformat, version 60.16.100
[1.654s] -- Found AVFORMAT: TRUE  
[1.664s] -- Checking for module 'libavcodec'
[1.687s] --   Found libavcodec, version 60.31.102
[1.751s] -- Found AVCODEC: TRUE  
[1.759s] -- Checking for module 'libavutil'
[1.781s] --   Found libavutil, version 58.29.100
[1.831s] -- Found AVUTIL: TRUE  
[1.832s] -- Searching for <gz-common5> component [events]
[1.837s] -- Looking for gz-common5-events -- found version 5.7.1
[1.837s] -- Searching for dependencies of gz-common5-events
[1.838s] -- Looking for gz-math7 -- found version 7.5.2
[1.838s] -- Searching for <gz-common5> component [graphics]
[1.841s] -- Looking for gz-common5-graphics -- found version 5.7.1
[1.841s] -- Searching for dependencies of gz-common5-graphics
[1.841s] -- Looking for gz-math7 -- found version 7.5.2
[1.846s] -- Found GzAssimp: TRUE (found version "5.3.0") 
[1.846s] -- Searching for <gz-common5> component [io]
[1.848s] -- Looking for gz-common5-io -- found version 5.7.1
[1.848s] -- Searching for dependencies of gz-common5-io
[1.849s] -- Searching for <gz-common5> component [profiler]
[1.851s] -- Looking for gz-common5-profiler -- found version 5.7.1
[1.851s] -- Searching for dependencies of gz-common5-profiler
[1.853s] -- Looking for gz-fuel_tools9 -- found version 9.1.1
[1.853s] -- Searching for dependencies of gz-fuel_tools9
[1.923s] -- Found CURL: /usr/lib/x86_64-linux-gnu/libcurl.so (found version "8.5.0")  
[1.931s] -- Checking for module 'jsoncpp'
[1.942s] --   Found jsoncpp, version 1.9.5
[1.965s] -- Found JSONCPP: TRUE  
[1.979s] -- Checking for module 'yaml-0.1'
[1.997s] --   Found yaml-0.1, version 0.2.5
[2.035s] -- Found YAML: TRUE  
[2.042s] -- Checking for module 'libzip'
[2.058s] --   Found libzip, version 1.7.3
[2.111s] -- Found ZIP: TRUE  
[2.112s] -- Looking for gz-utils2 -- found version 2.2.1
[2.113s] -- Looking for gz-common5 -- found version 5.7.1
[2.113s] -- Searching for dependencies of gz-common5
[2.114s] -- Looking for gz-utils2 -- found version 2.2.1
[2.114s] -- Looking for dlfcn.h - found
[2.114s] -- Looking for libdl - found
[2.122s] -- Searching for <gz-common5> component [testing]
[2.124s] -- Looking for gz-common5-testing -- found version 5.7.1
[2.124s] -- Searching for dependencies of gz-common5-testing
[2.125s] -- Looking for gz-math7 -- found version 7.5.2
[2.125s] -- Looking for gz-msgs10 -- found version 10.3.2
[2.127s] -- Looking for gz-gui8 -- found version 8.4.0
[2.127s] -- Searching for dependencies of gz-gui8
[2.147s] -- Looking for gz-utils2 -- found version 2.2.1
[2.147s] -- Looking for gz-math7 -- found version 7.5.2
[2.147s] -- Looking for gz-common5 -- found version 5.7.1
[2.147s] -- Looking for gz-plugin2 -- found version 2.0.4
[2.148s] -- Looking for gz-transport13 -- found version 13.4.1
[2.150s] -- Looking for gz-rendering8 -- found version 8.2.2
[2.150s] -- Searching for dependencies of gz-rendering8
[2.150s] -- Looking for gz-math7 -- found version 7.5.2
[2.150s] -- Searching for dependencies of gz-math7
[2.150s] -- Looking for gz-utils2 -- found version 2.2.1
[2.150s] -- Searching for <gz-math7> component [eigen3]
[2.152s] -- Looking for gz-math7-eigen3 -- found version 7.5.2
[2.152s] -- Searching for dependencies of gz-math7-eigen3
[2.161s] -- Looking for gz-common5 -- found version 5.7.1
[2.161s] -- Searching for dependencies of gz-common5
[2.161s] -- Looking for gz-utils2 -- found version 2.2.1
[2.161s] -- Looking for dlfcn.h - found
[2.161s] -- Looking for libdl - found
[2.167s] -- Searching for <gz-common5> component [graphics]
[2.167s] -- Searching for <gz-common5> component [events]
[2.167s] -- Searching for <gz-common5> component [geospatial]
[2.169s] -- Looking for gz-common5-geospatial -- found version 5.7.1
[2.169s] -- Searching for dependencies of gz-common5-geospatial
[2.170s] -- Looking for gz-math7 -- found version 7.5.2
[2.170s] -- Looking for gz-common5 -- found version 5.7.1
[2.171s] -- Looking for gz-plugin2 -- found version 2.0.4
[2.171s] -- Searching for dependencies of gz-plugin2
[2.171s] -- Looking for gz-utils2 -- found version 2.2.1
[2.171s] -- Searching for <gz-plugin2> component [all]
[2.173s] -- Looking for all libraries of gz-plugin2 -- found version 2.0.4
[2.174s] -- Looking for gz-plugin2 -- found version 2.0.4
[2.174s] -- Looking for gz-utils2 -- found version 2.2.1
[2.190s] -- Found OpenGL: /usr/lib/x86_64-linux-gnu/libOpenGL.so  found components: OpenGL 
[2.191s] -- Looking for gz-msgs10 -- found version 10.3.2
[2.209s] -- Looking for gz-physics7 -- found version 7.5.0
[2.209s] -- Searching for dependencies of gz-physics7
[2.210s] -- Looking for gz-common5 -- found version 5.7.1
[2.210s] -- Looking for gz-math7 -- found version 7.5.2
[2.210s] -- Looking for gz-plugin2 -- found version 2.0.4
[2.210s] -- Looking for gz-utils2 -- found version 2.2.1
[2.211s] -- Searching for <gz-physics7> component [heightmap]
[2.213s] -- Looking for gz-physics7-heightmap -- found version 7.5.0
[2.213s] -- Searching for dependencies of gz-physics7-heightmap
[2.213s] -- Looking for gz-common5 -- found version 5.7.1
[2.214s] -- Searching for <gz-physics7> component [mesh]
[2.215s] -- Looking for gz-physics7-mesh -- found version 7.5.0
[2.215s] -- Searching for dependencies of gz-physics7-mesh
[2.215s] -- Looking for gz-common5 -- found version 5.7.1
[2.216s] -- Searching for <gz-physics7> component [sdf]
[2.217s] -- Looking for gz-physics7-sdf -- found version 7.5.0
[2.217s] -- Searching for dependencies of gz-physics7-sdf
[2.217s] -- Looking for sdformat14 -- found version 14.7.0
[2.219s] -- Looking for gz-sensors8 -- found version 8.2.2
[2.219s] -- Searching for dependencies of gz-sensors8
[2.235s] -- Looking for gz-math7 -- found version 7.5.2
[2.236s] -- Looking for gz-common5 -- found version 5.7.1
[2.236s] -- Looking for gz-transport13 -- found version 13.4.1
[2.236s] -- Looking for gz-rendering8 -- found version 8.2.2
[2.236s] -- Looking for gz-msgs10 -- found version 10.3.2
[2.237s] -- Looking for sdformat14 -- found version 14.7.0
[2.237s] -- Searching for <gz-sensors8> component [air_pressure]
[2.239s] -- Looking for gz-sensors8-air_pressure -- found version 8.2.2
[2.239s] -- Searching for dependencies of gz-sensors8-air_pressure
[2.239s] -- Searching for <gz-sensors8> component [air_speed]
[2.240s] -- Looking for gz-sensors8-air_speed -- found version 8.2.2
[2.240s] -- Searching for dependencies of gz-sensors8-air_speed
[2.241s] -- Searching for <gz-sensors8> component [altimeter]
[2.243s] -- Looking for gz-sensors8-altimeter -- found version 8.2.2
[2.243s] -- Searching for dependencies of gz-sensors8-altimeter
[2.243s] -- Searching for <gz-sensors8> component [imu]
[2.245s] -- Looking for gz-sensors8-imu -- found version 8.2.2
[2.245s] -- Searching for dependencies of gz-sensors8-imu
[2.245s] -- Searching for <gz-sensors8> component [force_torque]
[2.247s] -- Looking for gz-sensors8-force_torque -- found version 8.2.2
[2.247s] -- Searching for dependencies of gz-sensors8-force_torque
[2.247s] -- Searching for <gz-sensors8> component [logical_camera]
[2.248s] -- Looking for gz-sensors8-logical_camera -- found version 8.2.2
[2.248s] -- Searching for dependencies of gz-sensors8-logical_camera
[2.249s] -- Searching for <gz-sensors8> component [magnetometer]
[2.250s] -- Looking for gz-sensors8-magnetometer -- found version 8.2.2
[2.250s] -- Searching for dependencies of gz-sensors8-magnetometer
[2.251s] -- Searching for <gz-sensors8> component [navsat]
[2.252s] -- Looking for gz-sensors8-navsat -- found version 8.2.2
[2.252s] -- Searching for dependencies of gz-sensors8-navsat
[2.253s] -- Searching for <gz-sensors8> component [dvl]
[2.254s] -- Looking for gz-sensors8-dvl -- found version 8.2.2
[2.254s] -- Searching for dependencies of gz-sensors8-dvl
[2.255s] -- Looking for gz-sensors8 -- found version 8.2.2
[2.255s] -- Searching for dependencies of gz-sensors8
[2.272s] -- Looking for gz-math7 -- found version 7.5.2
[2.272s] -- Looking for gz-common5 -- found version 5.7.1
[2.272s] -- Looking for gz-transport13 -- found version 13.4.1
[2.273s] -- Looking for gz-rendering8 -- found version 8.2.2
[2.273s] -- Looking for gz-msgs10 -- found version 10.3.2
[2.273s] -- Looking for sdformat14 -- found version 14.7.0
[2.273s] -- Searching for <gz-sensors8> component [rendering]
[2.275s] -- Looking for gz-sensors8-rendering -- found version 8.2.2
[2.275s] -- Searching for dependencies of gz-sensors8-rendering
[2.276s] -- Searching for <gz-sensors8> component [rendering]
[2.276s] -- Searching for <gz-sensors8> component [lidar]
[2.277s] -- Looking for gz-sensors8-lidar -- found version 8.2.2
[2.277s] -- Searching for dependencies of gz-sensors8-lidar
[2.278s] -- Looking for gz-sensors8 -- found version 8.2.2
[2.278s] -- Searching for <gz-sensors8> component [gpu_lidar]
[2.279s] -- Looking for gz-sensors8-gpu_lidar -- found version 8.2.2
[2.279s] -- Searching for dependencies of gz-sensors8-gpu_lidar
[2.280s] -- Looking for gz-sensors8 -- found version 8.2.2
[2.280s] -- Searching for <gz-sensors8> component [camera]
[2.281s] -- Looking for gz-sensors8-camera -- found version 8.2.2
[2.282s] -- Searching for dependencies of gz-sensors8-camera
[2.282s] -- Looking for gz-sensors8 -- found version 8.2.2
[2.282s] -- Searching for <gz-sensors8> component [boundingbox_camera]
[2.284s] -- Looking for gz-sensors8-boundingbox_camera -- found version 8.2.2
[2.284s] -- Searching for dependencies of gz-sensors8-boundingbox_camera
[2.284s] -- Searching for <gz-sensors8> component [segmentation_camera]
[2.286s] -- Looking for gz-sensors8-segmentation_camera -- found version 8.2.2
[2.286s] -- Searching for dependencies of gz-sensors8-segmentation_camera
[2.286s] -- Searching for <gz-sensors8> component [depth_camera]
[2.288s] -- Looking for gz-sensors8-depth_camera -- found version 8.2.2
[2.288s] -- Searching for dependencies of gz-sensors8-depth_camera
[2.288s] -- Looking for gz-sensors8 -- found version 8.2.2
[2.289s] -- Searching for <gz-sensors8> component [rgbd_camera]
[2.290s] -- Looking for gz-sensors8-rgbd_camera -- found version 8.2.2
[2.290s] -- Searching for dependencies of gz-sensors8-rgbd_camera
[2.290s] -- Looking for gz-sensors8 -- found version 8.2.2
[2.291s] -- Searching for <gz-sensors8> component [thermal_camera]
[2.292s] -- Looking for gz-sensors8-thermal_camera -- found version 8.2.2
[2.292s] -- Searching for dependencies of gz-sensors8-thermal_camera
[2.293s] -- Looking for gz-sensors8 -- found version 8.2.2
[2.293s] -- Searching for <gz-sensors8> component [wide_angle_camera]
[2.295s] -- Looking for gz-sensors8-wide_angle_camera -- found version 8.2.2
[2.295s] -- Searching for dependencies of gz-sensors8-wide_angle_camera
[2.296s] -- Looking for gz-rendering8 -- found version 8.2.2
[2.296s] -- Looking for gz-math7 -- found version 7.5.2
[2.296s] -- Looking for gz-utils2 -- found version 2.2.1
[2.315s] -- Looking for gz-msgs10 -- found version 10.3.2
[2.315s] -- Looking for gz-plugin2 -- found version 2.0.4
[2.315s] -- Looking for gz-transport13 -- found version 13.4.1
[2.319s] -- Found gz_ros2_control: 1.2.12 (/opt/ros/jazzy/share/gz_ros2_control/cmake)
[2.325s] -- Found std_srvs: 5.3.6 (/opt/ros/jazzy/share/std_srvs/cmake)
[2.419s] -- Configuring done (2.4s)
[2.474s] -- Generating done (0.0s)
[2.482s] -- Build files have been written to: /husarion_ws/build/husarion_ugv_gazebo
[2.493s] Invoked command in '/husarion_ws/build/husarion_ugv_gazebo' returned '0': AMENT_PREFIX_PATH=/husarion_ws/install/husarion_ugv_manager:/husarion_ws/install/husarion_ugv_controller:/husarion_ws/install/husarion_ugv_localization:/husarion_ws/install/husarion_ugv_lights:/husarion_ws/install/husarion_ugv_description:/husarion_ws/install/behaviortree_ros2:/husarion_ws/install/ros_components_description:/husarion_ws/install/mecanum_drive_controller:/husarion_ws/install/husarion_ugv_utils:/husarion_ws/install/husarion_ugv_msgs:/husarion_ws/install/husarion_gz_worlds:/husarion_ws/install/btcpp_ros2_interfaces:${AMENT_PREFIX_PATH} CMAKE_PREFIX_PATH=/husarion_ws/install/husarion_ugv_manager:/husarion_ws/install/husarion_ugv_controller:/husarion_ws/install/husarion_ugv_localization:/husarion_ws/install/husarion_ugv_lights:/husarion_ws/install/husarion_ugv_description:/husarion_ws/install/behaviortree_ros2:/husarion_ws/install/ros_components_description:/husarion_ws/install/mecanum_drive_controller:/husarion_ws/install/husarion_ugv_utils:/husarion_ws/install/husarion_ugv_msgs:/husarion_ws/install/husarion_gz_worlds:/husarion_ws/install/btcpp_ros2_interfaces:/opt/ros/jazzy/opt/gz_sim_vendor:/opt/ros/jazzy/opt/gz_sensors_vendor:/opt/ros/jazzy/opt/gz_physics_vendor:/opt/ros/jazzy/opt/sdformat_vendor:/opt/ros/jazzy/opt/gz_gui_vendor:/opt/ros/jazzy/opt/gz_transport_vendor:/opt/ros/jazzy/opt/gz_rendering_vendor:/opt/ros/jazzy/opt/gz_plugin_vendor:/opt/ros/jazzy/opt/gz_fuel_tools_vendor:/opt/ros/jazzy/opt/gz_msgs_vendor:/opt/ros/jazzy/opt/gz_common_vendor:/opt/ros/jazzy/opt/gz_math_vendor:/opt/ros/jazzy/opt/gz_utils_vendor:/opt/ros/jazzy/opt/gz_tools_vendor:/opt/ros/jazzy/opt/gz_ogre_next_vendor:/opt/ros/jazzy/opt/gz_dartsim_vendor:/opt/ros/jazzy/opt/gz_cmake_vendor:/opt/ros/jazzy GAZEBO_MODEL_PATH=/husarion_ws/install/husarion_ugv_description/share:/husarion_ws/install/ros_components_description/share:/husarion_ws/install/husarion_gz_worlds/share/husarion_gz_worlds/models:${GAZEBO_MODEL_PATH} GZ_SIM_RESOURCE_PATH=/husarion_ws/install/husarion_ugv_description/share:/opt/ros/jazzy/share:/husarion_ws/install/ros_components_description/share:/husarion_ws/install/husarion_gz_worlds/share/husarion_gz_worlds/models IGN_GAZEBO_RESOURCE_PATH=/husarion_ws/install/husarion_ugv_description/share:/husarion_ws/install/husarion_gz_worlds/share/husarion_gz_worlds/models:${IGN_GAZEBO_RESOURCE_PATH} LD_LIBRARY_PATH=/husarion_ws/install/husarion_ugv_manager/lib:/husarion_ws/install/husarion_ugv_lights/lib:/husarion_ws/install/behaviortree_ros2/lib:/husarion_ws/install/mecanum_drive_controller/lib:/husarion_ws/install/husarion_ugv_msgs/lib:/husarion_ws/install/btcpp_ros2_interfaces/lib:${LD_LIBRARY_PATH} PYTHONPATH=/husarion_ws/install/husarion_ugv_utils/lib/python3.12/site-packages:/husarion_ws/install/husarion_ugv_msgs/lib/python3.12/site-packages:/husarion_ws/install/btcpp_ros2_interfaces/lib/python3.12/site-packages:${PYTHONPATH} /usr/bin/cmake /husarion_ws/src/husarion_ugv_ros/husarion_ugv_gazebo -DCMAKE_BUILD_TYPE=Release -DBUILD_TESTING=OFF -DAMENT_CMAKE_SYMLINK_INSTALL=1 -DCMAKE_INSTALL_PREFIX=/husarion_ws/install/husarion_ugv_gazebo
[2.494s] Invoking command in '/husarion_ws/build/husarion_ugv_gazebo': AMENT_PREFIX_PATH=/husarion_ws/install/husarion_ugv_manager:/husarion_ws/install/husarion_ugv_controller:/husarion_ws/install/husarion_ugv_localization:/husarion_ws/install/husarion_ugv_lights:/husarion_ws/install/husarion_ugv_description:/husarion_ws/install/behaviortree_ros2:/husarion_ws/install/ros_components_description:/husarion_ws/install/mecanum_drive_controller:/husarion_ws/install/husarion_ugv_utils:/husarion_ws/install/husarion_ugv_msgs:/husarion_ws/install/husarion_gz_worlds:/husarion_ws/install/btcpp_ros2_interfaces:${AMENT_PREFIX_PATH} CMAKE_PREFIX_PATH=/husarion_ws/install/husarion_ugv_manager:/husarion_ws/install/husarion_ugv_controller:/husarion_ws/install/husarion_ugv_localization:/husarion_ws/install/husarion_ugv_lights:/husarion_ws/install/husarion_ugv_description:/husarion_ws/install/behaviortree_ros2:/husarion_ws/install/ros_components_description:/husarion_ws/install/mecanum_drive_controller:/husarion_ws/install/husarion_ugv_utils:/husarion_ws/install/husarion_ugv_msgs:/husarion_ws/install/husarion_gz_worlds:/husarion_ws/install/btcpp_ros2_interfaces:/opt/ros/jazzy/opt/gz_sim_vendor:/opt/ros/jazzy/opt/gz_sensors_vendor:/opt/ros/jazzy/opt/gz_physics_vendor:/opt/ros/jazzy/opt/sdformat_vendor:/opt/ros/jazzy/opt/gz_gui_vendor:/opt/ros/jazzy/opt/gz_transport_vendor:/opt/ros/jazzy/opt/gz_rendering_vendor:/opt/ros/jazzy/opt/gz_plugin_vendor:/opt/ros/jazzy/opt/gz_fuel_tools_vendor:/opt/ros/jazzy/opt/gz_msgs_vendor:/opt/ros/jazzy/opt/gz_common_vendor:/opt/ros/jazzy/opt/gz_math_vendor:/opt/ros/jazzy/opt/gz_utils_vendor:/opt/ros/jazzy/opt/gz_tools_vendor:/opt/ros/jazzy/opt/gz_ogre_next_vendor:/opt/ros/jazzy/opt/gz_dartsim_vendor:/opt/ros/jazzy/opt/gz_cmake_vendor:/opt/ros/jazzy GAZEBO_MODEL_PATH=/husarion_ws/install/husarion_ugv_description/share:/husarion_ws/install/ros_components_description/share:/husarion_ws/install/husarion_gz_worlds/share/husarion_gz_worlds/models:${GAZEBO_MODEL_PATH} GZ_SIM_RESOURCE_PATH=/husarion_ws/install/husarion_ugv_description/share:/opt/ros/jazzy/share:/husarion_ws/install/ros_components_description/share:/husarion_ws/install/husarion_gz_worlds/share/husarion_gz_worlds/models IGN_GAZEBO_RESOURCE_PATH=/husarion_ws/install/husarion_ugv_description/share:/husarion_ws/install/husarion_gz_worlds/share/husarion_gz_worlds/models:${IGN_GAZEBO_RESOURCE_PATH} LD_LIBRARY_PATH=/husarion_ws/install/husarion_ugv_manager/lib:/husarion_ws/install/husarion_ugv_lights/lib:/husarion_ws/install/behaviortree_ros2/lib:/husarion_ws/install/mecanum_drive_controller/lib:/husarion_ws/install/husarion_ugv_msgs/lib:/husarion_ws/install/btcpp_ros2_interfaces/lib:${LD_LIBRARY_PATH} PYTHONPATH=/husarion_ws/install/husarion_ugv_utils/lib/python3.12/site-packages:/husarion_ws/install/husarion_ugv_msgs/lib/python3.12/site-packages:/husarion_ws/install/btcpp_ros2_interfaces/lib/python3.12/site-packages:${PYTHONPATH} /usr/bin/cmake --build /husarion_ws/build/husarion_ugv_gazebo -- -j12 -l12
[2.541s] [  7%] Built target EStop_autogen_timestamp_deps
[2.541s] [  7%] Built target LEDStrip_autogen_timestamp_deps
[2.541s] [  7%] Building CXX object CMakeFiles/estop_system.dir/src/estop_system.cpp.o
[2.558s] [ 21%] Automatic MOC for target LEDStrip
[2.558s] [ 21%] Automatic MOC for target EStop
[2.590s] [ 21%] Built target LEDStrip_autogen
[2.616s] [ 35%] Building CXX object CMakeFiles/LEDStrip.dir/LEDStrip_autogen/mocs_compilation.cpp.o
[2.617s] [ 35%] Building CXX object CMakeFiles/LEDStrip.dir/src/led_strip.cpp.o
[2.946s] [ 35%] Built target EStop_autogen
[2.955s] [ 42%] Generating qrc_EStop.cpp
[2.988s] [ 64%] Building CXX object CMakeFiles/EStop.dir/EStop_autogen/mocs_compilation.cpp.o
[2.988s] [ 64%] Building CXX object CMakeFiles/EStop.dir/qrc_EStop.cpp.o
[2.988s] [ 64%] Building CXX object CMakeFiles/EStop.dir/src/gui/e_stop.cpp.o
[8.404s] [ 71%] Linking CXX shared library libLEDStrip.so
[8.608s] [ 78%] Built target LEDStrip
[11.408s] [ 85%] Linking CXX shared library libestop_system.so
[11.639s] [ 85%] Built target estop_system
[12.541s] [ 92%] Linking CXX shared library libEStop.so
[12.734s] [100%] Built target EStop
[12.743s] Invoked command in '/husarion_ws/build/husarion_ugv_gazebo' returned '0': AMENT_PREFIX_PATH=/husarion_ws/install/husarion_ugv_manager:/husarion_ws/install/husarion_ugv_controller:/husarion_ws/install/husarion_ugv_localization:/husarion_ws/install/husarion_ugv_lights:/husarion_ws/install/husarion_ugv_description:/husarion_ws/install/behaviortree_ros2:/husarion_ws/install/ros_components_description:/husarion_ws/install/mecanum_drive_controller:/husarion_ws/install/husarion_ugv_utils:/husarion_ws/install/husarion_ugv_msgs:/husarion_ws/install/husarion_gz_worlds:/husarion_ws/install/btcpp_ros2_interfaces:${AMENT_PREFIX_PATH} CMAKE_PREFIX_PATH=/husarion_ws/install/husarion_ugv_manager:/husarion_ws/install/husarion_ugv_controller:/husarion_ws/install/husarion_ugv_localization:/husarion_ws/install/husarion_ugv_lights:/husarion_ws/install/husarion_ugv_description:/husarion_ws/install/behaviortree_ros2:/husarion_ws/install/ros_components_description:/husarion_ws/install/mecanum_drive_controller:/husarion_ws/install/husarion_ugv_utils:/husarion_ws/install/husarion_ugv_msgs:/husarion_ws/install/husarion_gz_worlds:/husarion_ws/install/btcpp_ros2_interfaces:/opt/ros/jazzy/opt/gz_sim_vendor:/opt/ros/jazzy/opt/gz_sensors_vendor:/opt/ros/jazzy/opt/gz_physics_vendor:/opt/ros/jazzy/opt/sdformat_vendor:/opt/ros/jazzy/opt/gz_gui_vendor:/opt/ros/jazzy/opt/gz_transport_vendor:/opt/ros/jazzy/opt/gz_rendering_vendor:/opt/ros/jazzy/opt/gz_plugin_vendor:/opt/ros/jazzy/opt/gz_fuel_tools_vendor:/opt/ros/jazzy/opt/gz_msgs_vendor:/opt/ros/jazzy/opt/gz_common_vendor:/opt/ros/jazzy/opt/gz_math_vendor:/opt/ros/jazzy/opt/gz_utils_vendor:/opt/ros/jazzy/opt/gz_tools_vendor:/opt/ros/jazzy/opt/gz_ogre_next_vendor:/opt/ros/jazzy/opt/gz_dartsim_vendor:/opt/ros/jazzy/opt/gz_cmake_vendor:/opt/ros/jazzy GAZEBO_MODEL_PATH=/husarion_ws/install/husarion_ugv_description/share:/husarion_ws/install/ros_components_description/share:/husarion_ws/install/husarion_gz_worlds/share/husarion_gz_worlds/models:${GAZEBO_MODEL_PATH} GZ_SIM_RESOURCE_PATH=/husarion_ws/install/husarion_ugv_description/share:/opt/ros/jazzy/share:/husarion_ws/install/ros_components_description/share:/husarion_ws/install/husarion_gz_worlds/share/husarion_gz_worlds/models IGN_GAZEBO_RESOURCE_PATH=/husarion_ws/install/husarion_ugv_description/share:/husarion_ws/install/husarion_gz_worlds/share/husarion_gz_worlds/models:${IGN_GAZEBO_RESOURCE_PATH} LD_LIBRARY_PATH=/husarion_ws/install/husarion_ugv_manager/lib:/husarion_ws/install/husarion_ugv_lights/lib:/husarion_ws/install/behaviortree_ros2/lib:/husarion_ws/install/mecanum_drive_controller/lib:/husarion_ws/install/husarion_ugv_msgs/lib:/husarion_ws/install/btcpp_ros2_interfaces/lib:${LD_LIBRARY_PATH} PYTHONPATH=/husarion_ws/install/husarion_ugv_utils/lib/python3.12/site-packages:/husarion_ws/install/husarion_ugv_msgs/lib/python3.12/site-packages:/husarion_ws/install/btcpp_ros2_interfaces/lib/python3.12/site-packages:${PYTHONPATH} /usr/bin/cmake --build /husarion_ws/build/husarion_ugv_gazebo -- -j12 -l12
[12.744s] Invoking command in '/husarion_ws/build/husarion_ugv_gazebo': AMENT_PREFIX_PATH=/husarion_ws/install/husarion_ugv_manager:/husarion_ws/install/husarion_ugv_controller:/husarion_ws/install/husarion_ugv_localization:/husarion_ws/install/husarion_ugv_lights:/husarion_ws/install/husarion_ugv_description:/husarion_ws/install/behaviortree_ros2:/husarion_ws/install/ros_components_description:/husarion_ws/install/mecanum_drive_controller:/husarion_ws/install/husarion_ugv_utils:/husarion_ws/install/husarion_ugv_msgs:/husarion_ws/install/husarion_gz_worlds:/husarion_ws/install/btcpp_ros2_interfaces:${AMENT_PREFIX_PATH} CMAKE_PREFIX_PATH=/husarion_ws/install/husarion_ugv_manager:/husarion_ws/install/husarion_ugv_controller:/husarion_ws/install/husarion_ugv_localization:/husarion_ws/install/husarion_ugv_lights:/husarion_ws/install/husarion_ugv_description:/husarion_ws/install/behaviortree_ros2:/husarion_ws/install/ros_components_description:/husarion_ws/install/mecanum_drive_controller:/husarion_ws/install/husarion_ugv_utils:/husarion_ws/install/husarion_ugv_msgs:/husarion_ws/install/husarion_gz_worlds:/husarion_ws/install/btcpp_ros2_interfaces:/opt/ros/jazzy/opt/gz_sim_vendor:/opt/ros/jazzy/opt/gz_sensors_vendor:/opt/ros/jazzy/opt/gz_physics_vendor:/opt/ros/jazzy/opt/sdformat_vendor:/opt/ros/jazzy/opt/gz_gui_vendor:/opt/ros/jazzy/opt/gz_transport_vendor:/opt/ros/jazzy/opt/gz_rendering_vendor:/opt/ros/jazzy/opt/gz_plugin_vendor:/opt/ros/jazzy/opt/gz_fuel_tools_vendor:/opt/ros/jazzy/opt/gz_msgs_vendor:/opt/ros/jazzy/opt/gz_common_vendor:/opt/ros/jazzy/opt/gz_math_vendor:/opt/ros/jazzy/opt/gz_utils_vendor:/opt/ros/jazzy/opt/gz_tools_vendor:/opt/ros/jazzy/opt/gz_ogre_next_vendor:/opt/ros/jazzy/opt/gz_dartsim_vendor:/opt/ros/jazzy/opt/gz_cmake_vendor:/opt/ros/jazzy GAZEBO_MODEL_PATH=/husarion_ws/install/husarion_ugv_description/share:/husarion_ws/install/ros_components_description/share:/husarion_ws/install/husarion_gz_worlds/share/husarion_gz_worlds/models:${GAZEBO_MODEL_PATH} GZ_SIM_RESOURCE_PATH=/husarion_ws/install/husarion_ugv_description/share:/opt/ros/jazzy/share:/husarion_ws/install/ros_components_description/share:/husarion_ws/install/husarion_gz_worlds/share/husarion_gz_worlds/models IGN_GAZEBO_RESOURCE_PATH=/husarion_ws/install/husarion_ugv_description/share:/husarion_ws/install/husarion_gz_worlds/share/husarion_gz_worlds/models:${IGN_GAZEBO_RESOURCE_PATH} LD_LIBRARY_PATH=/husarion_ws/install/husarion_ugv_manager/lib:/husarion_ws/install/husarion_ugv_lights/lib:/husarion_ws/install/behaviortree_ros2/lib:/husarion_ws/install/mecanum_drive_controller/lib:/husarion_ws/install/husarion_ugv_msgs/lib:/husarion_ws/install/btcpp_ros2_interfaces/lib:${LD_LIBRARY_PATH} PYTHONPATH=/husarion_ws/install/husarion_ugv_utils/lib/python3.12/site-packages:/husarion_ws/install/husarion_ugv_msgs/lib/python3.12/site-packages:/husarion_ws/install/btcpp_ros2_interfaces/lib/python3.12/site-packages:${PYTHONPATH} /usr/bin/cmake --install /husarion_ws/build/husarion_ugv_gazebo
[12.751s] -- Install configuration: "Release"
[12.751s] -- Execute custom install script
[12.752s] -- Symlinking: /husarion_ws/install/husarion_ugv_gazebo/include/husarion_ugv_gazebo/husarion_ugv_gazebo/estop_system.hpp
[12.763s] -- Symlinking: /husarion_ws/install/husarion_ugv_gazebo/include/husarion_ugv_gazebo/husarion_ugv_gazebo/gui/e_stop.hpp
[12.772s] -- Symlinking: /husarion_ws/install/husarion_ugv_gazebo/include/husarion_ugv_gazebo/husarion_ugv_gazebo/led_strip.hpp
[12.783s] -- Symlinking: /husarion_ws/install/husarion_ugv_gazebo/share/husarion_ugv_gazebo/config/battery_plugin.yaml
[12.791s] -- Symlinking: /husarion_ws/install/husarion_ugv_gazebo/share/husarion_ugv_gazebo/config/gz_bridge.yaml
[12.797s] -- Symlinking: /husarion_ws/install/husarion_ugv_gazebo/share/husarion_ugv_gazebo/config/robot_bridge.yaml
[12.803s] -- Symlinking: /husarion_ws/install/husarion_ugv_gazebo/share/husarion_ugv_gazebo/config/teleop_with_estop.config
[12.810s] -- Symlinking: /husarion_ws/install/husarion_ugv_gazebo/share/husarion_ugv_gazebo/launch/simulate_robot.launch.py
[12.816s] -- Symlinking: /husarion_ws/install/husarion_ugv_gazebo/share/husarion_ugv_gazebo/launch/simulation.launch.py
[12.822s] -- Symlinking: /husarion_ws/install/husarion_ugv_gazebo/share/husarion_ugv_gazebo/launch/spawn_robot.launch.py
[12.828s] -- Symlinking: /husarion_ws/install/husarion_ugv_gazebo/share/husarion_ugv_gazebo/environment/setup_envs.sh
[12.834s] -- Symlinking: /husarion_ws/install/husarion_ugv_gazebo/share/husarion_ugv_gazebo/environment/library_path.sh
[12.841s] -- Symlinking: /husarion_ws/install/husarion_ugv_gazebo/share/husarion_ugv_gazebo/environment/library_path.dsv
[12.847s] -- Symlinking: /husarion_ws/install/husarion_ugv_gazebo/share/husarion_ugv_gazebo//plugins.xml
[12.853s] -- Symlinking: /husarion_ws/install/husarion_ugv_gazebo/share/ament_index/resource_index/package_run_dependencies/husarion_ugv_gazebo
[12.864s] -- Symlinking: /husarion_ws/install/husarion_ugv_gazebo/share/ament_index/resource_index/parent_prefix_path/husarion_ugv_gazebo
[12.872s] -- Symlinking: /husarion_ws/install/husarion_ugv_gazebo/share/husarion_ugv_gazebo/environment/ament_prefix_path.sh
[12.878s] -- Symlinking: /husarion_ws/install/husarion_ugv_gazebo/share/husarion_ugv_gazebo/environment/ament_prefix_path.dsv
[12.884s] -- Symlinking: /husarion_ws/install/husarion_ugv_gazebo/share/husarion_ugv_gazebo/environment/path.sh
[12.890s] -- Symlinking: /husarion_ws/install/husarion_ugv_gazebo/share/husarion_ugv_gazebo/environment/path.dsv
[12.897s] -- Symlinking: /husarion_ws/install/husarion_ugv_gazebo/share/husarion_ugv_gazebo/local_setup.bash
[12.904s] -- Symlinking: /husarion_ws/install/husarion_ugv_gazebo/share/husarion_ugv_gazebo/local_setup.sh
[12.911s] -- Symlinking: /husarion_ws/install/husarion_ugv_gazebo/share/husarion_ugv_gazebo/local_setup.zsh
[12.918s] -- Symlinking: /husarion_ws/install/husarion_ugv_gazebo/share/husarion_ugv_gazebo/local_setup.dsv
[12.925s] -- Symlinking: /husarion_ws/install/husarion_ugv_gazebo/share/husarion_ugv_gazebo/package.dsv
[12.932s] -- Symlinking: /husarion_ws/install/husarion_ugv_gazebo/share/ament_index/resource_index/packages/husarion_ugv_gazebo
[12.938s] -- Symlinking: /husarion_ws/install/husarion_ugv_gazebo/share/ament_index/resource_index/gz_ros2_control__pluginlib__plugin/husarion_ugv_gazebo
[12.944s] -- Symlinking: /husarion_ws/install/husarion_ugv_gazebo/share/husarion_ugv_gazebo/cmake/ament_cmake_export_dependencies-extras.cmake
[12.950s] -- Symlinking: /husarion_ws/install/husarion_ugv_gazebo/share/husarion_ugv_gazebo/cmake/ament_cmake_export_include_directories-extras.cmake
[12.957s] -- Symlinking: /husarion_ws/install/husarion_ugv_gazebo/share/husarion_ugv_gazebo/cmake/ament_cmake_export_targets-extras.cmake
[12.963s] -- Symlinking: /husarion_ws/install/husarion_ugv_gazebo/share/husarion_ugv_gazebo/cmake/husarion_ugv_gazeboConfig.cmake
[12.969s] -- Symlinking: /husarion_ws/install/husarion_ugv_gazebo/share/husarion_ugv_gazebo/cmake/husarion_ugv_gazeboConfig-version.cmake
[12.975s] -- Symlinking: /husarion_ws/install/husarion_ugv_gazebo/share/husarion_ugv_gazebo/package.xml
[12.981s] -- Installing: /husarion_ws/install/husarion_ugv_gazebo/lib/libestop_system.so
[12.982s] -- Set non-toolchain portion of runtime path of "/husarion_ws/install/husarion_ugv_gazebo/lib/libestop_system.so" to ""
[12.982s] -- Installing: /husarion_ws/install/husarion_ugv_gazebo/lib/libEStop.so
[12.982s] -- Set non-toolchain portion of runtime path of "/husarion_ws/install/husarion_ugv_gazebo/lib/libEStop.so" to ""
[12.983s] -- Installing: /husarion_ws/install/husarion_ugv_gazebo/lib/libLEDStrip.so
[12.983s] -- Set non-toolchain portion of runtime path of "/husarion_ws/install/husarion_ugv_gazebo/lib/libLEDStrip.so" to ""
[12.983s] -- Installing: /husarion_ws/install/husarion_ugv_gazebo/share/husarion_ugv_gazebo/cmake/export_husarion_ugv_gazeboExport.cmake
[12.983s] -- Installing: /husarion_ws/install/husarion_ugv_gazebo/share/husarion_ugv_gazebo/cmake/export_husarion_ugv_gazeboExport-release.cmake
[12.984s] Invoked command in '/husarion_ws/build/husarion_ugv_gazebo' returned '0': AMENT_PREFIX_PATH=/husarion_ws/install/husarion_ugv_manager:/husarion_ws/install/husarion_ugv_controller:/husarion_ws/install/husarion_ugv_localization:/husarion_ws/install/husarion_ugv_lights:/husarion_ws/install/husarion_ugv_description:/husarion_ws/install/behaviortree_ros2:/husarion_ws/install/ros_components_description:/husarion_ws/install/mecanum_drive_controller:/husarion_ws/install/husarion_ugv_utils:/husarion_ws/install/husarion_ugv_msgs:/husarion_ws/install/husarion_gz_worlds:/husarion_ws/install/btcpp_ros2_interfaces:${AMENT_PREFIX_PATH} CMAKE_PREFIX_PATH=/husarion_ws/install/husarion_ugv_manager:/husarion_ws/install/husarion_ugv_controller:/husarion_ws/install/husarion_ugv_localization:/husarion_ws/install/husarion_ugv_lights:/husarion_ws/install/husarion_ugv_description:/husarion_ws/install/behaviortree_ros2:/husarion_ws/install/ros_components_description:/husarion_ws/install/mecanum_drive_controller:/husarion_ws/install/husarion_ugv_utils:/husarion_ws/install/husarion_ugv_msgs:/husarion_ws/install/husarion_gz_worlds:/husarion_ws/install/btcpp_ros2_interfaces:/opt/ros/jazzy/opt/gz_sim_vendor:/opt/ros/jazzy/opt/gz_sensors_vendor:/opt/ros/jazzy/opt/gz_physics_vendor:/opt/ros/jazzy/opt/sdformat_vendor:/opt/ros/jazzy/opt/gz_gui_vendor:/opt/ros/jazzy/opt/gz_transport_vendor:/opt/ros/jazzy/opt/gz_rendering_vendor:/opt/ros/jazzy/opt/gz_plugin_vendor:/opt/ros/jazzy/opt/gz_fuel_tools_vendor:/opt/ros/jazzy/opt/gz_msgs_vendor:/opt/ros/jazzy/opt/gz_common_vendor:/opt/ros/jazzy/opt/gz_math_vendor:/opt/ros/jazzy/opt/gz_utils_vendor:/opt/ros/jazzy/opt/gz_tools_vendor:/opt/ros/jazzy/opt/gz_ogre_next_vendor:/opt/ros/jazzy/opt/gz_dartsim_vendor:/opt/ros/jazzy/opt/gz_cmake_vendor:/opt/ros/jazzy GAZEBO_MODEL_PATH=/husarion_ws/install/husarion_ugv_description/share:/husarion_ws/install/ros_components_description/share:/husarion_ws/install/husarion_gz_worlds/share/husarion_gz_worlds/models:${GAZEBO_MODEL_PATH} GZ_SIM_RESOURCE_PATH=/husarion_ws/install/husarion_ugv_description/share:/opt/ros/jazzy/share:/husarion_ws/install/ros_components_description/share:/husarion_ws/install/husarion_gz_worlds/share/husarion_gz_worlds/models IGN_GAZEBO_RESOURCE_PATH=/husarion_ws/install/husarion_ugv_description/share:/husarion_ws/install/husarion_gz_worlds/share/husarion_gz_worlds/models:${IGN_GAZEBO_RESOURCE_PATH} LD_LIBRARY_PATH=/husarion_ws/install/husarion_ugv_manager/lib:/husarion_ws/install/husarion_ugv_lights/lib:/husarion_ws/install/behaviortree_ros2/lib:/husarion_ws/install/mecanum_drive_controller/lib:/husarion_ws/install/husarion_ugv_msgs/lib:/husarion_ws/install/btcpp_ros2_interfaces/lib:${LD_LIBRARY_PATH} PYTHONPATH=/husarion_ws/install/husarion_ugv_utils/lib/python3.12/site-packages:/husarion_ws/install/husarion_ugv_msgs/lib/python3.12/site-packages:/husarion_ws/install/btcpp_ros2_interfaces/lib/python3.12/site-packages:${PYTHONPATH} /usr/bin/cmake --install /husarion_ws/build/husarion_ugv_gazebo
