[0.040s] Invoking command in '/husarion_ws/build/husarion_ugv_manager': AMENT_PREFIX_PATH=/husarion_ws/install/behaviortree_ros2:/husarion_ws/install/husarion_ugv_utils:/husarion_ws/install/husarion_ugv_msgs:/husarion_ws/install/btcpp_ros2_interfaces:${AMENT_PREFIX_PATH} CMAKE_PREFIX_PATH=/husarion_ws/install/behaviortree_ros2:/husarion_ws/install/husarion_ugv_utils:/husarion_ws/install/husarion_ugv_msgs:/husarion_ws/install/btcpp_ros2_interfaces:/opt/ros/jazzy/opt/gz_sim_vendor:/opt/ros/jazzy/opt/gz_sensors_vendor:/opt/ros/jazzy/opt/gz_physics_vendor:/opt/ros/jazzy/opt/sdformat_vendor:/opt/ros/jazzy/opt/gz_gui_vendor:/opt/ros/jazzy/opt/gz_transport_vendor:/opt/ros/jazzy/opt/gz_rendering_vendor:/opt/ros/jazzy/opt/gz_plugin_vendor:/opt/ros/jazzy/opt/gz_fuel_tools_vendor:/opt/ros/jazzy/opt/gz_msgs_vendor:/opt/ros/jazzy/opt/gz_common_vendor:/opt/ros/jazzy/opt/gz_math_vendor:/opt/ros/jazzy/opt/gz_utils_vendor:/opt/ros/jazzy/opt/gz_tools_vendor:/opt/ros/jazzy/opt/gz_ogre_next_vendor:/opt/ros/jazzy/opt/gz_dartsim_vendor:/opt/ros/jazzy/opt/gz_cmake_vendor:/opt/ros/jazzy LD_LIBRARY_PATH=/husarion_ws/install/behaviortree_ros2/lib:/husarion_ws/install/husarion_ugv_msgs/lib:/husarion_ws/install/btcpp_ros2_interfaces/lib:${LD_LIBRARY_PATH} PYTHONPATH=/husarion_ws/install/husarion_ugv_utils/lib/python3.12/site-packages:/husarion_ws/install/husarion_ugv_msgs/lib/python3.12/site-packages:/husarion_ws/install/btcpp_ros2_interfaces/lib/python3.12/site-packages:${PYTHONPATH} /usr/bin/cmake /husarion_ws/src/husarion_ugv_ros/husarion_ugv_manager -DCMAKE_BUILD_TYPE=Release -DBUILD_TESTING=OFF -DAMENT_CMAKE_SYMLINK_INSTALL=1 -DCMAKE_INSTALL_PREFIX=/husarion_ws/install/husarion_ugv_manager
[0.166s] -- The C compiler identification is GNU 13.3.0
[0.278s] -- The CXX compiler identification is GNU 13.3.0
[0.310s] -- Detecting C compiler ABI info
[0.513s] -- Detecting C compiler ABI info - done
[0.531s] -- Check for working C compiler: /usr/bin/cc - skipped
[0.531s] -- Detecting C compile features
[0.536s] -- Detecting C compile features - done
[0.555s] -- Detecting CXX compiler ABI info
[0.747s] -- Detecting CXX compiler ABI info - done
[0.772s] -- Check for working CXX compiler: /usr/bin/c++ - skipped
[0.772s] -- Detecting CXX compile features
[0.772s] -- Detecting CXX compile features - done
[0.783s] -- Found ament_cmake: 2.5.4 (/opt/ros/jazzy/share/ament_cmake/cmake)
[1.063s] -- Found Python3: /usr/bin/python3 (found version "3.12.3") found components: Interpreter 
[1.162s] -- Override CMake install command with custom implementation using symlinks instead of copying resources
[1.238s] -- Found ament_index_cpp: 1.8.1 (/opt/ros/jazzy/share/ament_index_cpp/cmake)
[1.244s] -- Found behaviortree_cpp: 4.7.1 (/opt/ros/jazzy/share/behaviortree_cpp/cmake)
[1.248s] -- Found behaviortree_ros2: 0.2.0 (/husarion_ws/install/behaviortree_ros2/share/behaviortree_ros2/cmake)
[1.341s] -- Found rosidl_generator_c: 4.6.5 (/opt/ros/jazzy/share/rosidl_generator_c/cmake)
[1.367s] -- Found rosidl_generator_cpp: 4.6.5 (/opt/ros/jazzy/share/rosidl_generator_cpp/cmake)
[1.398s] -- Using all available rosidl_typesupport_c: rosidl_typesupport_fastrtps_c;rosidl_typesupport_introspection_c
[1.427s] -- Using all available rosidl_typesupport_cpp: rosidl_typesupport_fastrtps_cpp;rosidl_typesupport_introspection_cpp
[1.550s] -- Found rmw_implementation_cmake: 7.3.2 (/opt/ros/jazzy/share/rmw_implementation_cmake/cmake)
[1.556s] -- Found rmw_fastrtps_cpp: 8.4.2 (/opt/ros/jazzy/share/rmw_fastrtps_cpp/cmake)
[1.741s] -- Found OpenSSL: /usr/lib/x86_64-linux-gnu/libcrypto.so (found version "3.0.13")  
[1.790s] -- Found FastRTPS: /opt/ros/jazzy/include (Required is at least version "2.13") 
[1.849s] -- Using RMW implementation 'rmw_fastrtps_cpp' as default
[2.253s] -- Found geometry_msgs: 5.3.6 (/opt/ros/jazzy/share/geometry_msgs/cmake)
[2.345s] -- Found husarion_ugv_msgs: 2.3.0 (/husarion_ws/install/husarion_ugv_msgs/share/husarion_ugv_msgs/cmake)
[2.366s] -- Found husarion_ugv_utils: 2.3.0 (/husarion_ws/install/husarion_ugv_utils/share/husarion_ugv_utils/cmake)
[2.650s] -- Found sensor_msgs: 5.3.6 (/opt/ros/jazzy/share/sensor_msgs/cmake)
[2.723s] -- Found std_srvs: 5.3.6 (/opt/ros/jazzy/share/std_srvs/cmake)
[2.774s] -- Found tf2_geometry_msgs: 0.36.11 (/opt/ros/jazzy/share/tf2_geometry_msgs/cmake)
[2.820s] -- Found eigen3_cmake_module: 0.3.0 (/opt/ros/jazzy/share/eigen3_cmake_module/cmake)
[2.825s] -- Found Eigen3: TRUE (found version "3.4.0") 
[2.825s] -- Ensuring Eigen3 include directory is part of orocos-kdl CMake target
[3.253s] -- Configuring done (3.2s)
[3.598s] -- Generating done (0.2s)
[3.650s] -- Build files have been written to: /husarion_ws/build/husarion_ugv_manager
[3.684s] Invoked command in '/husarion_ws/build/husarion_ugv_manager' returned '0': AMENT_PREFIX_PATH=/husarion_ws/install/behaviortree_ros2:/husarion_ws/install/husarion_ugv_utils:/husarion_ws/install/husarion_ugv_msgs:/husarion_ws/install/btcpp_ros2_interfaces:${AMENT_PREFIX_PATH} CMAKE_PREFIX_PATH=/husarion_ws/install/behaviortree_ros2:/husarion_ws/install/husarion_ugv_utils:/husarion_ws/install/husarion_ugv_msgs:/husarion_ws/install/btcpp_ros2_interfaces:/opt/ros/jazzy/opt/gz_sim_vendor:/opt/ros/jazzy/opt/gz_sensors_vendor:/opt/ros/jazzy/opt/gz_physics_vendor:/opt/ros/jazzy/opt/sdformat_vendor:/opt/ros/jazzy/opt/gz_gui_vendor:/opt/ros/jazzy/opt/gz_transport_vendor:/opt/ros/jazzy/opt/gz_rendering_vendor:/opt/ros/jazzy/opt/gz_plugin_vendor:/opt/ros/jazzy/opt/gz_fuel_tools_vendor:/opt/ros/jazzy/opt/gz_msgs_vendor:/opt/ros/jazzy/opt/gz_common_vendor:/opt/ros/jazzy/opt/gz_math_vendor:/opt/ros/jazzy/opt/gz_utils_vendor:/opt/ros/jazzy/opt/gz_tools_vendor:/opt/ros/jazzy/opt/gz_ogre_next_vendor:/opt/ros/jazzy/opt/gz_dartsim_vendor:/opt/ros/jazzy/opt/gz_cmake_vendor:/opt/ros/jazzy LD_LIBRARY_PATH=/husarion_ws/install/behaviortree_ros2/lib:/husarion_ws/install/husarion_ugv_msgs/lib:/husarion_ws/install/btcpp_ros2_interfaces/lib:${LD_LIBRARY_PATH} PYTHONPATH=/husarion_ws/install/husarion_ugv_utils/lib/python3.12/site-packages:/husarion_ws/install/husarion_ugv_msgs/lib/python3.12/site-packages:/husarion_ws/install/btcpp_ros2_interfaces/lib/python3.12/site-packages:${PYTHONPATH} /usr/bin/cmake /husarion_ws/src/husarion_ugv_ros/husarion_ugv_manager -DCMAKE_BUILD_TYPE=Release -DBUILD_TESTING=OFF -DAMENT_CMAKE_SYMLINK_INSTALL=1 -DCMAKE_INSTALL_PREFIX=/husarion_ws/install/husarion_ugv_manager
[3.685s] Invoking command in '/husarion_ws/build/husarion_ugv_manager': AMENT_PREFIX_PATH=/husarion_ws/install/behaviortree_ros2:/husarion_ws/install/husarion_ugv_utils:/husarion_ws/install/husarion_ugv_msgs:/husarion_ws/install/btcpp_ros2_interfaces:${AMENT_PREFIX_PATH} CMAKE_PREFIX_PATH=/husarion_ws/install/behaviortree_ros2:/husarion_ws/install/husarion_ugv_utils:/husarion_ws/install/husarion_ugv_msgs:/husarion_ws/install/btcpp_ros2_interfaces:/opt/ros/jazzy/opt/gz_sim_vendor:/opt/ros/jazzy/opt/gz_sensors_vendor:/opt/ros/jazzy/opt/gz_physics_vendor:/opt/ros/jazzy/opt/sdformat_vendor:/opt/ros/jazzy/opt/gz_gui_vendor:/opt/ros/jazzy/opt/gz_transport_vendor:/opt/ros/jazzy/opt/gz_rendering_vendor:/opt/ros/jazzy/opt/gz_plugin_vendor:/opt/ros/jazzy/opt/gz_fuel_tools_vendor:/opt/ros/jazzy/opt/gz_msgs_vendor:/opt/ros/jazzy/opt/gz_common_vendor:/opt/ros/jazzy/opt/gz_math_vendor:/opt/ros/jazzy/opt/gz_utils_vendor:/opt/ros/jazzy/opt/gz_tools_vendor:/opt/ros/jazzy/opt/gz_ogre_next_vendor:/opt/ros/jazzy/opt/gz_dartsim_vendor:/opt/ros/jazzy/opt/gz_cmake_vendor:/opt/ros/jazzy LD_LIBRARY_PATH=/husarion_ws/install/behaviortree_ros2/lib:/husarion_ws/install/husarion_ugv_msgs/lib:/husarion_ws/install/btcpp_ros2_interfaces/lib:${LD_LIBRARY_PATH} PYTHONPATH=/husarion_ws/install/husarion_ugv_utils/lib/python3.12/site-packages:/husarion_ws/install/husarion_ugv_msgs/lib/python3.12/site-packages:/husarion_ws/install/btcpp_ros2_interfaces/lib/python3.12/site-packages:${PYTHONPATH} /usr/bin/cmake --build /husarion_ws/build/husarion_ugv_manager -- -j6 -l6
[3.825s] [  3%] Building CXX object CMakeFiles/signal_shutdown_bt_node.dir/src/plugins/action/signal_shutdown_node.cpp.o
[3.827s] [  7%] Building CXX object CMakeFiles/call_trigger_service_bt_node.dir/src/plugins/action/call_trigger_service_node.cpp.o
[3.836s] [ 14%] Building CXX object CMakeFiles/call_set_bool_service_bt_node.dir/src/plugins/action/call_set_bool_service_node.cpp.o
[3.837s] [ 10%] Building CXX object CMakeFiles/call_set_led_animation_service_bt_node.dir/src/plugins/action/call_set_led_animation_service_node.cpp.o
[3.848s] [ 17%] Building CXX object CMakeFiles/shutdown_hosts_from_file_bt_node.dir/src/plugins/action/shutdown_hosts_from_file_node.cpp.o
[3.852s] [ 21%] Building CXX object CMakeFiles/check_bool_msg_bt_node.dir/src/plugins/condition/check_bool_msg.cpp.o
[12.980s] [ 25%] Linking CXX shared library libsignal_shutdown_bt_node.so
[13.320s] [ 25%] Built target signal_shutdown_bt_node
[13.378s] [ 28%] Building CXX object CMakeFiles/check_joy_msg_bt_node.dir/src/plugins/condition/check_joy_msg.cpp.o
[16.618s] [ 32%] Linking CXX shared library libcall_trigger_service_bt_node.so
[17.130s] [ 32%] Built target call_trigger_service_bt_node
[17.183s] [ 35%] Building CXX object CMakeFiles/tick_after_timeout_bt_node.dir/src/plugins/decorator/tick_after_timeout_node.cpp.o
[17.794s] [ 39%] Linking CXX shared library libcall_set_bool_service_bt_node.so
[18.256s] [ 39%] Built target call_set_bool_service_bt_node
[18.310s] [ 42%] Building CXX object CMakeFiles/execute_command_bt_node.dir/src/plugins/action/execute_command_node.cpp.o
[18.868s] [ 46%] Linking CXX shared library libshutdown_hosts_from_file_bt_node.so
[18.926s] [ 50%] Linking CXX shared library libcall_set_led_animation_service_bt_node.so
[19.483s] [ 50%] Built target call_set_led_animation_service_bt_node
[19.529s] [ 53%] Running `/opt/ros/jazzy/bin/generate_parameter_library_cpp /husarion_ws/build/husarion_ugv_manager/include/husarion_ugv_manager/safety_manager_parameters.hpp /husarion_ws/src/husarion_ugv_ros/husarion_ugv_manager/src/safety_manager_parameters.yaml `
[20.271s] [ 53%] Built target shutdown_hosts_from_file_bt_node
[20.323s] [ 57%] Running `/opt/ros/jazzy/bin/generate_parameter_library_cpp /husarion_ws/build/husarion_ugv_manager/include/husarion_ugv_manager/lights_manager_parameters.hpp /husarion_ws/src/husarion_ugv_ros/husarion_ugv_manager/src/lights_manager_parameters.yaml `
[20.896s] [ 60%] Creating deprecated header file /husarion_ws/build/husarion_ugv_manager/include/safety_manager_parameters.hpp
[20.995s] [ 60%] Built target safety_manager_parameters
[21.361s] [ 64%] Creating deprecated header file /husarion_ws/build/husarion_ugv_manager/include/lights_manager_parameters.hpp
[21.409s] [ 64%] Built target lights_manager_parameters
[22.092s] [ 67%] Linking CXX shared library libtick_after_timeout_bt_node.so
[22.245s] [ 67%] Built target tick_after_timeout_bt_node
[25.802s] [ 71%] Linking CXX shared library libexecute_command_bt_node.so
[25.975s] [ 71%] Built target execute_command_bt_node
[26.906s] [ 75%] Linking CXX shared library libcheck_bool_msg_bt_node.so
[27.126s] [ 75%] Built target check_bool_msg_bt_node
[31.833s] [ 78%] Linking CXX shared library libcheck_joy_msg_bt_node.so
[32.055s] [ 78%] Built target check_joy_msg_bt_node
[32.084s] [ 82%] Building CXX object CMakeFiles/safety_manager_node.dir/src/safety_manager_node_main.cpp.o
[32.085s] [ 89%] Building CXX object CMakeFiles/safety_manager_node.dir/src/safety_manager_node.cpp.o
[32.085s] [ 89%] Building CXX object CMakeFiles/lights_manager_node.dir/src/lights_manager_node_main.cpp.o
[32.091s] [ 92%] Building CXX object CMakeFiles/lights_manager_node.dir/src/lights_manager_node.cpp.o
[51.622s] [ 96%] Linking CXX executable lights_manager_node
[51.941s] [ 96%] Built target lights_manager_node
[57.464s] [100%] Linking CXX executable safety_manager_node
[57.831s] [100%] Built target safety_manager_node
[57.851s] Invoked command in '/husarion_ws/build/husarion_ugv_manager' returned '0': AMENT_PREFIX_PATH=/husarion_ws/install/behaviortree_ros2:/husarion_ws/install/husarion_ugv_utils:/husarion_ws/install/husarion_ugv_msgs:/husarion_ws/install/btcpp_ros2_interfaces:${AMENT_PREFIX_PATH} CMAKE_PREFIX_PATH=/husarion_ws/install/behaviortree_ros2:/husarion_ws/install/husarion_ugv_utils:/husarion_ws/install/husarion_ugv_msgs:/husarion_ws/install/btcpp_ros2_interfaces:/opt/ros/jazzy/opt/gz_sim_vendor:/opt/ros/jazzy/opt/gz_sensors_vendor:/opt/ros/jazzy/opt/gz_physics_vendor:/opt/ros/jazzy/opt/sdformat_vendor:/opt/ros/jazzy/opt/gz_gui_vendor:/opt/ros/jazzy/opt/gz_transport_vendor:/opt/ros/jazzy/opt/gz_rendering_vendor:/opt/ros/jazzy/opt/gz_plugin_vendor:/opt/ros/jazzy/opt/gz_fuel_tools_vendor:/opt/ros/jazzy/opt/gz_msgs_vendor:/opt/ros/jazzy/opt/gz_common_vendor:/opt/ros/jazzy/opt/gz_math_vendor:/opt/ros/jazzy/opt/gz_utils_vendor:/opt/ros/jazzy/opt/gz_tools_vendor:/opt/ros/jazzy/opt/gz_ogre_next_vendor:/opt/ros/jazzy/opt/gz_dartsim_vendor:/opt/ros/jazzy/opt/gz_cmake_vendor:/opt/ros/jazzy LD_LIBRARY_PATH=/husarion_ws/install/behaviortree_ros2/lib:/husarion_ws/install/husarion_ugv_msgs/lib:/husarion_ws/install/btcpp_ros2_interfaces/lib:${LD_LIBRARY_PATH} PYTHONPATH=/husarion_ws/install/husarion_ugv_utils/lib/python3.12/site-packages:/husarion_ws/install/husarion_ugv_msgs/lib/python3.12/site-packages:/husarion_ws/install/btcpp_ros2_interfaces/lib/python3.12/site-packages:${PYTHONPATH} /usr/bin/cmake --build /husarion_ws/build/husarion_ugv_manager -- -j6 -l6
[57.853s] Invoking command in '/husarion_ws/build/husarion_ugv_manager': AMENT_PREFIX_PATH=/husarion_ws/install/behaviortree_ros2:/husarion_ws/install/husarion_ugv_utils:/husarion_ws/install/husarion_ugv_msgs:/husarion_ws/install/btcpp_ros2_interfaces:${AMENT_PREFIX_PATH} CMAKE_PREFIX_PATH=/husarion_ws/install/behaviortree_ros2:/husarion_ws/install/husarion_ugv_utils:/husarion_ws/install/husarion_ugv_msgs:/husarion_ws/install/btcpp_ros2_interfaces:/opt/ros/jazzy/opt/gz_sim_vendor:/opt/ros/jazzy/opt/gz_sensors_vendor:/opt/ros/jazzy/opt/gz_physics_vendor:/opt/ros/jazzy/opt/sdformat_vendor:/opt/ros/jazzy/opt/gz_gui_vendor:/opt/ros/jazzy/opt/gz_transport_vendor:/opt/ros/jazzy/opt/gz_rendering_vendor:/opt/ros/jazzy/opt/gz_plugin_vendor:/opt/ros/jazzy/opt/gz_fuel_tools_vendor:/opt/ros/jazzy/opt/gz_msgs_vendor:/opt/ros/jazzy/opt/gz_common_vendor:/opt/ros/jazzy/opt/gz_math_vendor:/opt/ros/jazzy/opt/gz_utils_vendor:/opt/ros/jazzy/opt/gz_tools_vendor:/opt/ros/jazzy/opt/gz_ogre_next_vendor:/opt/ros/jazzy/opt/gz_dartsim_vendor:/opt/ros/jazzy/opt/gz_cmake_vendor:/opt/ros/jazzy LD_LIBRARY_PATH=/husarion_ws/install/behaviortree_ros2/lib:/husarion_ws/install/husarion_ugv_msgs/lib:/husarion_ws/install/btcpp_ros2_interfaces/lib:${LD_LIBRARY_PATH} PYTHONPATH=/husarion_ws/install/husarion_ugv_utils/lib/python3.12/site-packages:/husarion_ws/install/husarion_ugv_msgs/lib/python3.12/site-packages:/husarion_ws/install/btcpp_ros2_interfaces/lib/python3.12/site-packages:${PYTHONPATH} /usr/bin/cmake --install /husarion_ws/build/husarion_ugv_manager
[57.870s] -- Install configuration: "Release"
[57.871s] -- Execute custom install script
[57.872s] -- Symlinking: /husarion_ws/install/husarion_ugv_manager/include/husarion_ugv_manager/lights_manager_parameters.hpp
[57.889s] -- Symlinking: /husarion_ws/install/husarion_ugv_manager/include/husarion_ugv_manager/safety_manager_parameters.hpp
[57.907s] -- Up-to-date symlink: /husarion_ws/install/husarion_ugv_manager/include/husarion_ugv_manager/lights_manager_parameters.hpp
[57.907s] -- Up-to-date symlink: /husarion_ws/install/husarion_ugv_manager/include/husarion_ugv_manager/safety_manager_parameters.hpp
[57.907s] -- Symlinking: /husarion_ws/install/husarion_ugv_manager/lib/libcall_set_bool_service_bt_node.so
[57.917s] -- Symlinking: /husarion_ws/install/husarion_ugv_manager/lib/libcall_trigger_service_bt_node.so
[57.926s] -- Symlinking: /husarion_ws/install/husarion_ugv_manager/lib/libcall_set_led_animation_service_bt_node.so
[57.945s] -- Symlinking: /husarion_ws/install/husarion_ugv_manager/lib/libsignal_shutdown_bt_node.so
[57.963s] -- Symlinking: /husarion_ws/install/husarion_ugv_manager/lib/libshutdown_hosts_from_file_bt_node.so
[57.981s] -- Symlinking: /husarion_ws/install/husarion_ugv_manager/lib/libcheck_bool_msg_bt_node.so
[58.000s] -- Symlinking: /husarion_ws/install/husarion_ugv_manager/lib/libcheck_joy_msg_bt_node.so
[58.015s] -- Symlinking: /husarion_ws/install/husarion_ugv_manager/lib/libtick_after_timeout_bt_node.so
[58.025s] -- Symlinking: /husarion_ws/install/husarion_ugv_manager/lib/libexecute_command_bt_node.so
[58.043s] -- Symlinking: /husarion_ws/install/husarion_ugv_manager/lib/husarion_ugv_manager/safety_manager_node
[58.063s] -- Symlinking: /husarion_ws/install/husarion_ugv_manager/lib/husarion_ugv_manager/lights_manager_node
[58.080s] -- Symlinking: /husarion_ws/install/husarion_ugv_manager/share/husarion_ugv_manager/behavior_trees/LightsBT.btproj
[58.098s] -- Symlinking: /husarion_ws/install/husarion_ugv_manager/share/husarion_ugv_manager/behavior_trees/SafetyBT.btproj
[58.107s] -- Symlinking: /husarion_ws/install/husarion_ugv_manager/share/husarion_ugv_manager/behavior_trees/lights.xml
[58.117s] -- Symlinking: /husarion_ws/install/husarion_ugv_manager/share/husarion_ugv_manager/behavior_trees/safety.xml
[58.126s] -- Symlinking: /husarion_ws/install/husarion_ugv_manager/share/husarion_ugv_manager/behavior_trees/shutdown.xml
[58.136s] -- Symlinking: /husarion_ws/install/husarion_ugv_manager/share/husarion_ugv_manager/config/lights_manager.yaml
[58.145s] -- Symlinking: /husarion_ws/install/husarion_ugv_manager/share/husarion_ugv_manager/config/safety_manager.yaml
[58.155s] -- Symlinking: /husarion_ws/install/husarion_ugv_manager/share/husarion_ugv_manager/config/shutdown_hosts.yaml
[58.174s] -- Symlinking: /husarion_ws/install/husarion_ugv_manager/share/husarion_ugv_manager/launch/manager.launch.py
[58.185s] -- Symlinking: /husarion_ws/install/husarion_ugv_manager/include/husarion_ugv_manager/husarion_ugv_manager/behavior_tree_manager.hpp
[58.203s] -- Symlinking: /husarion_ws/install/husarion_ugv_manager/include/husarion_ugv_manager/husarion_ugv_manager/behavior_tree_utils.hpp
[58.212s] -- Symlinking: /husarion_ws/install/husarion_ugv_manager/include/husarion_ugv_manager/husarion_ugv_manager/lights_manager_node.hpp
[58.222s] -- Symlinking: /husarion_ws/install/husarion_ugv_manager/include/husarion_ugv_manager/husarion_ugv_manager/plugins/action/call_set_bool_service_node.hpp
[58.232s] -- Symlinking: /husarion_ws/install/husarion_ugv_manager/include/husarion_ugv_manager/husarion_ugv_manager/plugins/action/call_set_led_animation_service_node.hpp
[58.241s] -- Symlinking: /husarion_ws/install/husarion_ugv_manager/include/husarion_ugv_manager/husarion_ugv_manager/plugins/action/call_trigger_service_node.hpp
[58.260s] -- Symlinking: /husarion_ws/install/husarion_ugv_manager/include/husarion_ugv_manager/husarion_ugv_manager/plugins/action/execute_command_node.hpp
[58.269s] -- Symlinking: /husarion_ws/install/husarion_ugv_manager/include/husarion_ugv_manager/husarion_ugv_manager/plugins/action/shutdown_hosts_from_file_node.hpp
[58.278s] -- Symlinking: /husarion_ws/install/husarion_ugv_manager/include/husarion_ugv_manager/husarion_ugv_manager/plugins/action/signal_shutdown_node.hpp
[58.287s] -- Symlinking: /husarion_ws/install/husarion_ugv_manager/include/husarion_ugv_manager/husarion_ugv_manager/plugins/command_handler.hpp
[58.306s] -- Symlinking: /husarion_ws/install/husarion_ugv_manager/include/husarion_ugv_manager/husarion_ugv_manager/plugins/condition/check_bool_msg.hpp
[58.316s] -- Symlinking: /husarion_ws/install/husarion_ugv_manager/include/husarion_ugv_manager/husarion_ugv_manager/plugins/condition/check_joy_msg.hpp
[58.333s] -- Symlinking: /husarion_ws/install/husarion_ugv_manager/include/husarion_ugv_manager/husarion_ugv_manager/plugins/decorator/tick_after_timeout_node.hpp
[58.352s] -- Symlinking: /husarion_ws/install/husarion_ugv_manager/include/husarion_ugv_manager/husarion_ugv_manager/plugins/shutdown_host.hpp
[58.371s] -- Symlinking: /husarion_ws/install/husarion_ugv_manager/include/husarion_ugv_manager/husarion_ugv_manager/plugins/shutdown_hosts_node.hpp
[58.380s] -- Symlinking: /husarion_ws/install/husarion_ugv_manager/include/husarion_ugv_manager/husarion_ugv_manager/safety_manager_node.hpp
[58.399s] -- Symlinking: /husarion_ws/install/husarion_ugv_manager/include/husarion_ugv_manager/husarion_ugv_manager/test/utils/behavior_tree_test_utils.hpp
[58.409s] -- Symlinking: /husarion_ws/install/husarion_ugv_manager/include/husarion_ugv_manager/husarion_ugv_manager/test/utils/plugin_test_utils.hpp
[58.418s] -- Symlinking: /husarion_ws/install/husarion_ugv_manager/share/ament_index/resource_index/package_run_dependencies/husarion_ugv_manager
[58.428s] -- Symlinking: /husarion_ws/install/husarion_ugv_manager/share/ament_index/resource_index/parent_prefix_path/husarion_ugv_manager
[58.438s] -- Symlinking: /husarion_ws/install/husarion_ugv_manager/share/husarion_ugv_manager/environment/ament_prefix_path.sh
[58.448s] -- Symlinking: /husarion_ws/install/husarion_ugv_manager/share/husarion_ugv_manager/environment/ament_prefix_path.dsv
[58.458s] -- Symlinking: /husarion_ws/install/husarion_ugv_manager/share/husarion_ugv_manager/environment/path.sh
[58.468s] -- Symlinking: /husarion_ws/install/husarion_ugv_manager/share/husarion_ugv_manager/environment/path.dsv
[58.477s] -- Symlinking: /husarion_ws/install/husarion_ugv_manager/share/husarion_ugv_manager/local_setup.bash
[58.487s] -- Symlinking: /husarion_ws/install/husarion_ugv_manager/share/husarion_ugv_manager/local_setup.sh
[58.497s] -- Symlinking: /husarion_ws/install/husarion_ugv_manager/share/husarion_ugv_manager/local_setup.zsh
[58.506s] -- Symlinking: /husarion_ws/install/husarion_ugv_manager/share/husarion_ugv_manager/local_setup.dsv
[58.515s] -- Symlinking: /husarion_ws/install/husarion_ugv_manager/share/husarion_ugv_manager/package.dsv
[58.524s] -- Symlinking: /husarion_ws/install/husarion_ugv_manager/share/ament_index/resource_index/packages/husarion_ugv_manager
[58.534s] -- Symlinking: /husarion_ws/install/husarion_ugv_manager/share/husarion_ugv_manager/cmake/ament_cmake_export_dependencies-extras.cmake
[58.543s] -- Symlinking: /husarion_ws/install/husarion_ugv_manager/share/husarion_ugv_manager/cmake/ament_cmake_export_include_directories-extras.cmake
[58.552s] -- Symlinking: /husarion_ws/install/husarion_ugv_manager/share/husarion_ugv_manager/cmake/husarion_ugv_managerConfig.cmake
[58.561s] -- Symlinking: /husarion_ws/install/husarion_ugv_manager/share/husarion_ugv_manager/cmake/husarion_ugv_managerConfig-version.cmake
[58.571s] -- Symlinking: /husarion_ws/install/husarion_ugv_manager/share/husarion_ugv_manager/package.xml
[58.582s] Invoked command in '/husarion_ws/build/husarion_ugv_manager' returned '0': AMENT_PREFIX_PATH=/husarion_ws/install/behaviortree_ros2:/husarion_ws/install/husarion_ugv_utils:/husarion_ws/install/husarion_ugv_msgs:/husarion_ws/install/btcpp_ros2_interfaces:${AMENT_PREFIX_PATH} CMAKE_PREFIX_PATH=/husarion_ws/install/behaviortree_ros2:/husarion_ws/install/husarion_ugv_utils:/husarion_ws/install/husarion_ugv_msgs:/husarion_ws/install/btcpp_ros2_interfaces:/opt/ros/jazzy/opt/gz_sim_vendor:/opt/ros/jazzy/opt/gz_sensors_vendor:/opt/ros/jazzy/opt/gz_physics_vendor:/opt/ros/jazzy/opt/sdformat_vendor:/opt/ros/jazzy/opt/gz_gui_vendor:/opt/ros/jazzy/opt/gz_transport_vendor:/opt/ros/jazzy/opt/gz_rendering_vendor:/opt/ros/jazzy/opt/gz_plugin_vendor:/opt/ros/jazzy/opt/gz_fuel_tools_vendor:/opt/ros/jazzy/opt/gz_msgs_vendor:/opt/ros/jazzy/opt/gz_common_vendor:/opt/ros/jazzy/opt/gz_math_vendor:/opt/ros/jazzy/opt/gz_utils_vendor:/opt/ros/jazzy/opt/gz_tools_vendor:/opt/ros/jazzy/opt/gz_ogre_next_vendor:/opt/ros/jazzy/opt/gz_dartsim_vendor:/opt/ros/jazzy/opt/gz_cmake_vendor:/opt/ros/jazzy LD_LIBRARY_PATH=/husarion_ws/install/behaviortree_ros2/lib:/husarion_ws/install/husarion_ugv_msgs/lib:/husarion_ws/install/btcpp_ros2_interfaces/lib:${LD_LIBRARY_PATH} PYTHONPATH=/husarion_ws/install/husarion_ugv_utils/lib/python3.12/site-packages:/husarion_ws/install/husarion_ugv_msgs/lib/python3.12/site-packages:/husarion_ws/install/btcpp_ros2_interfaces/lib/python3.12/site-packages:${PYTHONPATH} /usr/bin/cmake --install /husarion_ws/build/husarion_ugv_manager
