[0.010s] Invoking command in '/husarion_ws/build/husarion_ugv_lights': AMENT_PREFIX_PATH=/husarion_ws/install/husarion_ugv_utils:/husarion_ws/install/husarion_ugv_msgs:${AMENT_PREFIX_PATH} CMAKE_PREFIX_PATH=/husarion_ws/install/husarion_ugv_utils:/husarion_ws/install/husarion_ugv_msgs:/opt/ros/jazzy/opt/gz_sim_vendor:/opt/ros/jazzy/opt/gz_sensors_vendor:/opt/ros/jazzy/opt/gz_physics_vendor:/opt/ros/jazzy/opt/sdformat_vendor:/opt/ros/jazzy/opt/gz_gui_vendor:/opt/ros/jazzy/opt/gz_transport_vendor:/opt/ros/jazzy/opt/gz_rendering_vendor:/opt/ros/jazzy/opt/gz_plugin_vendor:/opt/ros/jazzy/opt/gz_fuel_tools_vendor:/opt/ros/jazzy/opt/gz_msgs_vendor:/opt/ros/jazzy/opt/gz_common_vendor:/opt/ros/jazzy/opt/gz_math_vendor:/opt/ros/jazzy/opt/gz_utils_vendor:/opt/ros/jazzy/opt/gz_tools_vendor:/opt/ros/jazzy/opt/gz_ogre_next_vendor:/opt/ros/jazzy/opt/gz_dartsim_vendor:/opt/ros/jazzy/opt/gz_cmake_vendor:/opt/ros/jazzy LD_LIBRARY_PATH=/husarion_ws/install/husarion_ugv_msgs/lib:${LD_LIBRARY_PATH} PYTHONPATH=/husarion_ws/install/husarion_ugv_utils/lib/python3.12/site-packages:/husarion_ws/install/husarion_ugv_msgs/lib/python3.12/site-packages:${PYTHONPATH} /usr/bin/cmake /husarion_ws/src/husarion_ugv_ros/husarion_ugv_lights -DCMAKE_BUILD_TYPE=Release -DBUILD_TESTING=OFF -DAMENT_CMAKE_SYMLINK_INSTALL=1 -DCMAKE_INSTALL_PREFIX=/husarion_ws/install/husarion_ugv_lights
[0.076s] -- The C compiler identification is GNU 13.3.0
[0.138s] -- The CXX compiler identification is GNU 13.3.0
[0.162s] -- Detecting C compiler ABI info
[0.267s] -- Detecting C compiler ABI info - done
[0.278s] -- Check for working C compiler: /usr/bin/cc - skipped
[0.278s] -- Detecting C compile features
[0.279s] -- Detecting C compile features - done
[0.289s] -- Detecting CXX compiler ABI info
[0.400s] -- Detecting CXX compiler ABI info - done
[0.410s] -- Check for working CXX compiler: /usr/bin/c++ - skipped
[0.411s] -- Detecting CXX compile features
[0.411s] -- Detecting CXX compile features - done
[0.417s] -- Found ament_cmake: 2.5.4 (/opt/ros/jazzy/share/ament_cmake/cmake)
[0.587s] -- Found Python3: /usr/bin/python3 (found version "3.12.3") found components: Interpreter 
[0.674s] -- Override CMake install command with custom implementation using symlinks instead of copying resources
[0.747s] -- Found ament_index_cpp: 1.8.1 (/opt/ros/jazzy/share/ament_index_cpp/cmake)
[0.755s] -- Found diagnostic_updater: 4.2.4 (/opt/ros/jazzy/share/diagnostic_updater/cmake)
[0.841s] -- Found rosidl_generator_c: 4.6.5 (/opt/ros/jazzy/share/rosidl_generator_c/cmake)
[0.867s] -- Found rosidl_generator_cpp: 4.6.5 (/opt/ros/jazzy/share/rosidl_generator_cpp/cmake)
[0.897s] -- Using all available rosidl_typesupport_c: rosidl_typesupport_fastrtps_c;rosidl_typesupport_introspection_c
[0.932s] -- Using all available rosidl_typesupport_cpp: rosidl_typesupport_fastrtps_cpp;rosidl_typesupport_introspection_cpp
[1.126s] -- Found rmw_implementation_cmake: 7.3.2 (/opt/ros/jazzy/share/rmw_implementation_cmake/cmake)
[1.132s] -- Found rmw_fastrtps_cpp: 8.4.2 (/opt/ros/jazzy/share/rmw_fastrtps_cpp/cmake)
[1.249s] -- Found OpenSSL: /usr/lib/x86_64-linux-gnu/libcrypto.so (found version "3.0.13")  
[1.270s] -- Found FastRTPS: /opt/ros/jazzy/include (Required is at least version "2.13") 
[1.296s] -- Using RMW implementation 'rmw_fastrtps_cpp' as default
[1.385s] -- Found generate_parameter_library: 0.4.0 (/opt/ros/jazzy/share/generate_parameter_library/cmake)
[1.393s] -- Found parameter_traits: 0.4.0 (/opt/ros/jazzy/share/parameter_traits/cmake)
[1.422s] -- Found rclcpp_lifecycle: 28.1.9 (/opt/ros/jazzy/share/rclcpp_lifecycle/cmake)
[1.461s] -- Found image_transport: 5.1.6 (/opt/ros/jazzy/share/image_transport/cmake)
[1.544s] -- Found husarion_ugv_msgs: 2.3.0 (/husarion_ws/install/husarion_ugv_msgs/share/husarion_ugv_msgs/cmake)
[1.564s] -- Found husarion_ugv_utils: 2.3.0 (/husarion_ws/install/husarion_ugv_utils/share/husarion_ugv_utils/cmake)
[1.764s] -- Found rclcpp_components: 28.1.9 (/opt/ros/jazzy/share/rclcpp_components/cmake)
[1.799s] -- Found std_srvs: 5.3.6 (/opt/ros/jazzy/share/std_srvs/cmake)
[1.942s] -- Configuring done (1.9s)
[1.997s] -- Generating done (0.0s)
[2.010s] -- Build files have been written to: /husarion_ws/build/husarion_ugv_lights
[2.024s] Invoked command in '/husarion_ws/build/husarion_ugv_lights' returned '0': AMENT_PREFIX_PATH=/husarion_ws/install/husarion_ugv_utils:/husarion_ws/install/husarion_ugv_msgs:${AMENT_PREFIX_PATH} CMAKE_PREFIX_PATH=/husarion_ws/install/husarion_ugv_utils:/husarion_ws/install/husarion_ugv_msgs:/opt/ros/jazzy/opt/gz_sim_vendor:/opt/ros/jazzy/opt/gz_sensors_vendor:/opt/ros/jazzy/opt/gz_physics_vendor:/opt/ros/jazzy/opt/sdformat_vendor:/opt/ros/jazzy/opt/gz_gui_vendor:/opt/ros/jazzy/opt/gz_transport_vendor:/opt/ros/jazzy/opt/gz_rendering_vendor:/opt/ros/jazzy/opt/gz_plugin_vendor:/opt/ros/jazzy/opt/gz_fuel_tools_vendor:/opt/ros/jazzy/opt/gz_msgs_vendor:/opt/ros/jazzy/opt/gz_common_vendor:/opt/ros/jazzy/opt/gz_math_vendor:/opt/ros/jazzy/opt/gz_utils_vendor:/opt/ros/jazzy/opt/gz_tools_vendor:/opt/ros/jazzy/opt/gz_ogre_next_vendor:/opt/ros/jazzy/opt/gz_dartsim_vendor:/opt/ros/jazzy/opt/gz_cmake_vendor:/opt/ros/jazzy LD_LIBRARY_PATH=/husarion_ws/install/husarion_ugv_msgs/lib:${LD_LIBRARY_PATH} PYTHONPATH=/husarion_ws/install/husarion_ugv_utils/lib/python3.12/site-packages:/husarion_ws/install/husarion_ugv_msgs/lib/python3.12/site-packages:${PYTHONPATH} /usr/bin/cmake /husarion_ws/src/husarion_ugv_ros/husarion_ugv_lights -DCMAKE_BUILD_TYPE=Release -DBUILD_TESTING=OFF -DAMENT_CMAKE_SYMLINK_INSTALL=1 -DCMAKE_INSTALL_PREFIX=/husarion_ws/install/husarion_ugv_lights
[2.025s] Invoking command in '/husarion_ws/build/husarion_ugv_lights': AMENT_PREFIX_PATH=/husarion_ws/install/husarion_ugv_utils:/husarion_ws/install/husarion_ugv_msgs:${AMENT_PREFIX_PATH} CMAKE_PREFIX_PATH=/husarion_ws/install/husarion_ugv_utils:/husarion_ws/install/husarion_ugv_msgs:/opt/ros/jazzy/opt/gz_sim_vendor:/opt/ros/jazzy/opt/gz_sensors_vendor:/opt/ros/jazzy/opt/gz_physics_vendor:/opt/ros/jazzy/opt/sdformat_vendor:/opt/ros/jazzy/opt/gz_gui_vendor:/opt/ros/jazzy/opt/gz_transport_vendor:/opt/ros/jazzy/opt/gz_rendering_vendor:/opt/ros/jazzy/opt/gz_plugin_vendor:/opt/ros/jazzy/opt/gz_fuel_tools_vendor:/opt/ros/jazzy/opt/gz_msgs_vendor:/opt/ros/jazzy/opt/gz_common_vendor:/opt/ros/jazzy/opt/gz_math_vendor:/opt/ros/jazzy/opt/gz_utils_vendor:/opt/ros/jazzy/opt/gz_tools_vendor:/opt/ros/jazzy/opt/gz_ogre_next_vendor:/opt/ros/jazzy/opt/gz_dartsim_vendor:/opt/ros/jazzy/opt/gz_cmake_vendor:/opt/ros/jazzy LD_LIBRARY_PATH=/husarion_ws/install/husarion_ugv_msgs/lib:${LD_LIBRARY_PATH} PYTHONPATH=/husarion_ws/install/husarion_ugv_utils/lib/python3.12/site-packages:/husarion_ws/install/husarion_ugv_msgs/lib/python3.12/site-packages:${PYTHONPATH} /usr/bin/cmake --build /husarion_ws/build/husarion_ugv_lights -- -j6 -l6
[2.101s] [  4%] Building CXX object CMakeFiles/animation_plugins.dir/src/animation/image_animation.cpp.o
[2.111s] [  9%] Running `/opt/ros/jazzy/bin/generate_parameter_library_cpp /husarion_ws/build/husarion_ugv_lights/include/husarion_ugv_lights/lights_driver_parameters.hpp /husarion_ws/src/husarion_ugv_ros/husarion_ugv_lights/src/lights_driver_parameters.yaml `
[2.111s] [ 14%] Running `/opt/ros/jazzy/bin/generate_parameter_library_cpp /husarion_ws/build/husarion_ugv_lights/include/husarion_ugv_lights/lights_controller_parameters.hpp /husarion_ws/src/husarion_ugv_ros/husarion_ugv_lights/src/lights_controller_parameters.yaml `
[2.112s] [ 19%] Building CXX object CMakeFiles/animation_plugins.dir/src/animation/moving_image_animation.cpp.o
[2.116s] [ 23%] Building CXX object CMakeFiles/lights_controller_node.dir/rclcpp_components/node_main_lights_controller_node.cpp.o
[2.122s] [ 28%] Building CXX object CMakeFiles/lights_driver_node.dir/rclcpp_components/node_main_lights_driver_node.cpp.o
[3.237s] [ 33%] Creating deprecated header file /husarion_ws/build/husarion_ugv_lights/include/lights_driver_parameters.hpp
[3.338s] [ 38%] Creating deprecated header file /husarion_ws/build/husarion_ugv_lights/include/lights_controller_parameters.hpp
[3.348s] [ 38%] Built target lights_driver_parameters
[3.410s] [ 42%] Building CXX object CMakeFiles/lights_driver_node_component.dir/src/lights_driver_node.cpp.o
[3.436s] [ 42%] Built target lights_controller_parameters
[3.490s] [ 47%] Building CXX object CMakeFiles/lights_controller_node_component.dir/src/lights_controller_node.cpp.o
[7.272s] [ 52%] Linking CXX executable lights_driver_node
[7.514s] [ 52%] Built target lights_driver_node
[7.523s] [ 57%] Building CXX object CMakeFiles/lights_driver_node_component.dir/src/apa102.cpp.o
[7.895s] [ 61%] Linking CXX executable lights_controller_node
[8.081s] [ 61%] Built target lights_controller_node
[8.145s] [ 66%] Building CXX object CMakeFiles/lights_controller_node_component.dir/src/led_components/led_segment.cpp.o
[8.676s] [ 71%] Building CXX object CMakeFiles/lights_controller_node_component.dir/src/led_components/led_panel.cpp.o
[9.643s] [ 76%] Building CXX object CMakeFiles/lights_controller_node_component.dir/src/led_components/segment_converter.cpp.o
[10.794s] [ 80%] Building CXX object CMakeFiles/lights_controller_node_component.dir/src/led_components/segment_layer.cpp.o
[16.378s] [ 85%] Building CXX object CMakeFiles/lights_controller_node_component.dir/src/led_components/segment_queue_layer.cpp.o
[16.447s] [ 90%] Linking CXX shared library libanimation_plugins.so
[17.025s] [ 90%] Built target animation_plugins
[26.291s] [ 95%] Linking CXX shared library liblights_controller_node_component.so
[26.520s] [ 95%] Built target lights_controller_node_component
[30.869s] [100%] Linking CXX shared library liblights_driver_node_component.so
[31.054s] [100%] Built target lights_driver_node_component
[31.072s] Invoked command in '/husarion_ws/build/husarion_ugv_lights' returned '0': AMENT_PREFIX_PATH=/husarion_ws/install/husarion_ugv_utils:/husarion_ws/install/husarion_ugv_msgs:${AMENT_PREFIX_PATH} CMAKE_PREFIX_PATH=/husarion_ws/install/husarion_ugv_utils:/husarion_ws/install/husarion_ugv_msgs:/opt/ros/jazzy/opt/gz_sim_vendor:/opt/ros/jazzy/opt/gz_sensors_vendor:/opt/ros/jazzy/opt/gz_physics_vendor:/opt/ros/jazzy/opt/sdformat_vendor:/opt/ros/jazzy/opt/gz_gui_vendor:/opt/ros/jazzy/opt/gz_transport_vendor:/opt/ros/jazzy/opt/gz_rendering_vendor:/opt/ros/jazzy/opt/gz_plugin_vendor:/opt/ros/jazzy/opt/gz_fuel_tools_vendor:/opt/ros/jazzy/opt/gz_msgs_vendor:/opt/ros/jazzy/opt/gz_common_vendor:/opt/ros/jazzy/opt/gz_math_vendor:/opt/ros/jazzy/opt/gz_utils_vendor:/opt/ros/jazzy/opt/gz_tools_vendor:/opt/ros/jazzy/opt/gz_ogre_next_vendor:/opt/ros/jazzy/opt/gz_dartsim_vendor:/opt/ros/jazzy/opt/gz_cmake_vendor:/opt/ros/jazzy LD_LIBRARY_PATH=/husarion_ws/install/husarion_ugv_msgs/lib:${LD_LIBRARY_PATH} PYTHONPATH=/husarion_ws/install/husarion_ugv_utils/lib/python3.12/site-packages:/husarion_ws/install/husarion_ugv_msgs/lib/python3.12/site-packages:${PYTHONPATH} /usr/bin/cmake --build /husarion_ws/build/husarion_ugv_lights -- -j6 -l6
[31.074s] Invoking command in '/husarion_ws/build/husarion_ugv_lights': AMENT_PREFIX_PATH=/husarion_ws/install/husarion_ugv_utils:/husarion_ws/install/husarion_ugv_msgs:${AMENT_PREFIX_PATH} CMAKE_PREFIX_PATH=/husarion_ws/install/husarion_ugv_utils:/husarion_ws/install/husarion_ugv_msgs:/opt/ros/jazzy/opt/gz_sim_vendor:/opt/ros/jazzy/opt/gz_sensors_vendor:/opt/ros/jazzy/opt/gz_physics_vendor:/opt/ros/jazzy/opt/sdformat_vendor:/opt/ros/jazzy/opt/gz_gui_vendor:/opt/ros/jazzy/opt/gz_transport_vendor:/opt/ros/jazzy/opt/gz_rendering_vendor:/opt/ros/jazzy/opt/gz_plugin_vendor:/opt/ros/jazzy/opt/gz_fuel_tools_vendor:/opt/ros/jazzy/opt/gz_msgs_vendor:/opt/ros/jazzy/opt/gz_common_vendor:/opt/ros/jazzy/opt/gz_math_vendor:/opt/ros/jazzy/opt/gz_utils_vendor:/opt/ros/jazzy/opt/gz_tools_vendor:/opt/ros/jazzy/opt/gz_ogre_next_vendor:/opt/ros/jazzy/opt/gz_dartsim_vendor:/opt/ros/jazzy/opt/gz_cmake_vendor:/opt/ros/jazzy LD_LIBRARY_PATH=/husarion_ws/install/husarion_ugv_msgs/lib:${LD_LIBRARY_PATH} PYTHONPATH=/husarion_ws/install/husarion_ugv_utils/lib/python3.12/site-packages:/husarion_ws/install/husarion_ugv_msgs/lib/python3.12/site-packages:${PYTHONPATH} /usr/bin/cmake --install /husarion_ws/build/husarion_ugv_lights
[31.083s] -- Install configuration: "Release"
[31.083s] -- Execute custom install script
[31.083s] -- Symlinking: /husarion_ws/install/husarion_ugv_lights/share/husarion_ugv_lights//plugins.xml
[31.094s] -- Symlinking: /husarion_ws/install/husarion_ugv_lights/include/husarion_ugv_lights/lights_controller_parameters.hpp
[31.105s] -- Symlinking: /husarion_ws/install/husarion_ugv_lights/include/husarion_ugv_lights/lights_driver_parameters.hpp
[31.116s] -- Up-to-date symlink: /husarion_ws/install/husarion_ugv_lights/include/husarion_ugv_lights/lights_controller_parameters.hpp
[31.116s] -- Up-to-date symlink: /husarion_ws/install/husarion_ugv_lights/include/husarion_ugv_lights/lights_driver_parameters.hpp
[31.117s] -- Symlinking: /husarion_ws/install/husarion_ugv_lights/lib/husarion_ugv_lights/lights_driver_node
[31.128s] -- Symlinking: /husarion_ws/install/husarion_ugv_lights/lib/husarion_ugv_lights/lights_controller_node
[31.138s] -- Symlinking: /husarion_ws/install/husarion_ugv_lights/share/husarion_ugv_lights/animations/lynx/autonomous_action_front.png
[31.148s] -- Symlinking: /husarion_ws/install/husarion_ugv_lights/share/husarion_ugv_lights/animations/lynx/autonomous_action_rear.png
[31.157s] -- Symlinking: /husarion_ws/install/husarion_ugv_lights/share/husarion_ugv_lights/animations/lynx/autonomous_ready_front.png
[31.166s] -- Symlinking: /husarion_ws/install/husarion_ugv_lights/share/husarion_ugv_lights/animations/lynx/autonomous_ready_rear.png
[31.176s] -- Symlinking: /husarion_ws/install/husarion_ugv_lights/share/husarion_ugv_lights/animations/lynx/battery_charged_front.png
[31.185s] -- Symlinking: /husarion_ws/install/husarion_ugv_lights/share/husarion_ugv_lights/animations/lynx/battery_charged_rear.png
[31.197s] -- Symlinking: /husarion_ws/install/husarion_ugv_lights/share/husarion_ugv_lights/animations/lynx/blinker.png
[31.206s] -- Symlinking: /husarion_ws/install/husarion_ugv_lights/share/husarion_ugv_lights/animations/lynx/charger_inserted_front.png
[31.214s] -- Symlinking: /husarion_ws/install/husarion_ugv_lights/share/husarion_ugv_lights/animations/lynx/charger_inserted_rear.png
[31.224s] -- Symlinking: /husarion_ws/install/husarion_ugv_lights/share/husarion_ugv_lights/animations/lynx/charging_battery_front.png
[31.234s] -- Symlinking: /husarion_ws/install/husarion_ugv_lights/share/husarion_ugv_lights/animations/lynx/charging_battery_rear.png
[31.245s] -- Symlinking: /husarion_ws/install/husarion_ugv_lights/share/husarion_ugv_lights/animations/lynx/critical_battery.png
[31.254s] -- Symlinking: /husarion_ws/install/husarion_ugv_lights/share/husarion_ugv_lights/animations/lynx/empty.png
[31.264s] -- Symlinking: /husarion_ws/install/husarion_ugv_lights/share/husarion_ugv_lights/animations/lynx/error.png
[31.274s] -- Symlinking: /husarion_ws/install/husarion_ugv_lights/share/husarion_ugv_lights/animations/lynx/estop_front.png
[31.283s] -- Symlinking: /husarion_ws/install/husarion_ugv_lights/share/husarion_ugv_lights/animations/lynx/estop_rear.png
[31.291s] -- Symlinking: /husarion_ws/install/husarion_ugv_lights/share/husarion_ugv_lights/animations/lynx/goal_achieved_front.png
[31.300s] -- Symlinking: /husarion_ws/install/husarion_ugv_lights/share/husarion_ugv_lights/animations/lynx/goal_achieved_rear.png
[31.313s] -- Symlinking: /husarion_ws/install/husarion_ugv_lights/share/husarion_ugv_lights/animations/lynx/low_battery.png
[31.323s] -- Symlinking: /husarion_ws/install/husarion_ugv_lights/share/husarion_ugv_lights/animations/lynx/lynx_animations.svg
[31.333s] -- Symlinking: /husarion_ws/install/husarion_ugv_lights/share/husarion_ugv_lights/animations/lynx/manual_action_front.png
[31.343s] -- Symlinking: /husarion_ws/install/husarion_ugv_lights/share/husarion_ugv_lights/animations/lynx/manual_action_rear.png
[31.355s] -- Symlinking: /husarion_ws/install/husarion_ugv_lights/share/husarion_ugv_lights/animations/lynx/ready_front.png
[31.366s] -- Symlinking: /husarion_ws/install/husarion_ugv_lights/share/husarion_ugv_lights/animations/lynx/ready_rear.png
[31.383s] -- Symlinking: /husarion_ws/install/husarion_ugv_lights/share/husarion_ugv_lights/animations/panther/autonomous_action_front.png
[31.394s] -- Symlinking: /husarion_ws/install/husarion_ugv_lights/share/husarion_ugv_lights/animations/panther/autonomous_action_rear.png
[31.403s] -- Symlinking: /husarion_ws/install/husarion_ugv_lights/share/husarion_ugv_lights/animations/panther/autonomous_ready_front.png
[31.413s] -- Symlinking: /husarion_ws/install/husarion_ugv_lights/share/husarion_ugv_lights/animations/panther/autonomous_ready_rear.png
[31.424s] -- Symlinking: /husarion_ws/install/husarion_ugv_lights/share/husarion_ugv_lights/animations/panther/battery_charged_front.png
[31.435s] -- Symlinking: /husarion_ws/install/husarion_ugv_lights/share/husarion_ugv_lights/animations/panther/battery_charged_rear.png
[31.445s] -- Symlinking: /husarion_ws/install/husarion_ugv_lights/share/husarion_ugv_lights/animations/panther/blinker.png
[31.457s] -- Symlinking: /husarion_ws/install/husarion_ugv_lights/share/husarion_ugv_lights/animations/panther/charger_inserted_front.png
[31.468s] -- Symlinking: /husarion_ws/install/husarion_ugv_lights/share/husarion_ugv_lights/animations/panther/charger_inserted_rear.png
[31.479s] -- Symlinking: /husarion_ws/install/husarion_ugv_lights/share/husarion_ugv_lights/animations/panther/charging_battery_front.png
[31.489s] -- Symlinking: /husarion_ws/install/husarion_ugv_lights/share/husarion_ugv_lights/animations/panther/charging_battery_rear.png
[31.499s] -- Symlinking: /husarion_ws/install/husarion_ugv_lights/share/husarion_ugv_lights/animations/panther/critical_battery.png
[31.508s] -- Symlinking: /husarion_ws/install/husarion_ugv_lights/share/husarion_ugv_lights/animations/panther/empty.png
[31.517s] -- Symlinking: /husarion_ws/install/husarion_ugv_lights/share/husarion_ugv_lights/animations/panther/error.png
[31.526s] -- Symlinking: /husarion_ws/install/husarion_ugv_lights/share/husarion_ugv_lights/animations/panther/estop_front.png
[31.535s] -- Symlinking: /husarion_ws/install/husarion_ugv_lights/share/husarion_ugv_lights/animations/panther/estop_rear.png
[31.543s] -- Symlinking: /husarion_ws/install/husarion_ugv_lights/share/husarion_ugv_lights/animations/panther/goal_achieved_front.png
[31.553s] -- Symlinking: /husarion_ws/install/husarion_ugv_lights/share/husarion_ugv_lights/animations/panther/goal_achieved_rear.png
[31.562s] -- Symlinking: /husarion_ws/install/husarion_ugv_lights/share/husarion_ugv_lights/animations/panther/low_battery.png
[31.572s] -- Symlinking: /husarion_ws/install/husarion_ugv_lights/share/husarion_ugv_lights/animations/panther/manual_action_front.png
[31.580s] -- Symlinking: /husarion_ws/install/husarion_ugv_lights/share/husarion_ugv_lights/animations/panther/manual_action_rear.png
[31.589s] -- Symlinking: /husarion_ws/install/husarion_ugv_lights/share/husarion_ugv_lights/animations/panther/panther_animations.svg
[31.598s] -- Symlinking: /husarion_ws/install/husarion_ugv_lights/share/husarion_ugv_lights/animations/panther/ready_front.png
[31.612s] -- Symlinking: /husarion_ws/install/husarion_ugv_lights/share/husarion_ugv_lights/animations/panther/ready_rear.png
[31.621s] -- Symlinking: /husarion_ws/install/husarion_ugv_lights/share/husarion_ugv_lights/config/lynx_animations.yaml
[31.630s] -- Symlinking: /husarion_ws/install/husarion_ugv_lights/share/husarion_ugv_lights/config/lynx_driver.yaml
[31.639s] -- Symlinking: /husarion_ws/install/husarion_ugv_lights/share/husarion_ugv_lights/config/panther_animations.yaml
[31.653s] -- Symlinking: /husarion_ws/install/husarion_ugv_lights/share/husarion_ugv_lights/config/panther_driver.yaml
[31.662s] -- Symlinking: /husarion_ws/install/husarion_ugv_lights/share/husarion_ugv_lights/config/user_animations.yaml
[31.672s] -- Symlinking: /husarion_ws/install/husarion_ugv_lights/share/husarion_ugv_lights/launch/lights.launch.py
[31.685s] -- Symlinking: /husarion_ws/install/husarion_ugv_lights/share/husarion_ugv_lights/test/files/animation.png
[31.698s] -- Symlinking: /husarion_ws/install/husarion_ugv_lights/share/husarion_ugv_lights/test/integration/husarion_ugv_lights.test.py
[31.708s] -- Symlinking: /husarion_ws/install/husarion_ugv_lights/share/husarion_ugv_lights/test/unit/animation/test_animation.cpp
[31.718s] -- Symlinking: /husarion_ws/install/husarion_ugv_lights/share/husarion_ugv_lights/test/unit/animation/test_image_animation.cpp
[31.729s] -- Symlinking: /husarion_ws/install/husarion_ugv_lights/share/husarion_ugv_lights/test/unit/animation/test_moving_image_animation.cpp
[31.739s] -- Symlinking: /husarion_ws/install/husarion_ugv_lights/share/husarion_ugv_lights/test/unit/led_components/test_led_animation.cpp
[31.751s] -- Symlinking: /husarion_ws/install/husarion_ugv_lights/share/husarion_ugv_lights/test/unit/led_components/test_led_panel.cpp
[31.760s] -- Symlinking: /husarion_ws/install/husarion_ugv_lights/share/husarion_ugv_lights/test/unit/led_components/test_led_segment.cpp
[31.771s] -- Symlinking: /husarion_ws/install/husarion_ugv_lights/share/husarion_ugv_lights/test/unit/led_components/test_segment_converter.cpp
[31.780s] -- Symlinking: /husarion_ws/install/husarion_ugv_lights/share/husarion_ugv_lights/test/unit/led_components/test_segment_layer_interface.cpp
[31.790s] -- Symlinking: /husarion_ws/install/husarion_ugv_lights/share/husarion_ugv_lights/test/unit/test_apa102.cpp
[31.800s] -- Symlinking: /husarion_ws/install/husarion_ugv_lights/share/husarion_ugv_lights/test/unit/test_lights_controller_node.cpp
[31.809s] -- Symlinking: /husarion_ws/install/husarion_ugv_lights/share/husarion_ugv_lights/test/unit/test_lights_driver_node.cpp
[31.820s] -- Symlinking: /husarion_ws/install/husarion_ugv_lights/include/husarion_ugv_lights/husarion_ugv_lights/animation/animation.hpp
[31.829s] -- Symlinking: /husarion_ws/install/husarion_ugv_lights/include/husarion_ugv_lights/husarion_ugv_lights/animation/image_animation.hpp
[31.841s] -- Symlinking: /husarion_ws/install/husarion_ugv_lights/include/husarion_ugv_lights/husarion_ugv_lights/animation/moving_image_animation.hpp
[31.853s] -- Symlinking: /husarion_ws/install/husarion_ugv_lights/include/husarion_ugv_lights/husarion_ugv_lights/apa102.hpp
[31.862s] -- Symlinking: /husarion_ws/install/husarion_ugv_lights/include/husarion_ugv_lights/husarion_ugv_lights/led_components/led_animation.hpp
[31.873s] -- Symlinking: /husarion_ws/install/husarion_ugv_lights/include/husarion_ugv_lights/husarion_ugv_lights/led_components/led_panel.hpp
[31.884s] -- Symlinking: /husarion_ws/install/husarion_ugv_lights/include/husarion_ugv_lights/husarion_ugv_lights/led_components/led_segment.hpp
[31.893s] -- Symlinking: /husarion_ws/install/husarion_ugv_lights/include/husarion_ugv_lights/husarion_ugv_lights/led_components/segment_converter.hpp
[31.904s] -- Symlinking: /husarion_ws/install/husarion_ugv_lights/include/husarion_ugv_lights/husarion_ugv_lights/led_components/segment_layer.hpp
[31.914s] -- Symlinking: /husarion_ws/install/husarion_ugv_lights/include/husarion_ugv_lights/husarion_ugv_lights/led_components/segment_layer_interface.hpp
[31.923s] -- Symlinking: /husarion_ws/install/husarion_ugv_lights/include/husarion_ugv_lights/husarion_ugv_lights/led_components/segment_queue_layer.hpp
[31.933s] -- Symlinking: /husarion_ws/install/husarion_ugv_lights/include/husarion_ugv_lights/husarion_ugv_lights/lights_controller_node.hpp
[31.942s] -- Symlinking: /husarion_ws/install/husarion_ugv_lights/include/husarion_ugv_lights/husarion_ugv_lights/lights_driver_node.hpp
[31.953s] -- Symlinking: /husarion_ws/install/husarion_ugv_lights/share/husarion_ugv_lights/environment/library_path.sh
[31.962s] -- Symlinking: /husarion_ws/install/husarion_ugv_lights/share/husarion_ugv_lights/environment/library_path.dsv
[31.973s] -- Up-to-date symlink: /husarion_ws/install/husarion_ugv_lights/share/husarion_ugv_lights//plugins.xml
[31.973s] -- Symlinking: /husarion_ws/install/husarion_ugv_lights/share/ament_index/resource_index/package_run_dependencies/husarion_ugv_lights
[31.985s] -- Symlinking: /husarion_ws/install/husarion_ugv_lights/share/ament_index/resource_index/parent_prefix_path/husarion_ugv_lights
[31.994s] -- Symlinking: /husarion_ws/install/husarion_ugv_lights/share/husarion_ugv_lights/environment/ament_prefix_path.sh
[32.006s] -- Symlinking: /husarion_ws/install/husarion_ugv_lights/share/husarion_ugv_lights/environment/ament_prefix_path.dsv
[32.016s] -- Symlinking: /husarion_ws/install/husarion_ugv_lights/share/husarion_ugv_lights/environment/path.sh
[32.026s] -- Symlinking: /husarion_ws/install/husarion_ugv_lights/share/husarion_ugv_lights/environment/path.dsv
[32.038s] -- Symlinking: /husarion_ws/install/husarion_ugv_lights/share/husarion_ugv_lights/local_setup.bash
[32.048s] -- Symlinking: /husarion_ws/install/husarion_ugv_lights/share/husarion_ugv_lights/local_setup.sh
[32.058s] -- Symlinking: /husarion_ws/install/husarion_ugv_lights/share/husarion_ugv_lights/local_setup.zsh
[32.069s] -- Symlinking: /husarion_ws/install/husarion_ugv_lights/share/husarion_ugv_lights/local_setup.dsv
[32.078s] -- Symlinking: /husarion_ws/install/husarion_ugv_lights/share/husarion_ugv_lights/package.dsv
[32.089s] -- Symlinking: /husarion_ws/install/husarion_ugv_lights/share/ament_index/resource_index/packages/husarion_ugv_lights
[32.098s] -- Symlinking: /husarion_ws/install/husarion_ugv_lights/share/ament_index/resource_index/husarion_ugv_lights__pluginlib__plugin/husarion_ugv_lights
[32.106s] -- Symlinking: /husarion_ws/install/husarion_ugv_lights/share/ament_index/resource_index/rclcpp_components/husarion_ugv_lights
[32.115s] -- Symlinking: /husarion_ws/install/husarion_ugv_lights/share/husarion_ugv_lights/cmake/ament_cmake_export_dependencies-extras.cmake
[32.124s] -- Symlinking: /husarion_ws/install/husarion_ugv_lights/share/husarion_ugv_lights/cmake/ament_cmake_export_include_directories-extras.cmake
[32.134s] -- Symlinking: /husarion_ws/install/husarion_ugv_lights/share/husarion_ugv_lights/cmake/ament_cmake_export_targets-extras.cmake
[32.144s] -- Symlinking: /husarion_ws/install/husarion_ugv_lights/share/husarion_ugv_lights/cmake/husarion_ugv_lightsConfig.cmake
[32.152s] -- Symlinking: /husarion_ws/install/husarion_ugv_lights/share/husarion_ugv_lights/cmake/husarion_ugv_lightsConfig-version.cmake
[32.161s] -- Symlinking: /husarion_ws/install/husarion_ugv_lights/share/husarion_ugv_lights/package.xml
[32.169s] -- Installing: /husarion_ws/install/husarion_ugv_lights/lib/libanimation_plugins.so
[32.170s] -- Set non-toolchain portion of runtime path of "/husarion_ws/install/husarion_ugv_lights/lib/libanimation_plugins.so" to ""
[32.170s] -- Installing: /husarion_ws/install/husarion_ugv_lights/lib/liblights_driver_node_component.so
[32.171s] -- Set non-toolchain portion of runtime path of "/husarion_ws/install/husarion_ugv_lights/lib/liblights_driver_node_component.so" to ""
[32.172s] -- Installing: /husarion_ws/install/husarion_ugv_lights/lib/liblights_controller_node_component.so
[32.173s] -- Set non-toolchain portion of runtime path of "/husarion_ws/install/husarion_ugv_lights/lib/liblights_controller_node_component.so" to ""
[32.173s] -- Installing: /husarion_ws/install/husarion_ugv_lights/share/husarion_ugv_lights/cmake/export_husarion_ugv_lightsExport.cmake
[32.173s] -- Installing: /husarion_ws/install/husarion_ugv_lights/share/husarion_ugv_lights/cmake/export_husarion_ugv_lightsExport-release.cmake
[32.175s] Invoked command in '/husarion_ws/build/husarion_ugv_lights' returned '0': AMENT_PREFIX_PATH=/husarion_ws/install/husarion_ugv_utils:/husarion_ws/install/husarion_ugv_msgs:${AMENT_PREFIX_PATH} CMAKE_PREFIX_PATH=/husarion_ws/install/husarion_ugv_utils:/husarion_ws/install/husarion_ugv_msgs:/opt/ros/jazzy/opt/gz_sim_vendor:/opt/ros/jazzy/opt/gz_sensors_vendor:/opt/ros/jazzy/opt/gz_physics_vendor:/opt/ros/jazzy/opt/sdformat_vendor:/opt/ros/jazzy/opt/gz_gui_vendor:/opt/ros/jazzy/opt/gz_transport_vendor:/opt/ros/jazzy/opt/gz_rendering_vendor:/opt/ros/jazzy/opt/gz_plugin_vendor:/opt/ros/jazzy/opt/gz_fuel_tools_vendor:/opt/ros/jazzy/opt/gz_msgs_vendor:/opt/ros/jazzy/opt/gz_common_vendor:/opt/ros/jazzy/opt/gz_math_vendor:/opt/ros/jazzy/opt/gz_utils_vendor:/opt/ros/jazzy/opt/gz_tools_vendor:/opt/ros/jazzy/opt/gz_ogre_next_vendor:/opt/ros/jazzy/opt/gz_dartsim_vendor:/opt/ros/jazzy/opt/gz_cmake_vendor:/opt/ros/jazzy LD_LIBRARY_PATH=/husarion_ws/install/husarion_ugv_msgs/lib:${LD_LIBRARY_PATH} PYTHONPATH=/husarion_ws/install/husarion_ugv_utils/lib/python3.12/site-packages:/husarion_ws/install/husarion_ugv_msgs/lib/python3.12/site-packages:${PYTHONPATH} /usr/bin/cmake --install /husarion_ws/build/husarion_ugv_lights
