[0.012s] Invoking command in '/husarion_ws/build/husarion_ugv_manager': AMENT_PREFIX_PATH=/husarion_ws/install/behaviortree_ros2:/husarion_ws/install/husarion_ugv_utils:/husarion_ws/install/husarion_ugv_msgs:/husarion_ws/install/btcpp_ros2_interfaces:${AMENT_PREFIX_PATH} CMAKE_PREFIX_PATH=/husarion_ws/install/behaviortree_ros2:/husarion_ws/install/husarion_ugv_utils:/husarion_ws/install/husarion_ugv_msgs:/husarion_ws/install/btcpp_ros2_interfaces:/opt/ros/jazzy/opt/gz_sim_vendor:/opt/ros/jazzy/opt/gz_sensors_vendor:/opt/ros/jazzy/opt/gz_physics_vendor:/opt/ros/jazzy/opt/sdformat_vendor:/opt/ros/jazzy/opt/gz_gui_vendor:/opt/ros/jazzy/opt/gz_transport_vendor:/opt/ros/jazzy/opt/gz_rendering_vendor:/opt/ros/jazzy/opt/gz_plugin_vendor:/opt/ros/jazzy/opt/gz_fuel_tools_vendor:/opt/ros/jazzy/opt/gz_msgs_vendor:/opt/ros/jazzy/opt/gz_common_vendor:/opt/ros/jazzy/opt/gz_math_vendor:/opt/ros/jazzy/opt/gz_utils_vendor:/opt/ros/jazzy/opt/gz_tools_vendor:/opt/ros/jazzy/opt/gz_ogre_next_vendor:/opt/ros/jazzy/opt/gz_dartsim_vendor:/opt/ros/jazzy/opt/gz_cmake_vendor:/opt/ros/jazzy LD_LIBRARY_PATH=/husarion_ws/install/behaviortree_ros2/lib:/husarion_ws/install/husarion_ugv_msgs/lib:/husarion_ws/install/btcpp_ros2_interfaces/lib:${LD_LIBRARY_PATH} PYTHONPATH=/husarion_ws/install/husarion_ugv_utils/lib/python3.12/site-packages:/husarion_ws/install/husarion_ugv_msgs/lib/python3.12/site-packages:/husarion_ws/install/btcpp_ros2_interfaces/lib/python3.12/site-packages:${PYTHONPATH} /usr/bin/cmake /husarion_ws/src/husarion_ugv_ros/husarion_ugv_manager -DCMAKE_BUILD_TYPE=Release -DBUILD_TESTING=OFF -DAMENT_CMAKE_SYMLINK_INSTALL=1 -DCMAKE_INSTALL_PREFIX=/husarion_ws/install/husarion_ugv_manager
[0.069s] -- The C compiler identification is GNU 13.3.0
[0.118s] -- The CXX compiler identification is GNU 13.3.0
[0.132s] -- Detecting C compiler ABI info
[0.211s] -- Detecting C compiler ABI info - done
[0.223s] -- Check for working C compiler: /usr/bin/cc - skipped
[0.223s] -- Detecting C compile features
[0.223s] -- Detecting C compile features - done
[0.233s] -- Detecting CXX compiler ABI info
[0.320s] -- Detecting CXX compiler ABI info - done
[0.330s] -- Check for working CXX compiler: /usr/bin/c++ - skipped
[0.330s] -- Detecting CXX compile features
[0.331s] -- Detecting CXX compile features - done
[0.336s] -- Found ament_cmake: 2.5.4 (/opt/ros/jazzy/share/ament_cmake/cmake)
[0.534s] -- Found Python3: /usr/bin/python3 (found version "3.12.3") found components: Interpreter 
[0.643s] -- Override CMake install command with custom implementation using symlinks instead of copying resources
[0.722s] -- Found ament_index_cpp: 1.8.1 (/opt/ros/jazzy/share/ament_index_cpp/cmake)
[0.728s] -- Found behaviortree_cpp: 4.7.1 (/opt/ros/jazzy/share/behaviortree_cpp/cmake)
[0.733s] -- Found behaviortree_ros2: 0.2.0 (/husarion_ws/install/behaviortree_ros2/share/behaviortree_ros2/cmake)
[0.828s] -- Found rosidl_generator_c: 4.6.5 (/opt/ros/jazzy/share/rosidl_generator_c/cmake)
[0.845s] -- Found rosidl_generator_cpp: 4.6.5 (/opt/ros/jazzy/share/rosidl_generator_cpp/cmake)
[0.863s] -- Using all available rosidl_typesupport_c: rosidl_typesupport_fastrtps_c;rosidl_typesupport_introspection_c
[0.884s] -- Using all available rosidl_typesupport_cpp: rosidl_typesupport_fastrtps_cpp;rosidl_typesupport_introspection_cpp
[0.965s] -- Found rmw_implementation_cmake: 7.3.2 (/opt/ros/jazzy/share/rmw_implementation_cmake/cmake)
[0.969s] -- Found rmw_fastrtps_cpp: 8.4.2 (/opt/ros/jazzy/share/rmw_fastrtps_cpp/cmake)
[1.055s] -- Found OpenSSL: /usr/lib/x86_64-linux-gnu/libcrypto.so (found version "3.0.13")  
[1.082s] -- Found FastRTPS: /opt/ros/jazzy/include (Required is at least version "2.13") 
[1.111s] -- Using RMW implementation 'rmw_fastrtps_cpp' as default
[1.340s] -- Found geometry_msgs: 5.3.6 (/opt/ros/jazzy/share/geometry_msgs/cmake)
[1.369s] -- Found husarion_ugv_msgs: 2.3.0 (/husarion_ws/install/husarion_ugv_msgs/share/husarion_ugv_msgs/cmake)
[1.384s] -- Found husarion_ugv_utils: 2.3.0 (/husarion_ws/install/husarion_ugv_utils/share/husarion_ugv_utils/cmake)
[1.519s] -- Found sensor_msgs: 5.3.6 (/opt/ros/jazzy/share/sensor_msgs/cmake)
[1.553s] -- Found std_srvs: 5.3.6 (/opt/ros/jazzy/share/std_srvs/cmake)
[1.569s] -- Found tf2_geometry_msgs: 0.36.11 (/opt/ros/jazzy/share/tf2_geometry_msgs/cmake)
[1.583s] -- Found eigen3_cmake_module: 0.3.0 (/opt/ros/jazzy/share/eigen3_cmake_module/cmake)
[1.584s] -- Found Eigen3: TRUE (found version "3.4.0") 
[1.584s] -- Ensuring Eigen3 include directory is part of orocos-kdl CMake target
[1.830s] -- Configuring done (1.8s)
[1.993s] -- Generating done (0.1s)
[2.015s] -- Build files have been written to: /husarion_ws/build/husarion_ugv_manager
[2.027s] Invoked command in '/husarion_ws/build/husarion_ugv_manager' returned '0': AMENT_PREFIX_PATH=/husarion_ws/install/behaviortree_ros2:/husarion_ws/install/husarion_ugv_utils:/husarion_ws/install/husarion_ugv_msgs:/husarion_ws/install/btcpp_ros2_interfaces:${AMENT_PREFIX_PATH} CMAKE_PREFIX_PATH=/husarion_ws/install/behaviortree_ros2:/husarion_ws/install/husarion_ugv_utils:/husarion_ws/install/husarion_ugv_msgs:/husarion_ws/install/btcpp_ros2_interfaces:/opt/ros/jazzy/opt/gz_sim_vendor:/opt/ros/jazzy/opt/gz_sensors_vendor:/opt/ros/jazzy/opt/gz_physics_vendor:/opt/ros/jazzy/opt/sdformat_vendor:/opt/ros/jazzy/opt/gz_gui_vendor:/opt/ros/jazzy/opt/gz_transport_vendor:/opt/ros/jazzy/opt/gz_rendering_vendor:/opt/ros/jazzy/opt/gz_plugin_vendor:/opt/ros/jazzy/opt/gz_fuel_tools_vendor:/opt/ros/jazzy/opt/gz_msgs_vendor:/opt/ros/jazzy/opt/gz_common_vendor:/opt/ros/jazzy/opt/gz_math_vendor:/opt/ros/jazzy/opt/gz_utils_vendor:/opt/ros/jazzy/opt/gz_tools_vendor:/opt/ros/jazzy/opt/gz_ogre_next_vendor:/opt/ros/jazzy/opt/gz_dartsim_vendor:/opt/ros/jazzy/opt/gz_cmake_vendor:/opt/ros/jazzy LD_LIBRARY_PATH=/husarion_ws/install/behaviortree_ros2/lib:/husarion_ws/install/husarion_ugv_msgs/lib:/husarion_ws/install/btcpp_ros2_interfaces/lib:${LD_LIBRARY_PATH} PYTHONPATH=/husarion_ws/install/husarion_ugv_utils/lib/python3.12/site-packages:/husarion_ws/install/husarion_ugv_msgs/lib/python3.12/site-packages:/husarion_ws/install/btcpp_ros2_interfaces/lib/python3.12/site-packages:${PYTHONPATH} /usr/bin/cmake /husarion_ws/src/husarion_ugv_ros/husarion_ugv_manager -DCMAKE_BUILD_TYPE=Release -DBUILD_TESTING=OFF -DAMENT_CMAKE_SYMLINK_INSTALL=1 -DCMAKE_INSTALL_PREFIX=/husarion_ws/install/husarion_ugv_manager
[2.029s] Invoking command in '/husarion_ws/build/husarion_ugv_manager': AMENT_PREFIX_PATH=/husarion_ws/install/behaviortree_ros2:/husarion_ws/install/husarion_ugv_utils:/husarion_ws/install/husarion_ugv_msgs:/husarion_ws/install/btcpp_ros2_interfaces:${AMENT_PREFIX_PATH} CMAKE_PREFIX_PATH=/husarion_ws/install/behaviortree_ros2:/husarion_ws/install/husarion_ugv_utils:/husarion_ws/install/husarion_ugv_msgs:/husarion_ws/install/btcpp_ros2_interfaces:/opt/ros/jazzy/opt/gz_sim_vendor:/opt/ros/jazzy/opt/gz_sensors_vendor:/opt/ros/jazzy/opt/gz_physics_vendor:/opt/ros/jazzy/opt/sdformat_vendor:/opt/ros/jazzy/opt/gz_gui_vendor:/opt/ros/jazzy/opt/gz_transport_vendor:/opt/ros/jazzy/opt/gz_rendering_vendor:/opt/ros/jazzy/opt/gz_plugin_vendor:/opt/ros/jazzy/opt/gz_fuel_tools_vendor:/opt/ros/jazzy/opt/gz_msgs_vendor:/opt/ros/jazzy/opt/gz_common_vendor:/opt/ros/jazzy/opt/gz_math_vendor:/opt/ros/jazzy/opt/gz_utils_vendor:/opt/ros/jazzy/opt/gz_tools_vendor:/opt/ros/jazzy/opt/gz_ogre_next_vendor:/opt/ros/jazzy/opt/gz_dartsim_vendor:/opt/ros/jazzy/opt/gz_cmake_vendor:/opt/ros/jazzy LD_LIBRARY_PATH=/husarion_ws/install/behaviortree_ros2/lib:/husarion_ws/install/husarion_ugv_msgs/lib:/husarion_ws/install/btcpp_ros2_interfaces/lib:${LD_LIBRARY_PATH} PYTHONPATH=/husarion_ws/install/husarion_ugv_utils/lib/python3.12/site-packages:/husarion_ws/install/husarion_ugv_msgs/lib/python3.12/site-packages:/husarion_ws/install/btcpp_ros2_interfaces/lib/python3.12/site-packages:${PYTHONPATH} /usr/bin/cmake --build /husarion_ws/build/husarion_ugv_manager -- -j12 -l12
[2.095s] [  3%] Building CXX object CMakeFiles/call_set_bool_service_bt_node.dir/src/plugins/action/call_set_bool_service_node.cpp.o
[2.095s] [  7%] Building CXX object CMakeFiles/call_trigger_service_bt_node.dir/src/plugins/action/call_trigger_service_node.cpp.o
[2.097s] [ 10%] Building CXX object CMakeFiles/shutdown_hosts_from_file_bt_node.dir/src/plugins/action/shutdown_hosts_from_file_node.cpp.o
[2.105s] [ 17%] Building CXX object CMakeFiles/call_set_led_animation_service_bt_node.dir/src/plugins/action/call_set_led_animation_service_node.cpp.o
[2.105s] [ 17%] Building CXX object CMakeFiles/signal_shutdown_bt_node.dir/src/plugins/action/signal_shutdown_node.cpp.o
[2.113s] [ 21%] Building CXX object CMakeFiles/tick_after_timeout_bt_node.dir/src/plugins/decorator/tick_after_timeout_node.cpp.o
[2.123s] [ 25%] Building CXX object CMakeFiles/check_joy_msg_bt_node.dir/src/plugins/condition/check_joy_msg.cpp.o
[2.123s] [ 28%] Building CXX object CMakeFiles/check_bool_msg_bt_node.dir/src/plugins/condition/check_bool_msg.cpp.o
[2.123s] [ 32%] Building CXX object CMakeFiles/execute_command_bt_node.dir/src/plugins/action/execute_command_node.cpp.o
[2.127s] [ 35%] Running `/opt/ros/jazzy/bin/generate_parameter_library_cpp /husarion_ws/build/husarion_ugv_manager/include/husarion_ugv_manager/safety_manager_parameters.hpp /husarion_ws/src/husarion_ugv_ros/husarion_ugv_manager/src/safety_manager_parameters.yaml `
[2.130s] [ 39%] Running `/opt/ros/jazzy/bin/generate_parameter_library_cpp /husarion_ws/build/husarion_ugv_manager/include/husarion_ugv_manager/lights_manager_parameters.hpp /husarion_ws/src/husarion_ugv_ros/husarion_ugv_manager/src/lights_manager_parameters.yaml `
[4.372s] [ 42%] Creating deprecated header file /husarion_ws/build/husarion_ugv_manager/include/safety_manager_parameters.hpp
[4.499s] [ 46%] Creating deprecated header file /husarion_ws/build/husarion_ugv_manager/include/lights_manager_parameters.hpp
[4.515s] [ 46%] Built target safety_manager_parameters
[4.632s] [ 46%] Built target lights_manager_parameters
[7.604s] [ 53%] Linking CXX shared library libtick_after_timeout_bt_node.so
[7.604s] [ 53%] Linking CXX shared library libsignal_shutdown_bt_node.so
[7.806s] [ 53%] Built target signal_shutdown_bt_node
[7.817s] [ 53%] Built target tick_after_timeout_bt_node
[11.158s] [ 57%] Linking CXX shared library libcall_trigger_service_bt_node.so
[11.309s] [ 57%] Built target call_trigger_service_bt_node
[11.577s] [ 60%] Linking CXX shared library libexecute_command_bt_node.so
[11.712s] [ 60%] Built target execute_command_bt_node
[11.973s] [ 64%] Linking CXX shared library libcall_set_bool_service_bt_node.so
[12.104s] [ 64%] Built target call_set_bool_service_bt_node
[12.128s] [ 67%] Linking CXX shared library libshutdown_hosts_from_file_bt_node.so
[12.508s] [ 67%] Built target shutdown_hosts_from_file_bt_node
[12.646s] [ 71%] Linking CXX shared library libcall_set_led_animation_service_bt_node.so
[12.776s] [ 71%] Built target call_set_led_animation_service_bt_node
[16.835s] [ 75%] Linking CXX shared library libcheck_bool_msg_bt_node.so
[16.970s] [ 75%] Built target check_bool_msg_bt_node
[17.578s] [ 78%] Linking CXX shared library libcheck_joy_msg_bt_node.so
[17.723s] [ 78%] Built target check_joy_msg_bt_node
[17.741s] [ 92%] Building CXX object CMakeFiles/lights_manager_node.dir/src/lights_manager_node.cpp.o
[17.741s] [ 92%] Building CXX object CMakeFiles/lights_manager_node.dir/src/lights_manager_node_main.cpp.o
[17.742s] [ 92%] Building CXX object CMakeFiles/safety_manager_node.dir/src/safety_manager_node_main.cpp.o
[17.742s] [ 92%] Building CXX object CMakeFiles/safety_manager_node.dir/src/safety_manager_node.cpp.o
[33.777s] [ 96%] Linking CXX executable lights_manager_node
[33.998s] [ 96%] Built target lights_manager_node
[38.274s] [100%] Linking CXX executable safety_manager_node
[38.502s] [100%] Built target safety_manager_node
[38.511s] Invoked command in '/husarion_ws/build/husarion_ugv_manager' returned '0': AMENT_PREFIX_PATH=/husarion_ws/install/behaviortree_ros2:/husarion_ws/install/husarion_ugv_utils:/husarion_ws/install/husarion_ugv_msgs:/husarion_ws/install/btcpp_ros2_interfaces:${AMENT_PREFIX_PATH} CMAKE_PREFIX_PATH=/husarion_ws/install/behaviortree_ros2:/husarion_ws/install/husarion_ugv_utils:/husarion_ws/install/husarion_ugv_msgs:/husarion_ws/install/btcpp_ros2_interfaces:/opt/ros/jazzy/opt/gz_sim_vendor:/opt/ros/jazzy/opt/gz_sensors_vendor:/opt/ros/jazzy/opt/gz_physics_vendor:/opt/ros/jazzy/opt/sdformat_vendor:/opt/ros/jazzy/opt/gz_gui_vendor:/opt/ros/jazzy/opt/gz_transport_vendor:/opt/ros/jazzy/opt/gz_rendering_vendor:/opt/ros/jazzy/opt/gz_plugin_vendor:/opt/ros/jazzy/opt/gz_fuel_tools_vendor:/opt/ros/jazzy/opt/gz_msgs_vendor:/opt/ros/jazzy/opt/gz_common_vendor:/opt/ros/jazzy/opt/gz_math_vendor:/opt/ros/jazzy/opt/gz_utils_vendor:/opt/ros/jazzy/opt/gz_tools_vendor:/opt/ros/jazzy/opt/gz_ogre_next_vendor:/opt/ros/jazzy/opt/gz_dartsim_vendor:/opt/ros/jazzy/opt/gz_cmake_vendor:/opt/ros/jazzy LD_LIBRARY_PATH=/husarion_ws/install/behaviortree_ros2/lib:/husarion_ws/install/husarion_ugv_msgs/lib:/husarion_ws/install/btcpp_ros2_interfaces/lib:${LD_LIBRARY_PATH} PYTHONPATH=/husarion_ws/install/husarion_ugv_utils/lib/python3.12/site-packages:/husarion_ws/install/husarion_ugv_msgs/lib/python3.12/site-packages:/husarion_ws/install/btcpp_ros2_interfaces/lib/python3.12/site-packages:${PYTHONPATH} /usr/bin/cmake --build /husarion_ws/build/husarion_ugv_manager -- -j12 -l12
[38.511s] Invoking command in '/husarion_ws/build/husarion_ugv_manager': AMENT_PREFIX_PATH=/husarion_ws/install/behaviortree_ros2:/husarion_ws/install/husarion_ugv_utils:/husarion_ws/install/husarion_ugv_msgs:/husarion_ws/install/btcpp_ros2_interfaces:${AMENT_PREFIX_PATH} CMAKE_PREFIX_PATH=/husarion_ws/install/behaviortree_ros2:/husarion_ws/install/husarion_ugv_utils:/husarion_ws/install/husarion_ugv_msgs:/husarion_ws/install/btcpp_ros2_interfaces:/opt/ros/jazzy/opt/gz_sim_vendor:/opt/ros/jazzy/opt/gz_sensors_vendor:/opt/ros/jazzy/opt/gz_physics_vendor:/opt/ros/jazzy/opt/sdformat_vendor:/opt/ros/jazzy/opt/gz_gui_vendor:/opt/ros/jazzy/opt/gz_transport_vendor:/opt/ros/jazzy/opt/gz_rendering_vendor:/opt/ros/jazzy/opt/gz_plugin_vendor:/opt/ros/jazzy/opt/gz_fuel_tools_vendor:/opt/ros/jazzy/opt/gz_msgs_vendor:/opt/ros/jazzy/opt/gz_common_vendor:/opt/ros/jazzy/opt/gz_math_vendor:/opt/ros/jazzy/opt/gz_utils_vendor:/opt/ros/jazzy/opt/gz_tools_vendor:/opt/ros/jazzy/opt/gz_ogre_next_vendor:/opt/ros/jazzy/opt/gz_dartsim_vendor:/opt/ros/jazzy/opt/gz_cmake_vendor:/opt/ros/jazzy LD_LIBRARY_PATH=/husarion_ws/install/behaviortree_ros2/lib:/husarion_ws/install/husarion_ugv_msgs/lib:/husarion_ws/install/btcpp_ros2_interfaces/lib:${LD_LIBRARY_PATH} PYTHONPATH=/husarion_ws/install/husarion_ugv_utils/lib/python3.12/site-packages:/husarion_ws/install/husarion_ugv_msgs/lib/python3.12/site-packages:/husarion_ws/install/btcpp_ros2_interfaces/lib/python3.12/site-packages:${PYTHONPATH} /usr/bin/cmake --install /husarion_ws/build/husarion_ugv_manager
[38.517s] -- Install configuration: "Release"
[38.517s] -- Execute custom install script
[38.518s] -- Symlinking: /husarion_ws/install/husarion_ugv_manager/include/husarion_ugv_manager/lights_manager_parameters.hpp
[38.524s] -- Symlinking: /husarion_ws/install/husarion_ugv_manager/include/husarion_ugv_manager/safety_manager_parameters.hpp
[38.531s] -- Up-to-date symlink: /husarion_ws/install/husarion_ugv_manager/include/husarion_ugv_manager/lights_manager_parameters.hpp
[38.531s] -- Up-to-date symlink: /husarion_ws/install/husarion_ugv_manager/include/husarion_ugv_manager/safety_manager_parameters.hpp
[38.531s] -- Symlinking: /husarion_ws/install/husarion_ugv_manager/lib/libcall_set_bool_service_bt_node.so
[38.537s] -- Symlinking: /husarion_ws/install/husarion_ugv_manager/lib/libcall_trigger_service_bt_node.so
[38.543s] -- Symlinking: /husarion_ws/install/husarion_ugv_manager/lib/libcall_set_led_animation_service_bt_node.so
[38.550s] -- Symlinking: /husarion_ws/install/husarion_ugv_manager/lib/libsignal_shutdown_bt_node.so
[38.556s] -- Symlinking: /husarion_ws/install/husarion_ugv_manager/lib/libshutdown_hosts_from_file_bt_node.so
[38.562s] -- Symlinking: /husarion_ws/install/husarion_ugv_manager/lib/libcheck_bool_msg_bt_node.so
[38.569s] -- Symlinking: /husarion_ws/install/husarion_ugv_manager/lib/libcheck_joy_msg_bt_node.so
[38.575s] -- Symlinking: /husarion_ws/install/husarion_ugv_manager/lib/libtick_after_timeout_bt_node.so
[38.582s] -- Symlinking: /husarion_ws/install/husarion_ugv_manager/lib/libexecute_command_bt_node.so
[38.588s] -- Symlinking: /husarion_ws/install/husarion_ugv_manager/lib/husarion_ugv_manager/safety_manager_node
[38.595s] -- Symlinking: /husarion_ws/install/husarion_ugv_manager/lib/husarion_ugv_manager/lights_manager_node
[38.602s] -- Symlinking: /husarion_ws/install/husarion_ugv_manager/share/husarion_ugv_manager/behavior_trees/LightsBT.btproj
[38.608s] -- Symlinking: /husarion_ws/install/husarion_ugv_manager/share/husarion_ugv_manager/behavior_trees/SafetyBT.btproj
[38.615s] -- Symlinking: /husarion_ws/install/husarion_ugv_manager/share/husarion_ugv_manager/behavior_trees/lights.xml
[38.621s] -- Symlinking: /husarion_ws/install/husarion_ugv_manager/share/husarion_ugv_manager/behavior_trees/safety.xml
[38.628s] -- Symlinking: /husarion_ws/install/husarion_ugv_manager/share/husarion_ugv_manager/behavior_trees/shutdown.xml
[38.637s] -- Symlinking: /husarion_ws/install/husarion_ugv_manager/share/husarion_ugv_manager/config/lights_manager.yaml
[38.644s] -- Symlinking: /husarion_ws/install/husarion_ugv_manager/share/husarion_ugv_manager/config/safety_manager.yaml
[38.651s] -- Symlinking: /husarion_ws/install/husarion_ugv_manager/share/husarion_ugv_manager/config/shutdown_hosts.yaml
[38.657s] -- Symlinking: /husarion_ws/install/husarion_ugv_manager/share/husarion_ugv_manager/launch/manager.launch.py
[38.665s] -- Symlinking: /husarion_ws/install/husarion_ugv_manager/include/husarion_ugv_manager/husarion_ugv_manager/behavior_tree_manager.hpp
[38.671s] -- Symlinking: /husarion_ws/install/husarion_ugv_manager/include/husarion_ugv_manager/husarion_ugv_manager/behavior_tree_utils.hpp
[38.679s] -- Symlinking: /husarion_ws/install/husarion_ugv_manager/include/husarion_ugv_manager/husarion_ugv_manager/lights_manager_node.hpp
[38.689s] -- Symlinking: /husarion_ws/install/husarion_ugv_manager/include/husarion_ugv_manager/husarion_ugv_manager/plugins/action/call_set_bool_service_node.hpp
[38.696s] -- Symlinking: /husarion_ws/install/husarion_ugv_manager/include/husarion_ugv_manager/husarion_ugv_manager/plugins/action/call_set_led_animation_service_node.hpp
[38.705s] -- Symlinking: /husarion_ws/install/husarion_ugv_manager/include/husarion_ugv_manager/husarion_ugv_manager/plugins/action/call_trigger_service_node.hpp
[38.712s] -- Symlinking: /husarion_ws/install/husarion_ugv_manager/include/husarion_ugv_manager/husarion_ugv_manager/plugins/action/execute_command_node.hpp
[38.721s] -- Symlinking: /husarion_ws/install/husarion_ugv_manager/include/husarion_ugv_manager/husarion_ugv_manager/plugins/action/shutdown_hosts_from_file_node.hpp
[38.727s] -- Symlinking: /husarion_ws/install/husarion_ugv_manager/include/husarion_ugv_manager/husarion_ugv_manager/plugins/action/signal_shutdown_node.hpp
[38.733s] -- Symlinking: /husarion_ws/install/husarion_ugv_manager/include/husarion_ugv_manager/husarion_ugv_manager/plugins/command_handler.hpp
[38.739s] -- Symlinking: /husarion_ws/install/husarion_ugv_manager/include/husarion_ugv_manager/husarion_ugv_manager/plugins/condition/check_bool_msg.hpp
[38.745s] -- Symlinking: /husarion_ws/install/husarion_ugv_manager/include/husarion_ugv_manager/husarion_ugv_manager/plugins/condition/check_joy_msg.hpp
[38.752s] -- Symlinking: /husarion_ws/install/husarion_ugv_manager/include/husarion_ugv_manager/husarion_ugv_manager/plugins/decorator/tick_after_timeout_node.hpp
[38.758s] -- Symlinking: /husarion_ws/install/husarion_ugv_manager/include/husarion_ugv_manager/husarion_ugv_manager/plugins/shutdown_host.hpp
[38.764s] -- Symlinking: /husarion_ws/install/husarion_ugv_manager/include/husarion_ugv_manager/husarion_ugv_manager/plugins/shutdown_hosts_node.hpp
[38.770s] -- Symlinking: /husarion_ws/install/husarion_ugv_manager/include/husarion_ugv_manager/husarion_ugv_manager/safety_manager_node.hpp
[38.784s] -- Symlinking: /husarion_ws/install/husarion_ugv_manager/include/husarion_ugv_manager/husarion_ugv_manager/test/utils/behavior_tree_test_utils.hpp
[38.797s] -- Symlinking: /husarion_ws/install/husarion_ugv_manager/include/husarion_ugv_manager/husarion_ugv_manager/test/utils/plugin_test_utils.hpp
[38.807s] -- Symlinking: /husarion_ws/install/husarion_ugv_manager/share/ament_index/resource_index/package_run_dependencies/husarion_ugv_manager
[38.815s] -- Symlinking: /husarion_ws/install/husarion_ugv_manager/share/ament_index/resource_index/parent_prefix_path/husarion_ugv_manager
[38.821s] -- Symlinking: /husarion_ws/install/husarion_ugv_manager/share/husarion_ugv_manager/environment/ament_prefix_path.sh
[38.829s] -- Symlinking: /husarion_ws/install/husarion_ugv_manager/share/husarion_ugv_manager/environment/ament_prefix_path.dsv
[38.835s] -- Symlinking: /husarion_ws/install/husarion_ugv_manager/share/husarion_ugv_manager/environment/path.sh
[38.841s] -- Symlinking: /husarion_ws/install/husarion_ugv_manager/share/husarion_ugv_manager/environment/path.dsv
[38.847s] -- Symlinking: /husarion_ws/install/husarion_ugv_manager/share/husarion_ugv_manager/local_setup.bash
[38.854s] -- Symlinking: /husarion_ws/install/husarion_ugv_manager/share/husarion_ugv_manager/local_setup.sh
[38.860s] -- Symlinking: /husarion_ws/install/husarion_ugv_manager/share/husarion_ugv_manager/local_setup.zsh
[38.869s] -- Symlinking: /husarion_ws/install/husarion_ugv_manager/share/husarion_ugv_manager/local_setup.dsv
[38.879s] -- Symlinking: /husarion_ws/install/husarion_ugv_manager/share/husarion_ugv_manager/package.dsv
[38.886s] -- Symlinking: /husarion_ws/install/husarion_ugv_manager/share/ament_index/resource_index/packages/husarion_ugv_manager
[38.893s] -- Symlinking: /husarion_ws/install/husarion_ugv_manager/share/husarion_ugv_manager/cmake/ament_cmake_export_dependencies-extras.cmake
[38.900s] -- Symlinking: /husarion_ws/install/husarion_ugv_manager/share/husarion_ugv_manager/cmake/ament_cmake_export_include_directories-extras.cmake
[38.906s] -- Symlinking: /husarion_ws/install/husarion_ugv_manager/share/husarion_ugv_manager/cmake/husarion_ugv_managerConfig.cmake
[38.913s] -- Symlinking: /husarion_ws/install/husarion_ugv_manager/share/husarion_ugv_manager/cmake/husarion_ugv_managerConfig-version.cmake
[38.919s] -- Symlinking: /husarion_ws/install/husarion_ugv_manager/share/husarion_ugv_manager/package.xml
[38.926s] Invoked command in '/husarion_ws/build/husarion_ugv_manager' returned '0': AMENT_PREFIX_PATH=/husarion_ws/install/behaviortree_ros2:/husarion_ws/install/husarion_ugv_utils:/husarion_ws/install/husarion_ugv_msgs:/husarion_ws/install/btcpp_ros2_interfaces:${AMENT_PREFIX_PATH} CMAKE_PREFIX_PATH=/husarion_ws/install/behaviortree_ros2:/husarion_ws/install/husarion_ugv_utils:/husarion_ws/install/husarion_ugv_msgs:/husarion_ws/install/btcpp_ros2_interfaces:/opt/ros/jazzy/opt/gz_sim_vendor:/opt/ros/jazzy/opt/gz_sensors_vendor:/opt/ros/jazzy/opt/gz_physics_vendor:/opt/ros/jazzy/opt/sdformat_vendor:/opt/ros/jazzy/opt/gz_gui_vendor:/opt/ros/jazzy/opt/gz_transport_vendor:/opt/ros/jazzy/opt/gz_rendering_vendor:/opt/ros/jazzy/opt/gz_plugin_vendor:/opt/ros/jazzy/opt/gz_fuel_tools_vendor:/opt/ros/jazzy/opt/gz_msgs_vendor:/opt/ros/jazzy/opt/gz_common_vendor:/opt/ros/jazzy/opt/gz_math_vendor:/opt/ros/jazzy/opt/gz_utils_vendor:/opt/ros/jazzy/opt/gz_tools_vendor:/opt/ros/jazzy/opt/gz_ogre_next_vendor:/opt/ros/jazzy/opt/gz_dartsim_vendor:/opt/ros/jazzy/opt/gz_cmake_vendor:/opt/ros/jazzy LD_LIBRARY_PATH=/husarion_ws/install/behaviortree_ros2/lib:/husarion_ws/install/husarion_ugv_msgs/lib:/husarion_ws/install/btcpp_ros2_interfaces/lib:${LD_LIBRARY_PATH} PYTHONPATH=/husarion_ws/install/husarion_ugv_utils/lib/python3.12/site-packages:/husarion_ws/install/husarion_ugv_msgs/lib/python3.12/site-packages:/husarion_ws/install/btcpp_ros2_interfaces/lib/python3.12/site-packages:${PYTHONPATH} /usr/bin/cmake --install /husarion_ws/build/husarion_ugv_manager
