This file contains any messages produced by compilers while
running configure, to aid debugging if configure makes a mistake.

It was created by Lely core libraries configure 2.3.3, which was
generated by GNU Autoconf 2.71.  Invocation command line was

  $ /husarion_ws/build/husarion_ugv_hardware_interfaces/ep_liblely/upstream/configure --prefix=/husarion_ws/install/husarion_ugv_hardware_interfaces --disable-python --disable-tests --disable-static

## --------- ##
## Platform. ##
## --------- ##

hostname = mydevice
uname -m = x86_64
uname -r = 6.11.0-26-generic
uname -s = Linux
uname -v = #26~24.04.1-Ubuntu SMP PREEMPT_DYNAMIC Thu Apr 17 19:20:47 UTC 2

/usr/bin/uname -p = x86_64
/bin/uname -X     = unknown

/bin/arch              = x86_64
/usr/bin/arch -k       = unknown
/usr/convex/getsysinfo = unknown
/usr/bin/hostinfo      = unknown
/bin/machine           = unknown
/usr/bin/oslevel       = unknown
/bin/universe          = unknown

PATH: /opt/ros/jazzy/opt/gz_msgs_vendor/bin/
PATH: /opt/ros/jazzy/opt/gz_tools_vendor/bin/
PATH: /opt/ros/jazzy/opt/gz_ogre_next_vendor/bin/
PATH: /opt/ros/jazzy/bin/
PATH: /usr/local/sbin/
PATH: /usr/local/bin/
PATH: /usr/sbin/
PATH: /usr/bin/
PATH: /sbin/
PATH: /bin/


## ----------- ##
## Core tests. ##
## ----------- ##

configure:3066: looking for aux files: tap-driver.sh ltmain.sh compile missing install-sh config.guess config.sub
configure:3079:  trying /husarion_ws/build/husarion_ugv_hardware_interfaces/ep_liblely/upstream/
configure:3108:   /husarion_ws/build/husarion_ugv_hardware_interfaces/ep_liblely/upstream/tap-driver.sh found
configure:3108:   /husarion_ws/build/husarion_ugv_hardware_interfaces/ep_liblely/upstream/ltmain.sh found
configure:3108:   /husarion_ws/build/husarion_ugv_hardware_interfaces/ep_liblely/upstream/compile found
configure:3108:   /husarion_ws/build/husarion_ugv_hardware_interfaces/ep_liblely/upstream/missing found
configure:3090:   /husarion_ws/build/husarion_ugv_hardware_interfaces/ep_liblely/upstream/install-sh found
configure:3108:   /husarion_ws/build/husarion_ugv_hardware_interfaces/ep_liblely/upstream/config.guess found
configure:3108:   /husarion_ws/build/husarion_ugv_hardware_interfaces/ep_liblely/upstream/config.sub found
configure:3227: checking build system type
configure:3242: result: x86_64-pc-linux-gnu
configure:3262: checking host system type
configure:3276: result: x86_64-pc-linux-gnu
configure:3296: checking target system type
configure:3310: result: x86_64-pc-linux-gnu
configure:3353: checking for a BSD-compatible install
configure:3426: result: /usr/bin/install -c
configure:3437: checking whether build environment is sane
configure:3492: result: yes
configure:3651: checking for a race-free mkdir -p
configure:3695: result: /usr/bin/mkdir -p
configure:3702: checking for gawk
configure:3737: result: no
configure:3702: checking for mawk
configure:3723: found /usr/bin/mawk
configure:3734: result: mawk
configure:3745: checking whether make sets $(MAKE)
configure:3768: result: yes
configure:3798: checking whether make supports nested variables
configure:3816: result: yes
configure:3954: checking whether to enable maintainer-specific portions of Makefiles
configure:3964: result: yes
configure:3989: checking whether make supports nested variables
configure:4007: result: yes
configure:4019: checking for a sed that does not truncate output
configure:4089: result: /usr/bin/sed
configure:4108: checking whether to build with code coverage support
configure:4129: result: no
configure:4510: checking for valgrind
configure:4545: result: no
configure:4959: checking whether make supports the include directive
configure:4974: make -f confmf.GNU && cat confinc.out
make[3]: Entering directory '/husarion_ws/build/husarion_ugv_hardware_interfaces/ep_liblely/src/ep_liblely-build'
make[3]: Leaving directory '/husarion_ws/build/husarion_ugv_hardware_interfaces/ep_liblely/src/ep_liblely-build'
this is the am__doit target
configure:4977: $? = 0
configure:4996: result: yes (GNU style)
configure:5072: checking for gcc
configure:5093: found /usr/bin/gcc
configure:5104: result: gcc
configure:5457: checking for C compiler version
configure:5466: gcc --version >&5
gcc (Ubuntu 13.3.0-6ubuntu2~24.04) 13.3.0
Copyright (C) 2023 Free Software Foundation, Inc.
This is free software; see the source for copying conditions.  There is NO
warranty; not even for MERCHANTABILITY or FITNESS FOR A PARTICULAR PURPOSE.

configure:5477: $? = 0
configure:5466: gcc -v >&5
Using built-in specs.
COLLECT_GCC=gcc
COLLECT_LTO_WRAPPER=/usr/libexec/gcc/x86_64-linux-gnu/13/lto-wrapper
OFFLOAD_TARGET_NAMES=nvptx-none:amdgcn-amdhsa
OFFLOAD_TARGET_DEFAULT=1
Target: x86_64-linux-gnu
Configured with: ../src/configure -v --with-pkgversion='Ubuntu 13.3.0-6ubuntu2~24.04' --with-bugurl=file:///usr/share/doc/gcc-13/README.Bugs --enable-languages=c,ada,c++,go,d,fortran,objc,obj-c++,m2 --prefix=/usr --with-gcc-major-version-only --program-suffix=-13 --program-prefix=x86_64-linux-gnu- --enable-shared --enable-linker-build-id --libexecdir=/usr/libexec --without-included-gettext --enable-threads=posix --libdir=/usr/lib --enable-nls --enable-bootstrap --enable-clocale=gnu --enable-libstdcxx-debug --enable-libstdcxx-time=yes --with-default-libstdcxx-abi=new --enable-libstdcxx-backtrace --enable-gnu-unique-object --disable-vtable-verify --enable-plugin --enable-default-pie --with-system-zlib --enable-libphobos-checking=release --with-target-system-zlib=auto --enable-objc-gc=auto --enable-multiarch --disable-werror --enable-cet --with-arch-32=i686 --with-abi=m64 --with-multilib-list=m32,m64,mx32 --enable-multilib --with-tune=generic --enable-offload-targets=nvptx-none=/build/gcc-13-fG75Ri/gcc-13-13.3.0/debian/tmp-nvptx/usr,amdgcn-amdhsa=/build/gcc-13-fG75Ri/gcc-13-13.3.0/debian/tmp-gcn/usr --enable-offload-defaulted --without-cuda-driver --enable-checking=release --build=x86_64-linux-gnu --host=x86_64-linux-gnu --target=x86_64-linux-gnu --with-build-config=bootstrap-lto-lean --enable-link-serialization=2
Thread model: posix
Supported LTO compression algorithms: zlib zstd
gcc version 13.3.0 (Ubuntu 13.3.0-6ubuntu2~24.04) 
... rest of stderr output deleted ...
configure:5477: $? = 0
configure:5466: gcc -V >&5
gcc: error: unrecognized command-line option '-V'
gcc: fatal error: no input files
compilation terminated.
configure:5477: $? = 1
configure:5466: gcc -qversion >&5
gcc: error: unrecognized command-line option '-qversion'; did you mean '--version'?
gcc: fatal error: no input files
compilation terminated.
configure:5477: $? = 1
configure:5466: gcc -version >&5
gcc: error: unrecognized command-line option '-version'
gcc: fatal error: no input files
compilation terminated.
configure:5477: $? = 1
configure:5497: checking whether the C compiler works
configure:5519: gcc -DNDEBUG   conftest.c  >&5
configure:5523: $? = 0
configure:5573: result: yes
configure:5576: checking for C compiler default output file name
configure:5578: result: a.out
configure:5584: checking for suffix of executables
configure:5591: gcc -o conftest -DNDEBUG   conftest.c  >&5
configure:5595: $? = 0
configure:5618: result: 
configure:5640: checking whether we are cross compiling
configure:5648: gcc -o conftest -DNDEBUG   conftest.c  >&5
configure:5652: $? = 0
configure:5659: ./conftest
configure:5663: $? = 0
configure:5678: result: no
configure:5683: checking for suffix of object files
configure:5706: gcc -c -DNDEBUG  conftest.c >&5
configure:5710: $? = 0
configure:5732: result: o
configure:5736: checking whether the compiler supports GNU C
configure:5756: gcc -c -DNDEBUG  conftest.c >&5
configure:5756: $? = 0
configure:5766: result: yes
configure:5777: checking whether gcc accepts -g
configure:5798: gcc -c -g  conftest.c >&5
configure:5798: $? = 0
configure:5842: result: yes
configure:5862: checking for gcc option to enable C11 features
configure:5877: gcc  -c -DNDEBUG  conftest.c >&5
configure:5877: $? = 0
configure:5895: result: none needed
configure:6011: checking whether gcc understands -c and -o together
configure:6034: gcc -c conftest.c -o conftest2.o
configure:6037: $? = 0
configure:6034: gcc -c conftest.c -o conftest2.o
configure:6037: $? = 0
configure:6049: result: yes
configure:6068: checking dependency style of gcc
configure:6180: result: gcc3
configure:6201: checking for stdio.h
configure:6201: gcc -c -DNDEBUG  conftest.c >&5
configure:6201: $? = 0
configure:6201: result: yes
configure:6201: checking for stdlib.h
configure:6201: gcc -c -DNDEBUG  conftest.c >&5
configure:6201: $? = 0
configure:6201: result: yes
configure:6201: checking for string.h
configure:6201: gcc -c -DNDEBUG  conftest.c >&5
configure:6201: $? = 0
configure:6201: result: yes
configure:6201: checking for inttypes.h
configure:6201: gcc -c -DNDEBUG  conftest.c >&5
configure:6201: $? = 0
configure:6201: result: yes
configure:6201: checking for stdint.h
configure:6201: gcc -c -DNDEBUG  conftest.c >&5
configure:6201: $? = 0
configure:6201: result: yes
configure:6201: checking for strings.h
configure:6201: gcc -c -DNDEBUG  conftest.c >&5
configure:6201: $? = 0
configure:6201: result: yes
configure:6201: checking for sys/stat.h
configure:6201: gcc -c -DNDEBUG  conftest.c >&5
configure:6201: $? = 0
configure:6201: result: yes
configure:6201: checking for sys/types.h
configure:6201: gcc -c -DNDEBUG  conftest.c >&5
configure:6201: $? = 0
configure:6201: result: yes
configure:6201: checking for unistd.h
configure:6201: gcc -c -DNDEBUG  conftest.c >&5
configure:6201: $? = 0
configure:6201: result: yes
configure:6201: checking for wchar.h
configure:6201: gcc -c -DNDEBUG  conftest.c >&5
configure:6201: $? = 0
configure:6201: result: yes
configure:6201: checking for minix/config.h
configure:6201: gcc -c -DNDEBUG  conftest.c >&5
conftest.c:49:10: fatal error: minix/config.h: No such file or directory
   49 | #include <minix/config.h>
      |          ^~~~~~~~~~~~~~~~
compilation terminated.
configure:6201: $? = 1
configure: failed program was:
| /* confdefs.h */
| #define PACKAGE_NAME "Lely core libraries"
| #define PACKAGE_TARNAME "lely-core"
| #define PACKAGE_VERSION "2.3.3"
| #define PACKAGE_STRING "Lely core libraries 2.3.3"
| #define PACKAGE_BUGREPORT ""
| #define PACKAGE_URL ""
| #define PACKAGE "lely-core"
| #define VERSION "2.3.3"
| #define HAVE_STDIO_H 1
| #define HAVE_STDLIB_H 1
| #define HAVE_STRING_H 1
| #define HAVE_INTTYPES_H 1
| #define HAVE_STDINT_H 1
| #define HAVE_STRINGS_H 1
| #define HAVE_SYS_STAT_H 1
| #define HAVE_SYS_TYPES_H 1
| #define HAVE_UNISTD_H 1
| #define HAVE_WCHAR_H 1
| /* end confdefs.h.  */
| #include <stddef.h>
| #ifdef HAVE_STDIO_H
| # include <stdio.h>
| #endif
| #ifdef HAVE_STDLIB_H
| # include <stdlib.h>
| #endif
| #ifdef HAVE_STRING_H
| # include <string.h>
| #endif
| #ifdef HAVE_INTTYPES_H
| # include <inttypes.h>
| #endif
| #ifdef HAVE_STDINT_H
| # include <stdint.h>
| #endif
| #ifdef HAVE_STRINGS_H
| # include <strings.h>
| #endif
| #ifdef HAVE_SYS_TYPES_H
| # include <sys/types.h>
| #endif
| #ifdef HAVE_SYS_STAT_H
| # include <sys/stat.h>
| #endif
| #ifdef HAVE_UNISTD_H
| # include <unistd.h>
| #endif
| #include <minix/config.h>
configure:6201: result: no
configure:6232: checking whether it is safe to define __EXTENSIONS__
configure:6251: gcc -c -DNDEBUG  conftest.c >&5
configure:6251: $? = 0
configure:6259: result: yes
configure:6262: checking whether _XOPEN_SOURCE should be defined
configure:6284: gcc -c -DNDEBUG  conftest.c >&5
configure:6284: $? = 0
configure:6311: result: no
configure:6443: checking for g++
configure:6464: found /usr/bin/g++
configure:6475: result: g++
configure:6502: checking for C++ compiler version
configure:6511: g++ --version >&5
g++ (Ubuntu 13.3.0-6ubuntu2~24.04) 13.3.0
Copyright (C) 2023 Free Software Foundation, Inc.
This is free software; see the source for copying conditions.  There is NO
warranty; not even for MERCHANTABILITY or FITNESS FOR A PARTICULAR PURPOSE.

configure:6522: $? = 0
configure:6511: g++ -v >&5
Using built-in specs.
COLLECT_GCC=g++
COLLECT_LTO_WRAPPER=/usr/libexec/gcc/x86_64-linux-gnu/13/lto-wrapper
OFFLOAD_TARGET_NAMES=nvptx-none:amdgcn-amdhsa
OFFLOAD_TARGET_DEFAULT=1
Target: x86_64-linux-gnu
Configured with: ../src/configure -v --with-pkgversion='Ubuntu 13.3.0-6ubuntu2~24.04' --with-bugurl=file:///usr/share/doc/gcc-13/README.Bugs --enable-languages=c,ada,c++,go,d,fortran,objc,obj-c++,m2 --prefix=/usr --with-gcc-major-version-only --program-suffix=-13 --program-prefix=x86_64-linux-gnu- --enable-shared --enable-linker-build-id --libexecdir=/usr/libexec --without-included-gettext --enable-threads=posix --libdir=/usr/lib --enable-nls --enable-bootstrap --enable-clocale=gnu --enable-libstdcxx-debug --enable-libstdcxx-time=yes --with-default-libstdcxx-abi=new --enable-libstdcxx-backtrace --enable-gnu-unique-object --disable-vtable-verify --enable-plugin --enable-default-pie --with-system-zlib --enable-libphobos-checking=release --with-target-system-zlib=auto --enable-objc-gc=auto --enable-multiarch --disable-werror --enable-cet --with-arch-32=i686 --with-abi=m64 --with-multilib-list=m32,m64,mx32 --enable-multilib --with-tune=generic --enable-offload-targets=nvptx-none=/build/gcc-13-fG75Ri/gcc-13-13.3.0/debian/tmp-nvptx/usr,amdgcn-amdhsa=/build/gcc-13-fG75Ri/gcc-13-13.3.0/debian/tmp-gcn/usr --enable-offload-defaulted --without-cuda-driver --enable-checking=release --build=x86_64-linux-gnu --host=x86_64-linux-gnu --target=x86_64-linux-gnu --with-build-config=bootstrap-lto-lean --enable-link-serialization=2
Thread model: posix
Supported LTO compression algorithms: zlib zstd
gcc version 13.3.0 (Ubuntu 13.3.0-6ubuntu2~24.04) 
... rest of stderr output deleted ...
configure:6522: $? = 0
configure:6511: g++ -V >&5
g++: error: unrecognized command-line option '-V'
g++: fatal error: no input files
compilation terminated.
configure:6522: $? = 1
configure:6511: g++ -qversion >&5
g++: error: unrecognized command-line option '-qversion'; did you mean '--version'?
g++: fatal error: no input files
compilation terminated.
configure:6522: $? = 1
configure:6526: checking whether the compiler supports GNU C++
configure:6546: g++ -c -DNDEBUG  conftest.cpp >&5
configure:6546: $? = 0
configure:6556: result: yes
configure:6567: checking whether g++ accepts -g
configure:6588: g++ -c -g  conftest.cpp >&5
configure:6588: $? = 0
configure:6632: result: yes
configure:6652: checking for g++ option to enable C++11 features
configure:6667: g++  -c -DNDEBUG  conftest.cpp >&5
conftest.cpp: In function 'int main(int, char**)':
conftest.cpp:204:25: warning: empty parentheses were disambiguated as a function declaration [-Wvexing-parse]
  204 |   cxx11test::delegate d2();
      |                         ^~
conftest.cpp:204:25: note: remove parentheses to default-initialize a variable
  204 |   cxx11test::delegate d2();
      |                         ^~
      |                         --
conftest.cpp:204:25: note: or replace parentheses with braces to value-initialize a variable
configure:6667: $? = 0
configure:6685: result: none needed
configure:6751: checking dependency style of g++
configure:6863: result: gcc3
configure:6891: checking whether g++ supports C++11 features with -std=gnu++11
configure:7190: g++ -std=gnu++11 -c -DNDEBUG  conftest.cpp >&5
configure:7190: $? = 0
configure:7200: result: yes
configure:7286: checking how to print strings
configure:7313: result: printf
configure:7334: checking for a sed that does not truncate output
configure:7404: result: /usr/bin/sed
configure:7422: checking for grep that handles long lines and -e
configure:7486: result: /usr/bin/grep
configure:7491: checking for egrep
configure:7559: result: /usr/bin/grep -E
configure:7564: checking for fgrep
configure:7632: result: /usr/bin/grep -F
configure:7668: checking for ld used by gcc
configure:7736: result: /usr/bin/ld
configure:7743: checking if the linker (/usr/bin/ld) is GNU ld
configure:7759: result: yes
configure:7771: checking for BSD- or MS-compatible name lister (nm)
configure:7826: result: /usr/bin/nm -B
configure:7966: checking the name lister (/usr/bin/nm -B) interface
configure:7974: g++ -std=gnu++11 -c -Wall -Wextra -pedantic -Werror -DNDEBUG  conftest.cpp >&5
configure:7977: /usr/bin/nm -B "conftest.o"
configure:7980: output
0000000000000000 B some_variable
configure:7987: result: BSD nm
configure:7990: checking whether ln -s works
configure:7994: result: yes
configure:8002: checking the maximum length of command line arguments
configure:8134: result: 1572864
configure:8182: checking how to convert x86_64-pc-linux-gnu file names to x86_64-pc-linux-gnu format
configure:8223: result: func_convert_file_noop
configure:8230: checking how to convert x86_64-pc-linux-gnu file names to toolchain format
configure:8251: result: func_convert_file_noop
configure:8258: checking for /usr/bin/ld option to reload object files
configure:8266: result: -r
configure:8345: checking for file
configure:8366: found /usr/bin/file
configure:8377: result: file
configure:8453: checking for objdump
configure:8474: found /usr/bin/objdump
configure:8485: result: objdump
configure:8514: checking how to recognize dependent libraries
configure:8715: result: pass_all
configure:8805: checking for dlltool
configure:8840: result: no
configure:8867: checking how to associate runtime and link libraries
configure:8895: result: printf %s\n
configure:8960: checking for ar
configure:8981: found /usr/bin/ar
configure:8992: result: ar
configure:9045: checking for archiver @FILE support
configure:9063: g++ -std=gnu++11 -c -Wall -Wextra -pedantic -Werror -DNDEBUG  conftest.cpp >&5
configure:9063: $? = 0
configure:9067: ar cr libconftest.a @conftest.lst >&5
configure:9070: $? = 0
configure:9075: ar cr libconftest.a @conftest.lst >&5
ar: conftest.o: No such file or directory
configure:9078: $? = 1
configure:9090: result: @
configure:9153: checking for strip
configure:9174: found /usr/bin/strip
configure:9185: result: strip
configure:9262: checking for ranlib
configure:9283: found /usr/bin/ranlib
configure:9294: result: ranlib
configure:9396: checking command to parse /usr/bin/nm -B output from gcc object
configure:9550: g++ -std=gnu++11 -c -Wall -Wextra -pedantic -Werror -DNDEBUG  conftest.cpp >&5
configure:9553: $? = 0
configure:9557: /usr/bin/nm -B conftest.o | /usr/bin/sed -n -e 's/^.*[	 ]\([ABCDGIRSTW][ABCDGIRSTW]*\)[	 ][	 ]*\([_A-Za-z][_A-Za-z0-9]*\)$/\1 \2 \2/p' | /usr/bin/sed '/ __gnu_lto/d' > conftest.nm
configure:9623: g++ -std=gnu++11 -o conftest -Wall -Wextra -pedantic -Werror -DNDEBUG   conftest.cpp conftstm.o >&5
configure:9626: $? = 0
configure:9664: result: ok
configure:9711: checking for sysroot
configure:9742: result: no
configure:9749: checking for a working dd
configure:9793: result: /usr/bin/dd
configure:9797: checking how to truncate binary pipes
configure:9813: result: /usr/bin/dd bs=4096 count=1
configure:9950: g++ -std=gnu++11 -c -Wall -Wextra -pedantic -Werror -DNDEBUG  conftest.cpp >&5
configure:9953: $? = 0
configure:10150: checking for mt
configure:10185: result: no
configure:10205: checking if : is a manifest tool
configure:10212: : '-?'
configure:10220: result: no
configure:10941: checking for dlfcn.h
configure:10941: g++ -std=gnu++11 -c -Wall -Wextra -pedantic -Werror -DNDEBUG  conftest.cpp >&5
configure:10941: $? = 0
configure:10941: result: yes
configure:11538: checking for objdir
configure:11554: result: .libs
configure:11818: checking if gcc supports -fno-rtti -fno-exceptions
configure:11837: gcc -c -DNDEBUG  -fno-rtti -fno-exceptions conftest.c >&5
cc1: warning: command-line option '-fno-rtti' is valid for C++/D/ObjC++ but not for C
configure:11841: $? = 0
configure:11854: result: no
configure:12218: checking for gcc option to produce PIC
configure:12226: result: -fPIC -DPIC
configure:12234: checking if gcc PIC flag -fPIC -DPIC works
configure:12253: gcc -c -DNDEBUG  -fPIC -DPIC -DPIC conftest.c >&5
configure:12257: $? = 0
configure:12270: result: yes
configure:12299: checking if gcc static flag -static works
configure:12328: result: yes
configure:12343: checking if gcc supports -c -o file.o
configure:12365: gcc -c -DNDEBUG  -o out/conftest2.o conftest.c >&5
configure:12369: $? = 0
configure:12391: result: yes
configure:12399: checking if gcc supports -c -o file.o
configure:12447: result: yes
configure:12480: checking whether the gcc linker (/usr/bin/ld -m elf_x86_64) supports shared libraries
configure:13754: result: yes
configure:13791: checking whether -lc should be explicitly linked in
configure:13800: gcc -c -DNDEBUG  conftest.c >&5
configure:13803: $? = 0
configure:13818: gcc -shared  -fPIC -DPIC conftest.o  -v -Wl,-soname -Wl,conftest -o conftest 2\>\&1 \| /usr/bin/grep  -lc  \>/dev/null 2\>\&1
configure:13821: $? = 0
configure:13835: result: no
configure:13995: checking dynamic linker characteristics
configure:14577: gcc -o conftest -DNDEBUG   -Wl,-rpath -Wl,/foo conftest.c  >&5
configure:14577: $? = 0
configure:14828: result: GNU/Linux ld.so
configure:14950: checking how to hardcode library paths into programs
configure:14975: result: immediate
configure:15527: checking whether stripping libraries is possible
configure:15536: result: yes
configure:15578: checking if libtool supports shared libraries
configure:15580: result: yes
configure:15583: checking whether to build shared libraries
configure:15608: result: yes
configure:15611: checking whether to build static libraries
configure:15615: result: no
configure:15638: checking how to run the C++ preprocessor
configure:15660: g++ -std=gnu++11 -E  conftest.cpp
configure:15660: $? = 0
configure:15675: g++ -std=gnu++11 -E  conftest.cpp
conftest.cpp:41:10: fatal error: ac_nonexistent.h: No such file or directory
   41 | #include <ac_nonexistent.h>
      |          ^~~~~~~~~~~~~~~~~~
compilation terminated.
configure:15675: $? = 1
configure: failed program was:
| /* confdefs.h */
| #define PACKAGE_NAME "Lely core libraries"
| #define PACKAGE_TARNAME "lely-core"
| #define PACKAGE_VERSION "2.3.3"
| #define PACKAGE_STRING "Lely core libraries 2.3.3"
| #define PACKAGE_BUGREPORT ""
| #define PACKAGE_URL ""
| #define PACKAGE "lely-core"
| #define VERSION "2.3.3"
| #define HAVE_STDIO_H 1
| #define HAVE_STDLIB_H 1
| #define HAVE_STRING_H 1
| #define HAVE_INTTYPES_H 1
| #define HAVE_STDINT_H 1
| #define HAVE_STRINGS_H 1
| #define HAVE_SYS_STAT_H 1
| #define HAVE_SYS_TYPES_H 1
| #define HAVE_UNISTD_H 1
| #define HAVE_WCHAR_H 1
| #define STDC_HEADERS 1
| #define _ALL_SOURCE 1
| #define _DARWIN_C_SOURCE 1
| #define _GNU_SOURCE 1
| #define _HPUX_ALT_XOPEN_SOCKET_API 1
| #define _NETBSD_SOURCE 1
| #define _OPENBSD_SOURCE 1
| #define _POSIX_PTHREAD_SEMANTICS 1
| #define __STDC_WANT_IEC_60559_ATTRIBS_EXT__ 1
| #define __STDC_WANT_IEC_60559_BFP_EXT__ 1
| #define __STDC_WANT_IEC_60559_DFP_EXT__ 1
| #define __STDC_WANT_IEC_60559_FUNCS_EXT__ 1
| #define __STDC_WANT_IEC_60559_TYPES_EXT__ 1
| #define __STDC_WANT_LIB_EXT2__ 1
| #define __STDC_WANT_MATH_SPEC_FUNCS__ 1
| #define _TANDEM_SOURCE 1
| #define __EXTENSIONS__ 1
| #define HAVE_CXX11 1
| #define HAVE_DLFCN_H 1
| #define LT_OBJDIR ".libs/"
| /* end confdefs.h.  */
| #include <ac_nonexistent.h>
configure:15702: result: g++ -std=gnu++11 -E
configure:15716: g++ -std=gnu++11 -E  conftest.cpp
configure:15716: $? = 0
configure:15731: g++ -std=gnu++11 -E  conftest.cpp
conftest.cpp:41:10: fatal error: ac_nonexistent.h: No such file or directory
   41 | #include <ac_nonexistent.h>
      |          ^~~~~~~~~~~~~~~~~~
compilation terminated.
configure:15731: $? = 1
configure: failed program was:
| /* confdefs.h */
| #define PACKAGE_NAME "Lely core libraries"
| #define PACKAGE_TARNAME "lely-core"
| #define PACKAGE_VERSION "2.3.3"
| #define PACKAGE_STRING "Lely core libraries 2.3.3"
| #define PACKAGE_BUGREPORT ""
| #define PACKAGE_URL ""
| #define PACKAGE "lely-core"
| #define VERSION "2.3.3"
| #define HAVE_STDIO_H 1
| #define HAVE_STDLIB_H 1
| #define HAVE_STRING_H 1
| #define HAVE_INTTYPES_H 1
| #define HAVE_STDINT_H 1
| #define HAVE_STRINGS_H 1
| #define HAVE_SYS_STAT_H 1
| #define HAVE_SYS_TYPES_H 1
| #define HAVE_UNISTD_H 1
| #define HAVE_WCHAR_H 1
| #define STDC_HEADERS 1
| #define _ALL_SOURCE 1
| #define _DARWIN_C_SOURCE 1
| #define _GNU_SOURCE 1
| #define _HPUX_ALT_XOPEN_SOCKET_API 1
| #define _NETBSD_SOURCE 1
| #define _OPENBSD_SOURCE 1
| #define _POSIX_PTHREAD_SEMANTICS 1
| #define __STDC_WANT_IEC_60559_ATTRIBS_EXT__ 1
| #define __STDC_WANT_IEC_60559_BFP_EXT__ 1
| #define __STDC_WANT_IEC_60559_DFP_EXT__ 1
| #define __STDC_WANT_IEC_60559_FUNCS_EXT__ 1
| #define __STDC_WANT_IEC_60559_TYPES_EXT__ 1
| #define __STDC_WANT_LIB_EXT2__ 1
| #define __STDC_WANT_MATH_SPEC_FUNCS__ 1
| #define _TANDEM_SOURCE 1
| #define __EXTENSIONS__ 1
| #define HAVE_CXX11 1
| #define HAVE_DLFCN_H 1
| #define LT_OBJDIR ".libs/"
| /* end confdefs.h.  */
| #include <ac_nonexistent.h>
configure:15896: checking for ld used by g++ -std=gnu++11
configure:15964: result: /usr/bin/ld -m elf_x86_64
configure:15971: checking if the linker (/usr/bin/ld -m elf_x86_64) is GNU ld
configure:15987: result: yes
configure:16042: checking whether the g++ -std=gnu++11 linker (/usr/bin/ld -m elf_x86_64) supports shared libraries
configure:17120: result: yes
configure:17156: g++ -std=gnu++11 -c -Wall -Wextra -pedantic -Werror -DNDEBUG  conftest.cpp >&5
configure:17159: $? = 0
configure:17640: checking for g++ -std=gnu++11 option to produce PIC
configure:17648: result: -fPIC -DPIC
configure:17656: checking if g++ -std=gnu++11 PIC flag -fPIC -DPIC works
configure:17675: g++ -std=gnu++11 -c -Wall -Wextra -pedantic -Werror -DNDEBUG  -fPIC -DPIC -DPIC conftest.cpp >&5
configure:17679: $? = 0
configure:17692: result: yes
configure:17715: checking if g++ -std=gnu++11 static flag -static works
configure:17744: result: yes
configure:17756: checking if g++ -std=gnu++11 supports -c -o file.o
configure:17778: g++ -std=gnu++11 -c -Wall -Wextra -pedantic -Werror -DNDEBUG  -o out/conftest2.o conftest.cpp >&5
configure:17782: $? = 0
configure:17804: result: yes
configure:17809: checking if g++ -std=gnu++11 supports -c -o file.o
configure:17857: result: yes
configure:17887: checking whether the g++ -std=gnu++11 linker (/usr/bin/ld -m elf_x86_64) supports shared libraries
configure:17930: result: yes
configure:18072: checking dynamic linker characteristics
configure:18832: result: GNU/Linux ld.so
configure:18897: checking how to hardcode library paths into programs
configure:18922: result: immediate
configure:19031: checking for windres
configure:19066: result: no
configure:19431: checking for timer_create in -lrt
configure:19453: g++ -std=gnu++11 -o conftest -Wall -Wextra -pedantic -Werror -DNDEBUG   conftest.cpp -lrt   >&5
configure:19453: $? = 0
configure:19463: result: yes
configure:19517: checking how to run the C preprocessor
configure:19543: gcc -E  conftest.c
configure:19543: $? = 0
configure:19558: gcc -E  conftest.c
conftest.c:41:10: fatal error: ac_nonexistent.h: No such file or directory
   41 | #include <ac_nonexistent.h>
      |          ^~~~~~~~~~~~~~~~~~
compilation terminated.
configure:19558: $? = 1
configure: failed program was:
| /* confdefs.h */
| #define PACKAGE_NAME "Lely core libraries"
| #define PACKAGE_TARNAME "lely-core"
| #define PACKAGE_VERSION "2.3.3"
| #define PACKAGE_STRING "Lely core libraries 2.3.3"
| #define PACKAGE_BUGREPORT ""
| #define PACKAGE_URL ""
| #define PACKAGE "lely-core"
| #define VERSION "2.3.3"
| #define HAVE_STDIO_H 1
| #define HAVE_STDLIB_H 1
| #define HAVE_STRING_H 1
| #define HAVE_INTTYPES_H 1
| #define HAVE_STDINT_H 1
| #define HAVE_STRINGS_H 1
| #define HAVE_SYS_STAT_H 1
| #define HAVE_SYS_TYPES_H 1
| #define HAVE_UNISTD_H 1
| #define HAVE_WCHAR_H 1
| #define STDC_HEADERS 1
| #define _ALL_SOURCE 1
| #define _DARWIN_C_SOURCE 1
| #define _GNU_SOURCE 1
| #define _HPUX_ALT_XOPEN_SOCKET_API 1
| #define _NETBSD_SOURCE 1
| #define _OPENBSD_SOURCE 1
| #define _POSIX_PTHREAD_SEMANTICS 1
| #define __STDC_WANT_IEC_60559_ATTRIBS_EXT__ 1
| #define __STDC_WANT_IEC_60559_BFP_EXT__ 1
| #define __STDC_WANT_IEC_60559_DFP_EXT__ 1
| #define __STDC_WANT_IEC_60559_FUNCS_EXT__ 1
| #define __STDC_WANT_IEC_60559_TYPES_EXT__ 1
| #define __STDC_WANT_LIB_EXT2__ 1
| #define __STDC_WANT_MATH_SPEC_FUNCS__ 1
| #define _TANDEM_SOURCE 1
| #define __EXTENSIONS__ 1
| #define HAVE_CXX11 1
| #define HAVE_DLFCN_H 1
| #define LT_OBJDIR ".libs/"
| /* end confdefs.h.  */
| #include <ac_nonexistent.h>
configure:19585: result: gcc -E
configure:19599: gcc -E  conftest.c
configure:19599: $? = 0
configure:19614: gcc -E  conftest.c
conftest.c:41:10: fatal error: ac_nonexistent.h: No such file or directory
   41 | #include <ac_nonexistent.h>
      |          ^~~~~~~~~~~~~~~~~~
compilation terminated.
configure:19614: $? = 1
configure: failed program was:
| /* confdefs.h */
| #define PACKAGE_NAME "Lely core libraries"
| #define PACKAGE_TARNAME "lely-core"
| #define PACKAGE_VERSION "2.3.3"
| #define PACKAGE_STRING "Lely core libraries 2.3.3"
| #define PACKAGE_BUGREPORT ""
| #define PACKAGE_URL ""
| #define PACKAGE "lely-core"
| #define VERSION "2.3.3"
| #define HAVE_STDIO_H 1
| #define HAVE_STDLIB_H 1
| #define HAVE_STRING_H 1
| #define HAVE_INTTYPES_H 1
| #define HAVE_STDINT_H 1
| #define HAVE_STRINGS_H 1
| #define HAVE_SYS_STAT_H 1
| #define HAVE_SYS_TYPES_H 1
| #define HAVE_UNISTD_H 1
| #define HAVE_WCHAR_H 1
| #define STDC_HEADERS 1
| #define _ALL_SOURCE 1
| #define _DARWIN_C_SOURCE 1
| #define _GNU_SOURCE 1
| #define _HPUX_ALT_XOPEN_SOCKET_API 1
| #define _NETBSD_SOURCE 1
| #define _OPENBSD_SOURCE 1
| #define _POSIX_PTHREAD_SEMANTICS 1
| #define __STDC_WANT_IEC_60559_ATTRIBS_EXT__ 1
| #define __STDC_WANT_IEC_60559_BFP_EXT__ 1
| #define __STDC_WANT_IEC_60559_DFP_EXT__ 1
| #define __STDC_WANT_IEC_60559_FUNCS_EXT__ 1
| #define __STDC_WANT_IEC_60559_TYPES_EXT__ 1
| #define __STDC_WANT_LIB_EXT2__ 1
| #define __STDC_WANT_MATH_SPEC_FUNCS__ 1
| #define _TANDEM_SOURCE 1
| #define __EXTENSIONS__ 1
| #define HAVE_CXX11 1
| #define HAVE_DLFCN_H 1
| #define LT_OBJDIR ".libs/"
| /* end confdefs.h.  */
| #include <ac_nonexistent.h>
configure:19833: checking whether gcc is Clang
configure:19860: result: no
configure:19988: checking whether pthreads work with -pthread
configure:20088: gcc -o conftest -DNDEBUG -pthread   conftest.c   >&5
configure:20088: $? = 0
configure:20098: result: yes
configure:20118: checking for joinable pthread attribute
configure:20137: gcc -o conftest -DNDEBUG -pthread   conftest.c   >&5
configure:20137: $? = 0
configure:20146: result: PTHREAD_CREATE_JOINABLE
configure:20159: checking whether more special flags are required for pthreads
configure:20173: result: no
configure:20182: checking for PTHREAD_PRIO_INHERIT
configure:20199: gcc -o conftest -DNDEBUG -pthread   conftest.c   >&5
configure:20199: $? = 0
configure:20209: result: yes
configure:21591: checking for pkg-config
configure:21614: found /usr/bin/pkg-config
configure:21626: result: /usr/bin/pkg-config
configure:21651: checking pkg-config is at least version 0.9.0
configure:21654: result: yes
configure:21664: checking for cpputest >= 4
configure:21671: $PKG_CONFIG --exists --print-errors "cpputest >= 4"
Package cpputest was not found in the pkg-config search path.
Perhaps you should add the directory containing `cpputest.pc'
to the PKG_CONFIG_PATH environment variable
Package 'cpputest', required by 'virtual:world', not found
configure:21674: $? = 1
configure:21688: $PKG_CONFIG --exists --print-errors "cpputest >= 4"
Package cpputest was not found in the pkg-config search path.
Perhaps you should add the directory containing `cpputest.pc'
to the PKG_CONFIG_PATH environment variable
Package 'cpputest', required by 'virtual:world', not found
configure:21691: $? = 1
configure:21705: result: no
Package 'cpputest', required by 'virtual:world', not found
configure:21801: checking for valgrind/valgrind.h
configure:21801: g++ -std=gnu++11 -c -Wall -Wextra -pedantic -Werror -DNDEBUG  conftest.cpp >&5
conftest.cpp:70:10: fatal error: valgrind/valgrind.h: No such file or directory
   70 | #include <valgrind/valgrind.h>
      |          ^~~~~~~~~~~~~~~~~~~~~
compilation terminated.
configure:21801: $? = 1
configure: failed program was:
| /* confdefs.h */
| #define PACKAGE_NAME "Lely core libraries"
| #define PACKAGE_TARNAME "lely-core"
| #define PACKAGE_VERSION "2.3.3"
| #define PACKAGE_STRING "Lely core libraries 2.3.3"
| #define PACKAGE_BUGREPORT ""
| #define PACKAGE_URL ""
| #define PACKAGE "lely-core"
| #define VERSION "2.3.3"
| #define HAVE_STDIO_H 1
| #define HAVE_STDLIB_H 1
| #define HAVE_STRING_H 1
| #define HAVE_INTTYPES_H 1
| #define HAVE_STDINT_H 1
| #define HAVE_STRINGS_H 1
| #define HAVE_SYS_STAT_H 1
| #define HAVE_SYS_TYPES_H 1
| #define HAVE_UNISTD_H 1
| #define HAVE_WCHAR_H 1
| #define STDC_HEADERS 1
| #define _ALL_SOURCE 1
| #define _DARWIN_C_SOURCE 1
| #define _GNU_SOURCE 1
| #define _HPUX_ALT_XOPEN_SOCKET_API 1
| #define _NETBSD_SOURCE 1
| #define _OPENBSD_SOURCE 1
| #define _POSIX_PTHREAD_SEMANTICS 1
| #define __STDC_WANT_IEC_60559_ATTRIBS_EXT__ 1
| #define __STDC_WANT_IEC_60559_BFP_EXT__ 1
| #define __STDC_WANT_IEC_60559_DFP_EXT__ 1
| #define __STDC_WANT_IEC_60559_FUNCS_EXT__ 1
| #define __STDC_WANT_IEC_60559_TYPES_EXT__ 1
| #define __STDC_WANT_LIB_EXT2__ 1
| #define __STDC_WANT_MATH_SPEC_FUNCS__ 1
| #define _TANDEM_SOURCE 1
| #define __EXTENSIONS__ 1
| #define HAVE_CXX11 1
| #define HAVE_DLFCN_H 1
| #define LT_OBJDIR ".libs/"
| #define HAVE_PTHREAD_PRIO_INHERIT 1
| /* end confdefs.h.  */
| #include <stddef.h>
| #ifdef HAVE_STDIO_H
| # include <stdio.h>
| #endif
| #ifdef HAVE_STDLIB_H
| # include <stdlib.h>
| #endif
| #ifdef HAVE_STRING_H
| # include <string.h>
| #endif
| #ifdef HAVE_INTTYPES_H
| # include <inttypes.h>
| #endif
| #ifdef HAVE_STDINT_H
| # include <stdint.h>
| #endif
| #ifdef HAVE_STRINGS_H
| # include <strings.h>
| #endif
| #ifdef HAVE_SYS_TYPES_H
| # include <sys/types.h>
| #endif
| #ifdef HAVE_SYS_STAT_H
| # include <sys/stat.h>
| #endif
| #ifdef HAVE_UNISTD_H
| # include <unistd.h>
| #endif
| #include <valgrind/valgrind.h>
configure:21801: result: no
configure:22086: checking for linux/can.h
configure:22086: g++ -std=gnu++11 -c -Wall -Wextra -pedantic -Werror -DNDEBUG  conftest.cpp >&5
configure:22086: $? = 0
configure:22086: result: yes
configure:22106: checking for linux/can/error.h
configure:22106: g++ -std=gnu++11 -c -Wall -Wextra -pedantic -Werror -DNDEBUG  conftest.cpp >&5
configure:22106: $? = 0
configure:22106: result: yes
configure:22114: checking for bluetooth/bluetooth.h
configure:22114: g++ -std=gnu++11 -c -Wall -Wextra -pedantic -Werror -DNDEBUG  conftest.cpp >&5
conftest.cpp:51:10: fatal error: bluetooth/bluetooth.h: No such file or directory
   51 | #include <bluetooth/bluetooth.h>
      |          ^~~~~~~~~~~~~~~~~~~~~~~
compilation terminated.
configure:22114: $? = 1
configure: failed program was:
| /* confdefs.h */
| #define PACKAGE_NAME "Lely core libraries"
| #define PACKAGE_TARNAME "lely-core"
| #define PACKAGE_VERSION "2.3.3"
| #define PACKAGE_STRING "Lely core libraries 2.3.3"
| #define PACKAGE_BUGREPORT ""
| #define PACKAGE_URL ""
| #define PACKAGE "lely-core"
| #define VERSION "2.3.3"
| #define HAVE_STDIO_H 1
| #define HAVE_STDLIB_H 1
| #define HAVE_STRING_H 1
| #define HAVE_INTTYPES_H 1
| #define HAVE_STDINT_H 1
| #define HAVE_STRINGS_H 1
| #define HAVE_SYS_STAT_H 1
| #define HAVE_SYS_TYPES_H 1
| #define HAVE_UNISTD_H 1
| #define HAVE_WCHAR_H 1
| #define STDC_HEADERS 1
| #define _ALL_SOURCE 1
| #define _DARWIN_C_SOURCE 1
| #define _GNU_SOURCE 1
| #define _HPUX_ALT_XOPEN_SOCKET_API 1
| #define _NETBSD_SOURCE 1
| #define _OPENBSD_SOURCE 1
| #define _POSIX_PTHREAD_SEMANTICS 1
| #define __STDC_WANT_IEC_60559_ATTRIBS_EXT__ 1
| #define __STDC_WANT_IEC_60559_BFP_EXT__ 1
| #define __STDC_WANT_IEC_60559_DFP_EXT__ 1
| #define __STDC_WANT_IEC_60559_FUNCS_EXT__ 1
| #define __STDC_WANT_IEC_60559_TYPES_EXT__ 1
| #define __STDC_WANT_LIB_EXT2__ 1
| #define __STDC_WANT_MATH_SPEC_FUNCS__ 1
| #define _TANDEM_SOURCE 1
| #define __EXTENSIONS__ 1
| #define HAVE_CXX11 1
| #define HAVE_DLFCN_H 1
| #define LT_OBJDIR ".libs/"
| #define HAVE_PTHREAD_PRIO_INHERIT 1
| #define HAVE_LINUX_CAN_H 1
| #define LELY_HAVE_SOCKET_CAN 1
| #define HAVE_LINUX_CAN_ERROR_H 1
| /* end confdefs.h.  */
| 
| 			#ifdef HAVE_BLUETOOTH_BLUETOOTH_H
| 			#include <bluetooth/bluetooth.h>
| 			#endif
| 
| 
| #include <bluetooth/bluetooth.h>
configure:22114: result: no
configure:22125: checking for bluetooth/rfcomm.h
configure:22125: g++ -std=gnu++11 -c -Wall -Wextra -pedantic -Werror -DNDEBUG  conftest.cpp >&5
conftest.cpp:51:10: fatal error: bluetooth/rfcomm.h: No such file or directory
   51 | #include <bluetooth/rfcomm.h>
      |          ^~~~~~~~~~~~~~~~~~~~
compilation terminated.
configure:22125: $? = 1
configure: failed program was:
| /* confdefs.h */
| #define PACKAGE_NAME "Lely core libraries"
| #define PACKAGE_TARNAME "lely-core"
| #define PACKAGE_VERSION "2.3.3"
| #define PACKAGE_STRING "Lely core libraries 2.3.3"
| #define PACKAGE_BUGREPORT ""
| #define PACKAGE_URL ""
| #define PACKAGE "lely-core"
| #define VERSION "2.3.3"
| #define HAVE_STDIO_H 1
| #define HAVE_STDLIB_H 1
| #define HAVE_STRING_H 1
| #define HAVE_INTTYPES_H 1
| #define HAVE_STDINT_H 1
| #define HAVE_STRINGS_H 1
| #define HAVE_SYS_STAT_H 1
| #define HAVE_SYS_TYPES_H 1
| #define HAVE_UNISTD_H 1
| #define HAVE_WCHAR_H 1
| #define STDC_HEADERS 1
| #define _ALL_SOURCE 1
| #define _DARWIN_C_SOURCE 1
| #define _GNU_SOURCE 1
| #define _HPUX_ALT_XOPEN_SOCKET_API 1
| #define _NETBSD_SOURCE 1
| #define _OPENBSD_SOURCE 1
| #define _POSIX_PTHREAD_SEMANTICS 1
| #define __STDC_WANT_IEC_60559_ATTRIBS_EXT__ 1
| #define __STDC_WANT_IEC_60559_BFP_EXT__ 1
| #define __STDC_WANT_IEC_60559_DFP_EXT__ 1
| #define __STDC_WANT_IEC_60559_FUNCS_EXT__ 1
| #define __STDC_WANT_IEC_60559_TYPES_EXT__ 1
| #define __STDC_WANT_LIB_EXT2__ 1
| #define __STDC_WANT_MATH_SPEC_FUNCS__ 1
| #define _TANDEM_SOURCE 1
| #define __EXTENSIONS__ 1
| #define HAVE_CXX11 1
| #define HAVE_DLFCN_H 1
| #define LT_OBJDIR ".libs/"
| #define HAVE_PTHREAD_PRIO_INHERIT 1
| #define HAVE_LINUX_CAN_H 1
| #define LELY_HAVE_SOCKET_CAN 1
| #define HAVE_LINUX_CAN_ERROR_H 1
| /* end confdefs.h.  */
| 
| 			#ifdef HAVE_BLUETOOTH_BLUETOOTH_H
| 			#include <bluetooth/bluetooth.h>
| 			#endif
| 
| 
| #include <bluetooth/rfcomm.h>
configure:22125: result: no
configure:22137: checking for library containing str2ba
configure:22166: g++ -std=gnu++11 -o conftest -Wall -Wextra -pedantic -Werror -DNDEBUG   conftest.cpp   >&5
/usr/bin/ld: /tmp/cccx1Ieb.o: in function `main':
conftest.cpp:(.text+0x9): undefined reference to `str2ba'
collect2: error: ld returned 1 exit status
configure:22166: $? = 1
configure: failed program was:
| /* confdefs.h */
| #define PACKAGE_NAME "Lely core libraries"
| #define PACKAGE_TARNAME "lely-core"
| #define PACKAGE_VERSION "2.3.3"
| #define PACKAGE_STRING "Lely core libraries 2.3.3"
| #define PACKAGE_BUGREPORT ""
| #define PACKAGE_URL ""
| #define PACKAGE "lely-core"
| #define VERSION "2.3.3"
| #define HAVE_STDIO_H 1
| #define HAVE_STDLIB_H 1
| #define HAVE_STRING_H 1
| #define HAVE_INTTYPES_H 1
| #define HAVE_STDINT_H 1
| #define HAVE_STRINGS_H 1
| #define HAVE_SYS_STAT_H 1
| #define HAVE_SYS_TYPES_H 1
| #define HAVE_UNISTD_H 1
| #define HAVE_WCHAR_H 1
| #define STDC_HEADERS 1
| #define _ALL_SOURCE 1
| #define _DARWIN_C_SOURCE 1
| #define _GNU_SOURCE 1
| #define _HPUX_ALT_XOPEN_SOCKET_API 1
| #define _NETBSD_SOURCE 1
| #define _OPENBSD_SOURCE 1
| #define _POSIX_PTHREAD_SEMANTICS 1
| #define __STDC_WANT_IEC_60559_ATTRIBS_EXT__ 1
| #define __STDC_WANT_IEC_60559_BFP_EXT__ 1
| #define __STDC_WANT_IEC_60559_DFP_EXT__ 1
| #define __STDC_WANT_IEC_60559_FUNCS_EXT__ 1
| #define __STDC_WANT_IEC_60559_TYPES_EXT__ 1
| #define __STDC_WANT_LIB_EXT2__ 1
| #define __STDC_WANT_MATH_SPEC_FUNCS__ 1
| #define _TANDEM_SOURCE 1
| #define __EXTENSIONS__ 1
| #define HAVE_CXX11 1
| #define HAVE_DLFCN_H 1
| #define LT_OBJDIR ".libs/"
| #define HAVE_PTHREAD_PRIO_INHERIT 1
| #define HAVE_LINUX_CAN_H 1
| #define LELY_HAVE_SOCKET_CAN 1
| #define HAVE_LINUX_CAN_ERROR_H 1
| /* end confdefs.h.  */
| 
| namespace conftest {
|   extern "C" int str2ba ();
| }
| int
| main (void)
| {
| return conftest::str2ba ();
|   ;
|   return 0;
| }
configure:22166: g++ -std=gnu++11 -o conftest -Wall -Wextra -pedantic -Werror -DNDEBUG   conftest.cpp -lbluetooth    >&5
/usr/bin/ld: cannot find -lbluetooth: No such file or directory
collect2: error: ld returned 1 exit status
configure:22166: $? = 1
configure: failed program was:
| /* confdefs.h */
| #define PACKAGE_NAME "Lely core libraries"
| #define PACKAGE_TARNAME "lely-core"
| #define PACKAGE_VERSION "2.3.3"
| #define PACKAGE_STRING "Lely core libraries 2.3.3"
| #define PACKAGE_BUGREPORT ""
| #define PACKAGE_URL ""
| #define PACKAGE "lely-core"
| #define VERSION "2.3.3"
| #define HAVE_STDIO_H 1
| #define HAVE_STDLIB_H 1
| #define HAVE_STRING_H 1
| #define HAVE_INTTYPES_H 1
| #define HAVE_STDINT_H 1
| #define HAVE_STRINGS_H 1
| #define HAVE_SYS_STAT_H 1
| #define HAVE_SYS_TYPES_H 1
| #define HAVE_UNISTD_H 1
| #define HAVE_WCHAR_H 1
| #define STDC_HEADERS 1
| #define _ALL_SOURCE 1
| #define _DARWIN_C_SOURCE 1
| #define _GNU_SOURCE 1
| #define _HPUX_ALT_XOPEN_SOCKET_API 1
| #define _NETBSD_SOURCE 1
| #define _OPENBSD_SOURCE 1
| #define _POSIX_PTHREAD_SEMANTICS 1
| #define __STDC_WANT_IEC_60559_ATTRIBS_EXT__ 1
| #define __STDC_WANT_IEC_60559_BFP_EXT__ 1
| #define __STDC_WANT_IEC_60559_DFP_EXT__ 1
| #define __STDC_WANT_IEC_60559_FUNCS_EXT__ 1
| #define __STDC_WANT_IEC_60559_TYPES_EXT__ 1
| #define __STDC_WANT_LIB_EXT2__ 1
| #define __STDC_WANT_MATH_SPEC_FUNCS__ 1
| #define _TANDEM_SOURCE 1
| #define __EXTENSIONS__ 1
| #define HAVE_CXX11 1
| #define HAVE_DLFCN_H 1
| #define LT_OBJDIR ".libs/"
| #define HAVE_PTHREAD_PRIO_INHERIT 1
| #define HAVE_LINUX_CAN_H 1
| #define LELY_HAVE_SOCKET_CAN 1
| #define HAVE_LINUX_CAN_ERROR_H 1
| /* end confdefs.h.  */
| 
| namespace conftest {
|   extern "C" int str2ba ();
| }
| int
| main (void)
| {
| return conftest::str2ba ();
|   ;
|   return 0;
| }
configure:22186: result: no
configure:22196: checking for ifaddrs.h
configure:22196: g++ -std=gnu++11 -c -Wall -Wextra -pedantic -Werror -DNDEBUG  conftest.cpp >&5
configure:22196: $? = 0
configure:22196: result: yes
configure:22204: checking for linux/can/netlink.h
configure:22204: g++ -std=gnu++11 -c -Wall -Wextra -pedantic -Werror -DNDEBUG  conftest.cpp >&5
configure:22204: $? = 0
configure:22204: result: yes
configure:22211: checking for linux/can/raw.h
configure:22211: g++ -std=gnu++11 -c -Wall -Wextra -pedantic -Werror -DNDEBUG  conftest.cpp >&5
configure:22211: $? = 0
configure:22211: result: yes
configure:22232: checking for linux/rtnetlink.h
configure:22232: g++ -std=gnu++11 -c -Wall -Wextra -pedantic -Werror -DNDEBUG  conftest.cpp >&5
configure:22232: $? = 0
configure:22232: result: yes
configure:22240: checking for sys/epoll.h
configure:22240: g++ -std=gnu++11 -c -Wall -Wextra -pedantic -Werror -DNDEBUG  conftest.cpp >&5
configure:22240: $? = 0
configure:22240: result: yes
configure:22248: checking for sys/ioctl.h
configure:22248: g++ -std=gnu++11 -c -Wall -Wextra -pedantic -Werror -DNDEBUG  conftest.cpp >&5
configure:22248: $? = 0
configure:22248: result: yes
configure:22538: checking for doxygen
configure:22573: result: no
configure:22593: checking for gawk
configure:22625: result: mawk
configure:22744: checking that generated files are newer than configure
configure:22750: result: done
configure:23173: creating ./config.status

## ---------------------- ##
## Running config.status. ##
## ---------------------- ##

This file was extended by Lely core libraries config.status 2.3.3, which was
generated by GNU Autoconf 2.71.  Invocation command line was

  CONFIG_FILES    = 
  CONFIG_HEADERS  = 
  CONFIG_LINKS    = 
  CONFIG_COMMANDS = 
  $ ./config.status 

on mydevice

config.status:1604: creating doc/Doxyfile
config.status:1604: creating doc/Makefile
config.status:1604: creating include/Makefile
config.status:1604: creating pkgconfig/liblely-can.pc
config.status:1604: creating pkgconfig/liblely-co.pc
config.status:1604: creating pkgconfig/liblely-coapp.pc
config.status:1604: creating pkgconfig/liblely-ev.pc
config.status:1604: creating pkgconfig/liblely-io.pc
config.status:1604: creating pkgconfig/liblely-io2.pc
config.status:1604: creating pkgconfig/liblely-libc.pc
config.status:1604: creating pkgconfig/liblely-libc_rt.pc
config.status:1604: creating pkgconfig/liblely-tap.pc
config.status:1604: creating pkgconfig/liblely-util.pc
config.status:1604: creating pkgconfig/Makefile
config.status:1604: creating python/can/Makefile
config.status:1604: creating python/dcf-tools/Makefile
config.status:1604: creating python/io/Makefile
config.status:1604: creating python/Makefile
config.status:1604: creating src/can/Makefile
config.status:1604: creating src/co/Makefile
config.status:1604: creating src/co/version.rc
config.status:1604: creating src/coapp/Makefile
config.status:1604: creating src/coapp/version.rc
config.status:1604: creating src/ev/Makefile
config.status:1604: creating src/ev/version.rc
config.status:1604: creating src/io/Makefile
config.status:1604: creating src/io2/Makefile
config.status:1604: creating src/io2/version.rc
config.status:1604: creating src/libc/Makefile
config.status:1604: creating src/libc/version.rc
config.status:1604: creating src/tap/Makefile
config.status:1604: creating src/tap/version.rc
config.status:1604: creating src/util/Makefile
config.status:1604: creating src/util/version.rc
config.status:1604: creating src/Makefile
config.status:1604: creating tools/Makefile
config.status:1604: creating tools/version.dcf2c.rc
config.status:1604: creating test/co-nmt-master.dcf
config.status:1604: creating test/Makefile
config.status:1604: creating unit-tests/Makefile
config.status:1604: creating exec-wrapper.sh
config.status:1604: creating lcov-wrapper.sh
config.status:1604: creating Makefile
config.status:1604: creating config.h
config.status:1818: executing depfiles commands
config.status:1895: cd src/can       && sed -e '/# am--include-marker/d' Makefile         | make -f - am--depfiles
make[3]: Entering directory '/husarion_ws/build/husarion_ugv_hardware_interfaces/ep_liblely/src/ep_liblely-build/src/can'
make[3]: Leaving directory '/husarion_ws/build/husarion_ugv_hardware_interfaces/ep_liblely/src/ep_liblely-build/src/can'
config.status:1900: $? = 0
config.status:1895: cd src/co       && sed -e '/# am--include-marker/d' Makefile         | make -f - am--depfiles
make[3]: Entering directory '/husarion_ws/build/husarion_ugv_hardware_interfaces/ep_liblely/src/ep_liblely-build/src/co'
make[3]: Leaving directory '/husarion_ws/build/husarion_ugv_hardware_interfaces/ep_liblely/src/ep_liblely-build/src/co'
config.status:1900: $? = 0
config.status:1895: cd src/coapp       && sed -e '/# am--include-marker/d' Makefile         | make -f - am--depfiles
make[3]: Entering directory '/husarion_ws/build/husarion_ugv_hardware_interfaces/ep_liblely/src/ep_liblely-build/src/coapp'
make[3]: Leaving directory '/husarion_ws/build/husarion_ugv_hardware_interfaces/ep_liblely/src/ep_liblely-build/src/coapp'
config.status:1900: $? = 0
config.status:1895: cd src/ev       && sed -e '/# am--include-marker/d' Makefile         | make -f - am--depfiles
make[3]: Entering directory '/husarion_ws/build/husarion_ugv_hardware_interfaces/ep_liblely/src/ep_liblely-build/src/ev'
make[3]: Leaving directory '/husarion_ws/build/husarion_ugv_hardware_interfaces/ep_liblely/src/ep_liblely-build/src/ev'
config.status:1900: $? = 0
config.status:1895: cd src/io       && sed -e '/# am--include-marker/d' Makefile         | make -f - am--depfiles
make[3]: Entering directory '/husarion_ws/build/husarion_ugv_hardware_interfaces/ep_liblely/src/ep_liblely-build/src/io'
make[3]: Leaving directory '/husarion_ws/build/husarion_ugv_hardware_interfaces/ep_liblely/src/ep_liblely-build/src/io'
config.status:1900: $? = 0
config.status:1895: cd src/io2       && sed -e '/# am--include-marker/d' Makefile         | make -f - am--depfiles
make[3]: Entering directory '/husarion_ws/build/husarion_ugv_hardware_interfaces/ep_liblely/src/ep_liblely-build/src/io2'
make[3]: Leaving directory '/husarion_ws/build/husarion_ugv_hardware_interfaces/ep_liblely/src/ep_liblely-build/src/io2'
config.status:1900: $? = 0
config.status:1895: cd src/libc       && sed -e '/# am--include-marker/d' Makefile         | make -f - am--depfiles
make[3]: Entering directory '/husarion_ws/build/husarion_ugv_hardware_interfaces/ep_liblely/src/ep_liblely-build/src/libc'
make[3]: Leaving directory '/husarion_ws/build/husarion_ugv_hardware_interfaces/ep_liblely/src/ep_liblely-build/src/libc'
config.status:1900: $? = 0
config.status:1895: cd src/tap       && sed -e '/# am--include-marker/d' Makefile         | make -f - am--depfiles
make[3]: Entering directory '/husarion_ws/build/husarion_ugv_hardware_interfaces/ep_liblely/src/ep_liblely-build/src/tap'
make[3]: Leaving directory '/husarion_ws/build/husarion_ugv_hardware_interfaces/ep_liblely/src/ep_liblely-build/src/tap'
config.status:1900: $? = 0
config.status:1895: cd src/util       && sed -e '/# am--include-marker/d' Makefile         | make -f - am--depfiles
make[3]: Entering directory '/husarion_ws/build/husarion_ugv_hardware_interfaces/ep_liblely/src/ep_liblely-build/src/util'
make[3]: Leaving directory '/husarion_ws/build/husarion_ugv_hardware_interfaces/ep_liblely/src/ep_liblely-build/src/util'
config.status:1900: $? = 0
config.status:1895: cd tools       && sed -e '/# am--include-marker/d' Makefile         | make -f - am--depfiles
make[3]: Entering directory '/husarion_ws/build/husarion_ugv_hardware_interfaces/ep_liblely/src/ep_liblely-build/tools'
make[3]: Leaving directory '/husarion_ws/build/husarion_ugv_hardware_interfaces/ep_liblely/src/ep_liblely-build/tools'
config.status:1900: $? = 0
config.status:1895: cd test       && sed -e '/# am--include-marker/d' Makefile         | make -f - am--depfiles
make[3]: Entering directory '/husarion_ws/build/husarion_ugv_hardware_interfaces/ep_liblely/src/ep_liblely-build/test'
make[3]: Leaving directory '/husarion_ws/build/husarion_ugv_hardware_interfaces/ep_liblely/src/ep_liblely-build/test'
config.status:1900: $? = 0
config.status:1895: cd unit-tests       && sed -e '/# am--include-marker/d' Makefile         | make -f - am--depfiles
make[3]: Entering directory '/husarion_ws/build/husarion_ugv_hardware_interfaces/ep_liblely/src/ep_liblely-build/unit-tests'
make[3]: Leaving directory '/husarion_ws/build/husarion_ugv_hardware_interfaces/ep_liblely/src/ep_liblely-build/unit-tests'
config.status:1900: $? = 0
config.status:1818: executing libtool commands

## ---------------- ##
## Cache variables. ##
## ---------------- ##

ac_cv_build=x86_64-pc-linux-gnu
ac_cv_c_compiler_gnu=yes
ac_cv_cxx_compiler_gnu=yes
ac_cv_env_CCC_set=
ac_cv_env_CCC_value=
ac_cv_env_CC_set=
ac_cv_env_CC_value=
ac_cv_env_CFLAGS_set=set
ac_cv_env_CFLAGS_value=-DNDEBUG
ac_cv_env_CPPFLAGS_set=
ac_cv_env_CPPFLAGS_value=
ac_cv_env_CPPUTEST_CFLAGS_set=
ac_cv_env_CPPUTEST_CFLAGS_value=
ac_cv_env_CPPUTEST_LIBS_set=
ac_cv_env_CPPUTEST_LIBS_value=
ac_cv_env_CPP_set=
ac_cv_env_CPP_value=
ac_cv_env_CXXCPP_set=
ac_cv_env_CXXCPP_value=
ac_cv_env_CXXFLAGS_set=set
ac_cv_env_CXXFLAGS_value=-DNDEBUG
ac_cv_env_CXX_set=
ac_cv_env_CXX_value=
ac_cv_env_LDFLAGS_set=
ac_cv_env_LDFLAGS_value=
ac_cv_env_LIBS_set=
ac_cv_env_LIBS_value=
ac_cv_env_LT_SYS_LIBRARY_PATH_set=
ac_cv_env_LT_SYS_LIBRARY_PATH_value=
ac_cv_env_PKG_CONFIG_LIBDIR_set=
ac_cv_env_PKG_CONFIG_LIBDIR_value=
ac_cv_env_PKG_CONFIG_PATH_set=
ac_cv_env_PKG_CONFIG_PATH_value=
ac_cv_env_PKG_CONFIG_set=
ac_cv_env_PKG_CONFIG_value=
ac_cv_env_build_alias_set=
ac_cv_env_build_alias_value=
ac_cv_env_host_alias_set=
ac_cv_env_host_alias_value=
ac_cv_env_target_alias_set=
ac_cv_env_target_alias_value=
ac_cv_header_bluetooth_bluetooth_h=no
ac_cv_header_bluetooth_rfcomm_h=no
ac_cv_header_dlfcn_h=yes
ac_cv_header_ifaddrs_h=yes
ac_cv_header_inttypes_h=yes
ac_cv_header_linux_can_error_h=yes
ac_cv_header_linux_can_h=yes
ac_cv_header_linux_can_netlink_h=yes
ac_cv_header_linux_can_raw_h=yes
ac_cv_header_linux_rtnetlink_h=yes
ac_cv_header_minix_config_h=no
ac_cv_header_stdint_h=yes
ac_cv_header_stdio_h=yes
ac_cv_header_stdlib_h=yes
ac_cv_header_string_h=yes
ac_cv_header_strings_h=yes
ac_cv_header_sys_epoll_h=yes
ac_cv_header_sys_ioctl_h=yes
ac_cv_header_sys_stat_h=yes
ac_cv_header_sys_types_h=yes
ac_cv_header_unistd_h=yes
ac_cv_header_valgrind_valgrind_h=no
ac_cv_header_wchar_h=yes
ac_cv_host=x86_64-pc-linux-gnu
ac_cv_lib_rt_timer_create=yes
ac_cv_objext=o
ac_cv_path_EGREP='/usr/bin/grep -E'
ac_cv_path_FGREP='/usr/bin/grep -F'
ac_cv_path_GREP=/usr/bin/grep
ac_cv_path_SED=/usr/bin/sed
ac_cv_path_ac_pt_PKG_CONFIG=/usr/bin/pkg-config
ac_cv_path_install='/usr/bin/install -c'
ac_cv_path_lt_DD=/usr/bin/dd
ac_cv_path_mkdir=/usr/bin/mkdir
ac_cv_prog_AWK=mawk
ac_cv_prog_CPP='gcc -E'
ac_cv_prog_CXXCPP='g++ -std=gnu++11 -E'
ac_cv_prog_ac_ct_AR=ar
ac_cv_prog_ac_ct_CC=gcc
ac_cv_prog_ac_ct_CXX=g++
ac_cv_prog_ac_ct_FILECMD=file
ac_cv_prog_ac_ct_OBJDUMP=objdump
ac_cv_prog_ac_ct_RANLIB=ranlib
ac_cv_prog_ac_ct_STRIP=strip
ac_cv_prog_cc_c11=
ac_cv_prog_cc_g=yes
ac_cv_prog_cc_stdc=
ac_cv_prog_cxx_cxx11=
ac_cv_prog_cxx_g=yes
ac_cv_prog_cxx_stdcxx=
ac_cv_prog_make_make_set=yes
ac_cv_safe_to_define___extensions__=yes
ac_cv_search_str2ba=no
ac_cv_should_define__xopen_source=no
ac_cv_target=x86_64-pc-linux-gnu
am_cv_CC_dependencies_compiler_type=gcc3
am_cv_CXX_dependencies_compiler_type=gcc3
am_cv_make_support_nested_variables=yes
am_cv_prog_cc_c_o=yes
ax_cv_PTHREAD_CLANG=no
ax_cv_PTHREAD_JOINABLE_ATTR=PTHREAD_CREATE_JOINABLE
ax_cv_PTHREAD_PRIO_INHERIT=yes
ax_cv_PTHREAD_SPECIAL_FLAGS=no
ax_cv_cxx_compile_cxx11__std_gnupp11=yes
lt_cv_ar_at_file=@
lt_cv_archive_cmds_need_lc=no
lt_cv_deplibs_check_method=pass_all
lt_cv_file_magic_cmd='$MAGIC_CMD'
lt_cv_file_magic_test_file=
lt_cv_ld_reload_flag=-r
lt_cv_nm_interface='BSD nm'
lt_cv_objdir=.libs
lt_cv_path_LD=/usr/bin/ld
lt_cv_path_LDCXX='/usr/bin/ld -m elf_x86_64'
lt_cv_path_NM='/usr/bin/nm -B'
lt_cv_path_mainfest_tool=no
lt_cv_prog_compiler_c_o=yes
lt_cv_prog_compiler_c_o_CXX=yes
lt_cv_prog_compiler_c_o_RC=yes
lt_cv_prog_compiler_pic='-fPIC -DPIC'
lt_cv_prog_compiler_pic_CXX='-fPIC -DPIC'
lt_cv_prog_compiler_pic_works=yes
lt_cv_prog_compiler_pic_works_CXX=yes
lt_cv_prog_compiler_rtti_exceptions=no
lt_cv_prog_compiler_static_works=yes
lt_cv_prog_compiler_static_works_CXX=yes
lt_cv_prog_gnu_ld=yes
lt_cv_prog_gnu_ldcxx=yes
lt_cv_sharedlib_from_linklib_cmd='printf %s\n'
lt_cv_shlibpath_overrides_runpath=yes
lt_cv_sys_global_symbol_pipe='/usr/bin/sed -n -e '\''s/^.*[	 ]\([ABCDGIRSTW][ABCDGIRSTW]*\)[	 ][	 ]*\([_A-Za-z][_A-Za-z0-9]*\)$/\1 \2 \2/p'\'' | /usr/bin/sed '\''/ __gnu_lto/d'\'''
lt_cv_sys_global_symbol_to_c_name_address='/usr/bin/sed -n -e '\''s/^: \(.*\) .*$/  {"\1", (void *) 0},/p'\'' -e '\''s/^[ABCDGIRSTW][ABCDGIRSTW]* .* \(.*\)$/  {"\1", (void *) \&\1},/p'\'''
lt_cv_sys_global_symbol_to_c_name_address_lib_prefix='/usr/bin/sed -n -e '\''s/^: \(.*\) .*$/  {"\1", (void *) 0},/p'\'' -e '\''s/^[ABCDGIRSTW][ABCDGIRSTW]* .* \(lib.*\)$/  {"\1", (void *) \&\1},/p'\'' -e '\''s/^[ABCDGIRSTW][ABCDGIRSTW]* .* \(.*\)$/  {"lib\1", (void *) \&\1},/p'\'''
lt_cv_sys_global_symbol_to_cdecl='/usr/bin/sed -n -e '\''s/^T .* \(.*\)$/extern int \1();/p'\'' -e '\''s/^[ABCDGIRSTW][ABCDGIRSTW]* .* \(.*\)$/extern char \1;/p'\'''
lt_cv_sys_global_symbol_to_import=
lt_cv_sys_max_cmd_len=1572864
lt_cv_to_host_file_cmd=func_convert_file_noop
lt_cv_to_tool_file_cmd=func_convert_file_noop
lt_cv_truncate_bin='/usr/bin/dd bs=4096 count=1'

## ----------------- ##
## Output variables. ##
## ----------------- ##



























		$(foreach tool, $(valgrind_enabled_tools), check-valgrind-$(tool))
		LOG_COMPILER="$$(VALGRIND_LOG_COMPILER)" \
		LOG_FLAGS="$$(valgrind_$(1)_flags)" \
		TESTS_ENVIRONMENT="$$(VALGRIND_TESTS_ENVIRONMENT)" \
		TEST_SUITE_LOG=test-suite-$(1).log
	$$(valgrind_v_use)$$(MAKE) check-TESTS \
	$(AM_V_at)$(MAKE) $(AM_MAKEFLAGS) -k \
	$(TESTS_ENVIRONMENT) \
	$(VALGRIND) $(VALGRIND_SUPPRESSIONS) --error-exitcode=1 $(VALGRIND_FLAGS)
	$(valgrind_lt) \
	@echo "Need to reconfigure with --enable-code-coverage"
	@echo "Need to reconfigure with --enable-code-coverage"
	@echo "Need to reconfigure with --enable-valgrind"
	@echo "Need to reconfigure with --enable-valgrind"
	@echo "Need to reconfigure with --enable-valgrind-$(1)"
	G_DEBUG=fatal-warnings,fatal-criticals,gc-friendly
	G_SLICE=always-malloc,debug-blocks \
	env VALGRIND=$(VALGRIND) \
 $(CODE_COVERAGE_IGNORE_PATTERN);
 $(CODE_COVERAGE_OUTPUT_FILE);
#
#
#
#    $(PACKAGE_NAME)-$(PACKAGE_VERSION)-coverage)
#    $(PACKAGE_NAME)-$(PACKAGE_VERSION)-coverage.info)
#    (Default: $(top_builddir))
#    (Default: --num-callers=30)
#    (Default: empty)
#    Multiple directories may be specified, separated by whitespace.
#    by lcov for code coverage. (Default:
#    collecting lcov instance. (Default: $CODE_COVERAGE_LCOV_OPTIONS_GCOVPATH)
#    files to load. (Default: empty)
#    genhtml instance. (Default: based on $CODE_COVERAGE_BRANCH_COVERAGE)
#    instance. (Default: $CODE_COVERAGE_GENHTML_OPTIONS_DEFAULT)
#    instance. (Default: $CODE_COVERAGE_LCOV_OPTIONS_DEFAULT)
#    instance. (Default: $CODE_COVERAGE_LCOV_RMOPTS_DEFAULT)
#    instances. (Default: $CODE_COVERAGE_LCOV_SHOPTS_DEFAULT)
#    instances. (Default: based on $CODE_COVERAGE_BRANCH_COVERAGE)
#    lcov instance. (Default: empty)
#    memcheck, helgrind, drd, sgcheck). (Default: various)
#    reports to be created. (Default:
#    set to 0 to disable it and leave empty to stay with the default.
#  - CODE_COVERAGE_BRANCH_COVERAGE: Set to 1 to enforce branch coverage,
#  - CODE_COVERAGE_DIRECTORY: Top-level directory for code coverage reporting.
#  - CODE_COVERAGE_GENHTML_OPTIONS: Extra options to pass to the genhtml
#  - CODE_COVERAGE_GENHTML_OPTIONS_DEFAULT: Extra options to pass to the
#  - CODE_COVERAGE_IGNORE_PATTERN: Extra glob pattern of files to ignore
#  - CODE_COVERAGE_LCOV_OPTIONS: Extra options to pass to the collecting lcov
#  - CODE_COVERAGE_LCOV_OPTIONS_DEFAULT: Extra options to pass to the
#  - CODE_COVERAGE_LCOV_OPTIONS_GCOVPATH: --gcov-tool pathtogcov
#  - CODE_COVERAGE_LCOV_RMOPTS: Extra options to pass to the filtering lcov
#  - CODE_COVERAGE_LCOV_RMOPTS_DEFAULT: Extra options to pass to the filtering
#  - CODE_COVERAGE_LCOV_SHOPTS: Extra options to shared between both lcov
#  - CODE_COVERAGE_LCOV_SHOPTS_DEFAULT: Extra options shared between both lcov
#  - CODE_COVERAGE_OUTPUT_DIRECTORY: Directory for generated code coverage
#  - CODE_COVERAGE_OUTPUT_FILE: Filename and path for the .info file generated
#  - VALGRIND_$toolname_FLAGS: Flags to pass to Valgrind $toolname (one of:
#  - VALGRIND_FLAGS: General flags to pass to all Valgrind tools.
#  - VALGRIND_SUPPRESSIONS_FILES: Space-separated list of Valgrind suppressions
# $(PACKAGE_VERSION). In order to add the current git hash to the title,
# Capture code coverage data
# Code coverage
# Hook rule executed before code-coverage-capture, overridable by the user
# Internal use
# Optional variables
# Optional variables
# Optional:
# Optional:
# Support running with and without libtool.
# The generated report will be titled using the $(PACKAGE_NAME) and
# Use recursive makes in order to ignore errors during check
# Use recursive makes in order to ignore errors during check
# Valgrind check
# Valgrind running
# sanitizes the test-name: replaces with underscores: dashes and dots
# use the git-version-gen script, available online.
$(foreach tool,$(valgrind_tools),$(eval $(call valgrind_tool_rule,$(tool))))
$(if $(CODE_COVERAGE_BRANCH_COVERAGE),\
'
'
--rc genhtml_branch_coverage=$(CODE_COVERAGE_BRANCH_COVERAGE))
--rc lcov_branch_coverage=$(CODE_COVERAGE_BRANCH_COVERAGE))
.PHONY: check-code-coverage code-coverage-capture code-coverage-capture-hook code-coverage-clean
.PHONY: check-valgrind $(add-prefix check-valgrind-,$(valgrind_tools))
ACLOCAL='${SHELL} '\''/husarion_ws/build/husarion_ugv_hardware_interfaces/ep_liblely/upstream/missing'\'' aclocal-1.16'
AMDEPBACKSLASH='\'
AMDEP_FALSE='#'
AMDEP_TRUE=''
AMTAR='$${TAR-tar}'
AM_BACKSLASH='\'
AM_DEFAULT_V='$(AM_DEFAULT_VERBOSITY)'
AM_DEFAULT_VERBOSITY='0'
AM_DISTCHECK_CONFIGURE_FLAGS += --disable-code-coverage
AM_DISTCHECK_CONFIGURE_FLAGS += --disable-valgrind
AM_DISTCHECK_CONFIGURE_FLAGS ?=
AM_DISTCHECK_CONFIGURE_FLAGS ?=
AM_V='$(V)'
AR='ar'
AS='as'
AUTOCONF='${SHELL} '\''/husarion_ws/build/husarion_ugv_hardware_interfaces/ep_liblely/upstream/missing'\'' autoconf'
AUTOHEADER='${SHELL} '\''/husarion_ws/build/husarion_ugv_hardware_interfaces/ep_liblely/upstream/missing'\'' autoheader'
AUTOMAKE='${SHELL} '\''/husarion_ws/build/husarion_ugv_hardware_interfaces/ep_liblely/upstream/missing'\'' automake-1.16'
AWK='mawk'
BINFMT_EXEC=''
CC='gcc'
CCDEPMODE='depmode=gcc3'
CFLAGS='-Wall -Wextra -pedantic -Werror -Wno-static-in-inline -pthread -DNDEBUG'
CODE_COVERAGE_BRANCH_COVERAGE ?=
CODE_COVERAGE_CFLAGS=''
CODE_COVERAGE_CPPFLAGS=''
CODE_COVERAGE_CXXFLAGS=''
CODE_COVERAGE_DIRECTORY ?= $(top_builddir)
CODE_COVERAGE_ENABLED='no'
CODE_COVERAGE_ENABLED_FALSE=''
CODE_COVERAGE_ENABLED_TRUE='#'
CODE_COVERAGE_GENHTML_OPTIONS ?= $(CODE_COVERAGE_GENHTML_OPTIONS_DEFAULT)
CODE_COVERAGE_GENHTML_OPTIONS_DEFAULT ?=\
CODE_COVERAGE_IGNORE_PATTERN ?=
CODE_COVERAGE_LCOV_OPTIONS ?= $(CODE_COVERAGE_LCOV_OPTIONS_DEFAULT)
CODE_COVERAGE_LCOV_OPTIONS_DEFAULT ?= $(CODE_COVERAGE_LCOV_OPTIONS_GCOVPATH)
CODE_COVERAGE_LCOV_OPTIONS_GCOVPATH ?= --gcov-tool "$(GCOV)"
CODE_COVERAGE_LCOV_RMOPTS ?= $(CODE_COVERAGE_LCOV_RMOPTS_DEFAULT)
CODE_COVERAGE_LCOV_RMOPTS_DEFAULT ?=
CODE_COVERAGE_LCOV_SHOPTS ?= $(CODE_COVERAGE_LCOV_SHOPTS_DEFAULT)
CODE_COVERAGE_LCOV_SHOPTS_DEFAULT ?= $(if $(CODE_COVERAGE_BRANCH_COVERAGE),\
CODE_COVERAGE_LDFLAGS=''
CODE_COVERAGE_LIBS=''
CODE_COVERAGE_OUTPUT_DIRECTORY ?= $(PACKAGE_NAME)-$(PACKAGE_VERSION)-coverage
CODE_COVERAGE_OUTPUT_FILE ?= $(PACKAGE_NAME)-$(PACKAGE_VERSION)-coverage.info
CODE_COVERAGE_RULES='
CPP='gcc -E'
CPPFLAGS=''
CPPUTEST_CFLAGS=''
CPPUTEST_LIBS=''
CSCOPE='cscope'
CTAGS='ctags'
CXX='g++ -std=gnu++11'
CXXCPP='g++ -std=gnu++11 -E'
CXXDEPMODE='depmode=gcc3'
CXXFLAGS='-Wall -Wextra -pedantic -Werror -DNDEBUG'
CYGPATH_W='echo'
DEFS='-DHAVE_CONFIG_H'
DEPDIR='.deps'
DLLTOOL='false'
DOXYGEN=''
DSYMUTIL=''
DUMPBIN=''
ECHO_C=''
ECHO_N='-n'
ECHO_T=''
ECSS_COMPLIANCE_FALSE=''
ECSS_COMPLIANCE_TRUE='#'
EGREP='/usr/bin/grep -E'
ENABLE_SHARED_FALSE='#'
ENABLE_SHARED_TRUE=''
ENABLE_VALGRIND_drd='no'
ENABLE_VALGRIND_helgrind='no'
ENABLE_VALGRIND_memcheck='no'
ENABLE_VALGRIND_sgcheck='no'
ETAGS='etags'
EXEEXT=''
FGREP='/usr/bin/grep -F'
FILECMD='file'
GCOV=''
GENHTML=''
GITIGNOREFILES += $(CODE_COVERAGE_OUTPUT_FILE) $(CODE_COVERAGE_OUTPUT_DIRECTORY)
GITIGNOREFILES ?=
GREP='/usr/bin/grep'
HAVE_CXX11='1'
HAVE_DOXYGEN_FALSE=''
HAVE_DOXYGEN_TRUE='#'
HAVE_IXXAT_FALSE=''
HAVE_IXXAT_TRUE='#'
HAVE_PTHREAD_FALSE='#'
HAVE_PTHREAD_TRUE=''
HAVE_PYTHON2_FALSE=''
HAVE_PYTHON2_TRUE='#'
HAVE_PYTHON3_FALSE=''
HAVE_PYTHON3_TRUE='#'
HAVE_SOCKET_CAN_FALSE='#'
HAVE_SOCKET_CAN_TRUE=''
HAVE_VCI_FALSE=''
HAVE_VCI_TRUE='#'
INSTALL_DATA='${INSTALL} -m 644'
INSTALL_PROGRAM='${INSTALL}'
INSTALL_SCRIPT='${INSTALL}'
INSTALL_STRIP_PROGRAM='$(install_sh) -c -s'
LCOV=''
LD='/usr/bin/ld -m elf_x86_64'
LDFLAGS=''
LIBOBJS=''
LIBS=' '
LIBTOOL='$(SHELL) $(top_builddir)/libtool'
LIPO=''
LN_S='ln -s'
LTLIBOBJS=''
LT_SYS_LIBRARY_PATH=''
MAINT=''
MAINTAINER_MODE_FALSE='#'
MAINTAINER_MODE_TRUE=''
MAKEINFO='${SHELL} '\''/husarion_ws/build/husarion_ugv_hardware_interfaces/ep_liblely/upstream/missing'\'' makeinfo'
MANIFEST_TOOL=':'
MKDIR_P='/usr/bin/mkdir -p'
MOSTLYCLEANFILES += $(valgrind_log_files)
MOSTLYCLEANFILES ?=
NM='/usr/bin/nm -B'
NMEDIT=''
NO_CANFD_FALSE=''
NO_CANFD_TRUE='#'
NO_COAPP_MASTER_FALSE=''
NO_COAPP_MASTER_TRUE='#'
NO_COAPP_SLAVE_FALSE=''
NO_COAPP_SLAVE_TRUE='#'
NO_CO_CSDO_FALSE=''
NO_CO_CSDO_TRUE='#'
NO_CO_DCF_FALSE=''
NO_CO_DCF_RESTORE_FALSE=''
NO_CO_DCF_RESTORE_TRUE='#'
NO_CO_DCF_TRUE='#'
NO_CO_EMCY_FALSE=''
NO_CO_EMCY_TRUE='#'
NO_CO_GW_FALSE=''
NO_CO_GW_TRUE='#'
NO_CO_GW_TXT_FALSE=''
NO_CO_GW_TXT_TRUE='#'
NO_CO_LSS_FALSE=''
NO_CO_LSS_TRUE='#'
NO_CO_MASTER_FALSE=''
NO_CO_MASTER_TRUE='#'
NO_CO_MPDO_FALSE=''
NO_CO_MPDO_TRUE='#'
NO_CO_NG_FALSE=''
NO_CO_NG_TRUE='#'
NO_CO_NMT_BOOT_FALSE=''
NO_CO_NMT_BOOT_TRUE='#'
NO_CO_NMT_CFG_FALSE=''
NO_CO_NMT_CFG_TRUE='#'
NO_CO_OBJ_DEFAULT_FALSE=''
NO_CO_OBJ_DEFAULT_TRUE='#'
NO_CO_OBJ_FILE_FALSE=''
NO_CO_OBJ_FILE_TRUE='#'
NO_CO_OBJ_LIMITS_FALSE=''
NO_CO_OBJ_LIMITS_TRUE='#'
NO_CO_OBJ_NAME_FALSE=''
NO_CO_OBJ_NAME_TRUE='#'
NO_CO_OBJ_UPLOAD_FALSE=''
NO_CO_OBJ_UPLOAD_TRUE='#'
NO_CO_RPDO_FALSE=''
NO_CO_RPDO_TRUE='#'
NO_CO_SDEV_FALSE=''
NO_CO_SDEV_TRUE='#'
NO_CO_SYNC_FALSE=''
NO_CO_SYNC_TRUE='#'
NO_CO_TIME_FALSE=''
NO_CO_TIME_TRUE='#'
NO_CO_TPDO_FALSE=''
NO_CO_TPDO_TRUE='#'
NO_CO_WTM_FALSE=''
NO_CO_WTM_TRUE='#'
NO_CXX_FALSE=''
NO_CXX_TRUE='#'
NO_CYTHON_FALSE=''
NO_CYTHON_TRUE='#'
NO_DAEMON_FALSE=''
NO_DAEMON_TRUE='#'
NO_DIAG_FALSE=''
NO_DIAG_TRUE='#'
NO_MALLOC_FALSE=''
NO_MALLOC_TRUE='#'
NO_RT_FALSE=''
NO_RT_TRUE='#'
NO_STDIO_FALSE=''
NO_STDIO_TRUE='#'
NO_TESTS_FALSE='#'
NO_TESTS_TRUE=''
NO_THREADS_FALSE=''
NO_THREADS_TRUE='#'
NO_TOOLS_FALSE=''
NO_TOOLS_TRUE='#'
NO_UNIT_TESTS_FALSE='#'
NO_UNIT_TESTS_MEMLEAK_FALSE='#'
NO_UNIT_TESTS_MEMLEAK_TRUE=''
NO_UNIT_TESTS_TRUE=''
OBJDUMP='objdump'
OBJEXT='o'
OTOOL64=''
OTOOL=''
PACKAGE='lely-core'
PACKAGE_BUGREPORT=''
PACKAGE_NAME='Lely core libraries'
PACKAGE_STRING='Lely core libraries 2.3.3'
PACKAGE_TARNAME='lely-core'
PACKAGE_URL=''
PACKAGE_VERSION='2.3.3'
PATH_SEPARATOR=':'
PKG_CONFIG='/usr/bin/pkg-config'
PKG_CONFIG_LIBDIR=''
PKG_CONFIG_PATH=''
PLATFORM_LINUX_FALSE='#'
PLATFORM_LINUX_TRUE=''
PLATFORM_POSIX_FALSE='#'
PLATFORM_POSIX_TRUE=''
PLATFORM_WIN32_FALSE=''
PLATFORM_WIN32_TRUE='#'
PTHREAD_CC='gcc'
PTHREAD_CFLAGS='-pthread'
PTHREAD_LIBS=''
PYTHON2=''
PYTHON3=''
RANLIB='ranlib'
RC=''
RT_LIBS='-lrt'
SCRIPT_EXEC=''
SED='/usr/bin/sed'
SET_MAKE=''
SHELL='/bin/bash'
STRIP='strip'
VALGRIND=''
VALGRIND_CHECK_RULES='
VALGRIND_ENABLED='no'
VALGRIND_ENABLED_FALSE=''
VALGRIND_ENABLED_TRUE='#'
VALGRIND_FLAGS ?= --num-callers=30
VALGRIND_LOG_COMPILER = \
VALGRIND_SUPPRESSIONS ?= $(addprefix --suppressions=,$(VALGRIND_SUPPRESSIONS_FILES))
VALGRIND_TESTS_ENVIRONMENT = \
VALGRIND_drd_FLAGS ?=
VALGRIND_helgrind_FLAGS ?= --history-level=approx
VALGRIND_memcheck_FLAGS ?= --leak-check=full --show-reachable=no
VALGRIND_sgcheck_FLAGS ?=
VERSION='2.3.3'
VERSION_MAJOR='2'
VERSION_MINOR='3'
VERSION_PATCH='3'
ac_ct_AR='ar'
ac_ct_CC='gcc'
ac_ct_CXX='g++'
ac_ct_DUMPBIN=''
am__EXEEXT_FALSE=''
am__EXEEXT_TRUE='#'
am__fastdepCC_FALSE='#'
am__fastdepCC_TRUE=''
am__fastdepCXX_FALSE='#'
am__fastdepCXX_TRUE=''
am__include='include'
am__isrc=' -I$(srcdir)'
am__leading_dot='.'
am__nodep='_no'
am__quote=''
am__tar='$${TAR-tar} chof - "$$tardir"'
am__untar='$${TAR-tar} xf -'
ax_pthread_config=''
bindir='${exec_prefix}/bin'
build='x86_64-pc-linux-gnu'
build_alias=''
build_cpu='x86_64'
build_os='linux-gnu'
build_vendor='pc'
check-code-coverage: 
check-valgrind-$(1)-am:
check-valgrind-am:
code-coverage-capture-hook:
code-coverage-capture: code-coverage-capture-hook
code_coverage_quiet = $(code_coverage_quiet_$(V))
code_coverage_quiet_ = $(code_coverage_quiet_$(AM_DEFAULT_VERBOSITY))
code_coverage_quiet_0 = --quiet
code_coverage_sanitize = $(subst -,_,$(subst .,_,$(1)))
code_coverage_v_genhtml = $(code_coverage_v_genhtml_$(V))
code_coverage_v_genhtml_ = $(code_coverage_v_genhtml_$(AM_DEFAULT_VERBOSITY))
code_coverage_v_genhtml_0 = @echo "  GEN   " $(CODE_COVERAGE_OUTPUT_DIRECTORY);
code_coverage_v_lcov_cap = $(code_coverage_v_lcov_cap_$(V))
code_coverage_v_lcov_cap_ = $(code_coverage_v_lcov_cap_$(AM_DEFAULT_VERBOSITY))
code_coverage_v_lcov_cap_0 = @echo "  LCOV   --capture"\
code_coverage_v_lcov_ign = $(code_coverage_v_lcov_ign_$(V))
code_coverage_v_lcov_ign_ = $(code_coverage_v_lcov_ign_$(AM_DEFAULT_VERBOSITY))
code_coverage_v_lcov_ign_0 = @echo "  LCOV   --remove /tmp/*"\
datadir='${datarootdir}'
datarootdir='${prefix}/share'
define valgrind_tool_rule
docdir='${datarootdir}/doc/${PACKAGE_TARNAME}'
dvidir='${docdir}'
else
else
else
else ifeq ($$(VALGRIND_ENABLED),yes)
endef
endif
endif
endif
endif
exec_prefix='${prefix}'
host='x86_64-pc-linux-gnu'
host_alias=''
host_cpu='x86_64'
host_os='linux-gnu'
host_vendor='pc'
htmldir='${docdir}'
ifeq ($$(VALGRIND_ENABLED)-$$(ENABLE_VALGRIND_$(1)),yes-yes)
ifeq ($(VALGRIND_ENABLED),yes)
ifneq ($$(TESTS),)
ifneq ($(LIBTOOL),)
includedir='${prefix}/include'
infodir='${datarootdir}/info'
install_sh='${SHELL} /husarion_ws/build/husarion_ugv_hardware_interfaces/ep_liblely/upstream/install-sh'
libdir='${exec_prefix}/lib'
libexecdir='${exec_prefix}/libexec'
localedir='${datarootdir}/locale'
localstatedir='${prefix}/var'
mandir='${datarootdir}/man'
mkdir_p='$(MKDIR_P)'
oldincludedir='/usr/include'
pdfdir='${docdir}'
prefix='/husarion_ws/install/husarion_ugv_hardware_interfaces'
program_transform_name='s,x,x,'
psdir='${docdir}'
runstatedir='${localstatedir}/run'
sbindir='${exec_prefix}/sbin'
sharedstatedir='${prefix}/com'
sysconfdir='${prefix}/etc'
target='x86_64-pc-linux-gnu'
target_alias=''
target_cpu='x86_64'
target_os='linux-gnu'
target_vendor='pc'
valgrind_drd_flags = --tool=drd $(VALGRIND_drd_FLAGS)
valgrind_enabled_tools=''
valgrind_helgrind_flags = --tool=helgrind $(VALGRIND_helgrind_FLAGS)
valgrind_log_files = $(addprefix test-suite-,$(addsuffix .log,$(valgrind_tools)))
valgrind_lt =
valgrind_lt = $(LIBTOOL) $(AM_LIBTOOLFLAGS) $(LIBTOOLFLAGS) --mode=execute
valgrind_memcheck_flags = --tool=memcheck $(VALGRIND_memcheck_FLAGS)
valgrind_quiet = $(valgrind_quiet_$(V))
valgrind_quiet_ = $(valgrind_quiet_$(AM_DEFAULT_VERBOSITY))
valgrind_quiet_0 = --quiet
valgrind_sgcheck_flags = --tool=exp-sgcheck $(VALGRIND_sgcheck_FLAGS)
valgrind_tools='memcheck helgrind drd sgcheck'
valgrind_v_use   = $(valgrind_v_use_$(V))
valgrind_v_use_  = $(valgrind_v_use_$(AM_DEFAULT_VERBOSITY))
valgrind_v_use_0 = @echo "  USE   " $(patsubst check-valgrind-%-am,%,$@):;

## ----------- ##
## confdefs.h. ##
## ----------- ##

/* confdefs.h */
#define PACKAGE_NAME "Lely core libraries"
#define PACKAGE_TARNAME "lely-core"
#define PACKAGE_VERSION "2.3.3"
#define PACKAGE_STRING "Lely core libraries 2.3.3"
#define PACKAGE_BUGREPORT ""
#define PACKAGE_URL ""
#define PACKAGE "lely-core"
#define VERSION "2.3.3"
#define HAVE_STDIO_H 1
#define HAVE_STDLIB_H 1
#define HAVE_STRING_H 1
#define HAVE_INTTYPES_H 1
#define HAVE_STDINT_H 1
#define HAVE_STRINGS_H 1
#define HAVE_SYS_STAT_H 1
#define HAVE_SYS_TYPES_H 1
#define HAVE_UNISTD_H 1
#define HAVE_WCHAR_H 1
#define STDC_HEADERS 1
#define _ALL_SOURCE 1
#define _DARWIN_C_SOURCE 1
#define _GNU_SOURCE 1
#define _HPUX_ALT_XOPEN_SOCKET_API 1
#define _NETBSD_SOURCE 1
#define _OPENBSD_SOURCE 1
#define _POSIX_PTHREAD_SEMANTICS 1
#define __STDC_WANT_IEC_60559_ATTRIBS_EXT__ 1
#define __STDC_WANT_IEC_60559_BFP_EXT__ 1
#define __STDC_WANT_IEC_60559_DFP_EXT__ 1
#define __STDC_WANT_IEC_60559_FUNCS_EXT__ 1
#define __STDC_WANT_IEC_60559_TYPES_EXT__ 1
#define __STDC_WANT_LIB_EXT2__ 1
#define __STDC_WANT_MATH_SPEC_FUNCS__ 1
#define _TANDEM_SOURCE 1
#define __EXTENSIONS__ 1
#define HAVE_CXX11 1
#define HAVE_DLFCN_H 1
#define LT_OBJDIR ".libs/"
#define HAVE_PTHREAD_PRIO_INHERIT 1
#define HAVE_LINUX_CAN_H 1
#define LELY_HAVE_SOCKET_CAN 1
#define HAVE_LINUX_CAN_ERROR_H 1
#define HAVE_IFADDRS_H 1
#define HAVE_LINUX_CAN_NETLINK_H 1
#define HAVE_LINUX_CAN_RAW_H 1
#define HAVE_CAN_RAW_FD_FRAMES 1
#define HAVE_LINUX_RTNETLINK_H 1
#define HAVE_SYS_EPOLL_H 1
#define HAVE_SYS_IOCTL_H 1

configure: exit 0
