[0.041s] Invoking command in '/husarion_ws/build/btcpp_ros2_samples': CMAKE_PREFIX_PATH=/husarion_ws/install/behaviortree_ros2:/husarion_ws/install/btcpp_ros2_interfaces:/husarion_ws/install/husarion_ugv:/husarion_ws/install/husarion_ugv_gazebo:/husarion_ws/install/husarion_ugv_controller:/husarion_ws/install/husarion_ugv_description:/husarion_ws/install/ros_components_description:/husarion_ws/install/mecanum_drive_controller:/husarion_ws/install/husarion_ugv_manager:/husarion_ws/install/husarion_ugv_localization:/husarion_ws/install/husarion_ugv_lights:/husarion_ws/install/husarion_ugv_utils:/husarion_ws/install/husarion_ugv_msgs:/husarion_ws/install/husarion_gz_worlds:/opt/ros/jazzy/opt/gz_sim_vendor:/opt/ros/jazzy/opt/gz_sensors_vendor:/opt/ros/jazzy/opt/gz_physics_vendor:/opt/ros/jazzy/opt/sdformat_vendor:/opt/ros/jazzy/opt/gz_gui_vendor:/opt/ros/jazzy/opt/gz_transport_vendor:/opt/ros/jazzy/opt/gz_rendering_vendor:/opt/ros/jazzy/opt/gz_plugin_vendor:/opt/ros/jazzy/opt/gz_fuel_tools_vendor:/opt/ros/jazzy/opt/gz_msgs_vendor:/opt/ros/jazzy/opt/gz_common_vendor:/opt/ros/jazzy/opt/gz_math_vendor:/opt/ros/jazzy/opt/gz_utils_vendor:/opt/ros/jazzy/opt/gz_tools_vendor:/opt/ros/jazzy/opt/gz_ogre_next_vendor:/opt/ros/jazzy/opt/gz_dartsim_vendor:/opt/ros/jazzy/opt/gz_cmake_vendor:/opt/ros/jazzy LD_LIBRARY_PATH=/husarion_ws/install/btcpp_ros2_interfaces/lib:/husarion_ws/install/husarion_ugv_gazebo/lib:/husarion_ws/install/mecanum_drive_controller/lib:/husarion_ws/install/husarion_ugv_manager/lib:/husarion_ws/install/husarion_ugv_lights/lib:/husarion_ws/install/husarion_ugv_msgs/lib:/husarion_ws/install/behaviortree_ros2/lib:/opt/ros/jazzy/opt/gz_sim_vendor/lib:/opt/ros/jazzy/opt/gz_sensors_vendor/lib:/opt/ros/jazzy/opt/gz_physics_vendor/lib:/opt/ros/jazzy/opt/sdformat_vendor/lib:/opt/ros/jazzy/opt/rviz_ogre_vendor/lib:/opt/ros/jazzy/lib/x86_64-linux-gnu:/opt/ros/jazzy/opt/libphidget22/lib:/opt/ros/jazzy/opt/gz_gui_vendor/lib:/opt/ros/jazzy/opt/gz_transport_vendor/lib:/opt/ros/jazzy/opt/gz_rendering_vendor/lib:/opt/ros/jazzy/opt/gz_plugin_vendor/lib:/opt/ros/jazzy/opt/gz_fuel_tools_vendor/lib:/opt/ros/jazzy/opt/gz_msgs_vendor/lib:/opt/ros/jazzy/opt/gz_common_vendor/lib:/opt/ros/jazzy/opt/gz_math_vendor/lib:/opt/ros/jazzy/opt/gz_utils_vendor/lib:/opt/ros/jazzy/opt/gz_tools_vendor/lib:/opt/ros/jazzy/opt/gz_ogre_next_vendor/lib:/opt/ros/jazzy/opt/gz_dartsim_vendor/lib:/opt/ros/jazzy/opt/gz_cmake_vendor/lib:/opt/ros/jazzy/lib PYTHONPATH=/husarion_ws/install/btcpp_ros2_interfaces/lib/python3.12/site-packages:/husarion_ws/install/husarion_ugv_utils/lib/python3.12/site-packages:/husarion_ws/install/husarion_ugv_msgs/lib/python3.12/site-packages:/opt/ros/jazzy/lib/python3.12/site-packages /usr/bin/cmake /husarion_ws/src/behaviortree_ros2/btcpp_ros2_samples -DCMAKE_INSTALL_PREFIX=/husarion_ws/install/btcpp_ros2_samples
[0.090s] -- The C compiler identification is GNU 13.3.0
[0.161s] -- The CXX compiler identification is GNU 13.3.0
[0.174s] -- Detecting C compiler ABI info
[0.245s] -- Detecting C compiler ABI info - done
[0.252s] -- Check for working C compiler: /usr/bin/cc - skipped
[0.252s] -- Detecting C compile features
[0.252s] -- Detecting C compile features - done
[0.259s] -- Detecting CXX compiler ABI info
[0.335s] -- Detecting CXX compiler ABI info - done
[0.342s] -- Check for working CXX compiler: /usr/bin/c++ - skipped
[0.342s] -- Detecting CXX compile features
[0.342s] -- Detecting CXX compile features - done
[0.347s] -- Found ament_cmake: 2.5.4 (/opt/ros/jazzy/share/ament_cmake/cmake)
[0.490s] -- Found Python3: /usr/bin/python3 (found version "3.12.3") found components: Interpreter 
[0.700s] -- Found behaviortree_ros2: 0.2.0 (/husarion_ws/install/behaviortree_ros2/share/behaviortree_ros2/cmake)
[1.199s] -- Found rosidl_generator_c: 4.6.5 (/opt/ros/jazzy/share/rosidl_generator_c/cmake)
[1.360s] -- Found rosidl_generator_cpp: 4.6.5 (/opt/ros/jazzy/share/rosidl_generator_cpp/cmake)
[1.495s] -- Using all available rosidl_typesupport_c: rosidl_typesupport_fastrtps_c;rosidl_typesupport_introspection_c
[1.683s] -- Using all available rosidl_typesupport_cpp: rosidl_typesupport_fastrtps_cpp;rosidl_typesupport_introspection_cpp
[2.312s] -- Found rmw_implementation_cmake: 7.3.2 (/opt/ros/jazzy/share/rmw_implementation_cmake/cmake)
[2.326s] -- Found rmw_fastrtps_cpp: 8.4.2 (/opt/ros/jazzy/share/rmw_fastrtps_cpp/cmake)
[2.527s] -- Found OpenSSL: /usr/lib/x86_64-linux-gnu/libcrypto.so (found version "3.0.13")  
[2.591s] -- Found FastRTPS: /opt/ros/jazzy/include (Required is at least version "2.13") 
[2.625s] -- Using RMW implementation 'rmw_fastrtps_cpp' as default
[2.922s] -- Found std_msgs: 5.3.6 (/opt/ros/jazzy/share/std_msgs/cmake)
[2.936s] -- Found std_srvs: 5.3.6 (/opt/ros/jazzy/share/std_srvs/cmake)
[3.076s] -- Configuring done (3.0s)
[3.171s] -- Generating done (0.1s)
[3.197s] -- Build files have been written to: /husarion_ws/build/btcpp_ros2_samples
[3.271s] Invoked command in '/husarion_ws/build/btcpp_ros2_samples' returned '0': CMAKE_PREFIX_PATH=/husarion_ws/install/behaviortree_ros2:/husarion_ws/install/btcpp_ros2_interfaces:/husarion_ws/install/husarion_ugv:/husarion_ws/install/husarion_ugv_gazebo:/husarion_ws/install/husarion_ugv_controller:/husarion_ws/install/husarion_ugv_description:/husarion_ws/install/ros_components_description:/husarion_ws/install/mecanum_drive_controller:/husarion_ws/install/husarion_ugv_manager:/husarion_ws/install/husarion_ugv_localization:/husarion_ws/install/husarion_ugv_lights:/husarion_ws/install/husarion_ugv_utils:/husarion_ws/install/husarion_ugv_msgs:/husarion_ws/install/husarion_gz_worlds:/opt/ros/jazzy/opt/gz_sim_vendor:/opt/ros/jazzy/opt/gz_sensors_vendor:/opt/ros/jazzy/opt/gz_physics_vendor:/opt/ros/jazzy/opt/sdformat_vendor:/opt/ros/jazzy/opt/gz_gui_vendor:/opt/ros/jazzy/opt/gz_transport_vendor:/opt/ros/jazzy/opt/gz_rendering_vendor:/opt/ros/jazzy/opt/gz_plugin_vendor:/opt/ros/jazzy/opt/gz_fuel_tools_vendor:/opt/ros/jazzy/opt/gz_msgs_vendor:/opt/ros/jazzy/opt/gz_common_vendor:/opt/ros/jazzy/opt/gz_math_vendor:/opt/ros/jazzy/opt/gz_utils_vendor:/opt/ros/jazzy/opt/gz_tools_vendor:/opt/ros/jazzy/opt/gz_ogre_next_vendor:/opt/ros/jazzy/opt/gz_dartsim_vendor:/opt/ros/jazzy/opt/gz_cmake_vendor:/opt/ros/jazzy LD_LIBRARY_PATH=/husarion_ws/install/btcpp_ros2_interfaces/lib:/husarion_ws/install/husarion_ugv_gazebo/lib:/husarion_ws/install/mecanum_drive_controller/lib:/husarion_ws/install/husarion_ugv_manager/lib:/husarion_ws/install/husarion_ugv_lights/lib:/husarion_ws/install/husarion_ugv_msgs/lib:/husarion_ws/install/behaviortree_ros2/lib:/opt/ros/jazzy/opt/gz_sim_vendor/lib:/opt/ros/jazzy/opt/gz_sensors_vendor/lib:/opt/ros/jazzy/opt/gz_physics_vendor/lib:/opt/ros/jazzy/opt/sdformat_vendor/lib:/opt/ros/jazzy/opt/rviz_ogre_vendor/lib:/opt/ros/jazzy/lib/x86_64-linux-gnu:/opt/ros/jazzy/opt/libphidget22/lib:/opt/ros/jazzy/opt/gz_gui_vendor/lib:/opt/ros/jazzy/opt/gz_transport_vendor/lib:/opt/ros/jazzy/opt/gz_rendering_vendor/lib:/opt/ros/jazzy/opt/gz_plugin_vendor/lib:/opt/ros/jazzy/opt/gz_fuel_tools_vendor/lib:/opt/ros/jazzy/opt/gz_msgs_vendor/lib:/opt/ros/jazzy/opt/gz_common_vendor/lib:/opt/ros/jazzy/opt/gz_math_vendor/lib:/opt/ros/jazzy/opt/gz_utils_vendor/lib:/opt/ros/jazzy/opt/gz_tools_vendor/lib:/opt/ros/jazzy/opt/gz_ogre_next_vendor/lib:/opt/ros/jazzy/opt/gz_dartsim_vendor/lib:/opt/ros/jazzy/opt/gz_cmake_vendor/lib:/opt/ros/jazzy/lib PYTHONPATH=/husarion_ws/install/btcpp_ros2_interfaces/lib/python3.12/site-packages:/husarion_ws/install/husarion_ugv_utils/lib/python3.12/site-packages:/husarion_ws/install/husarion_ugv_msgs/lib/python3.12/site-packages:/opt/ros/jazzy/lib/python3.12/site-packages /usr/bin/cmake /husarion_ws/src/behaviortree_ros2/btcpp_ros2_samples -DCMAKE_INSTALL_PREFIX=/husarion_ws/install/btcpp_ros2_samples
[3.278s] Invoking command in '/husarion_ws/build/btcpp_ros2_samples': CMAKE_PREFIX_PATH=/husarion_ws/install/behaviortree_ros2:/husarion_ws/install/btcpp_ros2_interfaces:/husarion_ws/install/husarion_ugv:/husarion_ws/install/husarion_ugv_gazebo:/husarion_ws/install/husarion_ugv_controller:/husarion_ws/install/husarion_ugv_description:/husarion_ws/install/ros_components_description:/husarion_ws/install/mecanum_drive_controller:/husarion_ws/install/husarion_ugv_manager:/husarion_ws/install/husarion_ugv_localization:/husarion_ws/install/husarion_ugv_lights:/husarion_ws/install/husarion_ugv_utils:/husarion_ws/install/husarion_ugv_msgs:/husarion_ws/install/husarion_gz_worlds:/opt/ros/jazzy/opt/gz_sim_vendor:/opt/ros/jazzy/opt/gz_sensors_vendor:/opt/ros/jazzy/opt/gz_physics_vendor:/opt/ros/jazzy/opt/sdformat_vendor:/opt/ros/jazzy/opt/gz_gui_vendor:/opt/ros/jazzy/opt/gz_transport_vendor:/opt/ros/jazzy/opt/gz_rendering_vendor:/opt/ros/jazzy/opt/gz_plugin_vendor:/opt/ros/jazzy/opt/gz_fuel_tools_vendor:/opt/ros/jazzy/opt/gz_msgs_vendor:/opt/ros/jazzy/opt/gz_common_vendor:/opt/ros/jazzy/opt/gz_math_vendor:/opt/ros/jazzy/opt/gz_utils_vendor:/opt/ros/jazzy/opt/gz_tools_vendor:/opt/ros/jazzy/opt/gz_ogre_next_vendor:/opt/ros/jazzy/opt/gz_dartsim_vendor:/opt/ros/jazzy/opt/gz_cmake_vendor:/opt/ros/jazzy LD_LIBRARY_PATH=/husarion_ws/install/btcpp_ros2_interfaces/lib:/husarion_ws/install/husarion_ugv_gazebo/lib:/husarion_ws/install/mecanum_drive_controller/lib:/husarion_ws/install/husarion_ugv_manager/lib:/husarion_ws/install/husarion_ugv_lights/lib:/husarion_ws/install/husarion_ugv_msgs/lib:/husarion_ws/install/behaviortree_ros2/lib:/opt/ros/jazzy/opt/gz_sim_vendor/lib:/opt/ros/jazzy/opt/gz_sensors_vendor/lib:/opt/ros/jazzy/opt/gz_physics_vendor/lib:/opt/ros/jazzy/opt/sdformat_vendor/lib:/opt/ros/jazzy/opt/rviz_ogre_vendor/lib:/opt/ros/jazzy/lib/x86_64-linux-gnu:/opt/ros/jazzy/opt/libphidget22/lib:/opt/ros/jazzy/opt/gz_gui_vendor/lib:/opt/ros/jazzy/opt/gz_transport_vendor/lib:/opt/ros/jazzy/opt/gz_rendering_vendor/lib:/opt/ros/jazzy/opt/gz_plugin_vendor/lib:/opt/ros/jazzy/opt/gz_fuel_tools_vendor/lib:/opt/ros/jazzy/opt/gz_msgs_vendor/lib:/opt/ros/jazzy/opt/gz_common_vendor/lib:/opt/ros/jazzy/opt/gz_math_vendor/lib:/opt/ros/jazzy/opt/gz_utils_vendor/lib:/opt/ros/jazzy/opt/gz_tools_vendor/lib:/opt/ros/jazzy/opt/gz_ogre_next_vendor/lib:/opt/ros/jazzy/opt/gz_dartsim_vendor/lib:/opt/ros/jazzy/opt/gz_cmake_vendor/lib:/opt/ros/jazzy/lib PYTHONPATH=/husarion_ws/install/btcpp_ros2_interfaces/lib/python3.12/site-packages:/husarion_ws/install/husarion_ugv_utils/lib/python3.12/site-packages:/husarion_ws/install/husarion_ugv_msgs/lib/python3.12/site-packages:/opt/ros/jazzy/lib/python3.12/site-packages /usr/bin/cmake --build /husarion_ws/build/btcpp_ros2_samples -- -j12 -l12
[3.702s] [  5%] [32mBuilding CXX object CMakeFiles/sample_bt_executor.dir/src/sample_bt_executor.cpp.o[0m
[3.874s] [ 11%] [32mBuilding CXX object CMakeFiles/sleep_server.dir/src/sleep_server.cpp.o[0m
[3.883s] [ 16%] [32mBuilding CXX object CMakeFiles/sleep_plugin.dir/src/sleep_action.cpp.o[0m
[3.885s] [ 22%] [32mBuilding CXX object CMakeFiles/subscriber_test.dir/src/subscriber_test.cpp.o[0m
[3.891s] [ 27%] [32mBuilding CXX object CMakeFiles/sleep_client.dir/src/sleep_action.cpp.o[0m
[3.891s] [ 33%] [32mBuilding CXX object CMakeFiles/sleep_client.dir/src/sleep_client.cpp.o[0m
[3.907s] [ 38%] [32mBuilding CXX object CMakeFiles/bool_client.dir/src/bool_client.cpp.o[0m
[3.962s] [ 44%] [32mBuilding CXX object CMakeFiles/bool_client.dir/src/set_bool_node.cpp.o[0m
[3.997s] [ 50%] [32mBuilding CXX object CMakeFiles/bool_server.dir/src/bool_server.cpp.o[0m
[58.997s] [ 55%] [32m[1mLinking CXX executable sleep_server[0m
[61.663s] [ 55%] Built target sleep_server
[84.481s] [ 61%] [32m[1mLinking CXX executable bool_server[0m
[86.683s] [ 61%] Built target bool_server
[92.398s] [ 66%] [32m[1mLinking CXX executable bool_client[0m
[94.460s] [ 72%] [32m[1mLinking CXX executable sample_bt_executor[0m
[95.396s] [ 72%] Built target bool_client
[97.208s] [ 72%] Built target sample_bt_executor
[101.488s] [ 77%] [32m[1mLinking CXX executable sleep_client[0m
[102.963s] [ 77%] Built target sleep_client
[108.115s] [ 83%] [32m[1mLinking CXX shared library libsleep_plugin.so[0m
[108.586s] [ 88%] [32m[1mLinking CXX executable subscriber_test[0m
[108.625s] [ 88%] Built target sleep_plugin
[109.485s] [ 88%] Built target subscriber_test
[109.515s] [ 94%] [32mBuilding CXX object CMakeFiles/sleep_client_dyn.dir/src/sleep_client.cpp.o[0m
[117.068s] [100%] [32m[1mLinking CXX executable sleep_client_dyn[0m
[117.282s] [100%] Built target sleep_client_dyn
[117.295s] Invoked command in '/husarion_ws/build/btcpp_ros2_samples' returned '0': CMAKE_PREFIX_PATH=/husarion_ws/install/behaviortree_ros2:/husarion_ws/install/btcpp_ros2_interfaces:/husarion_ws/install/husarion_ugv:/husarion_ws/install/husarion_ugv_gazebo:/husarion_ws/install/husarion_ugv_controller:/husarion_ws/install/husarion_ugv_description:/husarion_ws/install/ros_components_description:/husarion_ws/install/mecanum_drive_controller:/husarion_ws/install/husarion_ugv_manager:/husarion_ws/install/husarion_ugv_localization:/husarion_ws/install/husarion_ugv_lights:/husarion_ws/install/husarion_ugv_utils:/husarion_ws/install/husarion_ugv_msgs:/husarion_ws/install/husarion_gz_worlds:/opt/ros/jazzy/opt/gz_sim_vendor:/opt/ros/jazzy/opt/gz_sensors_vendor:/opt/ros/jazzy/opt/gz_physics_vendor:/opt/ros/jazzy/opt/sdformat_vendor:/opt/ros/jazzy/opt/gz_gui_vendor:/opt/ros/jazzy/opt/gz_transport_vendor:/opt/ros/jazzy/opt/gz_rendering_vendor:/opt/ros/jazzy/opt/gz_plugin_vendor:/opt/ros/jazzy/opt/gz_fuel_tools_vendor:/opt/ros/jazzy/opt/gz_msgs_vendor:/opt/ros/jazzy/opt/gz_common_vendor:/opt/ros/jazzy/opt/gz_math_vendor:/opt/ros/jazzy/opt/gz_utils_vendor:/opt/ros/jazzy/opt/gz_tools_vendor:/opt/ros/jazzy/opt/gz_ogre_next_vendor:/opt/ros/jazzy/opt/gz_dartsim_vendor:/opt/ros/jazzy/opt/gz_cmake_vendor:/opt/ros/jazzy LD_LIBRARY_PATH=/husarion_ws/install/btcpp_ros2_interfaces/lib:/husarion_ws/install/husarion_ugv_gazebo/lib:/husarion_ws/install/mecanum_drive_controller/lib:/husarion_ws/install/husarion_ugv_manager/lib:/husarion_ws/install/husarion_ugv_lights/lib:/husarion_ws/install/husarion_ugv_msgs/lib:/husarion_ws/install/behaviortree_ros2/lib:/opt/ros/jazzy/opt/gz_sim_vendor/lib:/opt/ros/jazzy/opt/gz_sensors_vendor/lib:/opt/ros/jazzy/opt/gz_physics_vendor/lib:/opt/ros/jazzy/opt/sdformat_vendor/lib:/opt/ros/jazzy/opt/rviz_ogre_vendor/lib:/opt/ros/jazzy/lib/x86_64-linux-gnu:/opt/ros/jazzy/opt/libphidget22/lib:/opt/ros/jazzy/opt/gz_gui_vendor/lib:/opt/ros/jazzy/opt/gz_transport_vendor/lib:/opt/ros/jazzy/opt/gz_rendering_vendor/lib:/opt/ros/jazzy/opt/gz_plugin_vendor/lib:/opt/ros/jazzy/opt/gz_fuel_tools_vendor/lib:/opt/ros/jazzy/opt/gz_msgs_vendor/lib:/opt/ros/jazzy/opt/gz_common_vendor/lib:/opt/ros/jazzy/opt/gz_math_vendor/lib:/opt/ros/jazzy/opt/gz_utils_vendor/lib:/opt/ros/jazzy/opt/gz_tools_vendor/lib:/opt/ros/jazzy/opt/gz_ogre_next_vendor/lib:/opt/ros/jazzy/opt/gz_dartsim_vendor/lib:/opt/ros/jazzy/opt/gz_cmake_vendor/lib:/opt/ros/jazzy/lib PYTHONPATH=/husarion_ws/install/btcpp_ros2_interfaces/lib/python3.12/site-packages:/husarion_ws/install/husarion_ugv_utils/lib/python3.12/site-packages:/husarion_ws/install/husarion_ugv_msgs/lib/python3.12/site-packages:/opt/ros/jazzy/lib/python3.12/site-packages /usr/bin/cmake --build /husarion_ws/build/btcpp_ros2_samples -- -j12 -l12
[117.297s] Invoking command in '/husarion_ws/build/btcpp_ros2_samples': CMAKE_PREFIX_PATH=/husarion_ws/install/behaviortree_ros2:/husarion_ws/install/btcpp_ros2_interfaces:/husarion_ws/install/husarion_ugv:/husarion_ws/install/husarion_ugv_gazebo:/husarion_ws/install/husarion_ugv_controller:/husarion_ws/install/husarion_ugv_description:/husarion_ws/install/ros_components_description:/husarion_ws/install/mecanum_drive_controller:/husarion_ws/install/husarion_ugv_manager:/husarion_ws/install/husarion_ugv_localization:/husarion_ws/install/husarion_ugv_lights:/husarion_ws/install/husarion_ugv_utils:/husarion_ws/install/husarion_ugv_msgs:/husarion_ws/install/husarion_gz_worlds:/opt/ros/jazzy/opt/gz_sim_vendor:/opt/ros/jazzy/opt/gz_sensors_vendor:/opt/ros/jazzy/opt/gz_physics_vendor:/opt/ros/jazzy/opt/sdformat_vendor:/opt/ros/jazzy/opt/gz_gui_vendor:/opt/ros/jazzy/opt/gz_transport_vendor:/opt/ros/jazzy/opt/gz_rendering_vendor:/opt/ros/jazzy/opt/gz_plugin_vendor:/opt/ros/jazzy/opt/gz_fuel_tools_vendor:/opt/ros/jazzy/opt/gz_msgs_vendor:/opt/ros/jazzy/opt/gz_common_vendor:/opt/ros/jazzy/opt/gz_math_vendor:/opt/ros/jazzy/opt/gz_utils_vendor:/opt/ros/jazzy/opt/gz_tools_vendor:/opt/ros/jazzy/opt/gz_ogre_next_vendor:/opt/ros/jazzy/opt/gz_dartsim_vendor:/opt/ros/jazzy/opt/gz_cmake_vendor:/opt/ros/jazzy LD_LIBRARY_PATH=/husarion_ws/install/btcpp_ros2_interfaces/lib:/husarion_ws/install/husarion_ugv_gazebo/lib:/husarion_ws/install/mecanum_drive_controller/lib:/husarion_ws/install/husarion_ugv_manager/lib:/husarion_ws/install/husarion_ugv_lights/lib:/husarion_ws/install/husarion_ugv_msgs/lib:/husarion_ws/install/behaviortree_ros2/lib:/opt/ros/jazzy/opt/gz_sim_vendor/lib:/opt/ros/jazzy/opt/gz_sensors_vendor/lib:/opt/ros/jazzy/opt/gz_physics_vendor/lib:/opt/ros/jazzy/opt/sdformat_vendor/lib:/opt/ros/jazzy/opt/rviz_ogre_vendor/lib:/opt/ros/jazzy/lib/x86_64-linux-gnu:/opt/ros/jazzy/opt/libphidget22/lib:/opt/ros/jazzy/opt/gz_gui_vendor/lib:/opt/ros/jazzy/opt/gz_transport_vendor/lib:/opt/ros/jazzy/opt/gz_rendering_vendor/lib:/opt/ros/jazzy/opt/gz_plugin_vendor/lib:/opt/ros/jazzy/opt/gz_fuel_tools_vendor/lib:/opt/ros/jazzy/opt/gz_msgs_vendor/lib:/opt/ros/jazzy/opt/gz_common_vendor/lib:/opt/ros/jazzy/opt/gz_math_vendor/lib:/opt/ros/jazzy/opt/gz_utils_vendor/lib:/opt/ros/jazzy/opt/gz_tools_vendor/lib:/opt/ros/jazzy/opt/gz_ogre_next_vendor/lib:/opt/ros/jazzy/opt/gz_dartsim_vendor/lib:/opt/ros/jazzy/opt/gz_cmake_vendor/lib:/opt/ros/jazzy/lib PYTHONPATH=/husarion_ws/install/btcpp_ros2_interfaces/lib/python3.12/site-packages:/husarion_ws/install/husarion_ugv_utils/lib/python3.12/site-packages:/husarion_ws/install/husarion_ugv_msgs/lib/python3.12/site-packages:/opt/ros/jazzy/lib/python3.12/site-packages /usr/bin/cmake --install /husarion_ws/build/btcpp_ros2_samples
[117.305s] -- Install configuration: ""
[117.305s] -- Installing: /husarion_ws/install/btcpp_ros2_samples/lib/btcpp_ros2_samples/sleep_client
[117.307s] -- Set non-toolchain portion of runtime path of "/husarion_ws/install/btcpp_ros2_samples/lib/btcpp_ros2_samples/sleep_client" to ""
[117.307s] -- Installing: /husarion_ws/install/btcpp_ros2_samples/lib/btcpp_ros2_samples/sleep_client_dyn
[117.307s] -- Set non-toolchain portion of runtime path of "/husarion_ws/install/btcpp_ros2_samples/lib/btcpp_ros2_samples/sleep_client_dyn" to ""
[117.308s] -- Installing: /husarion_ws/install/btcpp_ros2_samples/lib/btcpp_ros2_samples/sleep_server
[117.308s] -- Set non-toolchain portion of runtime path of "/husarion_ws/install/btcpp_ros2_samples/lib/btcpp_ros2_samples/sleep_server" to ""
[117.309s] -- Installing: /husarion_ws/install/btcpp_ros2_samples/lib/btcpp_ros2_samples/libsleep_plugin.so
[117.310s] -- Set non-toolchain portion of runtime path of "/husarion_ws/install/btcpp_ros2_samples/lib/btcpp_ros2_samples/libsleep_plugin.so" to ""
[117.310s] -- Installing: /husarion_ws/install/btcpp_ros2_samples/lib/btcpp_ros2_samples/subscriber_test
[117.314s] -- Set non-toolchain portion of runtime path of "/husarion_ws/install/btcpp_ros2_samples/lib/btcpp_ros2_samples/subscriber_test" to ""
[117.314s] -- Installing: /husarion_ws/install/btcpp_ros2_samples/lib/btcpp_ros2_samples/sample_bt_executor
[117.318s] -- Set non-toolchain portion of runtime path of "/husarion_ws/install/btcpp_ros2_samples/lib/btcpp_ros2_samples/sample_bt_executor" to ""
[117.318s] -- Installing: /husarion_ws/install/btcpp_ros2_samples/lib/btcpp_ros2_samples/bool_client
[117.319s] -- Set non-toolchain portion of runtime path of "/husarion_ws/install/btcpp_ros2_samples/lib/btcpp_ros2_samples/bool_client" to ""
[117.320s] -- Installing: /husarion_ws/install/btcpp_ros2_samples/lib/btcpp_ros2_samples/bool_server
[117.320s] -- Set non-toolchain portion of runtime path of "/husarion_ws/install/btcpp_ros2_samples/lib/btcpp_ros2_samples/bool_server" to ""
[117.320s] -- Installing: /husarion_ws/install/btcpp_ros2_samples/share/btcpp_ros2_samples/bt_plugins/libsleep_plugin.so
[117.322s] -- Set non-toolchain portion of runtime path of "/husarion_ws/install/btcpp_ros2_samples/share/btcpp_ros2_samples/bt_plugins/libsleep_plugin.so" to ""
[117.322s] -- Installing: /husarion_ws/install/btcpp_ros2_samples/share/btcpp_ros2_samples//behavior_trees
[117.322s] -- Installing: /husarion_ws/install/btcpp_ros2_samples/share/btcpp_ros2_samples//behavior_trees/door_closed.xml
[117.322s] -- Installing: /husarion_ws/install/btcpp_ros2_samples/share/btcpp_ros2_samples//behavior_trees/sleep_action.xml
[117.323s] -- Installing: /husarion_ws/install/btcpp_ros2_samples/share/btcpp_ros2_samples//behavior_trees/cross_door.xml
[117.323s] -- Installing: /husarion_ws/install/btcpp_ros2_samples/share/btcpp_ros2_samples//config
[117.323s] -- Installing: /husarion_ws/install/btcpp_ros2_samples/share/btcpp_ros2_samples//config/sample_bt_executor.yaml
[117.323s] -- Installing: /husarion_ws/install/btcpp_ros2_samples/share/btcpp_ros2_samples//launch
[117.323s] -- Installing: /husarion_ws/install/btcpp_ros2_samples/share/btcpp_ros2_samples//launch/sample_bt_executor.launch.xml
[117.324s] -- Installing: /husarion_ws/install/btcpp_ros2_samples/share/ament_index/resource_index/package_run_dependencies/btcpp_ros2_samples
[117.324s] -- Installing: /husarion_ws/install/btcpp_ros2_samples/share/ament_index/resource_index/parent_prefix_path/btcpp_ros2_samples
[117.324s] -- Installing: /husarion_ws/install/btcpp_ros2_samples/share/btcpp_ros2_samples/environment/ament_prefix_path.sh
[117.324s] -- Installing: /husarion_ws/install/btcpp_ros2_samples/share/btcpp_ros2_samples/environment/ament_prefix_path.dsv
[117.324s] -- Installing: /husarion_ws/install/btcpp_ros2_samples/share/btcpp_ros2_samples/environment/path.sh
[117.324s] -- Installing: /husarion_ws/install/btcpp_ros2_samples/share/btcpp_ros2_samples/environment/path.dsv
[117.324s] -- Installing: /husarion_ws/install/btcpp_ros2_samples/share/btcpp_ros2_samples/local_setup.bash
[117.324s] -- Installing: /husarion_ws/install/btcpp_ros2_samples/share/btcpp_ros2_samples/local_setup.sh
[117.324s] -- Installing: /husarion_ws/install/btcpp_ros2_samples/share/btcpp_ros2_samples/local_setup.zsh
[117.325s] -- Installing: /husarion_ws/install/btcpp_ros2_samples/share/btcpp_ros2_samples/local_setup.dsv
[117.325s] -- Installing: /husarion_ws/install/btcpp_ros2_samples/share/btcpp_ros2_samples/package.dsv
[117.325s] -- Installing: /husarion_ws/install/btcpp_ros2_samples/share/ament_index/resource_index/packages/btcpp_ros2_samples
[117.325s] -- Installing: /husarion_ws/install/btcpp_ros2_samples/share/btcpp_ros2_samples/cmake/ament_cmake_export_dependencies-extras.cmake
[117.325s] -- Installing: /husarion_ws/install/btcpp_ros2_samples/share/btcpp_ros2_samples/cmake/btcpp_ros2_samplesConfig.cmake
[117.325s] -- Installing: /husarion_ws/install/btcpp_ros2_samples/share/btcpp_ros2_samples/cmake/btcpp_ros2_samplesConfig-version.cmake
[117.325s] -- Installing: /husarion_ws/install/btcpp_ros2_samples/share/btcpp_ros2_samples/package.xml
[117.327s] Invoked command in '/husarion_ws/build/btcpp_ros2_samples' returned '0': CMAKE_PREFIX_PATH=/husarion_ws/install/behaviortree_ros2:/husarion_ws/install/btcpp_ros2_interfaces:/husarion_ws/install/husarion_ugv:/husarion_ws/install/husarion_ugv_gazebo:/husarion_ws/install/husarion_ugv_controller:/husarion_ws/install/husarion_ugv_description:/husarion_ws/install/ros_components_description:/husarion_ws/install/mecanum_drive_controller:/husarion_ws/install/husarion_ugv_manager:/husarion_ws/install/husarion_ugv_localization:/husarion_ws/install/husarion_ugv_lights:/husarion_ws/install/husarion_ugv_utils:/husarion_ws/install/husarion_ugv_msgs:/husarion_ws/install/husarion_gz_worlds:/opt/ros/jazzy/opt/gz_sim_vendor:/opt/ros/jazzy/opt/gz_sensors_vendor:/opt/ros/jazzy/opt/gz_physics_vendor:/opt/ros/jazzy/opt/sdformat_vendor:/opt/ros/jazzy/opt/gz_gui_vendor:/opt/ros/jazzy/opt/gz_transport_vendor:/opt/ros/jazzy/opt/gz_rendering_vendor:/opt/ros/jazzy/opt/gz_plugin_vendor:/opt/ros/jazzy/opt/gz_fuel_tools_vendor:/opt/ros/jazzy/opt/gz_msgs_vendor:/opt/ros/jazzy/opt/gz_common_vendor:/opt/ros/jazzy/opt/gz_math_vendor:/opt/ros/jazzy/opt/gz_utils_vendor:/opt/ros/jazzy/opt/gz_tools_vendor:/opt/ros/jazzy/opt/gz_ogre_next_vendor:/opt/ros/jazzy/opt/gz_dartsim_vendor:/opt/ros/jazzy/opt/gz_cmake_vendor:/opt/ros/jazzy LD_LIBRARY_PATH=/husarion_ws/install/btcpp_ros2_interfaces/lib:/husarion_ws/install/husarion_ugv_gazebo/lib:/husarion_ws/install/mecanum_drive_controller/lib:/husarion_ws/install/husarion_ugv_manager/lib:/husarion_ws/install/husarion_ugv_lights/lib:/husarion_ws/install/husarion_ugv_msgs/lib:/husarion_ws/install/behaviortree_ros2/lib:/opt/ros/jazzy/opt/gz_sim_vendor/lib:/opt/ros/jazzy/opt/gz_sensors_vendor/lib:/opt/ros/jazzy/opt/gz_physics_vendor/lib:/opt/ros/jazzy/opt/sdformat_vendor/lib:/opt/ros/jazzy/opt/rviz_ogre_vendor/lib:/opt/ros/jazzy/lib/x86_64-linux-gnu:/opt/ros/jazzy/opt/libphidget22/lib:/opt/ros/jazzy/opt/gz_gui_vendor/lib:/opt/ros/jazzy/opt/gz_transport_vendor/lib:/opt/ros/jazzy/opt/gz_rendering_vendor/lib:/opt/ros/jazzy/opt/gz_plugin_vendor/lib:/opt/ros/jazzy/opt/gz_fuel_tools_vendor/lib:/opt/ros/jazzy/opt/gz_msgs_vendor/lib:/opt/ros/jazzy/opt/gz_common_vendor/lib:/opt/ros/jazzy/opt/gz_math_vendor/lib:/opt/ros/jazzy/opt/gz_utils_vendor/lib:/opt/ros/jazzy/opt/gz_tools_vendor/lib:/opt/ros/jazzy/opt/gz_ogre_next_vendor/lib:/opt/ros/jazzy/opt/gz_dartsim_vendor/lib:/opt/ros/jazzy/opt/gz_cmake_vendor/lib:/opt/ros/jazzy/lib PYTHONPATH=/husarion_ws/install/btcpp_ros2_interfaces/lib/python3.12/site-packages:/husarion_ws/install/husarion_ugv_utils/lib/python3.12/site-packages:/husarion_ws/install/husarion_ugv_msgs/lib/python3.12/site-packages:/opt/ros/jazzy/lib/python3.12/site-packages /usr/bin/cmake --install /husarion_ws/build/btcpp_ros2_samples
