[0.139s] Invoking command in '/husarion_ws/build/husarion_ugv_description': CMAKE_PREFIX_PATH=/husarion_ws/install/ros_components_description:/husarion_ws/install/husarion_ugv:/husarion_ws/install/husarion_ugv_gazebo:/husarion_ws/install/husarion_ugv_controller:/husarion_ws/install/husarion_ugv_description:/husarion_ws/install/mecanum_drive_controller:/husarion_ws/install/husarion_ugv_manager:/husarion_ws/install/husarion_ugv_localization:/husarion_ws/install/husarion_ugv_lights:/husarion_ws/install/husarion_ugv_utils:/husarion_ws/install/husarion_ugv_msgs:/husarion_ws/install/husarion_gz_worlds:/husarion_ws/install/behaviortree_ros2:/husarion_ws/install/btcpp_ros2_interfaces:/opt/ros/jazzy/opt/gz_sim_vendor:/opt/ros/jazzy/opt/gz_sensors_vendor:/opt/ros/jazzy/opt/gz_physics_vendor:/opt/ros/jazzy/opt/sdformat_vendor:/opt/ros/jazzy/opt/gz_gui_vendor:/opt/ros/jazzy/opt/gz_transport_vendor:/opt/ros/jazzy/opt/gz_rendering_vendor:/opt/ros/jazzy/opt/gz_plugin_vendor:/opt/ros/jazzy/opt/gz_fuel_tools_vendor:/opt/ros/jazzy/opt/gz_msgs_vendor:/opt/ros/jazzy/opt/gz_common_vendor:/opt/ros/jazzy/opt/gz_math_vendor:/opt/ros/jazzy/opt/gz_utils_vendor:/opt/ros/jazzy/opt/gz_tools_vendor:/opt/ros/jazzy/opt/gz_ogre_next_vendor:/opt/ros/jazzy/opt/gz_dartsim_vendor:/opt/ros/jazzy/opt/gz_cmake_vendor:/opt/ros/jazzy /usr/bin/cmake /husarion_ws/src/husarion_ugv_ros/husarion_ugv_description -DCMAKE_INSTALL_PREFIX=/husarion_ws/install/husarion_ugv_description
[0.167s] -- Found ament_cmake: 2.5.4 (/opt/ros/jazzy/share/ament_cmake/cmake)
[0.372s] -- Override CMake install command with custom implementation using symlinks instead of copying resources
[0.542s] -- Configuring done (0.4s)
[0.644s] -- Generating done (0.1s)
[0.665s] -- Build files have been written to: /husarion_ws/build/husarion_ugv_description
[0.667s] Invoked command in '/husarion_ws/build/husarion_ugv_description' returned '0': CMAKE_PREFIX_PATH=/husarion_ws/install/ros_components_description:/husarion_ws/install/husarion_ugv:/husarion_ws/install/husarion_ugv_gazebo:/husarion_ws/install/husarion_ugv_controller:/husarion_ws/install/husarion_ugv_description:/husarion_ws/install/mecanum_drive_controller:/husarion_ws/install/husarion_ugv_manager:/husarion_ws/install/husarion_ugv_localization:/husarion_ws/install/husarion_ugv_lights:/husarion_ws/install/husarion_ugv_utils:/husarion_ws/install/husarion_ugv_msgs:/husarion_ws/install/husarion_gz_worlds:/husarion_ws/install/behaviortree_ros2:/husarion_ws/install/btcpp_ros2_interfaces:/opt/ros/jazzy/opt/gz_sim_vendor:/opt/ros/jazzy/opt/gz_sensors_vendor:/opt/ros/jazzy/opt/gz_physics_vendor:/opt/ros/jazzy/opt/sdformat_vendor:/opt/ros/jazzy/opt/gz_gui_vendor:/opt/ros/jazzy/opt/gz_transport_vendor:/opt/ros/jazzy/opt/gz_rendering_vendor:/opt/ros/jazzy/opt/gz_plugin_vendor:/opt/ros/jazzy/opt/gz_fuel_tools_vendor:/opt/ros/jazzy/opt/gz_msgs_vendor:/opt/ros/jazzy/opt/gz_common_vendor:/opt/ros/jazzy/opt/gz_math_vendor:/opt/ros/jazzy/opt/gz_utils_vendor:/opt/ros/jazzy/opt/gz_tools_vendor:/opt/ros/jazzy/opt/gz_ogre_next_vendor:/opt/ros/jazzy/opt/gz_dartsim_vendor:/opt/ros/jazzy/opt/gz_cmake_vendor:/opt/ros/jazzy /usr/bin/cmake /husarion_ws/src/husarion_ugv_ros/husarion_ugv_description -DCMAKE_INSTALL_PREFIX=/husarion_ws/install/husarion_ugv_description
[0.668s] Invoking command in '/husarion_ws/build/husarion_ugv_description': CMAKE_PREFIX_PATH=/husarion_ws/install/ros_components_description:/husarion_ws/install/husarion_ugv:/husarion_ws/install/husarion_ugv_gazebo:/husarion_ws/install/husarion_ugv_controller:/husarion_ws/install/husarion_ugv_description:/husarion_ws/install/mecanum_drive_controller:/husarion_ws/install/husarion_ugv_manager:/husarion_ws/install/husarion_ugv_localization:/husarion_ws/install/husarion_ugv_lights:/husarion_ws/install/husarion_ugv_utils:/husarion_ws/install/husarion_ugv_msgs:/husarion_ws/install/husarion_gz_worlds:/husarion_ws/install/behaviortree_ros2:/husarion_ws/install/btcpp_ros2_interfaces:/opt/ros/jazzy/opt/gz_sim_vendor:/opt/ros/jazzy/opt/gz_sensors_vendor:/opt/ros/jazzy/opt/gz_physics_vendor:/opt/ros/jazzy/opt/sdformat_vendor:/opt/ros/jazzy/opt/gz_gui_vendor:/opt/ros/jazzy/opt/gz_transport_vendor:/opt/ros/jazzy/opt/gz_rendering_vendor:/opt/ros/jazzy/opt/gz_plugin_vendor:/opt/ros/jazzy/opt/gz_fuel_tools_vendor:/opt/ros/jazzy/opt/gz_msgs_vendor:/opt/ros/jazzy/opt/gz_common_vendor:/opt/ros/jazzy/opt/gz_math_vendor:/opt/ros/jazzy/opt/gz_utils_vendor:/opt/ros/jazzy/opt/gz_tools_vendor:/opt/ros/jazzy/opt/gz_ogre_next_vendor:/opt/ros/jazzy/opt/gz_dartsim_vendor:/opt/ros/jazzy/opt/gz_cmake_vendor:/opt/ros/jazzy /usr/bin/cmake --build /husarion_ws/build/husarion_ugv_description -- -j12 -l12
[0.774s] Invoked command in '/husarion_ws/build/husarion_ugv_description' returned '0': CMAKE_PREFIX_PATH=/husarion_ws/install/ros_components_description:/husarion_ws/install/husarion_ugv:/husarion_ws/install/husarion_ugv_gazebo:/husarion_ws/install/husarion_ugv_controller:/husarion_ws/install/husarion_ugv_description:/husarion_ws/install/mecanum_drive_controller:/husarion_ws/install/husarion_ugv_manager:/husarion_ws/install/husarion_ugv_localization:/husarion_ws/install/husarion_ugv_lights:/husarion_ws/install/husarion_ugv_utils:/husarion_ws/install/husarion_ugv_msgs:/husarion_ws/install/husarion_gz_worlds:/husarion_ws/install/behaviortree_ros2:/husarion_ws/install/btcpp_ros2_interfaces:/opt/ros/jazzy/opt/gz_sim_vendor:/opt/ros/jazzy/opt/gz_sensors_vendor:/opt/ros/jazzy/opt/gz_physics_vendor:/opt/ros/jazzy/opt/sdformat_vendor:/opt/ros/jazzy/opt/gz_gui_vendor:/opt/ros/jazzy/opt/gz_transport_vendor:/opt/ros/jazzy/opt/gz_rendering_vendor:/opt/ros/jazzy/opt/gz_plugin_vendor:/opt/ros/jazzy/opt/gz_fuel_tools_vendor:/opt/ros/jazzy/opt/gz_msgs_vendor:/opt/ros/jazzy/opt/gz_common_vendor:/opt/ros/jazzy/opt/gz_math_vendor:/opt/ros/jazzy/opt/gz_utils_vendor:/opt/ros/jazzy/opt/gz_tools_vendor:/opt/ros/jazzy/opt/gz_ogre_next_vendor:/opt/ros/jazzy/opt/gz_dartsim_vendor:/opt/ros/jazzy/opt/gz_cmake_vendor:/opt/ros/jazzy /usr/bin/cmake --build /husarion_ws/build/husarion_ugv_description -- -j12 -l12
[0.775s] Invoking command in '/husarion_ws/build/husarion_ugv_description': CMAKE_PREFIX_PATH=/husarion_ws/install/ros_components_description:/husarion_ws/install/husarion_ugv:/husarion_ws/install/husarion_ugv_gazebo:/husarion_ws/install/husarion_ugv_controller:/husarion_ws/install/husarion_ugv_description:/husarion_ws/install/mecanum_drive_controller:/husarion_ws/install/husarion_ugv_manager:/husarion_ws/install/husarion_ugv_localization:/husarion_ws/install/husarion_ugv_lights:/husarion_ws/install/husarion_ugv_utils:/husarion_ws/install/husarion_ugv_msgs:/husarion_ws/install/husarion_gz_worlds:/husarion_ws/install/behaviortree_ros2:/husarion_ws/install/btcpp_ros2_interfaces:/opt/ros/jazzy/opt/gz_sim_vendor:/opt/ros/jazzy/opt/gz_sensors_vendor:/opt/ros/jazzy/opt/gz_physics_vendor:/opt/ros/jazzy/opt/sdformat_vendor:/opt/ros/jazzy/opt/gz_gui_vendor:/opt/ros/jazzy/opt/gz_transport_vendor:/opt/ros/jazzy/opt/gz_rendering_vendor:/opt/ros/jazzy/opt/gz_plugin_vendor:/opt/ros/jazzy/opt/gz_fuel_tools_vendor:/opt/ros/jazzy/opt/gz_msgs_vendor:/opt/ros/jazzy/opt/gz_common_vendor:/opt/ros/jazzy/opt/gz_math_vendor:/opt/ros/jazzy/opt/gz_utils_vendor:/opt/ros/jazzy/opt/gz_tools_vendor:/opt/ros/jazzy/opt/gz_ogre_next_vendor:/opt/ros/jazzy/opt/gz_dartsim_vendor:/opt/ros/jazzy/opt/gz_cmake_vendor:/opt/ros/jazzy /usr/bin/cmake --install /husarion_ws/build/husarion_ugv_description
[0.781s] -- Install configuration: "Release"
[0.787s] -- Execute custom install script
[0.787s] -- Up-to-date symlink: /husarion_ws/install/husarion_ugv_description/share/husarion_ugv_description/config/WH01.yaml
[0.787s] -- Up-to-date symlink: /husarion_ws/install/husarion_ugv_description/share/husarion_ugv_description/config/WH02.yaml
[0.788s] -- Up-to-date symlink: /husarion_ws/install/husarion_ugv_description/share/husarion_ugv_description/config/WH04.yaml
[0.788s] -- Up-to-date symlink: /husarion_ws/install/husarion_ugv_description/share/husarion_ugv_description/config/WH05.yaml
[0.788s] -- Up-to-date symlink: /husarion_ws/install/husarion_ugv_description/share/husarion_ugv_description/config/components.yaml
[0.788s] -- Up-to-date symlink: /husarion_ws/install/husarion_ugv_description/share/husarion_ugv_description/launch/load_urdf.launch.py
[0.788s] -- Up-to-date symlink: /husarion_ws/install/husarion_ugv_description/share/husarion_ugv_description/launch/overwrite_robot_description.launch.py
[0.788s] -- Up-to-date symlink: /husarion_ws/install/husarion_ugv_description/share/husarion_ugv_description/launch/rviz.launch.py
[0.788s] -- Up-to-date symlink: /husarion_ws/install/husarion_ugv_description/share/husarion_ugv_description/launch/visualize_fake_robot.launch.py
[0.789s] -- Up-to-date symlink: /husarion_ws/install/husarion_ugv_description/share/husarion_ugv_description/meshes/WH01/fl_wheel.dae
[0.789s] -- Up-to-date symlink: /husarion_ws/install/husarion_ugv_description/share/husarion_ugv_description/meshes/WH01/fr_wheel.dae
[0.789s] -- Up-to-date symlink: /husarion_ws/install/husarion_ugv_description/share/husarion_ugv_description/meshes/WH01/rl_wheel.dae
[0.789s] -- Up-to-date symlink: /husarion_ws/install/husarion_ugv_description/share/husarion_ugv_description/meshes/WH01/rr_wheel.dae
[0.789s] -- Up-to-date symlink: /husarion_ws/install/husarion_ugv_description/share/husarion_ugv_description/meshes/WH02/fl_wheel.dae
[0.790s] -- Up-to-date symlink: /husarion_ws/install/husarion_ugv_description/share/husarion_ugv_description/meshes/WH02/fr_wheel.dae
[0.790s] -- Up-to-date symlink: /husarion_ws/install/husarion_ugv_description/share/husarion_ugv_description/meshes/WH02/rl_wheel.dae
[0.790s] -- Up-to-date symlink: /husarion_ws/install/husarion_ugv_description/share/husarion_ugv_description/meshes/WH02/rr_wheel.dae
[0.790s] -- Up-to-date symlink: /husarion_ws/install/husarion_ugv_description/share/husarion_ugv_description/meshes/WH04/fl_wheel.dae
[0.790s] -- Up-to-date symlink: /husarion_ws/install/husarion_ugv_description/share/husarion_ugv_description/meshes/WH04/fr_wheel.dae
[0.790s] -- Up-to-date symlink: /husarion_ws/install/husarion_ugv_description/share/husarion_ugv_description/meshes/WH04/rl_wheel.dae
[0.790s] -- Up-to-date symlink: /husarion_ws/install/husarion_ugv_description/share/husarion_ugv_description/meshes/WH04/rr_wheel.dae
[0.790s] -- Up-to-date symlink: /husarion_ws/install/husarion_ugv_description/share/husarion_ugv_description/meshes/WH05/fl_wheel.dae
[0.791s] -- Up-to-date symlink: /husarion_ws/install/husarion_ugv_description/share/husarion_ugv_description/meshes/WH05/fr_wheel.dae
[0.791s] -- Up-to-date symlink: /husarion_ws/install/husarion_ugv_description/share/husarion_ugv_description/meshes/WH05/rl_wheel.dae
[0.791s] -- Up-to-date symlink: /husarion_ws/install/husarion_ugv_description/share/husarion_ugv_description/meshes/WH05/rr_wheel.dae
[0.791s] -- Up-to-date symlink: /husarion_ws/install/husarion_ugv_description/share/husarion_ugv_description/meshes/lynx/base.dae
[0.791s] -- Up-to-date symlink: /husarion_ws/install/husarion_ugv_description/share/husarion_ugv_description/meshes/lynx/base_collision.dae
[0.791s] -- Up-to-date symlink: /husarion_ws/install/husarion_ugv_description/share/husarion_ugv_description/meshes/panther/base.dae
[0.791s] -- Up-to-date symlink: /husarion_ws/install/husarion_ugv_description/share/husarion_ugv_description/meshes/panther/base_collision.stl
[0.792s] -- Up-to-date symlink: /husarion_ws/install/husarion_ugv_description/share/husarion_ugv_description/rviz/husarion_ugv.rviz
[0.792s] -- Up-to-date symlink: /husarion_ws/install/husarion_ugv_description/share/husarion_ugv_description/rviz/robot_model.rviz
[0.792s] -- Up-to-date symlink: /husarion_ws/install/husarion_ugv_description/share/husarion_ugv_description/urdf/common/gazebo.urdf.xacro
[0.792s] -- Up-to-date symlink: /husarion_ws/install/husarion_ugv_description/share/husarion_ugv_description/urdf/common/wheel.urdf.xacro
[0.792s] -- Up-to-date symlink: /husarion_ws/install/husarion_ugv_description/share/husarion_ugv_description/urdf/lynx.urdf.xacro
[0.792s] -- Up-to-date symlink: /husarion_ws/install/husarion_ugv_description/share/husarion_ugv_description/urdf/lynx/base.urdf.xacro
[0.793s] -- Up-to-date symlink: /husarion_ws/install/husarion_ugv_description/share/husarion_ugv_description/urdf/lynx/lynx_macro.urdf.xacro
[0.793s] -- Up-to-date symlink: /husarion_ws/install/husarion_ugv_description/share/husarion_ugv_description/urdf/panther.urdf.xacro
[0.793s] -- Up-to-date symlink: /husarion_ws/install/husarion_ugv_description/share/husarion_ugv_description/urdf/panther/base.urdf.xacro
[0.793s] -- Up-to-date symlink: /husarion_ws/install/husarion_ugv_description/share/husarion_ugv_description/urdf/panther/panther_macro.urdf.xacro
[0.793s] -- Up-to-date symlink: /husarion_ws/install/husarion_ugv_description/share/husarion_ugv_description/environment/setup_envs.sh
[0.793s] -- Up-to-date symlink: /husarion_ws/install/husarion_ugv_description/share/ament_index/resource_index/package_run_dependencies/husarion_ugv_description
[0.793s] -- Up-to-date symlink: /husarion_ws/install/husarion_ugv_description/share/ament_index/resource_index/parent_prefix_path/husarion_ugv_description
[0.793s] -- Up-to-date symlink: /husarion_ws/install/husarion_ugv_description/share/husarion_ugv_description/environment/ament_prefix_path.sh
[0.794s] -- Up-to-date symlink: /husarion_ws/install/husarion_ugv_description/share/husarion_ugv_description/environment/ament_prefix_path.dsv
[0.794s] -- Up-to-date symlink: /husarion_ws/install/husarion_ugv_description/share/husarion_ugv_description/environment/path.sh
[0.794s] -- Up-to-date symlink: /husarion_ws/install/husarion_ugv_description/share/husarion_ugv_description/environment/path.dsv
[0.794s] -- Up-to-date symlink: /husarion_ws/install/husarion_ugv_description/share/husarion_ugv_description/local_setup.bash
[0.794s] -- Up-to-date symlink: /husarion_ws/install/husarion_ugv_description/share/husarion_ugv_description/local_setup.sh
[0.794s] -- Up-to-date symlink: /husarion_ws/install/husarion_ugv_description/share/husarion_ugv_description/local_setup.zsh
[0.794s] -- Up-to-date symlink: /husarion_ws/install/husarion_ugv_description/share/husarion_ugv_description/local_setup.dsv
[0.794s] -- Symlinking: /husarion_ws/install/husarion_ugv_description/share/husarion_ugv_description/package.dsv
[0.819s] -- Up-to-date symlink: /husarion_ws/install/husarion_ugv_description/share/ament_index/resource_index/packages/husarion_ugv_description
[0.819s] -- Up-to-date symlink: /husarion_ws/install/husarion_ugv_description/share/husarion_ugv_description/cmake/husarion_ugv_descriptionConfig.cmake
[0.819s] -- Up-to-date symlink: /husarion_ws/install/husarion_ugv_description/share/husarion_ugv_description/cmake/husarion_ugv_descriptionConfig-version.cmake
[0.820s] -- Up-to-date symlink: /husarion_ws/install/husarion_ugv_description/share/husarion_ugv_description/package.xml
[0.908s] Invoked command in '/husarion_ws/build/husarion_ugv_description' returned '0': CMAKE_PREFIX_PATH=/husarion_ws/install/ros_components_description:/husarion_ws/install/husarion_ugv:/husarion_ws/install/husarion_ugv_gazebo:/husarion_ws/install/husarion_ugv_controller:/husarion_ws/install/husarion_ugv_description:/husarion_ws/install/mecanum_drive_controller:/husarion_ws/install/husarion_ugv_manager:/husarion_ws/install/husarion_ugv_localization:/husarion_ws/install/husarion_ugv_lights:/husarion_ws/install/husarion_ugv_utils:/husarion_ws/install/husarion_ugv_msgs:/husarion_ws/install/husarion_gz_worlds:/husarion_ws/install/behaviortree_ros2:/husarion_ws/install/btcpp_ros2_interfaces:/opt/ros/jazzy/opt/gz_sim_vendor:/opt/ros/jazzy/opt/gz_sensors_vendor:/opt/ros/jazzy/opt/gz_physics_vendor:/opt/ros/jazzy/opt/sdformat_vendor:/opt/ros/jazzy/opt/gz_gui_vendor:/opt/ros/jazzy/opt/gz_transport_vendor:/opt/ros/jazzy/opt/gz_rendering_vendor:/opt/ros/jazzy/opt/gz_plugin_vendor:/opt/ros/jazzy/opt/gz_fuel_tools_vendor:/opt/ros/jazzy/opt/gz_msgs_vendor:/opt/ros/jazzy/opt/gz_common_vendor:/opt/ros/jazzy/opt/gz_math_vendor:/opt/ros/jazzy/opt/gz_utils_vendor:/opt/ros/jazzy/opt/gz_tools_vendor:/opt/ros/jazzy/opt/gz_ogre_next_vendor:/opt/ros/jazzy/opt/gz_dartsim_vendor:/opt/ros/jazzy/opt/gz_cmake_vendor:/opt/ros/jazzy /usr/bin/cmake --install /husarion_ws/build/husarion_ugv_description
