[0.027s] Invoking command in '/husarion_ws/build/husarion_ugv_utils': CMAKE_PREFIX_PATH=${CMAKE_PREFIX_PATH}:/opt/ros/jazzy /usr/bin/cmake /husarion_ws/src/husarion_ugv_ros/husarion_ugv_utils -DCMAKE_BUILD_TYPE=Release -DBUILD_TESTING=OFF -DAMENT_CMAKE_SYMLINK_INSTALL=1 -DCMAKE_INSTALL_PREFIX=/husarion_ws/install/husarion_ugv_utils
[0.209s] -- The C compiler identification is GNU 13.3.0
[0.376s] -- The CXX compiler identification is GNU 13.3.0
[0.395s] -- Detecting C compiler ABI info
[0.502s] -- Detecting C compiler ABI info - done
[0.511s] -- Check for working C compiler: /usr/bin/cc - skipped
[0.512s] -- Detecting C compile features
[0.515s] -- Detecting C compile features - done
[0.524s] -- Detecting CXX compiler ABI info
[0.635s] -- Detecting CXX compiler ABI info - done
[0.644s] -- Check for working CXX compiler: /usr/bin/c++ - skipped
[0.645s] -- Detecting CXX compile features
[0.645s] -- Detecting CXX compile features - done
[0.654s] -- Found ament_cmake: 2.5.4 (/opt/ros/jazzy/share/ament_cmake/cmake)
[0.824s] -- Found Python3: /usr/bin/python3 (found version "3.12.3") found components: Interpreter 
[0.917s] -- Override CMake install command with custom implementation using symlinks instead of copying resources
[0.999s] -- Found diagnostic_updater: 4.2.4 (/opt/ros/jazzy/share/diagnostic_updater/cmake)
[1.070s] -- Found rosidl_generator_c: 4.6.5 (/opt/ros/jazzy/share/rosidl_generator_c/cmake)
[1.094s] -- Found rosidl_generator_cpp: 4.6.5 (/opt/ros/jazzy/share/rosidl_generator_cpp/cmake)
[1.118s] -- Using all available rosidl_typesupport_c: rosidl_typesupport_fastrtps_c;rosidl_typesupport_introspection_c
[1.149s] -- Using all available rosidl_typesupport_cpp: rosidl_typesupport_fastrtps_cpp;rosidl_typesupport_introspection_cpp
[1.322s] -- Found rmw_implementation_cmake: 7.3.2 (/opt/ros/jazzy/share/rmw_implementation_cmake/cmake)
[1.329s] -- Found rmw_fastrtps_cpp: 8.4.2 (/opt/ros/jazzy/share/rmw_fastrtps_cpp/cmake)
[1.464s] -- Found OpenSSL: /usr/lib/x86_64-linux-gnu/libcrypto.so (found version "3.0.13")  
[1.488s] -- Found FastRTPS: /opt/ros/jazzy/include (Required is at least version "2.13") 
[1.511s] -- Using RMW implementation 'rmw_fastrtps_cpp' as default
[1.634s] -- Found realtime_tools: 3.5.1 (/opt/ros/jazzy/share/realtime_tools/cmake)
[2.056s] -- Configuring done (2.0s)
[2.060s] -- Generating done (0.0s)
[2.063s] -- Build files have been written to: /husarion_ws/build/husarion_ugv_utils
[2.099s] Invoked command in '/husarion_ws/build/husarion_ugv_utils' returned '0': CMAKE_PREFIX_PATH=${CMAKE_PREFIX_PATH}:/opt/ros/jazzy /usr/bin/cmake /husarion_ws/src/husarion_ugv_ros/husarion_ugv_utils -DCMAKE_BUILD_TYPE=Release -DBUILD_TESTING=OFF -DAMENT_CMAKE_SYMLINK_INSTALL=1 -DCMAKE_INSTALL_PREFIX=/husarion_ws/install/husarion_ugv_utils
[2.100s] Invoking command in '/husarion_ws/build/husarion_ugv_utils': CMAKE_PREFIX_PATH=${CMAKE_PREFIX_PATH}:/opt/ros/jazzy /usr/bin/cmake --build /husarion_ws/build/husarion_ugv_utils -- -j6 -l6
[2.168s] Built target ament_cmake_python_symlink_husarion_ugv_utils
[2.370s] running egg_info
[2.371s] creating husarion_ugv_utils.egg-info
[2.388s] writing husarion_ugv_utils.egg-info/PKG-INFO
[2.389s] writing dependency_links to husarion_ugv_utils.egg-info/dependency_links.txt
[2.389s] writing top-level names to husarion_ugv_utils.egg-info/top_level.txt
[2.389s] writing manifest file 'husarion_ugv_utils.egg-info/SOURCES.txt'
[2.438s] reading manifest file 'husarion_ugv_utils.egg-info/SOURCES.txt'
[2.438s] writing manifest file 'husarion_ugv_utils.egg-info/SOURCES.txt'
[2.480s] Built target ament_cmake_python_build_husarion_ugv_utils_egg
[2.491s] Invoked command in '/husarion_ws/build/husarion_ugv_utils' returned '0': CMAKE_PREFIX_PATH=${CMAKE_PREFIX_PATH}:/opt/ros/jazzy /usr/bin/cmake --build /husarion_ws/build/husarion_ugv_utils -- -j6 -l6
[2.492s] Invoking command in '/husarion_ws/build/husarion_ugv_utils': CMAKE_PREFIX_PATH=${CMAKE_PREFIX_PATH}:/opt/ros/jazzy /usr/bin/cmake --install /husarion_ws/build/husarion_ugv_utils
[2.501s] -- Install configuration: "Release"
[2.501s] -- Execute custom install script
[2.502s] -- Symlinking: /husarion_ws/install/husarion_ugv_utils/include/husarion_ugv_utils/husarion_ugv_utils/common_utilities.hpp
[2.512s] -- Symlinking: /husarion_ws/install/husarion_ugv_utils/include/husarion_ugv_utils/husarion_ugv_utils/configure_rt.hpp
[2.522s] -- Symlinking: /husarion_ws/install/husarion_ugv_utils/include/husarion_ugv_utils/husarion_ugv_utils/diagnostics.hpp
[2.532s] -- Symlinking: /husarion_ws/install/husarion_ugv_utils/include/husarion_ugv_utils/husarion_ugv_utils/moving_average.hpp
[2.542s] -- Symlinking: /husarion_ws/install/husarion_ugv_utils/include/husarion_ugv_utils/husarion_ugv_utils/networking_utils.hpp
[2.553s] -- Symlinking: /husarion_ws/install/husarion_ugv_utils/include/husarion_ugv_utils/husarion_ugv_utils/ros_utils.hpp
[2.563s] -- Symlinking: /husarion_ws/install/husarion_ugv_utils/include/husarion_ugv_utils/husarion_ugv_utils/test/ros_test_utils.hpp
[2.572s] -- Symlinking: /husarion_ws/install/husarion_ugv_utils/include/husarion_ugv_utils/husarion_ugv_utils/test/test_utils.hpp
[2.581s] -- Symlinking: /husarion_ws/install/husarion_ugv_utils/include/husarion_ugv_utils/husarion_ugv_utils/yaml_utils.hpp
[2.591s] -- Symlinking: /husarion_ws/install/husarion_ugv_utils/share/husarion_ugv_utils/environment/pythonpath.sh
[2.601s] -- Symlinking: /husarion_ws/install/husarion_ugv_utils/share/husarion_ugv_utils/environment/pythonpath.dsv
[2.611s] -- Symlinking: /husarion_ws/install/husarion_ugv_utils/lib/python3.12/site-packages/husarion_ugv_utils-2.3.0-py3.12.egg-info/PKG-INFO
[2.620s] -- Symlinking: /husarion_ws/install/husarion_ugv_utils/lib/python3.12/site-packages/husarion_ugv_utils-2.3.0-py3.12.egg-info/SOURCES.txt
[2.630s] -- Symlinking: /husarion_ws/install/husarion_ugv_utils/lib/python3.12/site-packages/husarion_ugv_utils-2.3.0-py3.12.egg-info/dependency_links.txt
[2.643s] -- Symlinking: /husarion_ws/install/husarion_ugv_utils/lib/python3.12/site-packages/husarion_ugv_utils-2.3.0-py3.12.egg-info/top_level.txt
[2.649s] -- Symlinking: /husarion_ws/install/husarion_ugv_utils/lib/python3.12/site-packages/husarion_ugv_utils/__init__.py
[2.659s] -- Symlinking: /husarion_ws/install/husarion_ugv_utils/lib/python3.12/site-packages/husarion_ugv_utils/integration_test_utils.py
[2.669s] -- Symlinking: /husarion_ws/install/husarion_ugv_utils/lib/python3.12/site-packages/husarion_ugv_utils/logging.py
[2.680s] -- Symlinking: /husarion_ws/install/husarion_ugv_utils/lib/python3.12/site-packages/husarion_ugv_utils/messages.py
[2.691s] -- Symlinking: /husarion_ws/install/husarion_ugv_utils/lib/python3.12/site-packages/husarion_ugv_utils/version_check.py
[2.702s] -- Symlinking: /husarion_ws/install/husarion_ugv_utils/share/ament_index/resource_index/package_run_dependencies/husarion_ugv_utils
[2.715s] -- Symlinking: /husarion_ws/install/husarion_ugv_utils/share/ament_index/resource_index/parent_prefix_path/husarion_ugv_utils
[2.725s] -- Symlinking: /husarion_ws/install/husarion_ugv_utils/share/husarion_ugv_utils/environment/ament_prefix_path.sh
[2.734s] -- Symlinking: /husarion_ws/install/husarion_ugv_utils/share/husarion_ugv_utils/environment/ament_prefix_path.dsv
[2.745s] -- Symlinking: /husarion_ws/install/husarion_ugv_utils/share/husarion_ugv_utils/environment/path.sh
[2.756s] -- Symlinking: /husarion_ws/install/husarion_ugv_utils/share/husarion_ugv_utils/environment/path.dsv
[2.767s] -- Symlinking: /husarion_ws/install/husarion_ugv_utils/share/husarion_ugv_utils/local_setup.bash
[2.776s] -- Symlinking: /husarion_ws/install/husarion_ugv_utils/share/husarion_ugv_utils/local_setup.sh
[2.786s] -- Symlinking: /husarion_ws/install/husarion_ugv_utils/share/husarion_ugv_utils/local_setup.zsh
[2.797s] -- Symlinking: /husarion_ws/install/husarion_ugv_utils/share/husarion_ugv_utils/local_setup.dsv
[2.806s] -- Symlinking: /husarion_ws/install/husarion_ugv_utils/share/husarion_ugv_utils/package.dsv
[2.816s] -- Symlinking: /husarion_ws/install/husarion_ugv_utils/share/ament_index/resource_index/packages/husarion_ugv_utils
[2.827s] -- Symlinking: /husarion_ws/install/husarion_ugv_utils/share/husarion_ugv_utils/cmake/ament_cmake_export_dependencies-extras.cmake
[2.838s] -- Symlinking: /husarion_ws/install/husarion_ugv_utils/share/husarion_ugv_utils/cmake/ament_cmake_export_include_directories-extras.cmake
[2.850s] -- Symlinking: /husarion_ws/install/husarion_ugv_utils/share/husarion_ugv_utils/cmake/husarion_ugv_utilsConfig.cmake
[2.859s] -- Symlinking: /husarion_ws/install/husarion_ugv_utils/share/husarion_ugv_utils/cmake/husarion_ugv_utilsConfig-version.cmake
[2.872s] -- Symlinking: /husarion_ws/install/husarion_ugv_utils/share/husarion_ugv_utils/package.xml
[2.916s] Listing '/husarion_ws/install/husarion_ugv_utils/lib/python3.12/site-packages/husarion_ugv_utils'...
[2.917s] Compiling '/husarion_ws/install/husarion_ugv_utils/lib/python3.12/site-packages/husarion_ugv_utils/__init__.py'...
[2.917s] Compiling '/husarion_ws/install/husarion_ugv_utils/lib/python3.12/site-packages/husarion_ugv_utils/integration_test_utils.py'...
[2.917s] Compiling '/husarion_ws/install/husarion_ugv_utils/lib/python3.12/site-packages/husarion_ugv_utils/logging.py'...
[2.917s] Compiling '/husarion_ws/install/husarion_ugv_utils/lib/python3.12/site-packages/husarion_ugv_utils/messages.py'...
[2.917s] Compiling '/husarion_ws/install/husarion_ugv_utils/lib/python3.12/site-packages/husarion_ugv_utils/version_check.py'...
[2.926s] Invoked command in '/husarion_ws/build/husarion_ugv_utils' returned '0': CMAKE_PREFIX_PATH=${CMAKE_PREFIX_PATH}:/opt/ros/jazzy /usr/bin/cmake --install /husarion_ws/build/husarion_ugv_utils
