[0.047s] Invoking command in '/husarion_ws/build/husarion_ugv_manager': CMAKE_PREFIX_PATH=/husarion_ws/install/behaviortree_ros2:/husarion_ws/install/husarion_ugv_utils:/husarion_ws/install/husarion_ugv_msgs:/husarion_ws/install/btcpp_ros2_interfaces:/husarion_ws/install/husarion_ugv:/husarion_ws/install/husarion_ugv_gazebo:/husarion_ws/install/husarion_ugv_controller:/husarion_ws/install/husarion_ugv_description:/husarion_ws/install/ros_components_description:/husarion_ws/install/mecanum_drive_controller:/husarion_ws/install/husarion_ugv_manager:/husarion_ws/install/husarion_ugv_localization:/husarion_ws/install/husarion_ugv_lights:/husarion_ws/install/husarion_gz_worlds:/opt/ros/jazzy/opt/gz_sim_vendor:/opt/ros/jazzy/opt/gz_sensors_vendor:/opt/ros/jazzy/opt/gz_physics_vendor:/opt/ros/jazzy/opt/sdformat_vendor:/opt/ros/jazzy/opt/gz_gui_vendor:/opt/ros/jazzy/opt/gz_transport_vendor:/opt/ros/jazzy/opt/gz_rendering_vendor:/opt/ros/jazzy/opt/gz_plugin_vendor:/opt/ros/jazzy/opt/gz_fuel_tools_vendor:/opt/ros/jazzy/opt/gz_msgs_vendor:/opt/ros/jazzy/opt/gz_common_vendor:/opt/ros/jazzy/opt/gz_math_vendor:/opt/ros/jazzy/opt/gz_utils_vendor:/opt/ros/jazzy/opt/gz_tools_vendor:/opt/ros/jazzy/opt/gz_ogre_next_vendor:/opt/ros/jazzy/opt/gz_dartsim_vendor:/opt/ros/jazzy/opt/gz_cmake_vendor:/opt/ros/jazzy LD_LIBRARY_PATH=/husarion_ws/install/husarion_ugv_msgs/lib:/husarion_ws/install/btcpp_ros2_interfaces/lib:/husarion_ws/install/husarion_ugv_gazebo/lib:/husarion_ws/install/mecanum_drive_controller/lib:/husarion_ws/install/husarion_ugv_manager/lib:/husarion_ws/install/husarion_ugv_lights/lib:/husarion_ws/install/behaviortree_ros2/lib:/opt/ros/jazzy/opt/gz_sim_vendor/lib:/opt/ros/jazzy/opt/gz_sensors_vendor/lib:/opt/ros/jazzy/opt/gz_physics_vendor/lib:/opt/ros/jazzy/opt/sdformat_vendor/lib:/opt/ros/jazzy/opt/rviz_ogre_vendor/lib:/opt/ros/jazzy/lib/x86_64-linux-gnu:/opt/ros/jazzy/opt/libphidget22/lib:/opt/ros/jazzy/opt/gz_gui_vendor/lib:/opt/ros/jazzy/opt/gz_transport_vendor/lib:/opt/ros/jazzy/opt/gz_rendering_vendor/lib:/opt/ros/jazzy/opt/gz_plugin_vendor/lib:/opt/ros/jazzy/opt/gz_fuel_tools_vendor/lib:/opt/ros/jazzy/opt/gz_msgs_vendor/lib:/opt/ros/jazzy/opt/gz_common_vendor/lib:/opt/ros/jazzy/opt/gz_math_vendor/lib:/opt/ros/jazzy/opt/gz_utils_vendor/lib:/opt/ros/jazzy/opt/gz_tools_vendor/lib:/opt/ros/jazzy/opt/gz_ogre_next_vendor/lib:/opt/ros/jazzy/opt/gz_dartsim_vendor/lib:/opt/ros/jazzy/opt/gz_cmake_vendor/lib:/opt/ros/jazzy/lib /usr/bin/cmake /husarion_ws/src/husarion_ugv_ros/husarion_ugv_manager -DCMAKE_INSTALL_PREFIX=/husarion_ws/install/husarion_ugv_manager
[0.069s] -- Found ament_cmake: 2.5.4 (/opt/ros/jazzy/share/ament_cmake/cmake)
[0.318s] -- Override CMake install command with custom implementation using symlinks instead of copying resources
[0.329s] -- Found ament_index_cpp: 1.8.1 (/opt/ros/jazzy/share/ament_index_cpp/cmake)
[0.329s] -- Found behaviortree_cpp: 4.7.1 (/opt/ros/jazzy/share/behaviortree_cpp/cmake)
[0.332s] -- Found behaviortree_ros2: 0.2.0 (/husarion_ws/install/behaviortree_ros2/share/behaviortree_ros2/cmake)
[0.354s] -- Found rosidl_generator_c: 4.6.5 (/opt/ros/jazzy/share/rosidl_generator_c/cmake)
[0.362s] -- Found rosidl_generator_cpp: 4.6.5 (/opt/ros/jazzy/share/rosidl_generator_cpp/cmake)
[0.372s] -- Using all available rosidl_typesupport_c: rosidl_typesupport_fastrtps_c;rosidl_typesupport_introspection_c
[0.383s] -- Using all available rosidl_typesupport_cpp: rosidl_typesupport_fastrtps_cpp;rosidl_typesupport_introspection_cpp
[0.434s] -- Found rmw_implementation_cmake: 7.3.2 (/opt/ros/jazzy/share/rmw_implementation_cmake/cmake)
[0.436s] -- Found rmw_fastrtps_cpp: 8.4.2 (/opt/ros/jazzy/share/rmw_fastrtps_cpp/cmake)
[0.489s] -- Using RMW implementation 'rmw_fastrtps_cpp' as default
[0.705s] -- Found geometry_msgs: 5.3.6 (/opt/ros/jazzy/share/geometry_msgs/cmake)
[0.872s] -- Found husarion_ugv_msgs: 2.3.0 (/husarion_ws/install/husarion_ugv_msgs/share/husarion_ugv_msgs/cmake)
[0.994s] -- Found husarion_ugv_utils: 2.3.0 (/husarion_ws/install/husarion_ugv_utils/share/husarion_ugv_utils/cmake)
[1.285s] -- Found sensor_msgs: 5.3.6 (/opt/ros/jazzy/share/sensor_msgs/cmake)
[1.413s] -- Found std_srvs: 5.3.6 (/opt/ros/jazzy/share/std_srvs/cmake)
[1.513s] -- Found tf2_geometry_msgs: 0.36.11 (/opt/ros/jazzy/share/tf2_geometry_msgs/cmake)
[1.582s] -- Found eigen3_cmake_module: 0.3.0 (/opt/ros/jazzy/share/eigen3_cmake_module/cmake)
[1.587s] -- Ensuring Eigen3 include directory is part of orocos-kdl CMake target
[2.689s] -- Configuring done (2.6s)
[3.017s] -- Generating done (0.3s)
[3.055s] -- Build files have been written to: /husarion_ws/build/husarion_ugv_manager
[3.076s] Invoked command in '/husarion_ws/build/husarion_ugv_manager' returned '0': CMAKE_PREFIX_PATH=/husarion_ws/install/behaviortree_ros2:/husarion_ws/install/husarion_ugv_utils:/husarion_ws/install/husarion_ugv_msgs:/husarion_ws/install/btcpp_ros2_interfaces:/husarion_ws/install/husarion_ugv:/husarion_ws/install/husarion_ugv_gazebo:/husarion_ws/install/husarion_ugv_controller:/husarion_ws/install/husarion_ugv_description:/husarion_ws/install/ros_components_description:/husarion_ws/install/mecanum_drive_controller:/husarion_ws/install/husarion_ugv_manager:/husarion_ws/install/husarion_ugv_localization:/husarion_ws/install/husarion_ugv_lights:/husarion_ws/install/husarion_gz_worlds:/opt/ros/jazzy/opt/gz_sim_vendor:/opt/ros/jazzy/opt/gz_sensors_vendor:/opt/ros/jazzy/opt/gz_physics_vendor:/opt/ros/jazzy/opt/sdformat_vendor:/opt/ros/jazzy/opt/gz_gui_vendor:/opt/ros/jazzy/opt/gz_transport_vendor:/opt/ros/jazzy/opt/gz_rendering_vendor:/opt/ros/jazzy/opt/gz_plugin_vendor:/opt/ros/jazzy/opt/gz_fuel_tools_vendor:/opt/ros/jazzy/opt/gz_msgs_vendor:/opt/ros/jazzy/opt/gz_common_vendor:/opt/ros/jazzy/opt/gz_math_vendor:/opt/ros/jazzy/opt/gz_utils_vendor:/opt/ros/jazzy/opt/gz_tools_vendor:/opt/ros/jazzy/opt/gz_ogre_next_vendor:/opt/ros/jazzy/opt/gz_dartsim_vendor:/opt/ros/jazzy/opt/gz_cmake_vendor:/opt/ros/jazzy LD_LIBRARY_PATH=/husarion_ws/install/husarion_ugv_msgs/lib:/husarion_ws/install/btcpp_ros2_interfaces/lib:/husarion_ws/install/husarion_ugv_gazebo/lib:/husarion_ws/install/mecanum_drive_controller/lib:/husarion_ws/install/husarion_ugv_manager/lib:/husarion_ws/install/husarion_ugv_lights/lib:/husarion_ws/install/behaviortree_ros2/lib:/opt/ros/jazzy/opt/gz_sim_vendor/lib:/opt/ros/jazzy/opt/gz_sensors_vendor/lib:/opt/ros/jazzy/opt/gz_physics_vendor/lib:/opt/ros/jazzy/opt/sdformat_vendor/lib:/opt/ros/jazzy/opt/rviz_ogre_vendor/lib:/opt/ros/jazzy/lib/x86_64-linux-gnu:/opt/ros/jazzy/opt/libphidget22/lib:/opt/ros/jazzy/opt/gz_gui_vendor/lib:/opt/ros/jazzy/opt/gz_transport_vendor/lib:/opt/ros/jazzy/opt/gz_rendering_vendor/lib:/opt/ros/jazzy/opt/gz_plugin_vendor/lib:/opt/ros/jazzy/opt/gz_fuel_tools_vendor/lib:/opt/ros/jazzy/opt/gz_msgs_vendor/lib:/opt/ros/jazzy/opt/gz_common_vendor/lib:/opt/ros/jazzy/opt/gz_math_vendor/lib:/opt/ros/jazzy/opt/gz_utils_vendor/lib:/opt/ros/jazzy/opt/gz_tools_vendor/lib:/opt/ros/jazzy/opt/gz_ogre_next_vendor/lib:/opt/ros/jazzy/opt/gz_dartsim_vendor/lib:/opt/ros/jazzy/opt/gz_cmake_vendor/lib:/opt/ros/jazzy/lib /usr/bin/cmake /husarion_ws/src/husarion_ugv_ros/husarion_ugv_manager -DCMAKE_INSTALL_PREFIX=/husarion_ws/install/husarion_ugv_manager
[3.077s] Invoking command in '/husarion_ws/build/husarion_ugv_manager': CMAKE_PREFIX_PATH=/husarion_ws/install/behaviortree_ros2:/husarion_ws/install/husarion_ugv_utils:/husarion_ws/install/husarion_ugv_msgs:/husarion_ws/install/btcpp_ros2_interfaces:/husarion_ws/install/husarion_ugv:/husarion_ws/install/husarion_ugv_gazebo:/husarion_ws/install/husarion_ugv_controller:/husarion_ws/install/husarion_ugv_description:/husarion_ws/install/ros_components_description:/husarion_ws/install/mecanum_drive_controller:/husarion_ws/install/husarion_ugv_manager:/husarion_ws/install/husarion_ugv_localization:/husarion_ws/install/husarion_ugv_lights:/husarion_ws/install/husarion_gz_worlds:/opt/ros/jazzy/opt/gz_sim_vendor:/opt/ros/jazzy/opt/gz_sensors_vendor:/opt/ros/jazzy/opt/gz_physics_vendor:/opt/ros/jazzy/opt/sdformat_vendor:/opt/ros/jazzy/opt/gz_gui_vendor:/opt/ros/jazzy/opt/gz_transport_vendor:/opt/ros/jazzy/opt/gz_rendering_vendor:/opt/ros/jazzy/opt/gz_plugin_vendor:/opt/ros/jazzy/opt/gz_fuel_tools_vendor:/opt/ros/jazzy/opt/gz_msgs_vendor:/opt/ros/jazzy/opt/gz_common_vendor:/opt/ros/jazzy/opt/gz_math_vendor:/opt/ros/jazzy/opt/gz_utils_vendor:/opt/ros/jazzy/opt/gz_tools_vendor:/opt/ros/jazzy/opt/gz_ogre_next_vendor:/opt/ros/jazzy/opt/gz_dartsim_vendor:/opt/ros/jazzy/opt/gz_cmake_vendor:/opt/ros/jazzy LD_LIBRARY_PATH=/husarion_ws/install/husarion_ugv_msgs/lib:/husarion_ws/install/btcpp_ros2_interfaces/lib:/husarion_ws/install/husarion_ugv_gazebo/lib:/husarion_ws/install/mecanum_drive_controller/lib:/husarion_ws/install/husarion_ugv_manager/lib:/husarion_ws/install/husarion_ugv_lights/lib:/husarion_ws/install/behaviortree_ros2/lib:/opt/ros/jazzy/opt/gz_sim_vendor/lib:/opt/ros/jazzy/opt/gz_sensors_vendor/lib:/opt/ros/jazzy/opt/gz_physics_vendor/lib:/opt/ros/jazzy/opt/sdformat_vendor/lib:/opt/ros/jazzy/opt/rviz_ogre_vendor/lib:/opt/ros/jazzy/lib/x86_64-linux-gnu:/opt/ros/jazzy/opt/libphidget22/lib:/opt/ros/jazzy/opt/gz_gui_vendor/lib:/opt/ros/jazzy/opt/gz_transport_vendor/lib:/opt/ros/jazzy/opt/gz_rendering_vendor/lib:/opt/ros/jazzy/opt/gz_plugin_vendor/lib:/opt/ros/jazzy/opt/gz_fuel_tools_vendor/lib:/opt/ros/jazzy/opt/gz_msgs_vendor/lib:/opt/ros/jazzy/opt/gz_common_vendor/lib:/opt/ros/jazzy/opt/gz_math_vendor/lib:/opt/ros/jazzy/opt/gz_utils_vendor/lib:/opt/ros/jazzy/opt/gz_tools_vendor/lib:/opt/ros/jazzy/opt/gz_ogre_next_vendor/lib:/opt/ros/jazzy/opt/gz_dartsim_vendor/lib:/opt/ros/jazzy/opt/gz_cmake_vendor/lib:/opt/ros/jazzy/lib /usr/bin/cmake --build /husarion_ws/build/husarion_ugv_manager -- -j12 -l12
[3.183s] [  7%] [32mBuilding CXX object CMakeFiles/call_set_bool_service_bt_node.dir/src/plugins/action/call_set_bool_service_node.cpp.o[0m
[3.184s] [  7%] [32mBuilding CXX object CMakeFiles/signal_shutdown_bt_node.dir/src/plugins/action/signal_shutdown_node.cpp.o[0m
[3.184s] [ 10%] [32mBuilding CXX object CMakeFiles/call_trigger_service_bt_node.dir/src/plugins/action/call_trigger_service_node.cpp.o[0m
[3.194s] [ 14%] [32mBuilding CXX object CMakeFiles/tick_after_timeout_bt_node.dir/src/plugins/decorator/tick_after_timeout_node.cpp.o[0m
[3.197s] [ 17%] [32mBuilding CXX object CMakeFiles/check_bool_msg_bt_node.dir/src/plugins/condition/check_bool_msg.cpp.o[0m
[3.197s] [ 25%] Built target lights_manager_parameters
[3.197s] [ 28%] [32mBuilding CXX object CMakeFiles/call_set_led_animation_service_bt_node.dir/src/plugins/action/call_set_led_animation_service_node.cpp.o[0m
[3.203s] [ 35%] Built target safety_manager_parameters
[3.203s] [ 39%] [32mBuilding CXX object CMakeFiles/shutdown_hosts_from_file_bt_node.dir/src/plugins/action/shutdown_hosts_from_file_node.cpp.o[0m
[3.206s] [ 42%] [32mBuilding CXX object CMakeFiles/execute_command_bt_node.dir/src/plugins/action/execute_command_node.cpp.o[0m
[3.207s] [ 46%] [32mBuilding CXX object CMakeFiles/check_joy_msg_bt_node.dir/src/plugins/condition/check_joy_msg.cpp.o[0m
[54.011s] [ 50%] [32m[1mLinking CXX shared library libsignal_shutdown_bt_node.so[0m
[57.911s] [ 50%] Built target signal_shutdown_bt_node
[61.513s] [ 53%] [32m[1mLinking CXX shared library libtick_after_timeout_bt_node.so[0m
[63.390s] [ 53%] Built target tick_after_timeout_bt_node
[74.282s] [ 57%] [32m[1mLinking CXX shared library libcall_trigger_service_bt_node.so[0m
[76.484s] [ 57%] Built target call_trigger_service_bt_node
[91.486s] [ 60%] [32m[1mLinking CXX shared library libcall_set_led_animation_service_bt_node.so[0m
[92.709s] [ 60%] Built target call_set_led_animation_service_bt_node
[95.594s] [ 64%] [32m[1mLinking CXX shared library libexecute_command_bt_node.so[0m
[97.568s] [ 64%] Built target execute_command_bt_node
[106.602s] [ 67%] [32m[1mLinking CXX shared library libcall_set_bool_service_bt_node.so[0m
[107.505s] [ 67%] Built target call_set_bool_service_bt_node
[111.412s] [ 71%] [32m[1mLinking CXX shared library libshutdown_hosts_from_file_bt_node.so[0m
[112.269s] [ 71%] Built target shutdown_hosts_from_file_bt_node
[117.720s] [ 75%] [32m[1mLinking CXX shared library libcheck_bool_msg_bt_node.so[0m
[117.892s] [ 75%] Built target check_bool_msg_bt_node
[118.143s] [ 78%] [32m[1mLinking CXX shared library libcheck_joy_msg_bt_node.so[0m
[118.313s] [ 78%] Built target check_joy_msg_bt_node
[118.348s] [ 82%] [32mBuilding CXX object CMakeFiles/safety_manager_node.dir/src/safety_manager_node_main.cpp.o[0m
[123.214s] [ 85%] [32mBuilding CXX object CMakeFiles/safety_manager_node.dir/src/safety_manager_node.cpp.o[0m
[146.283s] [ 89%] [32m[1mLinking CXX executable safety_manager_node[0m
[146.580s] [ 89%] Built target safety_manager_node
[146.612s] [ 92%] [32mBuilding CXX object CMakeFiles/lights_manager_node.dir/src/lights_manager_node_main.cpp.o[0m
[146.612s] [ 96%] [32mBuilding CXX object CMakeFiles/lights_manager_node.dir/src/lights_manager_node.cpp.o[0m
[219.081s] [100%] [32m[1mLinking CXX executable lights_manager_node[0m
[222.474s] [100%] Built target lights_manager_node
[222.614s] Invoked command in '/husarion_ws/build/husarion_ugv_manager' returned '0': CMAKE_PREFIX_PATH=/husarion_ws/install/behaviortree_ros2:/husarion_ws/install/husarion_ugv_utils:/husarion_ws/install/husarion_ugv_msgs:/husarion_ws/install/btcpp_ros2_interfaces:/husarion_ws/install/husarion_ugv:/husarion_ws/install/husarion_ugv_gazebo:/husarion_ws/install/husarion_ugv_controller:/husarion_ws/install/husarion_ugv_description:/husarion_ws/install/ros_components_description:/husarion_ws/install/mecanum_drive_controller:/husarion_ws/install/husarion_ugv_manager:/husarion_ws/install/husarion_ugv_localization:/husarion_ws/install/husarion_ugv_lights:/husarion_ws/install/husarion_gz_worlds:/opt/ros/jazzy/opt/gz_sim_vendor:/opt/ros/jazzy/opt/gz_sensors_vendor:/opt/ros/jazzy/opt/gz_physics_vendor:/opt/ros/jazzy/opt/sdformat_vendor:/opt/ros/jazzy/opt/gz_gui_vendor:/opt/ros/jazzy/opt/gz_transport_vendor:/opt/ros/jazzy/opt/gz_rendering_vendor:/opt/ros/jazzy/opt/gz_plugin_vendor:/opt/ros/jazzy/opt/gz_fuel_tools_vendor:/opt/ros/jazzy/opt/gz_msgs_vendor:/opt/ros/jazzy/opt/gz_common_vendor:/opt/ros/jazzy/opt/gz_math_vendor:/opt/ros/jazzy/opt/gz_utils_vendor:/opt/ros/jazzy/opt/gz_tools_vendor:/opt/ros/jazzy/opt/gz_ogre_next_vendor:/opt/ros/jazzy/opt/gz_dartsim_vendor:/opt/ros/jazzy/opt/gz_cmake_vendor:/opt/ros/jazzy LD_LIBRARY_PATH=/husarion_ws/install/husarion_ugv_msgs/lib:/husarion_ws/install/btcpp_ros2_interfaces/lib:/husarion_ws/install/husarion_ugv_gazebo/lib:/husarion_ws/install/mecanum_drive_controller/lib:/husarion_ws/install/husarion_ugv_manager/lib:/husarion_ws/install/husarion_ugv_lights/lib:/husarion_ws/install/behaviortree_ros2/lib:/opt/ros/jazzy/opt/gz_sim_vendor/lib:/opt/ros/jazzy/opt/gz_sensors_vendor/lib:/opt/ros/jazzy/opt/gz_physics_vendor/lib:/opt/ros/jazzy/opt/sdformat_vendor/lib:/opt/ros/jazzy/opt/rviz_ogre_vendor/lib:/opt/ros/jazzy/lib/x86_64-linux-gnu:/opt/ros/jazzy/opt/libphidget22/lib:/opt/ros/jazzy/opt/gz_gui_vendor/lib:/opt/ros/jazzy/opt/gz_transport_vendor/lib:/opt/ros/jazzy/opt/gz_rendering_vendor/lib:/opt/ros/jazzy/opt/gz_plugin_vendor/lib:/opt/ros/jazzy/opt/gz_fuel_tools_vendor/lib:/opt/ros/jazzy/opt/gz_msgs_vendor/lib:/opt/ros/jazzy/opt/gz_common_vendor/lib:/opt/ros/jazzy/opt/gz_math_vendor/lib:/opt/ros/jazzy/opt/gz_utils_vendor/lib:/opt/ros/jazzy/opt/gz_tools_vendor/lib:/opt/ros/jazzy/opt/gz_ogre_next_vendor/lib:/opt/ros/jazzy/opt/gz_dartsim_vendor/lib:/opt/ros/jazzy/opt/gz_cmake_vendor/lib:/opt/ros/jazzy/lib /usr/bin/cmake --build /husarion_ws/build/husarion_ugv_manager -- -j12 -l12
[222.674s] Invoking command in '/husarion_ws/build/husarion_ugv_manager': CMAKE_PREFIX_PATH=/husarion_ws/install/behaviortree_ros2:/husarion_ws/install/husarion_ugv_utils:/husarion_ws/install/husarion_ugv_msgs:/husarion_ws/install/btcpp_ros2_interfaces:/husarion_ws/install/husarion_ugv:/husarion_ws/install/husarion_ugv_gazebo:/husarion_ws/install/husarion_ugv_controller:/husarion_ws/install/husarion_ugv_description:/husarion_ws/install/ros_components_description:/husarion_ws/install/mecanum_drive_controller:/husarion_ws/install/husarion_ugv_manager:/husarion_ws/install/husarion_ugv_localization:/husarion_ws/install/husarion_ugv_lights:/husarion_ws/install/husarion_gz_worlds:/opt/ros/jazzy/opt/gz_sim_vendor:/opt/ros/jazzy/opt/gz_sensors_vendor:/opt/ros/jazzy/opt/gz_physics_vendor:/opt/ros/jazzy/opt/sdformat_vendor:/opt/ros/jazzy/opt/gz_gui_vendor:/opt/ros/jazzy/opt/gz_transport_vendor:/opt/ros/jazzy/opt/gz_rendering_vendor:/opt/ros/jazzy/opt/gz_plugin_vendor:/opt/ros/jazzy/opt/gz_fuel_tools_vendor:/opt/ros/jazzy/opt/gz_msgs_vendor:/opt/ros/jazzy/opt/gz_common_vendor:/opt/ros/jazzy/opt/gz_math_vendor:/opt/ros/jazzy/opt/gz_utils_vendor:/opt/ros/jazzy/opt/gz_tools_vendor:/opt/ros/jazzy/opt/gz_ogre_next_vendor:/opt/ros/jazzy/opt/gz_dartsim_vendor:/opt/ros/jazzy/opt/gz_cmake_vendor:/opt/ros/jazzy LD_LIBRARY_PATH=/husarion_ws/install/husarion_ugv_msgs/lib:/husarion_ws/install/btcpp_ros2_interfaces/lib:/husarion_ws/install/husarion_ugv_gazebo/lib:/husarion_ws/install/mecanum_drive_controller/lib:/husarion_ws/install/husarion_ugv_manager/lib:/husarion_ws/install/husarion_ugv_lights/lib:/husarion_ws/install/behaviortree_ros2/lib:/opt/ros/jazzy/opt/gz_sim_vendor/lib:/opt/ros/jazzy/opt/gz_sensors_vendor/lib:/opt/ros/jazzy/opt/gz_physics_vendor/lib:/opt/ros/jazzy/opt/sdformat_vendor/lib:/opt/ros/jazzy/opt/rviz_ogre_vendor/lib:/opt/ros/jazzy/lib/x86_64-linux-gnu:/opt/ros/jazzy/opt/libphidget22/lib:/opt/ros/jazzy/opt/gz_gui_vendor/lib:/opt/ros/jazzy/opt/gz_transport_vendor/lib:/opt/ros/jazzy/opt/gz_rendering_vendor/lib:/opt/ros/jazzy/opt/gz_plugin_vendor/lib:/opt/ros/jazzy/opt/gz_fuel_tools_vendor/lib:/opt/ros/jazzy/opt/gz_msgs_vendor/lib:/opt/ros/jazzy/opt/gz_common_vendor/lib:/opt/ros/jazzy/opt/gz_math_vendor/lib:/opt/ros/jazzy/opt/gz_utils_vendor/lib:/opt/ros/jazzy/opt/gz_tools_vendor/lib:/opt/ros/jazzy/opt/gz_ogre_next_vendor/lib:/opt/ros/jazzy/opt/gz_dartsim_vendor/lib:/opt/ros/jazzy/opt/gz_cmake_vendor/lib:/opt/ros/jazzy/lib /usr/bin/cmake --install /husarion_ws/build/husarion_ugv_manager
[222.813s] -- Install configuration: "Release"
[222.874s] -- Execute custom install script
[222.883s] -- Up-to-date symlink: /husarion_ws/install/husarion_ugv_manager/include/husarion_ugv_manager/lights_manager_parameters.hpp
[222.885s] -- Up-to-date symlink: /husarion_ws/install/husarion_ugv_manager/include/husarion_ugv_manager/safety_manager_parameters.hpp
[222.886s] -- Up-to-date symlink: /husarion_ws/install/husarion_ugv_manager/include/husarion_ugv_manager/lights_manager_parameters.hpp
[222.886s] -- Up-to-date symlink: /husarion_ws/install/husarion_ugv_manager/include/husarion_ugv_manager/safety_manager_parameters.hpp
[222.894s] -- Up-to-date symlink: /husarion_ws/install/husarion_ugv_manager/lib/libcall_set_bool_service_bt_node.so
[222.897s] -- Up-to-date symlink: /husarion_ws/install/husarion_ugv_manager/lib/libcall_trigger_service_bt_node.so
[222.897s] -- Up-to-date symlink: /husarion_ws/install/husarion_ugv_manager/lib/libcall_set_led_animation_service_bt_node.so
[222.900s] -- Up-to-date symlink: /husarion_ws/install/husarion_ugv_manager/lib/libsignal_shutdown_bt_node.so
[222.904s] -- Up-to-date symlink: /husarion_ws/install/husarion_ugv_manager/lib/libshutdown_hosts_from_file_bt_node.so
[222.904s] -- Up-to-date symlink: /husarion_ws/install/husarion_ugv_manager/lib/libcheck_bool_msg_bt_node.so
[222.905s] -- Up-to-date symlink: /husarion_ws/install/husarion_ugv_manager/lib/libcheck_joy_msg_bt_node.so
[222.906s] -- Up-to-date symlink: /husarion_ws/install/husarion_ugv_manager/lib/libtick_after_timeout_bt_node.so
[222.907s] -- Up-to-date symlink: /husarion_ws/install/husarion_ugv_manager/lib/libexecute_command_bt_node.so
[222.910s] -- Up-to-date symlink: /husarion_ws/install/husarion_ugv_manager/lib/husarion_ugv_manager/safety_manager_node
[222.911s] -- Up-to-date symlink: /husarion_ws/install/husarion_ugv_manager/lib/husarion_ugv_manager/lights_manager_node
[222.972s] -- Up-to-date symlink: /husarion_ws/install/husarion_ugv_manager/share/husarion_ugv_manager/behavior_trees/LightsBT.btproj
[222.975s] -- Up-to-date symlink: /husarion_ws/install/husarion_ugv_manager/share/husarion_ugv_manager/behavior_trees/SafetyBT.btproj
[222.975s] -- Up-to-date symlink: /husarion_ws/install/husarion_ugv_manager/share/husarion_ugv_manager/behavior_trees/lights.xml
[222.976s] -- Up-to-date symlink: /husarion_ws/install/husarion_ugv_manager/share/husarion_ugv_manager/behavior_trees/safety.xml
[222.980s] -- Up-to-date symlink: /husarion_ws/install/husarion_ugv_manager/share/husarion_ugv_manager/behavior_trees/shutdown.xml
[222.985s] -- Up-to-date symlink: /husarion_ws/install/husarion_ugv_manager/share/husarion_ugv_manager/config/lights_manager.yaml
[222.986s] -- Up-to-date symlink: /husarion_ws/install/husarion_ugv_manager/share/husarion_ugv_manager/config/safety_manager.yaml
[222.987s] -- Up-to-date symlink: /husarion_ws/install/husarion_ugv_manager/share/husarion_ugv_manager/config/shutdown_hosts.yaml
[222.994s] -- Up-to-date symlink: /husarion_ws/install/husarion_ugv_manager/share/husarion_ugv_manager/launch/manager.launch.py
[222.996s] -- Up-to-date symlink: /husarion_ws/install/husarion_ugv_manager/include/husarion_ugv_manager/husarion_ugv_manager/behavior_tree_manager.hpp
[222.998s] -- Up-to-date symlink: /husarion_ws/install/husarion_ugv_manager/include/husarion_ugv_manager/husarion_ugv_manager/behavior_tree_utils.hpp
[223.001s] -- Up-to-date symlink: /husarion_ws/install/husarion_ugv_manager/include/husarion_ugv_manager/husarion_ugv_manager/lights_manager_node.hpp
[223.005s] -- Up-to-date symlink: /husarion_ws/install/husarion_ugv_manager/include/husarion_ugv_manager/husarion_ugv_manager/plugins/action/call_set_bool_service_node.hpp
[223.005s] -- Up-to-date symlink: /husarion_ws/install/husarion_ugv_manager/include/husarion_ugv_manager/husarion_ugv_manager/plugins/action/call_set_led_animation_service_node.hpp
[223.006s] -- Up-to-date symlink: /husarion_ws/install/husarion_ugv_manager/include/husarion_ugv_manager/husarion_ugv_manager/plugins/action/call_trigger_service_node.hpp
[223.008s] -- Up-to-date symlink: /husarion_ws/install/husarion_ugv_manager/include/husarion_ugv_manager/husarion_ugv_manager/plugins/action/execute_command_node.hpp
[223.009s] -- Up-to-date symlink: /husarion_ws/install/husarion_ugv_manager/include/husarion_ugv_manager/husarion_ugv_manager/plugins/action/shutdown_hosts_from_file_node.hpp
[223.013s] -- Up-to-date symlink: /husarion_ws/install/husarion_ugv_manager/include/husarion_ugv_manager/husarion_ugv_manager/plugins/action/signal_shutdown_node.hpp
[223.014s] -- Up-to-date symlink: /husarion_ws/install/husarion_ugv_manager/include/husarion_ugv_manager/husarion_ugv_manager/plugins/command_handler.hpp
[223.074s] -- Up-to-date symlink: /husarion_ws/install/husarion_ugv_manager/include/husarion_ugv_manager/husarion_ugv_manager/plugins/condition/check_bool_msg.hpp
[223.075s] -- Up-to-date symlink: /husarion_ws/install/husarion_ugv_manager/include/husarion_ugv_manager/husarion_ugv_manager/plugins/condition/check_joy_msg.hpp
[223.076s] -- Up-to-date symlink: /husarion_ws/install/husarion_ugv_manager/include/husarion_ugv_manager/husarion_ugv_manager/plugins/decorator/tick_after_timeout_node.hpp
[223.077s] -- Up-to-date symlink: /husarion_ws/install/husarion_ugv_manager/include/husarion_ugv_manager/husarion_ugv_manager/plugins/shutdown_host.hpp
[223.077s] -- Up-to-date symlink: /husarion_ws/install/husarion_ugv_manager/include/husarion_ugv_manager/husarion_ugv_manager/plugins/shutdown_hosts_node.hpp
[223.082s] -- Up-to-date symlink: /husarion_ws/install/husarion_ugv_manager/include/husarion_ugv_manager/husarion_ugv_manager/safety_manager_node.hpp
[223.088s] -- Up-to-date symlink: /husarion_ws/install/husarion_ugv_manager/include/husarion_ugv_manager/husarion_ugv_manager/test/utils/behavior_tree_test_utils.hpp
[223.088s] -- Up-to-date symlink: /husarion_ws/install/husarion_ugv_manager/include/husarion_ugv_manager/husarion_ugv_manager/test/utils/plugin_test_utils.hpp
[223.092s] -- Up-to-date symlink: /husarion_ws/install/husarion_ugv_manager/share/ament_index/resource_index/package_run_dependencies/husarion_ugv_manager
[223.094s] -- Up-to-date symlink: /husarion_ws/install/husarion_ugv_manager/share/ament_index/resource_index/parent_prefix_path/husarion_ugv_manager
[223.098s] -- Up-to-date symlink: /husarion_ws/install/husarion_ugv_manager/share/husarion_ugv_manager/environment/ament_prefix_path.sh
[223.098s] -- Up-to-date symlink: /husarion_ws/install/husarion_ugv_manager/share/husarion_ugv_manager/environment/ament_prefix_path.dsv
[223.100s] -- Up-to-date symlink: /husarion_ws/install/husarion_ugv_manager/share/husarion_ugv_manager/environment/path.sh
[223.109s] -- Up-to-date symlink: /husarion_ws/install/husarion_ugv_manager/share/husarion_ugv_manager/environment/path.dsv
[223.111s] -- Up-to-date symlink: /husarion_ws/install/husarion_ugv_manager/share/husarion_ugv_manager/local_setup.bash
[223.111s] -- Up-to-date symlink: /husarion_ws/install/husarion_ugv_manager/share/husarion_ugv_manager/local_setup.sh
[223.112s] -- Up-to-date symlink: /husarion_ws/install/husarion_ugv_manager/share/husarion_ugv_manager/local_setup.zsh
[223.112s] -- Up-to-date symlink: /husarion_ws/install/husarion_ugv_manager/share/husarion_ugv_manager/local_setup.dsv
[223.113s] -- Symlinking: /husarion_ws/install/husarion_ugv_manager/share/husarion_ugv_manager/package.dsv
[223.273s] -- Up-to-date symlink: /husarion_ws/install/husarion_ugv_manager/share/ament_index/resource_index/packages/husarion_ugv_manager
[223.274s] -- Up-to-date symlink: /husarion_ws/install/husarion_ugv_manager/share/husarion_ugv_manager/cmake/ament_cmake_export_dependencies-extras.cmake
[223.275s] -- Up-to-date symlink: /husarion_ws/install/husarion_ugv_manager/share/husarion_ugv_manager/cmake/ament_cmake_export_include_directories-extras.cmake
[223.276s] -- Up-to-date symlink: /husarion_ws/install/husarion_ugv_manager/share/husarion_ugv_manager/cmake/husarion_ugv_managerConfig.cmake
[223.279s] -- Up-to-date symlink: /husarion_ws/install/husarion_ugv_manager/share/husarion_ugv_manager/cmake/husarion_ugv_managerConfig-version.cmake
[223.279s] -- Up-to-date symlink: /husarion_ws/install/husarion_ugv_manager/share/husarion_ugv_manager/package.xml
[223.289s] Invoked command in '/husarion_ws/build/husarion_ugv_manager' returned '0': CMAKE_PREFIX_PATH=/husarion_ws/install/behaviortree_ros2:/husarion_ws/install/husarion_ugv_utils:/husarion_ws/install/husarion_ugv_msgs:/husarion_ws/install/btcpp_ros2_interfaces:/husarion_ws/install/husarion_ugv:/husarion_ws/install/husarion_ugv_gazebo:/husarion_ws/install/husarion_ugv_controller:/husarion_ws/install/husarion_ugv_description:/husarion_ws/install/ros_components_description:/husarion_ws/install/mecanum_drive_controller:/husarion_ws/install/husarion_ugv_manager:/husarion_ws/install/husarion_ugv_localization:/husarion_ws/install/husarion_ugv_lights:/husarion_ws/install/husarion_gz_worlds:/opt/ros/jazzy/opt/gz_sim_vendor:/opt/ros/jazzy/opt/gz_sensors_vendor:/opt/ros/jazzy/opt/gz_physics_vendor:/opt/ros/jazzy/opt/sdformat_vendor:/opt/ros/jazzy/opt/gz_gui_vendor:/opt/ros/jazzy/opt/gz_transport_vendor:/opt/ros/jazzy/opt/gz_rendering_vendor:/opt/ros/jazzy/opt/gz_plugin_vendor:/opt/ros/jazzy/opt/gz_fuel_tools_vendor:/opt/ros/jazzy/opt/gz_msgs_vendor:/opt/ros/jazzy/opt/gz_common_vendor:/opt/ros/jazzy/opt/gz_math_vendor:/opt/ros/jazzy/opt/gz_utils_vendor:/opt/ros/jazzy/opt/gz_tools_vendor:/opt/ros/jazzy/opt/gz_ogre_next_vendor:/opt/ros/jazzy/opt/gz_dartsim_vendor:/opt/ros/jazzy/opt/gz_cmake_vendor:/opt/ros/jazzy LD_LIBRARY_PATH=/husarion_ws/install/husarion_ugv_msgs/lib:/husarion_ws/install/btcpp_ros2_interfaces/lib:/husarion_ws/install/husarion_ugv_gazebo/lib:/husarion_ws/install/mecanum_drive_controller/lib:/husarion_ws/install/husarion_ugv_manager/lib:/husarion_ws/install/husarion_ugv_lights/lib:/husarion_ws/install/behaviortree_ros2/lib:/opt/ros/jazzy/opt/gz_sim_vendor/lib:/opt/ros/jazzy/opt/gz_sensors_vendor/lib:/opt/ros/jazzy/opt/gz_physics_vendor/lib:/opt/ros/jazzy/opt/sdformat_vendor/lib:/opt/ros/jazzy/opt/rviz_ogre_vendor/lib:/opt/ros/jazzy/lib/x86_64-linux-gnu:/opt/ros/jazzy/opt/libphidget22/lib:/opt/ros/jazzy/opt/gz_gui_vendor/lib:/opt/ros/jazzy/opt/gz_transport_vendor/lib:/opt/ros/jazzy/opt/gz_rendering_vendor/lib:/opt/ros/jazzy/opt/gz_plugin_vendor/lib:/opt/ros/jazzy/opt/gz_fuel_tools_vendor/lib:/opt/ros/jazzy/opt/gz_msgs_vendor/lib:/opt/ros/jazzy/opt/gz_common_vendor/lib:/opt/ros/jazzy/opt/gz_math_vendor/lib:/opt/ros/jazzy/opt/gz_utils_vendor/lib:/opt/ros/jazzy/opt/gz_tools_vendor/lib:/opt/ros/jazzy/opt/gz_ogre_next_vendor/lib:/opt/ros/jazzy/opt/gz_dartsim_vendor/lib:/opt/ros/jazzy/opt/gz_cmake_vendor/lib:/opt/ros/jazzy/lib /usr/bin/cmake --install /husarion_ws/build/husarion_ugv_manager
