[0.008s] Invoking command in '/husarion_ws/build/husarion_ugv_lights': AMENT_PREFIX_PATH=/husarion_ws/install/husarion_ugv_utils:/husarion_ws/install/husarion_ugv_msgs:${AMENT_PREFIX_PATH} CMAKE_PREFIX_PATH=/husarion_ws/install/husarion_ugv_utils:/husarion_ws/install/husarion_ugv_msgs:/opt/ros/jazzy/opt/gz_sim_vendor:/opt/ros/jazzy/opt/gz_sensors_vendor:/opt/ros/jazzy/opt/gz_physics_vendor:/opt/ros/jazzy/opt/sdformat_vendor:/opt/ros/jazzy/opt/gz_gui_vendor:/opt/ros/jazzy/opt/gz_transport_vendor:/opt/ros/jazzy/opt/gz_rendering_vendor:/opt/ros/jazzy/opt/gz_plugin_vendor:/opt/ros/jazzy/opt/gz_fuel_tools_vendor:/opt/ros/jazzy/opt/gz_msgs_vendor:/opt/ros/jazzy/opt/gz_common_vendor:/opt/ros/jazzy/opt/gz_math_vendor:/opt/ros/jazzy/opt/gz_utils_vendor:/opt/ros/jazzy/opt/gz_tools_vendor:/opt/ros/jazzy/opt/gz_ogre_next_vendor:/opt/ros/jazzy/opt/gz_dartsim_vendor:/opt/ros/jazzy/opt/gz_cmake_vendor:/opt/ros/jazzy LD_LIBRARY_PATH=/husarion_ws/install/husarion_ugv_msgs/lib:${LD_LIBRARY_PATH} PYTHONPATH=/husarion_ws/install/husarion_ugv_utils/lib/python3.12/site-packages:/husarion_ws/install/husarion_ugv_msgs/lib/python3.12/site-packages:${PYTHONPATH} /usr/bin/cmake /husarion_ws/src/husarion_ugv_ros/husarion_ugv_lights -DCMAKE_BUILD_TYPE=Release -DBUILD_TESTING=OFF -DAMENT_CMAKE_SYMLINK_INSTALL=1 -DCMAKE_INSTALL_PREFIX=/husarion_ws/install/husarion_ugv_lights
[0.050s] -- The C compiler identification is GNU 13.3.0
[0.092s] -- The CXX compiler identification is GNU 13.3.0
[0.104s] -- Detecting C compiler ABI info
[0.177s] -- Detecting C compiler ABI info - done
[0.184s] -- Check for working C compiler: /usr/bin/cc - skipped
[0.184s] -- Detecting C compile features
[0.184s] -- Detecting C compile features - done
[0.192s] -- Detecting CXX compiler ABI info
[0.269s] -- Detecting CXX compiler ABI info - done
[0.276s] -- Check for working CXX compiler: /usr/bin/c++ - skipped
[0.276s] -- Detecting CXX compile features
[0.277s] -- Detecting CXX compile features - done
[0.281s] -- Found ament_cmake: 2.5.4 (/opt/ros/jazzy/share/ament_cmake/cmake)
[0.404s] -- Found Python3: /usr/bin/python3 (found version "3.12.3") found components: Interpreter 
[0.466s] -- Override CMake install command with custom implementation using symlinks instead of copying resources
[0.511s] -- Found ament_index_cpp: 1.8.1 (/opt/ros/jazzy/share/ament_index_cpp/cmake)
[0.515s] -- Found diagnostic_updater: 4.2.4 (/opt/ros/jazzy/share/diagnostic_updater/cmake)
[0.568s] -- Found rosidl_generator_c: 4.6.5 (/opt/ros/jazzy/share/rosidl_generator_c/cmake)
[0.583s] -- Found rosidl_generator_cpp: 4.6.5 (/opt/ros/jazzy/share/rosidl_generator_cpp/cmake)
[0.601s] -- Using all available rosidl_typesupport_c: rosidl_typesupport_fastrtps_c;rosidl_typesupport_introspection_c
[0.620s] -- Using all available rosidl_typesupport_cpp: rosidl_typesupport_fastrtps_cpp;rosidl_typesupport_introspection_cpp
[0.730s] -- Found rmw_implementation_cmake: 7.3.2 (/opt/ros/jazzy/share/rmw_implementation_cmake/cmake)
[0.734s] -- Found rmw_fastrtps_cpp: 8.4.2 (/opt/ros/jazzy/share/rmw_fastrtps_cpp/cmake)
[0.806s] -- Found OpenSSL: /usr/lib/x86_64-linux-gnu/libcrypto.so (found version "3.0.13")  
[0.822s] -- Found FastRTPS: /opt/ros/jazzy/include (Required is at least version "2.13") 
[0.841s] -- Using RMW implementation 'rmw_fastrtps_cpp' as default
[0.910s] -- Found generate_parameter_library: 0.4.0 (/opt/ros/jazzy/share/generate_parameter_library/cmake)
[0.917s] -- Found parameter_traits: 0.4.0 (/opt/ros/jazzy/share/parameter_traits/cmake)
[0.942s] -- Found rclcpp_lifecycle: 28.1.9 (/opt/ros/jazzy/share/rclcpp_lifecycle/cmake)
[0.973s] -- Found image_transport: 5.1.6 (/opt/ros/jazzy/share/image_transport/cmake)
[1.036s] -- Found husarion_ugv_msgs: 2.3.0 (/husarion_ws/install/husarion_ugv_msgs/share/husarion_ugv_msgs/cmake)
[1.050s] -- Found husarion_ugv_utils: 2.3.0 (/husarion_ws/install/husarion_ugv_utils/share/husarion_ugv_utils/cmake)
[1.183s] -- Found rclcpp_components: 28.1.9 (/opt/ros/jazzy/share/rclcpp_components/cmake)
[1.209s] -- Found std_srvs: 5.3.6 (/opt/ros/jazzy/share/std_srvs/cmake)
[1.317s] -- Configuring done (1.3s)
[1.355s] -- Generating done (0.0s)
[1.364s] -- Build files have been written to: /husarion_ws/build/husarion_ugv_lights
[1.375s] Invoked command in '/husarion_ws/build/husarion_ugv_lights' returned '0': AMENT_PREFIX_PATH=/husarion_ws/install/husarion_ugv_utils:/husarion_ws/install/husarion_ugv_msgs:${AMENT_PREFIX_PATH} CMAKE_PREFIX_PATH=/husarion_ws/install/husarion_ugv_utils:/husarion_ws/install/husarion_ugv_msgs:/opt/ros/jazzy/opt/gz_sim_vendor:/opt/ros/jazzy/opt/gz_sensors_vendor:/opt/ros/jazzy/opt/gz_physics_vendor:/opt/ros/jazzy/opt/sdformat_vendor:/opt/ros/jazzy/opt/gz_gui_vendor:/opt/ros/jazzy/opt/gz_transport_vendor:/opt/ros/jazzy/opt/gz_rendering_vendor:/opt/ros/jazzy/opt/gz_plugin_vendor:/opt/ros/jazzy/opt/gz_fuel_tools_vendor:/opt/ros/jazzy/opt/gz_msgs_vendor:/opt/ros/jazzy/opt/gz_common_vendor:/opt/ros/jazzy/opt/gz_math_vendor:/opt/ros/jazzy/opt/gz_utils_vendor:/opt/ros/jazzy/opt/gz_tools_vendor:/opt/ros/jazzy/opt/gz_ogre_next_vendor:/opt/ros/jazzy/opt/gz_dartsim_vendor:/opt/ros/jazzy/opt/gz_cmake_vendor:/opt/ros/jazzy LD_LIBRARY_PATH=/husarion_ws/install/husarion_ugv_msgs/lib:${LD_LIBRARY_PATH} PYTHONPATH=/husarion_ws/install/husarion_ugv_utils/lib/python3.12/site-packages:/husarion_ws/install/husarion_ugv_msgs/lib/python3.12/site-packages:${PYTHONPATH} /usr/bin/cmake /husarion_ws/src/husarion_ugv_ros/husarion_ugv_lights -DCMAKE_BUILD_TYPE=Release -DBUILD_TESTING=OFF -DAMENT_CMAKE_SYMLINK_INSTALL=1 -DCMAKE_INSTALL_PREFIX=/husarion_ws/install/husarion_ugv_lights
[1.376s] Invoking command in '/husarion_ws/build/husarion_ugv_lights': AMENT_PREFIX_PATH=/husarion_ws/install/husarion_ugv_utils:/husarion_ws/install/husarion_ugv_msgs:${AMENT_PREFIX_PATH} CMAKE_PREFIX_PATH=/husarion_ws/install/husarion_ugv_utils:/husarion_ws/install/husarion_ugv_msgs:/opt/ros/jazzy/opt/gz_sim_vendor:/opt/ros/jazzy/opt/gz_sensors_vendor:/opt/ros/jazzy/opt/gz_physics_vendor:/opt/ros/jazzy/opt/sdformat_vendor:/opt/ros/jazzy/opt/gz_gui_vendor:/opt/ros/jazzy/opt/gz_transport_vendor:/opt/ros/jazzy/opt/gz_rendering_vendor:/opt/ros/jazzy/opt/gz_plugin_vendor:/opt/ros/jazzy/opt/gz_fuel_tools_vendor:/opt/ros/jazzy/opt/gz_msgs_vendor:/opt/ros/jazzy/opt/gz_common_vendor:/opt/ros/jazzy/opt/gz_math_vendor:/opt/ros/jazzy/opt/gz_utils_vendor:/opt/ros/jazzy/opt/gz_tools_vendor:/opt/ros/jazzy/opt/gz_ogre_next_vendor:/opt/ros/jazzy/opt/gz_dartsim_vendor:/opt/ros/jazzy/opt/gz_cmake_vendor:/opt/ros/jazzy LD_LIBRARY_PATH=/husarion_ws/install/husarion_ugv_msgs/lib:${LD_LIBRARY_PATH} PYTHONPATH=/husarion_ws/install/husarion_ugv_utils/lib/python3.12/site-packages:/husarion_ws/install/husarion_ugv_msgs/lib/python3.12/site-packages:${PYTHONPATH} /usr/bin/cmake --build /husarion_ws/build/husarion_ugv_lights -- -j12 -l12
[1.422s] [  9%] Building CXX object CMakeFiles/animation_plugins.dir/src/animation/moving_image_animation.cpp.o
[1.423s] [  9%] Building CXX object CMakeFiles/animation_plugins.dir/src/animation/image_animation.cpp.o
[1.423s] [ 14%] Running `/opt/ros/jazzy/bin/generate_parameter_library_cpp /husarion_ws/build/husarion_ugv_lights/include/husarion_ugv_lights/lights_driver_parameters.hpp /husarion_ws/src/husarion_ugv_ros/husarion_ugv_lights/src/lights_driver_parameters.yaml `
[1.428s] [ 28%] Running `/opt/ros/jazzy/bin/generate_parameter_library_cpp /husarion_ws/build/husarion_ugv_lights/include/husarion_ugv_lights/lights_controller_parameters.hpp /husarion_ws/src/husarion_ugv_ros/husarion_ugv_lights/src/lights_controller_parameters.yaml `
[1.428s] [ 28%] Building CXX object CMakeFiles/lights_driver_node.dir/rclcpp_components/node_main_lights_driver_node.cpp.o
[1.429s] [ 28%] Building CXX object CMakeFiles/lights_controller_node.dir/rclcpp_components/node_main_lights_controller_node.cpp.o
[2.247s] [ 33%] Creating deprecated header file /husarion_ws/build/husarion_ugv_lights/include/lights_controller_parameters.hpp
[2.288s] [ 38%] Creating deprecated header file /husarion_ws/build/husarion_ugv_lights/include/lights_driver_parameters.hpp
[2.311s] [ 38%] Built target lights_controller_parameters
[2.338s] [ 38%] Built target lights_driver_parameters
[2.344s] [ 42%] Building CXX object CMakeFiles/lights_controller_node_component.dir/src/led_components/led_segment.cpp.o
[2.344s] [ 47%] Building CXX object CMakeFiles/lights_controller_node_component.dir/src/lights_controller_node.cpp.o
[2.344s] [ 52%] Building CXX object CMakeFiles/lights_controller_node_component.dir/src/led_components/segment_queue_layer.cpp.o
[2.347s] [ 57%] Building CXX object CMakeFiles/lights_controller_node_component.dir/src/led_components/led_panel.cpp.o
[2.353s] [ 61%] Building CXX object CMakeFiles/lights_controller_node_component.dir/src/led_components/segment_converter.cpp.o
[2.365s] [ 66%] Building CXX object CMakeFiles/lights_controller_node_component.dir/src/led_components/segment_layer.cpp.o
[2.406s] [ 71%] Building CXX object CMakeFiles/lights_driver_node_component.dir/src/lights_driver_node.cpp.o
[2.406s] [ 76%] Building CXX object CMakeFiles/lights_driver_node_component.dir/src/apa102.cpp.o
[6.084s] [ 80%] Linking CXX executable lights_controller_node
[6.188s] [ 85%] Linking CXX executable lights_driver_node
[6.272s] [ 85%] Built target lights_controller_node
[6.366s] [ 85%] Built target lights_driver_node
[12.012s] [ 90%] Linking CXX shared library libanimation_plugins.so
[12.345s] [ 90%] Built target animation_plugins
[19.067s] [ 95%] Linking CXX shared library liblights_controller_node_component.so
[19.311s] [ 95%] Built target lights_controller_node_component
[22.124s] [100%] Linking CXX shared library liblights_driver_node_component.so
[22.242s] [100%] Built target lights_driver_node_component
[22.251s] Invoked command in '/husarion_ws/build/husarion_ugv_lights' returned '0': AMENT_PREFIX_PATH=/husarion_ws/install/husarion_ugv_utils:/husarion_ws/install/husarion_ugv_msgs:${AMENT_PREFIX_PATH} CMAKE_PREFIX_PATH=/husarion_ws/install/husarion_ugv_utils:/husarion_ws/install/husarion_ugv_msgs:/opt/ros/jazzy/opt/gz_sim_vendor:/opt/ros/jazzy/opt/gz_sensors_vendor:/opt/ros/jazzy/opt/gz_physics_vendor:/opt/ros/jazzy/opt/sdformat_vendor:/opt/ros/jazzy/opt/gz_gui_vendor:/opt/ros/jazzy/opt/gz_transport_vendor:/opt/ros/jazzy/opt/gz_rendering_vendor:/opt/ros/jazzy/opt/gz_plugin_vendor:/opt/ros/jazzy/opt/gz_fuel_tools_vendor:/opt/ros/jazzy/opt/gz_msgs_vendor:/opt/ros/jazzy/opt/gz_common_vendor:/opt/ros/jazzy/opt/gz_math_vendor:/opt/ros/jazzy/opt/gz_utils_vendor:/opt/ros/jazzy/opt/gz_tools_vendor:/opt/ros/jazzy/opt/gz_ogre_next_vendor:/opt/ros/jazzy/opt/gz_dartsim_vendor:/opt/ros/jazzy/opt/gz_cmake_vendor:/opt/ros/jazzy LD_LIBRARY_PATH=/husarion_ws/install/husarion_ugv_msgs/lib:${LD_LIBRARY_PATH} PYTHONPATH=/husarion_ws/install/husarion_ugv_utils/lib/python3.12/site-packages:/husarion_ws/install/husarion_ugv_msgs/lib/python3.12/site-packages:${PYTHONPATH} /usr/bin/cmake --build /husarion_ws/build/husarion_ugv_lights -- -j12 -l12
[22.252s] Invoking command in '/husarion_ws/build/husarion_ugv_lights': AMENT_PREFIX_PATH=/husarion_ws/install/husarion_ugv_utils:/husarion_ws/install/husarion_ugv_msgs:${AMENT_PREFIX_PATH} CMAKE_PREFIX_PATH=/husarion_ws/install/husarion_ugv_utils:/husarion_ws/install/husarion_ugv_msgs:/opt/ros/jazzy/opt/gz_sim_vendor:/opt/ros/jazzy/opt/gz_sensors_vendor:/opt/ros/jazzy/opt/gz_physics_vendor:/opt/ros/jazzy/opt/sdformat_vendor:/opt/ros/jazzy/opt/gz_gui_vendor:/opt/ros/jazzy/opt/gz_transport_vendor:/opt/ros/jazzy/opt/gz_rendering_vendor:/opt/ros/jazzy/opt/gz_plugin_vendor:/opt/ros/jazzy/opt/gz_fuel_tools_vendor:/opt/ros/jazzy/opt/gz_msgs_vendor:/opt/ros/jazzy/opt/gz_common_vendor:/opt/ros/jazzy/opt/gz_math_vendor:/opt/ros/jazzy/opt/gz_utils_vendor:/opt/ros/jazzy/opt/gz_tools_vendor:/opt/ros/jazzy/opt/gz_ogre_next_vendor:/opt/ros/jazzy/opt/gz_dartsim_vendor:/opt/ros/jazzy/opt/gz_cmake_vendor:/opt/ros/jazzy LD_LIBRARY_PATH=/husarion_ws/install/husarion_ugv_msgs/lib:${LD_LIBRARY_PATH} PYTHONPATH=/husarion_ws/install/husarion_ugv_utils/lib/python3.12/site-packages:/husarion_ws/install/husarion_ugv_msgs/lib/python3.12/site-packages:${PYTHONPATH} /usr/bin/cmake --install /husarion_ws/build/husarion_ugv_lights
[22.259s] -- Install configuration: "Release"
[22.259s] -- Execute custom install script
[22.259s] -- Symlinking: /husarion_ws/install/husarion_ugv_lights/share/husarion_ugv_lights//plugins.xml
[22.267s] -- Symlinking: /husarion_ws/install/husarion_ugv_lights/include/husarion_ugv_lights/lights_controller_parameters.hpp
[22.274s] -- Symlinking: /husarion_ws/install/husarion_ugv_lights/include/husarion_ugv_lights/lights_driver_parameters.hpp
[22.281s] -- Up-to-date symlink: /husarion_ws/install/husarion_ugv_lights/include/husarion_ugv_lights/lights_controller_parameters.hpp
[22.281s] -- Up-to-date symlink: /husarion_ws/install/husarion_ugv_lights/include/husarion_ugv_lights/lights_driver_parameters.hpp
[22.281s] -- Symlinking: /husarion_ws/install/husarion_ugv_lights/lib/husarion_ugv_lights/lights_driver_node
[22.288s] -- Symlinking: /husarion_ws/install/husarion_ugv_lights/lib/husarion_ugv_lights/lights_controller_node
[22.296s] -- Symlinking: /husarion_ws/install/husarion_ugv_lights/share/husarion_ugv_lights/animations/lynx/autonomous_action_front.png
[22.303s] -- Symlinking: /husarion_ws/install/husarion_ugv_lights/share/husarion_ugv_lights/animations/lynx/autonomous_action_rear.png
[22.310s] -- Symlinking: /husarion_ws/install/husarion_ugv_lights/share/husarion_ugv_lights/animations/lynx/autonomous_ready_front.png
[22.317s] -- Symlinking: /husarion_ws/install/husarion_ugv_lights/share/husarion_ugv_lights/animations/lynx/autonomous_ready_rear.png
[22.324s] -- Symlinking: /husarion_ws/install/husarion_ugv_lights/share/husarion_ugv_lights/animations/lynx/battery_charged_front.png
[22.331s] -- Symlinking: /husarion_ws/install/husarion_ugv_lights/share/husarion_ugv_lights/animations/lynx/battery_charged_rear.png
[22.338s] -- Symlinking: /husarion_ws/install/husarion_ugv_lights/share/husarion_ugv_lights/animations/lynx/blinker.png
[22.345s] -- Symlinking: /husarion_ws/install/husarion_ugv_lights/share/husarion_ugv_lights/animations/lynx/charger_inserted_front.png
[22.351s] -- Symlinking: /husarion_ws/install/husarion_ugv_lights/share/husarion_ugv_lights/animations/lynx/charger_inserted_rear.png
[22.358s] -- Symlinking: /husarion_ws/install/husarion_ugv_lights/share/husarion_ugv_lights/animations/lynx/charging_battery_front.png
[22.365s] -- Symlinking: /husarion_ws/install/husarion_ugv_lights/share/husarion_ugv_lights/animations/lynx/charging_battery_rear.png
[22.371s] -- Symlinking: /husarion_ws/install/husarion_ugv_lights/share/husarion_ugv_lights/animations/lynx/critical_battery.png
[22.378s] -- Symlinking: /husarion_ws/install/husarion_ugv_lights/share/husarion_ugv_lights/animations/lynx/empty.png
[22.385s] -- Symlinking: /husarion_ws/install/husarion_ugv_lights/share/husarion_ugv_lights/animations/lynx/error.png
[22.392s] -- Symlinking: /husarion_ws/install/husarion_ugv_lights/share/husarion_ugv_lights/animations/lynx/estop_front.png
[22.400s] -- Symlinking: /husarion_ws/install/husarion_ugv_lights/share/husarion_ugv_lights/animations/lynx/estop_rear.png
[22.407s] -- Symlinking: /husarion_ws/install/husarion_ugv_lights/share/husarion_ugv_lights/animations/lynx/goal_achieved_front.png
[22.414s] -- Symlinking: /husarion_ws/install/husarion_ugv_lights/share/husarion_ugv_lights/animations/lynx/goal_achieved_rear.png
[22.421s] -- Symlinking: /husarion_ws/install/husarion_ugv_lights/share/husarion_ugv_lights/animations/lynx/low_battery.png
[22.428s] -- Symlinking: /husarion_ws/install/husarion_ugv_lights/share/husarion_ugv_lights/animations/lynx/lynx_animations.svg
[22.435s] -- Symlinking: /husarion_ws/install/husarion_ugv_lights/share/husarion_ugv_lights/animations/lynx/manual_action_front.png
[22.442s] -- Symlinking: /husarion_ws/install/husarion_ugv_lights/share/husarion_ugv_lights/animations/lynx/manual_action_rear.png
[22.449s] -- Symlinking: /husarion_ws/install/husarion_ugv_lights/share/husarion_ugv_lights/animations/lynx/ready_front.png
[22.456s] -- Symlinking: /husarion_ws/install/husarion_ugv_lights/share/husarion_ugv_lights/animations/lynx/ready_rear.png
[22.463s] -- Symlinking: /husarion_ws/install/husarion_ugv_lights/share/husarion_ugv_lights/animations/panther/autonomous_action_front.png
[22.470s] -- Symlinking: /husarion_ws/install/husarion_ugv_lights/share/husarion_ugv_lights/animations/panther/autonomous_action_rear.png
[22.476s] -- Symlinking: /husarion_ws/install/husarion_ugv_lights/share/husarion_ugv_lights/animations/panther/autonomous_ready_front.png
[22.483s] -- Symlinking: /husarion_ws/install/husarion_ugv_lights/share/husarion_ugv_lights/animations/panther/autonomous_ready_rear.png
[22.490s] -- Symlinking: /husarion_ws/install/husarion_ugv_lights/share/husarion_ugv_lights/animations/panther/battery_charged_front.png
[22.497s] -- Symlinking: /husarion_ws/install/husarion_ugv_lights/share/husarion_ugv_lights/animations/panther/battery_charged_rear.png
[22.504s] -- Symlinking: /husarion_ws/install/husarion_ugv_lights/share/husarion_ugv_lights/animations/panther/blinker.png
[22.511s] -- Symlinking: /husarion_ws/install/husarion_ugv_lights/share/husarion_ugv_lights/animations/panther/charger_inserted_front.png
[22.518s] -- Symlinking: /husarion_ws/install/husarion_ugv_lights/share/husarion_ugv_lights/animations/panther/charger_inserted_rear.png
[22.525s] -- Symlinking: /husarion_ws/install/husarion_ugv_lights/share/husarion_ugv_lights/animations/panther/charging_battery_front.png
[22.532s] -- Symlinking: /husarion_ws/install/husarion_ugv_lights/share/husarion_ugv_lights/animations/panther/charging_battery_rear.png
[22.539s] -- Symlinking: /husarion_ws/install/husarion_ugv_lights/share/husarion_ugv_lights/animations/panther/critical_battery.png
[22.546s] -- Symlinking: /husarion_ws/install/husarion_ugv_lights/share/husarion_ugv_lights/animations/panther/empty.png
[22.553s] -- Symlinking: /husarion_ws/install/husarion_ugv_lights/share/husarion_ugv_lights/animations/panther/error.png
[22.560s] -- Symlinking: /husarion_ws/install/husarion_ugv_lights/share/husarion_ugv_lights/animations/panther/estop_front.png
[22.567s] -- Symlinking: /husarion_ws/install/husarion_ugv_lights/share/husarion_ugv_lights/animations/panther/estop_rear.png
[22.573s] -- Symlinking: /husarion_ws/install/husarion_ugv_lights/share/husarion_ugv_lights/animations/panther/goal_achieved_front.png
[22.580s] -- Symlinking: /husarion_ws/install/husarion_ugv_lights/share/husarion_ugv_lights/animations/panther/goal_achieved_rear.png
[22.587s] -- Symlinking: /husarion_ws/install/husarion_ugv_lights/share/husarion_ugv_lights/animations/panther/low_battery.png
[22.594s] -- Symlinking: /husarion_ws/install/husarion_ugv_lights/share/husarion_ugv_lights/animations/panther/manual_action_front.png
[22.601s] -- Symlinking: /husarion_ws/install/husarion_ugv_lights/share/husarion_ugv_lights/animations/panther/manual_action_rear.png
[22.608s] -- Symlinking: /husarion_ws/install/husarion_ugv_lights/share/husarion_ugv_lights/animations/panther/panther_animations.svg
[22.615s] -- Symlinking: /husarion_ws/install/husarion_ugv_lights/share/husarion_ugv_lights/animations/panther/ready_front.png
[22.622s] -- Symlinking: /husarion_ws/install/husarion_ugv_lights/share/husarion_ugv_lights/animations/panther/ready_rear.png
[22.636s] -- Symlinking: /husarion_ws/install/husarion_ugv_lights/share/husarion_ugv_lights/config/lynx_animations.yaml
[22.643s] -- Symlinking: /husarion_ws/install/husarion_ugv_lights/share/husarion_ugv_lights/config/lynx_driver.yaml
[22.650s] -- Symlinking: /husarion_ws/install/husarion_ugv_lights/share/husarion_ugv_lights/config/panther_animations.yaml
[22.656s] -- Symlinking: /husarion_ws/install/husarion_ugv_lights/share/husarion_ugv_lights/config/panther_driver.yaml
[22.663s] -- Symlinking: /husarion_ws/install/husarion_ugv_lights/share/husarion_ugv_lights/config/user_animations.yaml
[22.670s] -- Symlinking: /husarion_ws/install/husarion_ugv_lights/share/husarion_ugv_lights/launch/lights.launch.py
[22.678s] -- Symlinking: /husarion_ws/install/husarion_ugv_lights/share/husarion_ugv_lights/test/files/animation.png
[22.686s] -- Symlinking: /husarion_ws/install/husarion_ugv_lights/share/husarion_ugv_lights/test/integration/husarion_ugv_lights.test.py
[22.694s] -- Symlinking: /husarion_ws/install/husarion_ugv_lights/share/husarion_ugv_lights/test/unit/animation/test_animation.cpp
[22.701s] -- Symlinking: /husarion_ws/install/husarion_ugv_lights/share/husarion_ugv_lights/test/unit/animation/test_image_animation.cpp
[22.709s] -- Symlinking: /husarion_ws/install/husarion_ugv_lights/share/husarion_ugv_lights/test/unit/animation/test_moving_image_animation.cpp
[22.716s] -- Symlinking: /husarion_ws/install/husarion_ugv_lights/share/husarion_ugv_lights/test/unit/led_components/test_led_animation.cpp
[22.723s] -- Symlinking: /husarion_ws/install/husarion_ugv_lights/share/husarion_ugv_lights/test/unit/led_components/test_led_panel.cpp
[22.730s] -- Symlinking: /husarion_ws/install/husarion_ugv_lights/share/husarion_ugv_lights/test/unit/led_components/test_led_segment.cpp
[22.737s] -- Symlinking: /husarion_ws/install/husarion_ugv_lights/share/husarion_ugv_lights/test/unit/led_components/test_segment_converter.cpp
[22.744s] -- Symlinking: /husarion_ws/install/husarion_ugv_lights/share/husarion_ugv_lights/test/unit/led_components/test_segment_layer_interface.cpp
[22.750s] -- Symlinking: /husarion_ws/install/husarion_ugv_lights/share/husarion_ugv_lights/test/unit/test_apa102.cpp
[22.757s] -- Symlinking: /husarion_ws/install/husarion_ugv_lights/share/husarion_ugv_lights/test/unit/test_lights_controller_node.cpp
[22.764s] -- Symlinking: /husarion_ws/install/husarion_ugv_lights/share/husarion_ugv_lights/test/unit/test_lights_driver_node.cpp
[22.773s] -- Symlinking: /husarion_ws/install/husarion_ugv_lights/include/husarion_ugv_lights/husarion_ugv_lights/animation/animation.hpp
[22.780s] -- Symlinking: /husarion_ws/install/husarion_ugv_lights/include/husarion_ugv_lights/husarion_ugv_lights/animation/image_animation.hpp
[22.787s] -- Symlinking: /husarion_ws/install/husarion_ugv_lights/include/husarion_ugv_lights/husarion_ugv_lights/animation/moving_image_animation.hpp
[22.794s] -- Symlinking: /husarion_ws/install/husarion_ugv_lights/include/husarion_ugv_lights/husarion_ugv_lights/apa102.hpp
[22.801s] -- Symlinking: /husarion_ws/install/husarion_ugv_lights/include/husarion_ugv_lights/husarion_ugv_lights/led_components/led_animation.hpp
[22.808s] -- Symlinking: /husarion_ws/install/husarion_ugv_lights/include/husarion_ugv_lights/husarion_ugv_lights/led_components/led_panel.hpp
[22.815s] -- Symlinking: /husarion_ws/install/husarion_ugv_lights/include/husarion_ugv_lights/husarion_ugv_lights/led_components/led_segment.hpp
[22.822s] -- Symlinking: /husarion_ws/install/husarion_ugv_lights/include/husarion_ugv_lights/husarion_ugv_lights/led_components/segment_converter.hpp
[22.829s] -- Symlinking: /husarion_ws/install/husarion_ugv_lights/include/husarion_ugv_lights/husarion_ugv_lights/led_components/segment_layer.hpp
[22.836s] -- Symlinking: /husarion_ws/install/husarion_ugv_lights/include/husarion_ugv_lights/husarion_ugv_lights/led_components/segment_layer_interface.hpp
[22.843s] -- Symlinking: /husarion_ws/install/husarion_ugv_lights/include/husarion_ugv_lights/husarion_ugv_lights/led_components/segment_queue_layer.hpp
[22.851s] -- Symlinking: /husarion_ws/install/husarion_ugv_lights/include/husarion_ugv_lights/husarion_ugv_lights/lights_controller_node.hpp
[22.858s] -- Symlinking: /husarion_ws/install/husarion_ugv_lights/include/husarion_ugv_lights/husarion_ugv_lights/lights_driver_node.hpp
[22.865s] -- Symlinking: /husarion_ws/install/husarion_ugv_lights/share/husarion_ugv_lights/environment/library_path.sh
[22.873s] -- Symlinking: /husarion_ws/install/husarion_ugv_lights/share/husarion_ugv_lights/environment/library_path.dsv
[22.879s] -- Up-to-date symlink: /husarion_ws/install/husarion_ugv_lights/share/husarion_ugv_lights//plugins.xml
[22.880s] -- Symlinking: /husarion_ws/install/husarion_ugv_lights/share/ament_index/resource_index/package_run_dependencies/husarion_ugv_lights
[22.887s] -- Symlinking: /husarion_ws/install/husarion_ugv_lights/share/ament_index/resource_index/parent_prefix_path/husarion_ugv_lights
[22.893s] -- Symlinking: /husarion_ws/install/husarion_ugv_lights/share/husarion_ugv_lights/environment/ament_prefix_path.sh
[22.901s] -- Symlinking: /husarion_ws/install/husarion_ugv_lights/share/husarion_ugv_lights/environment/ament_prefix_path.dsv
[22.908s] -- Symlinking: /husarion_ws/install/husarion_ugv_lights/share/husarion_ugv_lights/environment/path.sh
[22.915s] -- Symlinking: /husarion_ws/install/husarion_ugv_lights/share/husarion_ugv_lights/environment/path.dsv
[22.922s] -- Symlinking: /husarion_ws/install/husarion_ugv_lights/share/husarion_ugv_lights/local_setup.bash
[22.929s] -- Symlinking: /husarion_ws/install/husarion_ugv_lights/share/husarion_ugv_lights/local_setup.sh
[22.936s] -- Symlinking: /husarion_ws/install/husarion_ugv_lights/share/husarion_ugv_lights/local_setup.zsh
[22.943s] -- Symlinking: /husarion_ws/install/husarion_ugv_lights/share/husarion_ugv_lights/local_setup.dsv
[22.950s] -- Symlinking: /husarion_ws/install/husarion_ugv_lights/share/husarion_ugv_lights/package.dsv
[22.957s] -- Symlinking: /husarion_ws/install/husarion_ugv_lights/share/ament_index/resource_index/packages/husarion_ugv_lights
[22.964s] -- Symlinking: /husarion_ws/install/husarion_ugv_lights/share/ament_index/resource_index/husarion_ugv_lights__pluginlib__plugin/husarion_ugv_lights
[22.971s] -- Symlinking: /husarion_ws/install/husarion_ugv_lights/share/ament_index/resource_index/rclcpp_components/husarion_ugv_lights
[22.978s] -- Symlinking: /husarion_ws/install/husarion_ugv_lights/share/husarion_ugv_lights/cmake/ament_cmake_export_dependencies-extras.cmake
[22.985s] -- Symlinking: /husarion_ws/install/husarion_ugv_lights/share/husarion_ugv_lights/cmake/ament_cmake_export_include_directories-extras.cmake
[22.992s] -- Symlinking: /husarion_ws/install/husarion_ugv_lights/share/husarion_ugv_lights/cmake/ament_cmake_export_targets-extras.cmake
[23.000s] -- Symlinking: /husarion_ws/install/husarion_ugv_lights/share/husarion_ugv_lights/cmake/husarion_ugv_lightsConfig.cmake
[23.007s] -- Symlinking: /husarion_ws/install/husarion_ugv_lights/share/husarion_ugv_lights/cmake/husarion_ugv_lightsConfig-version.cmake
[23.015s] -- Symlinking: /husarion_ws/install/husarion_ugv_lights/share/husarion_ugv_lights/package.xml
[23.022s] -- Installing: /husarion_ws/install/husarion_ugv_lights/lib/libanimation_plugins.so
[23.022s] -- Set non-toolchain portion of runtime path of "/husarion_ws/install/husarion_ugv_lights/lib/libanimation_plugins.so" to ""
[23.022s] -- Installing: /husarion_ws/install/husarion_ugv_lights/lib/liblights_driver_node_component.so
[23.024s] -- Set non-toolchain portion of runtime path of "/husarion_ws/install/husarion_ugv_lights/lib/liblights_driver_node_component.so" to ""
[23.024s] -- Installing: /husarion_ws/install/husarion_ugv_lights/lib/liblights_controller_node_component.so
[23.025s] -- Set non-toolchain portion of runtime path of "/husarion_ws/install/husarion_ugv_lights/lib/liblights_controller_node_component.so" to ""
[23.025s] -- Installing: /husarion_ws/install/husarion_ugv_lights/share/husarion_ugv_lights/cmake/export_husarion_ugv_lightsExport.cmake
[23.025s] -- Installing: /husarion_ws/install/husarion_ugv_lights/share/husarion_ugv_lights/cmake/export_husarion_ugv_lightsExport-release.cmake
[23.027s] Invoked command in '/husarion_ws/build/husarion_ugv_lights' returned '0': AMENT_PREFIX_PATH=/husarion_ws/install/husarion_ugv_utils:/husarion_ws/install/husarion_ugv_msgs:${AMENT_PREFIX_PATH} CMAKE_PREFIX_PATH=/husarion_ws/install/husarion_ugv_utils:/husarion_ws/install/husarion_ugv_msgs:/opt/ros/jazzy/opt/gz_sim_vendor:/opt/ros/jazzy/opt/gz_sensors_vendor:/opt/ros/jazzy/opt/gz_physics_vendor:/opt/ros/jazzy/opt/sdformat_vendor:/opt/ros/jazzy/opt/gz_gui_vendor:/opt/ros/jazzy/opt/gz_transport_vendor:/opt/ros/jazzy/opt/gz_rendering_vendor:/opt/ros/jazzy/opt/gz_plugin_vendor:/opt/ros/jazzy/opt/gz_fuel_tools_vendor:/opt/ros/jazzy/opt/gz_msgs_vendor:/opt/ros/jazzy/opt/gz_common_vendor:/opt/ros/jazzy/opt/gz_math_vendor:/opt/ros/jazzy/opt/gz_utils_vendor:/opt/ros/jazzy/opt/gz_tools_vendor:/opt/ros/jazzy/opt/gz_ogre_next_vendor:/opt/ros/jazzy/opt/gz_dartsim_vendor:/opt/ros/jazzy/opt/gz_cmake_vendor:/opt/ros/jazzy LD_LIBRARY_PATH=/husarion_ws/install/husarion_ugv_msgs/lib:${LD_LIBRARY_PATH} PYTHONPATH=/husarion_ws/install/husarion_ugv_utils/lib/python3.12/site-packages:/husarion_ws/install/husarion_ugv_msgs/lib/python3.12/site-packages:${PYTHONPATH} /usr/bin/cmake --install /husarion_ws/build/husarion_ugv_lights
