-- Install configuration: ""
-- Up-to-date: /husarion_ws/install/erc2025_remote_sim/share/erc2025_remote_sim/config
-- Up-to-date: /husarion_ws/install/erc2025_remote_sim/share/erc2025_remote_sim/config/start_locations.yaml
-- Up-to-date: /husarion_ws/install/erc2025_remote_sim/share/erc2025_remote_sim/config/zed_modified.urdf.xacro
-- Up-to-date: /husarion_ws/install/erc2025_remote_sim/share/erc2025_remote_sim/config/components.yaml
-- Up-to-date: /husarion_ws/install/erc2025_remote_sim/share/erc2025_remote_sim/config/teleop.config
-- Up-to-date: /husarion_ws/install/erc2025_remote_sim/share/erc2025_remote_sim/launch
-- Up-to-date: /husarion_ws/install/erc2025_remote_sim/share/erc2025_remote_sim/launch/sim_world.launch.py
-- Up-to-date: /husarion_ws/install/erc2025_remote_sim/share/erc2025_remote_sim/launch/startsimulation.launch.py
-- Up-to-date: /husarion_ws/install/erc2025_remote_sim/share/erc2025_remote_sim/models
-- Up-to-date: /husarion_ws/install/erc2025_remote_sim/share/erc2025_remote_sim/models/marsyard2024
-- Up-to-date: /husarion_ws/install/erc2025_remote_sim/share/erc2025_remote_sim/models/marsyard2024/meshes
-- Up-to-date: /husarion_ws/install/erc2025_remote_sim/share/erc2025_remote_sim/models/marsyard2024/meshes/marsyard2024_processed.stl
-- Up-to-date: /husarion_ws/install/erc2025_remote_sim/share/erc2025_remote_sim/models/marsyard2024/meshes/marsyard2024_processed.dae
-- Up-to-date: /husarion_ws/install/erc2025_remote_sim/share/erc2025_remote_sim/models/marsyard2024/meshes/base_color_4K.png
-- Up-to-date: /husarion_ws/install/erc2025_remote_sim/share/erc2025_remote_sim/models/marsyard2024/model.sdf
-- Up-to-date: /husarion_ws/install/erc2025_remote_sim/share/erc2025_remote_sim/models/marsyard2024/model.config
-- Up-to-date: /husarion_ws/install/erc2025_remote_sim/share/erc2025_remote_sim/worlds
-- Up-to-date: /husarion_ws/install/erc2025_remote_sim/share/erc2025_remote_sim/worlds/marsyard2024.world
-- Up-to-date: /husarion_ws/install/erc2025_remote_sim/share/erc2025_remote_sim/environment/env.sh
-- Up-to-date: /husarion_ws/install/erc2025_remote_sim/share/ament_index/resource_index/package_run_dependencies/erc2025_remote_sim
-- Up-to-date: /husarion_ws/install/erc2025_remote_sim/share/ament_index/resource_index/parent_prefix_path/erc2025_remote_sim
-- Up-to-date: /husarion_ws/install/erc2025_remote_sim/share/erc2025_remote_sim/environment/ament_prefix_path.sh
-- Up-to-date: /husarion_ws/install/erc2025_remote_sim/share/erc2025_remote_sim/environment/ament_prefix_path.dsv
-- Up-to-date: /husarion_ws/install/erc2025_remote_sim/share/erc2025_remote_sim/environment/path.sh
-- Up-to-date: /husarion_ws/install/erc2025_remote_sim/share/erc2025_remote_sim/environment/path.dsv
-- Up-to-date: /husarion_ws/install/erc2025_remote_sim/share/erc2025_remote_sim/local_setup.bash
-- Up-to-date: /husarion_ws/install/erc2025_remote_sim/share/erc2025_remote_sim/local_setup.sh
-- Up-to-date: /husarion_ws/install/erc2025_remote_sim/share/erc2025_remote_sim/local_setup.zsh
-- Up-to-date: /husarion_ws/install/erc2025_remote_sim/share/erc2025_remote_sim/local_setup.dsv
-- Up-to-date: /husarion_ws/install/erc2025_remote_sim/share/erc2025_remote_sim/package.dsv
-- Up-to-date: /husarion_ws/install/erc2025_remote_sim/share/ament_index/resource_index/packages/erc2025_remote_sim
-- Up-to-date: /husarion_ws/install/erc2025_remote_sim/share/erc2025_remote_sim/cmake/erc2025_remote_simConfig.cmake
-- Up-to-date: /husarion_ws/install/erc2025_remote_sim/share/erc2025_remote_sim/cmake/erc2025_remote_simConfig-version.cmake
-- Up-to-date: /husarion_ws/install/erc2025_remote_sim/share/erc2025_remote_sim/package.xml
