[0.011s] Invoking command in '/husarion_ws/build/erc2025_remote_sim': CMAKE_PREFIX_PATH=${CMAKE_PREFIX_PATH}:/opt/ros/jazzy /usr/bin/cmake --build /husarion_ws/build/erc2025_remote_sim -- -j12 -l12
[0.044s] Invoked command in '/husarion_ws/build/erc2025_remote_sim' returned '0': CMAKE_PREFIX_PATH=${CMAKE_PREFIX_PATH}:/opt/ros/jazzy /usr/bin/cmake --build /husarion_ws/build/erc2025_remote_sim -- -j12 -l12
[0.052s] Invoking command in '/husarion_ws/build/erc2025_remote_sim': CMAKE_PREFIX_PATH=${CMAKE_PREFIX_PATH}:/opt/ros/jazzy /usr/bin/cmake --install /husarion_ws/build/erc2025_remote_sim
[0.059s] -- Install configuration: ""
[0.059s] -- Up-to-date: /husarion_ws/install/erc2025_remote_sim/share/erc2025_remote_sim/config
[0.060s] -- Up-to-date: /husarion_ws/install/erc2025_remote_sim/share/erc2025_remote_sim/config/start_locations.yaml
[0.060s] -- Up-to-date: /husarion_ws/install/erc2025_remote_sim/share/erc2025_remote_sim/config/zed_modified.urdf.xacro
[0.060s] -- Up-to-date: /husarion_ws/install/erc2025_remote_sim/share/erc2025_remote_sim/config/components.yaml
[0.060s] -- Up-to-date: /husarion_ws/install/erc2025_remote_sim/share/erc2025_remote_sim/config/teleop.config
[0.060s] -- Up-to-date: /husarion_ws/install/erc2025_remote_sim/share/erc2025_remote_sim/launch
[0.060s] -- Up-to-date: /husarion_ws/install/erc2025_remote_sim/share/erc2025_remote_sim/launch/sim_world.launch.py
[0.060s] -- Up-to-date: /husarion_ws/install/erc2025_remote_sim/share/erc2025_remote_sim/launch/startsimulation.launch.py
[0.060s] -- Up-to-date: /husarion_ws/install/erc2025_remote_sim/share/erc2025_remote_sim/models
[0.060s] -- Up-to-date: /husarion_ws/install/erc2025_remote_sim/share/erc2025_remote_sim/models/marsyard2024
[0.060s] -- Up-to-date: /husarion_ws/install/erc2025_remote_sim/share/erc2025_remote_sim/models/marsyard2024/meshes
[0.060s] -- Up-to-date: /husarion_ws/install/erc2025_remote_sim/share/erc2025_remote_sim/models/marsyard2024/meshes/marsyard2024_processed.stl
[0.060s] -- Up-to-date: /husarion_ws/install/erc2025_remote_sim/share/erc2025_remote_sim/models/marsyard2024/meshes/marsyard2024_processed.dae
[0.061s] -- Up-to-date: /husarion_ws/install/erc2025_remote_sim/share/erc2025_remote_sim/models/marsyard2024/meshes/base_color_4K.png
[0.061s] -- Up-to-date: /husarion_ws/install/erc2025_remote_sim/share/erc2025_remote_sim/models/marsyard2024/model.sdf
[0.061s] -- Up-to-date: /husarion_ws/install/erc2025_remote_sim/share/erc2025_remote_sim/models/marsyard2024/model.config
[0.061s] -- Up-to-date: /husarion_ws/install/erc2025_remote_sim/share/erc2025_remote_sim/worlds
[0.061s] -- Up-to-date: /husarion_ws/install/erc2025_remote_sim/share/erc2025_remote_sim/worlds/marsyard2024.world
[0.061s] -- Up-to-date: /husarion_ws/install/erc2025_remote_sim/share/erc2025_remote_sim/environment/env.sh
[0.062s] -- Up-to-date: /husarion_ws/install/erc2025_remote_sim/share/ament_index/resource_index/package_run_dependencies/erc2025_remote_sim
[0.062s] -- Up-to-date: /husarion_ws/install/erc2025_remote_sim/share/ament_index/resource_index/parent_prefix_path/erc2025_remote_sim
[0.062s] -- Up-to-date: /husarion_ws/install/erc2025_remote_sim/share/erc2025_remote_sim/environment/ament_prefix_path.sh
[0.062s] -- Up-to-date: /husarion_ws/install/erc2025_remote_sim/share/erc2025_remote_sim/environment/ament_prefix_path.dsv
[0.062s] -- Up-to-date: /husarion_ws/install/erc2025_remote_sim/share/erc2025_remote_sim/environment/path.sh
[0.062s] -- Up-to-date: /husarion_ws/install/erc2025_remote_sim/share/erc2025_remote_sim/environment/path.dsv
[0.063s] -- Up-to-date: /husarion_ws/install/erc2025_remote_sim/share/erc2025_remote_sim/local_setup.bash
[0.063s] -- Up-to-date: /husarion_ws/install/erc2025_remote_sim/share/erc2025_remote_sim/local_setup.sh
[0.063s] -- Up-to-date: /husarion_ws/install/erc2025_remote_sim/share/erc2025_remote_sim/local_setup.zsh
[0.063s] -- Up-to-date: /husarion_ws/install/erc2025_remote_sim/share/erc2025_remote_sim/local_setup.dsv
[0.063s] -- Up-to-date: /husarion_ws/install/erc2025_remote_sim/share/erc2025_remote_sim/package.dsv
[0.063s] -- Up-to-date: /husarion_ws/install/erc2025_remote_sim/share/ament_index/resource_index/packages/erc2025_remote_sim
[0.064s] -- Up-to-date: /husarion_ws/install/erc2025_remote_sim/share/erc2025_remote_sim/cmake/erc2025_remote_simConfig.cmake
[0.064s] -- Up-to-date: /husarion_ws/install/erc2025_remote_sim/share/erc2025_remote_sim/cmake/erc2025_remote_simConfig-version.cmake
[0.064s] -- Up-to-date: /husarion_ws/install/erc2025_remote_sim/share/erc2025_remote_sim/package.xml
[0.064s] Invoked command in '/husarion_ws/build/erc2025_remote_sim' returned '0': CMAKE_PREFIX_PATH=${CMAKE_PREFIX_PATH}:/opt/ros/jazzy /usr/bin/cmake --install /husarion_ws/build/erc2025_remote_sim
