[0.106s] Invoking command in '/husarion_ws/build/husarion_ugv_utils': CMAKE_PREFIX_PATH=${CMAKE_PREFIX_PATH}:/opt/ros/jazzy /usr/bin/cmake /husarion_ws/src/husarion_ugv_ros/husarion_ugv_utils -DCMAKE_INSTALL_PREFIX=/husarion_ws/install/husarion_ugv_utils
[0.317s] -- Found ament_cmake: 2.5.4 (/opt/ros/jazzy/share/ament_cmake/cmake)
[0.361s] -- Override CMake install command with custom implementation using symlinks instead of copying resources
[0.373s] -- Found diagnostic_updater: 4.2.4 (/opt/ros/jazzy/share/diagnostic_updater/cmake)
[0.398s] -- Found rosidl_generator_c: 4.6.5 (/opt/ros/jazzy/share/rosidl_generator_c/cmake)
[0.406s] -- Found rosidl_generator_cpp: 4.6.5 (/opt/ros/jazzy/share/rosidl_generator_cpp/cmake)
[0.416s] -- Using all available rosidl_typesupport_c: rosidl_typesupport_fastrtps_c;rosidl_typesupport_introspection_c
[0.427s] -- Using all available rosidl_typesupport_cpp: rosidl_typesupport_fastrtps_cpp;rosidl_typesupport_introspection_cpp
[0.549s] -- Found rmw_implementation_cmake: 7.3.2 (/opt/ros/jazzy/share/rmw_implementation_cmake/cmake)
[0.554s] -- Found rmw_fastrtps_cpp: 8.4.2 (/opt/ros/jazzy/share/rmw_fastrtps_cpp/cmake)
[0.647s] -- Using RMW implementation 'rmw_fastrtps_cpp' as default
[0.774s] -- Found realtime_tools: 3.5.1 (/opt/ros/jazzy/share/realtime_tools/cmake)
[1.134s] -- Configuring done (1.0s)
[1.212s] -- Generating done (0.1s)
[1.219s] -- Build files have been written to: /husarion_ws/build/husarion_ugv_utils
[1.225s] Invoked command in '/husarion_ws/build/husarion_ugv_utils' returned '0': CMAKE_PREFIX_PATH=${CMAKE_PREFIX_PATH}:/opt/ros/jazzy /usr/bin/cmake /husarion_ws/src/husarion_ugv_ros/husarion_ugv_utils -DCMAKE_INSTALL_PREFIX=/husarion_ws/install/husarion_ugv_utils
[1.226s] Invoking command in '/husarion_ws/build/husarion_ugv_utils': CMAKE_PREFIX_PATH=${CMAKE_PREFIX_PATH}:/opt/ros/jazzy /usr/bin/cmake --build /husarion_ws/build/husarion_ugv_utils -- -j12 -l12
[1.276s] Built target ament_cmake_python_symlink_husarion_ugv_utils
[1.434s] running egg_info
[1.456s] writing husarion_ugv_utils.egg-info/PKG-INFO
[1.460s] writing dependency_links to husarion_ugv_utils.egg-info/dependency_links.txt
[1.466s] writing top-level names to husarion_ugv_utils.egg-info/top_level.txt
[1.508s] reading manifest file 'husarion_ugv_utils.egg-info/SOURCES.txt'
[1.509s] writing manifest file 'husarion_ugv_utils.egg-info/SOURCES.txt'
[1.536s] Built target ament_cmake_python_build_husarion_ugv_utils_egg
[1.546s] Invoked command in '/husarion_ws/build/husarion_ugv_utils' returned '0': CMAKE_PREFIX_PATH=${CMAKE_PREFIX_PATH}:/opt/ros/jazzy /usr/bin/cmake --build /husarion_ws/build/husarion_ugv_utils -- -j12 -l12
[1.547s] Invoking command in '/husarion_ws/build/husarion_ugv_utils': CMAKE_PREFIX_PATH=${CMAKE_PREFIX_PATH}:/opt/ros/jazzy /usr/bin/cmake --install /husarion_ws/build/husarion_ugv_utils
[1.554s] -- Install configuration: "Release"
[1.559s] -- Execute custom install script
[1.559s] -- Up-to-date symlink: /husarion_ws/install/husarion_ugv_utils/include/husarion_ugv_utils/husarion_ugv_utils/common_utilities.hpp
[1.559s] -- Up-to-date symlink: /husarion_ws/install/husarion_ugv_utils/include/husarion_ugv_utils/husarion_ugv_utils/configure_rt.hpp
[1.559s] -- Up-to-date symlink: /husarion_ws/install/husarion_ugv_utils/include/husarion_ugv_utils/husarion_ugv_utils/diagnostics.hpp
[1.559s] -- Up-to-date symlink: /husarion_ws/install/husarion_ugv_utils/include/husarion_ugv_utils/husarion_ugv_utils/moving_average.hpp
[1.559s] -- Up-to-date symlink: /husarion_ws/install/husarion_ugv_utils/include/husarion_ugv_utils/husarion_ugv_utils/networking_utils.hpp
[1.559s] -- Up-to-date symlink: /husarion_ws/install/husarion_ugv_utils/include/husarion_ugv_utils/husarion_ugv_utils/ros_utils.hpp
[1.559s] -- Up-to-date symlink: /husarion_ws/install/husarion_ugv_utils/include/husarion_ugv_utils/husarion_ugv_utils/test/ros_test_utils.hpp
[1.559s] -- Up-to-date symlink: /husarion_ws/install/husarion_ugv_utils/include/husarion_ugv_utils/husarion_ugv_utils/test/test_utils.hpp
[1.560s] -- Up-to-date symlink: /husarion_ws/install/husarion_ugv_utils/include/husarion_ugv_utils/husarion_ugv_utils/yaml_utils.hpp
[1.560s] -- Up-to-date symlink: /husarion_ws/install/husarion_ugv_utils/share/husarion_ugv_utils/environment/pythonpath.sh
[1.560s] -- Up-to-date symlink: /husarion_ws/install/husarion_ugv_utils/share/husarion_ugv_utils/environment/pythonpath.dsv
[1.560s] -- Up-to-date symlink: /husarion_ws/install/husarion_ugv_utils/lib/python3.12/site-packages/husarion_ugv_utils-2.3.0-py3.12.egg-info/PKG-INFO
[1.560s] -- Up-to-date symlink: /husarion_ws/install/husarion_ugv_utils/lib/python3.12/site-packages/husarion_ugv_utils-2.3.0-py3.12.egg-info/SOURCES.txt
[1.560s] -- Up-to-date symlink: /husarion_ws/install/husarion_ugv_utils/lib/python3.12/site-packages/husarion_ugv_utils-2.3.0-py3.12.egg-info/dependency_links.txt
[1.560s] -- Up-to-date symlink: /husarion_ws/install/husarion_ugv_utils/lib/python3.12/site-packages/husarion_ugv_utils-2.3.0-py3.12.egg-info/top_level.txt
[1.561s] -- Up-to-date symlink: /husarion_ws/install/husarion_ugv_utils/lib/python3.12/site-packages/husarion_ugv_utils/__init__.py
[1.561s] -- Up-to-date symlink: /husarion_ws/install/husarion_ugv_utils/lib/python3.12/site-packages/husarion_ugv_utils/integration_test_utils.py
[1.561s] -- Up-to-date symlink: /husarion_ws/install/husarion_ugv_utils/lib/python3.12/site-packages/husarion_ugv_utils/logging.py
[1.561s] -- Up-to-date symlink: /husarion_ws/install/husarion_ugv_utils/lib/python3.12/site-packages/husarion_ugv_utils/messages.py
[1.561s] -- Up-to-date symlink: /husarion_ws/install/husarion_ugv_utils/lib/python3.12/site-packages/husarion_ugv_utils/version_check.py
[1.561s] -- Up-to-date symlink: /husarion_ws/install/husarion_ugv_utils/share/ament_index/resource_index/package_run_dependencies/husarion_ugv_utils
[1.561s] -- Up-to-date symlink: /husarion_ws/install/husarion_ugv_utils/share/ament_index/resource_index/parent_prefix_path/husarion_ugv_utils
[1.561s] -- Up-to-date symlink: /husarion_ws/install/husarion_ugv_utils/share/husarion_ugv_utils/environment/ament_prefix_path.sh
[1.561s] -- Up-to-date symlink: /husarion_ws/install/husarion_ugv_utils/share/husarion_ugv_utils/environment/ament_prefix_path.dsv
[1.561s] -- Up-to-date symlink: /husarion_ws/install/husarion_ugv_utils/share/husarion_ugv_utils/environment/path.sh
[1.562s] -- Up-to-date symlink: /husarion_ws/install/husarion_ugv_utils/share/husarion_ugv_utils/environment/path.dsv
[1.562s] -- Up-to-date symlink: /husarion_ws/install/husarion_ugv_utils/share/husarion_ugv_utils/local_setup.bash
[1.562s] -- Up-to-date symlink: /husarion_ws/install/husarion_ugv_utils/share/husarion_ugv_utils/local_setup.sh
[1.562s] -- Up-to-date symlink: /husarion_ws/install/husarion_ugv_utils/share/husarion_ugv_utils/local_setup.zsh
[1.562s] -- Up-to-date symlink: /husarion_ws/install/husarion_ugv_utils/share/husarion_ugv_utils/local_setup.dsv
[1.562s] -- Symlinking: /husarion_ws/install/husarion_ugv_utils/share/husarion_ugv_utils/package.dsv
[1.605s] -- Up-to-date symlink: /husarion_ws/install/husarion_ugv_utils/share/ament_index/resource_index/packages/husarion_ugv_utils
[1.605s] -- Up-to-date symlink: /husarion_ws/install/husarion_ugv_utils/share/husarion_ugv_utils/cmake/ament_cmake_export_dependencies-extras.cmake
[1.605s] -- Up-to-date symlink: /husarion_ws/install/husarion_ugv_utils/share/husarion_ugv_utils/cmake/ament_cmake_export_include_directories-extras.cmake
[1.605s] -- Up-to-date symlink: /husarion_ws/install/husarion_ugv_utils/share/husarion_ugv_utils/cmake/husarion_ugv_utilsConfig.cmake
[1.605s] -- Up-to-date symlink: /husarion_ws/install/husarion_ugv_utils/share/husarion_ugv_utils/cmake/husarion_ugv_utilsConfig-version.cmake
[1.605s] -- Up-to-date symlink: /husarion_ws/install/husarion_ugv_utils/share/husarion_ugv_utils/package.xml
[1.632s] Listing '/husarion_ws/install/husarion_ugv_utils/lib/python3.12/site-packages/husarion_ugv_utils'...
[1.642s] Invoked command in '/husarion_ws/build/husarion_ugv_utils' returned '0': CMAKE_PREFIX_PATH=${CMAKE_PREFIX_PATH}:/opt/ros/jazzy /usr/bin/cmake --install /husarion_ws/build/husarion_ugv_utils
