[0.590s] Invoking command in '/husarion_ws/build/husarion_ugv_gazebo': CMAKE_PREFIX_PATH=/husarion_ws/install/husarion_ugv_manager:/husarion_ws/install/husarion_ugv_controller:/husarion_ws/install/husarion_ugv_localization:/husarion_ws/install/husarion_ugv_lights:/husarion_ws/install/husarion_ugv_description:/husarion_ws/install/behaviortree_ros2:/husarion_ws/install/ros_components_description:/husarion_ws/install/mecanum_drive_controller:/husarion_ws/install/husarion_ugv_utils:/husarion_ws/install/husarion_ugv_msgs:/husarion_ws/install/husarion_gz_worlds:/husarion_ws/install/btcpp_ros2_interfaces:/husarion_ws/install/husarion_ugv:/husarion_ws/install/husarion_ugv_gazebo:/opt/ros/jazzy/opt/gz_sim_vendor:/opt/ros/jazzy/opt/gz_sensors_vendor:/opt/ros/jazzy/opt/gz_physics_vendor:/opt/ros/jazzy/opt/sdformat_vendor:/opt/ros/jazzy/opt/gz_gui_vendor:/opt/ros/jazzy/opt/gz_transport_vendor:/opt/ros/jazzy/opt/gz_rendering_vendor:/opt/ros/jazzy/opt/gz_plugin_vendor:/opt/ros/jazzy/opt/gz_fuel_tools_vendor:/opt/ros/jazzy/opt/gz_msgs_vendor:/opt/ros/jazzy/opt/gz_common_vendor:/opt/ros/jazzy/opt/gz_math_vendor:/opt/ros/jazzy/opt/gz_utils_vendor:/opt/ros/jazzy/opt/gz_tools_vendor:/opt/ros/jazzy/opt/gz_ogre_next_vendor:/opt/ros/jazzy/opt/gz_dartsim_vendor:/opt/ros/jazzy/opt/gz_cmake_vendor:/opt/ros/jazzy LD_LIBRARY_PATH=/husarion_ws/install/husarion_ugv_manager/lib:/husarion_ws/install/husarion_ugv_lights/lib:/husarion_ws/install/mecanum_drive_controller/lib:/husarion_ws/install/husarion_ugv_msgs/lib:/husarion_ws/install/btcpp_ros2_interfaces/lib:/husarion_ws/install/husarion_ugv_gazebo/lib:/husarion_ws/install/behaviortree_ros2/lib:/opt/ros/jazzy/opt/gz_sim_vendor/lib:/opt/ros/jazzy/opt/gz_sensors_vendor/lib:/opt/ros/jazzy/opt/gz_physics_vendor/lib:/opt/ros/jazzy/opt/sdformat_vendor/lib:/opt/ros/jazzy/opt/rviz_ogre_vendor/lib:/opt/ros/jazzy/lib/x86_64-linux-gnu:/opt/ros/jazzy/opt/libphidget22/lib:/opt/ros/jazzy/opt/gz_gui_vendor/lib:/opt/ros/jazzy/opt/gz_transport_vendor/lib:/opt/ros/jazzy/opt/gz_rendering_vendor/lib:/opt/ros/jazzy/opt/gz_plugin_vendor/lib:/opt/ros/jazzy/opt/gz_fuel_tools_vendor/lib:/opt/ros/jazzy/opt/gz_msgs_vendor/lib:/opt/ros/jazzy/opt/gz_common_vendor/lib:/opt/ros/jazzy/opt/gz_math_vendor/lib:/opt/ros/jazzy/opt/gz_utils_vendor/lib:/opt/ros/jazzy/opt/gz_tools_vendor/lib:/opt/ros/jazzy/opt/gz_ogre_next_vendor/lib:/opt/ros/jazzy/opt/gz_dartsim_vendor/lib:/opt/ros/jazzy/opt/gz_cmake_vendor/lib:/opt/ros/jazzy/lib /usr/bin/cmake /husarion_ws/src/husarion_ugv_ros/husarion_ugv_gazebo -DCMAKE_INSTALL_PREFIX=/husarion_ws/install/husarion_ugv_gazebo
[0.984s] -- Found ament_cmake: 2.5.4 (/opt/ros/jazzy/share/ament_cmake/cmake)
[4.361s] -- Override CMake install command with custom implementation using symlinks instead of copying resources
[4.470s] -- Found hardware_interface: 4.29.0 (/opt/ros/jazzy/share/hardware_interface/cmake)
[4.784s] -- Found rosidl_generator_c: 4.6.5 (/opt/ros/jazzy/share/rosidl_generator_c/cmake)
[4.968s] -- Found rosidl_generator_cpp: 4.6.5 (/opt/ros/jazzy/share/rosidl_generator_cpp/cmake)
[5.176s] -- Using all available rosidl_typesupport_c: rosidl_typesupport_fastrtps_c;rosidl_typesupport_introspection_c
[5.369s] -- Using all available rosidl_typesupport_cpp: rosidl_typesupport_fastrtps_cpp;rosidl_typesupport_introspection_cpp
[7.161s] -- Found TinyXML2 via Config file: /usr/lib/x86_64-linux-gnu/cmake/tinyxml2
[7.469s] -- Found rmw_implementation_cmake: 7.3.2 (/opt/ros/jazzy/share/rmw_implementation_cmake/cmake)
[7.476s] -- Found rmw_fastrtps_cpp: 8.4.2 (/opt/ros/jazzy/share/rmw_fastrtps_cpp/cmake)
[7.597s] -- Found TinyXML2 via Config file: /usr/lib/x86_64-linux-gnu/cmake/tinyxml2
[7.680s] -- Found TinyXML2 via Config file: /usr/lib/x86_64-linux-gnu/cmake/tinyxml2
[8.066s] -- Found TinyXML2 via Config file: /usr/lib/x86_64-linux-gnu/cmake/tinyxml2
[8.193s] -- Found TinyXML2 via Config file: /usr/lib/x86_64-linux-gnu/cmake/tinyxml2
[8.381s] -- Using RMW implementation 'rmw_fastrtps_cpp' as default
[10.199s] -- Looking for gz-sim8 -- found version 8.9.0
[10.360s] -- Searching for dependencies of gz-sim8
[10.367s] -- Looking for sdformat14 -- found version 14.7.0
[10.368s] -- Searching for dependencies of sdformat14
[10.461s] -- Checking for module 'tinyxml2'
[10.692s] --   Found tinyxml2, version 10.0.0
[11.250s] -- Looking for gz-math7 -- found version 7.5.2
[11.253s] -- Searching for dependencies of gz-math7
[11.264s] -- Looking for gz-utils2 -- found version 2.2.1
[11.264s] -- Searching for dependencies of gz-utils2
[11.280s] -- Looking for gz-utils2 -- found version 2.2.1
[11.281s] -- Searching for dependencies of gz-utils2
[11.281s] -- Searching for <gz-utils2> component [cli]
[11.286s] -- Looking for gz-utils2-cli -- found version 2.2.1
[11.286s] -- Searching for dependencies of gz-utils2-cli
[11.360s] -- Looking for gz-plugin2 -- found version 2.0.4
[11.360s] -- Searching for dependencies of gz-plugin2
[11.362s] -- Looking for gz-utils2 -- found version 2.2.1
[11.378s] -- Searching for <gz-plugin2> component [loader]
[11.382s] -- Looking for gz-plugin2-loader -- found version 2.0.4
[11.383s] -- Searching for dependencies of gz-plugin2-loader
[11.389s] -- Searching for <gz-plugin2> component [register]
[11.398s] -- Looking for gz-plugin2-register -- found version 2.0.4
[11.398s] -- Searching for dependencies of gz-plugin2-register
[11.471s] -- Looking for gz-transport13 -- found version 13.4.1
[11.471s] -- Searching for dependencies of gz-transport13
[12.069s] -- Config-file not installed for ZeroMQ -- checking for pkg-config
[12.159s] -- Checking for module 'libzmq >= 4'
[12.450s] --   Found libzmq, version 4.3.5
[12.982s] -- Checking for module 'uuid'
[13.267s] --   Found uuid, version 2.39.3
[13.759s] -- Looking for gz-utils2 -- found version 2.2.1
[13.773s] -- Looking for gz-msgs10 -- found version 10.3.2
[13.773s] -- Searching for dependencies of gz-msgs10
[14.060s] -- Looking for gz-utils2 -- found version 2.2.1
[14.062s] -- Looking for gz-math7 -- found version 7.5.2
[14.178s] -- Searching for <gz-transport13> component [log]
[14.183s] -- Looking for gz-transport13-log -- found version 13.4.1
[14.184s] -- Searching for dependencies of gz-transport13-log
[14.190s] -- Searching for <gz-transport13> component [parameters]
[14.199s] -- Looking for gz-transport13-parameters -- found version 13.4.1
[14.199s] -- Searching for dependencies of gz-transport13-parameters
[14.251s] -- Looking for gz-msgs10 -- found version 10.3.2
[14.259s] -- Looking for gz-common5 -- found version 5.7.1
[14.259s] -- Searching for dependencies of gz-common5
[14.261s] -- Looking for gz-utils2 -- found version 2.2.1
[14.265s] -- Looking for dlfcn.h - found
[14.266s] -- Looking for libdl - found
[14.392s] -- Searching for <gz-common5> component [av]
[14.397s] -- Looking for gz-common5-av -- found version 5.7.1
[14.398s] -- Searching for dependencies of gz-common5-av
[14.481s] -- Checking for module 'libswscale'
[14.685s] --   Found libswscale, version 7.5.100
[15.193s] -- Checking for module 'libavdevice >= 56.4.100'
[15.458s] --   Found libavdevice, version 60.3.100
[16.095s] -- Checking for module 'libavformat'
[16.378s] --   Found libavformat, version 60.16.100
[16.985s] -- Checking for module 'libavcodec'
[17.199s] --   Found libavcodec, version 60.31.102
[17.775s] -- Checking for module 'libavutil'
[17.994s] --   Found libavutil, version 58.29.100
[18.479s] -- Searching for <gz-common5> component [events]
[18.482s] -- Looking for gz-common5-events -- found version 5.7.1
[18.483s] -- Searching for dependencies of gz-common5-events
[18.484s] -- Looking for gz-math7 -- found version 7.5.2
[18.491s] -- Searching for <gz-common5> component [graphics]
[18.499s] -- Looking for gz-common5-graphics -- found version 5.7.1
[18.499s] -- Searching for dependencies of gz-common5-graphics
[18.499s] -- Looking for gz-math7 -- found version 7.5.2
[18.573s] -- Searching for <gz-common5> component [io]
[18.580s] -- Looking for gz-common5-io -- found version 5.7.1
[18.580s] -- Searching for dependencies of gz-common5-io
[18.586s] -- Searching for <gz-common5> component [profiler]
[18.587s] -- Looking for gz-common5-profiler -- found version 5.7.1
[18.596s] -- Searching for dependencies of gz-common5-profiler
[18.651s] -- Looking for gz-fuel_tools9 -- found version 9.1.1
[18.651s] -- Searching for dependencies of gz-fuel_tools9
[19.258s] -- Checking for module 'jsoncpp'
[19.476s] --   Found jsoncpp, version 1.9.5
[20.196s] -- Checking for module 'yaml-0.1'
[20.397s] --   Found yaml-0.1, version 0.2.5
[20.982s] -- Checking for module 'libzip'
[21.257s] --   Found libzip, version 1.7.3
[21.754s] -- Looking for gz-utils2 -- found version 2.2.1
[21.763s] -- Looking for gz-common5 -- found version 5.7.1
[21.767s] -- Searching for dependencies of gz-common5
[21.767s] -- Looking for gz-utils2 -- found version 2.2.1
[21.774s] -- Looking for dlfcn.h - found
[21.774s] -- Looking for libdl - found
[21.877s] -- Searching for <gz-common5> component [testing]
[21.889s] -- Looking for gz-common5-testing -- found version 5.7.1
[21.890s] -- Searching for dependencies of gz-common5-testing
[21.954s] -- Looking for gz-math7 -- found version 7.5.2
[21.954s] -- Looking for gz-msgs10 -- found version 10.3.2
[21.966s] -- Looking for gz-gui8 -- found version 8.4.0
[21.970s] -- Searching for dependencies of gz-gui8
[22.293s] -- Looking for gz-utils2 -- found version 2.2.1
[22.351s] -- Looking for gz-math7 -- found version 7.5.2
[22.355s] -- Looking for gz-common5 -- found version 5.7.1
[22.356s] -- Looking for gz-plugin2 -- found version 2.0.4
[22.363s] -- Looking for gz-transport13 -- found version 13.4.1
[22.377s] -- Looking for gz-rendering8 -- found version 8.2.2
[22.381s] -- Searching for dependencies of gz-rendering8
[22.383s] -- Looking for gz-math7 -- found version 7.5.2
[22.384s] -- Searching for dependencies of gz-math7
[22.385s] -- Looking for gz-utils2 -- found version 2.2.1
[22.390s] -- Searching for <gz-math7> component [eigen3]
[22.394s] -- Looking for gz-math7-eigen3 -- found version 7.5.2
[22.394s] -- Searching for dependencies of gz-math7-eigen3
[22.461s] -- Looking for gz-common5 -- found version 5.7.1
[22.461s] -- Searching for dependencies of gz-common5
[22.461s] -- Looking for gz-utils2 -- found version 2.2.1
[22.469s] -- Looking for dlfcn.h - found
[22.470s] -- Looking for libdl - found
[22.578s] -- Searching for <gz-common5> component [graphics]
[22.578s] -- Searching for <gz-common5> component [events]
[22.579s] -- Searching for <gz-common5> component [geospatial]
[22.588s] -- Looking for gz-common5-geospatial -- found version 5.7.1
[22.588s] -- Searching for dependencies of gz-common5-geospatial
[22.590s] -- Looking for gz-math7 -- found version 7.5.2
[22.595s] -- Looking for gz-common5 -- found version 5.7.1
[22.662s] -- Looking for gz-plugin2 -- found version 2.0.4
[22.663s] -- Searching for dependencies of gz-plugin2
[22.665s] -- Looking for gz-utils2 -- found version 2.2.1
[22.665s] -- Searching for <gz-plugin2> component [all]
[22.681s] -- Looking for all libraries of gz-plugin2 -- found version 2.0.4
[22.683s] -- Looking for gz-plugin2 -- found version 2.0.4
[22.698s] -- Looking for gz-utils2 -- found version 2.2.1
[22.860s] -- Looking for gz-msgs10 -- found version 10.3.2
[23.397s] -- Looking for gz-physics7 -- found version 7.5.0
[23.397s] -- Searching for dependencies of gz-physics7
[23.399s] -- Looking for gz-common5 -- found version 5.7.1
[23.457s] -- Looking for gz-math7 -- found version 7.5.2
[23.461s] -- Looking for gz-plugin2 -- found version 2.0.4
[23.472s] -- Looking for gz-utils2 -- found version 2.2.1
[23.489s] -- Searching for <gz-physics7> component [heightmap]
[23.554s] -- Looking for gz-physics7-heightmap -- found version 7.5.0
[23.554s] -- Searching for dependencies of gz-physics7-heightmap
[23.560s] -- Looking for gz-common5 -- found version 5.7.1
[23.565s] -- Searching for <gz-physics7> component [mesh]
[23.580s] -- Looking for gz-physics7-mesh -- found version 7.5.0
[23.580s] -- Searching for dependencies of gz-physics7-mesh
[23.586s] -- Looking for gz-common5 -- found version 5.7.1
[23.592s] -- Searching for <gz-physics7> component [sdf]
[23.652s] -- Looking for gz-physics7-sdf -- found version 7.5.0
[23.652s] -- Searching for dependencies of gz-physics7-sdf
[23.658s] -- Looking for sdformat14 -- found version 14.7.0
[23.677s] -- Looking for gz-sensors8 -- found version 8.2.2
[23.677s] -- Searching for dependencies of gz-sensors8
[24.181s] -- Looking for gz-math7 -- found version 7.5.2
[24.181s] -- Looking for gz-common5 -- found version 5.7.1
[24.186s] -- Looking for gz-transport13 -- found version 13.4.1
[24.187s] -- Looking for gz-rendering8 -- found version 8.2.2
[24.189s] -- Looking for gz-msgs10 -- found version 10.3.2
[24.195s] -- Looking for sdformat14 -- found version 14.7.0
[24.258s] -- Searching for <gz-sensors8> component [air_pressure]
[24.265s] -- Looking for gz-sensors8-air_pressure -- found version 8.2.2
[24.266s] -- Searching for dependencies of gz-sensors8-air_pressure
[24.272s] -- Searching for <gz-sensors8> component [air_speed]
[24.278s] -- Looking for gz-sensors8-air_speed -- found version 8.2.2
[24.278s] -- Searching for dependencies of gz-sensors8-air_speed
[24.281s] -- Searching for <gz-sensors8> component [altimeter]
[24.287s] -- Looking for gz-sensors8-altimeter -- found version 8.2.2
[24.287s] -- Searching for dependencies of gz-sensors8-altimeter
[24.295s] -- Searching for <gz-sensors8> component [imu]
[24.298s] -- Looking for gz-sensors8-imu -- found version 8.2.2
[24.351s] -- Searching for dependencies of gz-sensors8-imu
[24.359s] -- Searching for <gz-sensors8> component [force_torque]
[24.362s] -- Looking for gz-sensors8-force_torque -- found version 8.2.2
[24.362s] -- Searching for dependencies of gz-sensors8-force_torque
[24.367s] -- Searching for <gz-sensors8> component [logical_camera]
[24.374s] -- Looking for gz-sensors8-logical_camera -- found version 8.2.2
[24.374s] -- Searching for dependencies of gz-sensors8-logical_camera
[24.382s] -- Searching for <gz-sensors8> component [magnetometer]
[24.385s] -- Looking for gz-sensors8-magnetometer -- found version 8.2.2
[24.386s] -- Searching for dependencies of gz-sensors8-magnetometer
[24.388s] -- Searching for <gz-sensors8> component [navsat]
[24.394s] -- Looking for gz-sensors8-navsat -- found version 8.2.2
[24.394s] -- Searching for dependencies of gz-sensors8-navsat
[24.456s] -- Searching for <gz-sensors8> component [dvl]
[24.458s] -- Looking for gz-sensors8-dvl -- found version 8.2.2
[24.458s] -- Searching for dependencies of gz-sensors8-dvl
[24.461s] -- Looking for gz-sensors8 -- found version 8.2.2
[24.461s] -- Searching for dependencies of gz-sensors8
[24.767s] -- Looking for gz-math7 -- found version 7.5.2
[24.767s] -- Looking for gz-common5 -- found version 5.7.1
[24.774s] -- Looking for gz-transport13 -- found version 13.4.1
[24.774s] -- Looking for gz-rendering8 -- found version 8.2.2
[24.780s] -- Looking for gz-msgs10 -- found version 10.3.2
[24.781s] -- Looking for sdformat14 -- found version 14.7.0
[24.786s] -- Searching for <gz-sensors8> component [rendering]
[24.795s] -- Looking for gz-sensors8-rendering -- found version 8.2.2
[24.796s] -- Searching for dependencies of gz-sensors8-rendering
[24.855s] -- Searching for <gz-sensors8> component [rendering]
[24.856s] -- Searching for <gz-sensors8> component [lidar]
[24.862s] -- Looking for gz-sensors8-lidar -- found version 8.2.2
[24.862s] -- Searching for dependencies of gz-sensors8-lidar
[24.864s] -- Looking for gz-sensors8 -- found version 8.2.2
[24.874s] -- Searching for <gz-sensors8> component [gpu_lidar]
[24.879s] -- Looking for gz-sensors8-gpu_lidar -- found version 8.2.2
[24.879s] -- Searching for dependencies of gz-sensors8-gpu_lidar
[24.884s] -- Looking for gz-sensors8 -- found version 8.2.2
[24.889s] -- Searching for <gz-sensors8> component [camera]
[24.894s] -- Looking for gz-sensors8-camera -- found version 8.2.2
[24.895s] -- Searching for dependencies of gz-sensors8-camera
[24.897s] -- Looking for gz-sensors8 -- found version 8.2.2
[24.957s] -- Searching for <gz-sensors8> component [boundingbox_camera]
[24.968s] -- Looking for gz-sensors8-boundingbox_camera -- found version 8.2.2
[24.968s] -- Searching for dependencies of gz-sensors8-boundingbox_camera
[24.973s] -- Searching for <gz-sensors8> component [segmentation_camera]
[24.981s] -- Looking for gz-sensors8-segmentation_camera -- found version 8.2.2
[24.987s] -- Searching for dependencies of gz-sensors8-segmentation_camera
[24.991s] -- Searching for <gz-sensors8> component [depth_camera]
[24.993s] -- Looking for gz-sensors8-depth_camera -- found version 8.2.2
[24.996s] -- Searching for dependencies of gz-sensors8-depth_camera
[24.996s] -- Looking for gz-sensors8 -- found version 8.2.2
[25.057s] -- Searching for <gz-sensors8> component [rgbd_camera]
[25.066s] -- Looking for gz-sensors8-rgbd_camera -- found version 8.2.2
[25.067s] -- Searching for dependencies of gz-sensors8-rgbd_camera
[25.068s] -- Looking for gz-sensors8 -- found version 8.2.2
[25.084s] -- Searching for <gz-sensors8> component [thermal_camera]
[25.087s] -- Looking for gz-sensors8-thermal_camera -- found version 8.2.2
[25.088s] -- Searching for dependencies of gz-sensors8-thermal_camera
[25.092s] -- Looking for gz-sensors8 -- found version 8.2.2
[25.152s] -- Searching for <gz-sensors8> component [wide_angle_camera]
[25.167s] -- Looking for gz-sensors8-wide_angle_camera -- found version 8.2.2
[25.167s] -- Searching for dependencies of gz-sensors8-wide_angle_camera
[25.171s] -- Looking for gz-rendering8 -- found version 8.2.2
[25.183s] -- Looking for gz-math7 -- found version 7.5.2
[25.188s] -- Looking for gz-utils2 -- found version 2.2.1
[25.778s] -- Looking for gz-msgs10 -- found version 10.3.2
[25.786s] -- Looking for gz-plugin2 -- found version 2.0.4
[25.788s] -- Looking for gz-transport13 -- found version 13.4.1
[25.797s] -- Found gz_ros2_control: 1.2.12 (/opt/ros/jazzy/share/gz_ros2_control/cmake)
[25.883s] -- Found std_srvs: 5.3.6 (/opt/ros/jazzy/share/std_srvs/cmake)
[28.650s] -- Configuring done (27.7s)
[30.796s] -- Generating done (1.6s)
[31.076s] -- Build files have been written to: /husarion_ws/build/husarion_ugv_gazebo
[31.268s] Invoked command in '/husarion_ws/build/husarion_ugv_gazebo' returned '0': CMAKE_PREFIX_PATH=/husarion_ws/install/husarion_ugv_manager:/husarion_ws/install/husarion_ugv_controller:/husarion_ws/install/husarion_ugv_localization:/husarion_ws/install/husarion_ugv_lights:/husarion_ws/install/husarion_ugv_description:/husarion_ws/install/behaviortree_ros2:/husarion_ws/install/ros_components_description:/husarion_ws/install/mecanum_drive_controller:/husarion_ws/install/husarion_ugv_utils:/husarion_ws/install/husarion_ugv_msgs:/husarion_ws/install/husarion_gz_worlds:/husarion_ws/install/btcpp_ros2_interfaces:/husarion_ws/install/husarion_ugv:/husarion_ws/install/husarion_ugv_gazebo:/opt/ros/jazzy/opt/gz_sim_vendor:/opt/ros/jazzy/opt/gz_sensors_vendor:/opt/ros/jazzy/opt/gz_physics_vendor:/opt/ros/jazzy/opt/sdformat_vendor:/opt/ros/jazzy/opt/gz_gui_vendor:/opt/ros/jazzy/opt/gz_transport_vendor:/opt/ros/jazzy/opt/gz_rendering_vendor:/opt/ros/jazzy/opt/gz_plugin_vendor:/opt/ros/jazzy/opt/gz_fuel_tools_vendor:/opt/ros/jazzy/opt/gz_msgs_vendor:/opt/ros/jazzy/opt/gz_common_vendor:/opt/ros/jazzy/opt/gz_math_vendor:/opt/ros/jazzy/opt/gz_utils_vendor:/opt/ros/jazzy/opt/gz_tools_vendor:/opt/ros/jazzy/opt/gz_ogre_next_vendor:/opt/ros/jazzy/opt/gz_dartsim_vendor:/opt/ros/jazzy/opt/gz_cmake_vendor:/opt/ros/jazzy LD_LIBRARY_PATH=/husarion_ws/install/husarion_ugv_manager/lib:/husarion_ws/install/husarion_ugv_lights/lib:/husarion_ws/install/mecanum_drive_controller/lib:/husarion_ws/install/husarion_ugv_msgs/lib:/husarion_ws/install/btcpp_ros2_interfaces/lib:/husarion_ws/install/husarion_ugv_gazebo/lib:/husarion_ws/install/behaviortree_ros2/lib:/opt/ros/jazzy/opt/gz_sim_vendor/lib:/opt/ros/jazzy/opt/gz_sensors_vendor/lib:/opt/ros/jazzy/opt/gz_physics_vendor/lib:/opt/ros/jazzy/opt/sdformat_vendor/lib:/opt/ros/jazzy/opt/rviz_ogre_vendor/lib:/opt/ros/jazzy/lib/x86_64-linux-gnu:/opt/ros/jazzy/opt/libphidget22/lib:/opt/ros/jazzy/opt/gz_gui_vendor/lib:/opt/ros/jazzy/opt/gz_transport_vendor/lib:/opt/ros/jazzy/opt/gz_rendering_vendor/lib:/opt/ros/jazzy/opt/gz_plugin_vendor/lib:/opt/ros/jazzy/opt/gz_fuel_tools_vendor/lib:/opt/ros/jazzy/opt/gz_msgs_vendor/lib:/opt/ros/jazzy/opt/gz_common_vendor/lib:/opt/ros/jazzy/opt/gz_math_vendor/lib:/opt/ros/jazzy/opt/gz_utils_vendor/lib:/opt/ros/jazzy/opt/gz_tools_vendor/lib:/opt/ros/jazzy/opt/gz_ogre_next_vendor/lib:/opt/ros/jazzy/opt/gz_dartsim_vendor/lib:/opt/ros/jazzy/opt/gz_cmake_vendor/lib:/opt/ros/jazzy/lib /usr/bin/cmake /husarion_ws/src/husarion_ugv_ros/husarion_ugv_gazebo -DCMAKE_INSTALL_PREFIX=/husarion_ws/install/husarion_ugv_gazebo
[31.275s] Invoking command in '/husarion_ws/build/husarion_ugv_gazebo': CMAKE_PREFIX_PATH=/husarion_ws/install/husarion_ugv_manager:/husarion_ws/install/husarion_ugv_controller:/husarion_ws/install/husarion_ugv_localization:/husarion_ws/install/husarion_ugv_lights:/husarion_ws/install/husarion_ugv_description:/husarion_ws/install/behaviortree_ros2:/husarion_ws/install/ros_components_description:/husarion_ws/install/mecanum_drive_controller:/husarion_ws/install/husarion_ugv_utils:/husarion_ws/install/husarion_ugv_msgs:/husarion_ws/install/husarion_gz_worlds:/husarion_ws/install/btcpp_ros2_interfaces:/husarion_ws/install/husarion_ugv:/husarion_ws/install/husarion_ugv_gazebo:/opt/ros/jazzy/opt/gz_sim_vendor:/opt/ros/jazzy/opt/gz_sensors_vendor:/opt/ros/jazzy/opt/gz_physics_vendor:/opt/ros/jazzy/opt/sdformat_vendor:/opt/ros/jazzy/opt/gz_gui_vendor:/opt/ros/jazzy/opt/gz_transport_vendor:/opt/ros/jazzy/opt/gz_rendering_vendor:/opt/ros/jazzy/opt/gz_plugin_vendor:/opt/ros/jazzy/opt/gz_fuel_tools_vendor:/opt/ros/jazzy/opt/gz_msgs_vendor:/opt/ros/jazzy/opt/gz_common_vendor:/opt/ros/jazzy/opt/gz_math_vendor:/opt/ros/jazzy/opt/gz_utils_vendor:/opt/ros/jazzy/opt/gz_tools_vendor:/opt/ros/jazzy/opt/gz_ogre_next_vendor:/opt/ros/jazzy/opt/gz_dartsim_vendor:/opt/ros/jazzy/opt/gz_cmake_vendor:/opt/ros/jazzy LD_LIBRARY_PATH=/husarion_ws/install/husarion_ugv_manager/lib:/husarion_ws/install/husarion_ugv_lights/lib:/husarion_ws/install/mecanum_drive_controller/lib:/husarion_ws/install/husarion_ugv_msgs/lib:/husarion_ws/install/btcpp_ros2_interfaces/lib:/husarion_ws/install/husarion_ugv_gazebo/lib:/husarion_ws/install/behaviortree_ros2/lib:/opt/ros/jazzy/opt/gz_sim_vendor/lib:/opt/ros/jazzy/opt/gz_sensors_vendor/lib:/opt/ros/jazzy/opt/gz_physics_vendor/lib:/opt/ros/jazzy/opt/sdformat_vendor/lib:/opt/ros/jazzy/opt/rviz_ogre_vendor/lib:/opt/ros/jazzy/lib/x86_64-linux-gnu:/opt/ros/jazzy/opt/libphidget22/lib:/opt/ros/jazzy/opt/gz_gui_vendor/lib:/opt/ros/jazzy/opt/gz_transport_vendor/lib:/opt/ros/jazzy/opt/gz_rendering_vendor/lib:/opt/ros/jazzy/opt/gz_plugin_vendor/lib:/opt/ros/jazzy/opt/gz_fuel_tools_vendor/lib:/opt/ros/jazzy/opt/gz_msgs_vendor/lib:/opt/ros/jazzy/opt/gz_common_vendor/lib:/opt/ros/jazzy/opt/gz_math_vendor/lib:/opt/ros/jazzy/opt/gz_utils_vendor/lib:/opt/ros/jazzy/opt/gz_tools_vendor/lib:/opt/ros/jazzy/opt/gz_ogre_next_vendor/lib:/opt/ros/jazzy/opt/gz_dartsim_vendor/lib:/opt/ros/jazzy/opt/gz_cmake_vendor/lib:/opt/ros/jazzy/lib /usr/bin/cmake --build /husarion_ws/build/husarion_ugv_gazebo -- -j12 -l12
[32.675s] [  0%] Built target EStop_autogen_timestamp_deps
[32.755s] [  0%] Built target LEDStrip_autogen_timestamp_deps
[32.959s] [ 14%] Built target estop_system
[33.491s] [ 21%] [34m[1mAutomatic MOC for target EStop[0m
[33.555s] [ 28%] [34m[1mAutomatic MOC for target LEDStrip[0m
[34.190s] [ 28%] Built target EStop_autogen
[34.377s] [ 28%] Built target LEDStrip_autogen
[35.259s] [ 71%] Built target EStop
[35.277s] [100%] Built target LEDStrip
[35.480s] Invoked command in '/husarion_ws/build/husarion_ugv_gazebo' returned '0': CMAKE_PREFIX_PATH=/husarion_ws/install/husarion_ugv_manager:/husarion_ws/install/husarion_ugv_controller:/husarion_ws/install/husarion_ugv_localization:/husarion_ws/install/husarion_ugv_lights:/husarion_ws/install/husarion_ugv_description:/husarion_ws/install/behaviortree_ros2:/husarion_ws/install/ros_components_description:/husarion_ws/install/mecanum_drive_controller:/husarion_ws/install/husarion_ugv_utils:/husarion_ws/install/husarion_ugv_msgs:/husarion_ws/install/husarion_gz_worlds:/husarion_ws/install/btcpp_ros2_interfaces:/husarion_ws/install/husarion_ugv:/husarion_ws/install/husarion_ugv_gazebo:/opt/ros/jazzy/opt/gz_sim_vendor:/opt/ros/jazzy/opt/gz_sensors_vendor:/opt/ros/jazzy/opt/gz_physics_vendor:/opt/ros/jazzy/opt/sdformat_vendor:/opt/ros/jazzy/opt/gz_gui_vendor:/opt/ros/jazzy/opt/gz_transport_vendor:/opt/ros/jazzy/opt/gz_rendering_vendor:/opt/ros/jazzy/opt/gz_plugin_vendor:/opt/ros/jazzy/opt/gz_fuel_tools_vendor:/opt/ros/jazzy/opt/gz_msgs_vendor:/opt/ros/jazzy/opt/gz_common_vendor:/opt/ros/jazzy/opt/gz_math_vendor:/opt/ros/jazzy/opt/gz_utils_vendor:/opt/ros/jazzy/opt/gz_tools_vendor:/opt/ros/jazzy/opt/gz_ogre_next_vendor:/opt/ros/jazzy/opt/gz_dartsim_vendor:/opt/ros/jazzy/opt/gz_cmake_vendor:/opt/ros/jazzy LD_LIBRARY_PATH=/husarion_ws/install/husarion_ugv_manager/lib:/husarion_ws/install/husarion_ugv_lights/lib:/husarion_ws/install/mecanum_drive_controller/lib:/husarion_ws/install/husarion_ugv_msgs/lib:/husarion_ws/install/btcpp_ros2_interfaces/lib:/husarion_ws/install/husarion_ugv_gazebo/lib:/husarion_ws/install/behaviortree_ros2/lib:/opt/ros/jazzy/opt/gz_sim_vendor/lib:/opt/ros/jazzy/opt/gz_sensors_vendor/lib:/opt/ros/jazzy/opt/gz_physics_vendor/lib:/opt/ros/jazzy/opt/sdformat_vendor/lib:/opt/ros/jazzy/opt/rviz_ogre_vendor/lib:/opt/ros/jazzy/lib/x86_64-linux-gnu:/opt/ros/jazzy/opt/libphidget22/lib:/opt/ros/jazzy/opt/gz_gui_vendor/lib:/opt/ros/jazzy/opt/gz_transport_vendor/lib:/opt/ros/jazzy/opt/gz_rendering_vendor/lib:/opt/ros/jazzy/opt/gz_plugin_vendor/lib:/opt/ros/jazzy/opt/gz_fuel_tools_vendor/lib:/opt/ros/jazzy/opt/gz_msgs_vendor/lib:/opt/ros/jazzy/opt/gz_common_vendor/lib:/opt/ros/jazzy/opt/gz_math_vendor/lib:/opt/ros/jazzy/opt/gz_utils_vendor/lib:/opt/ros/jazzy/opt/gz_tools_vendor/lib:/opt/ros/jazzy/opt/gz_ogre_next_vendor/lib:/opt/ros/jazzy/opt/gz_dartsim_vendor/lib:/opt/ros/jazzy/opt/gz_cmake_vendor/lib:/opt/ros/jazzy/lib /usr/bin/cmake --build /husarion_ws/build/husarion_ugv_gazebo -- -j12 -l12
[35.498s] Invoking command in '/husarion_ws/build/husarion_ugv_gazebo': CMAKE_PREFIX_PATH=/husarion_ws/install/husarion_ugv_manager:/husarion_ws/install/husarion_ugv_controller:/husarion_ws/install/husarion_ugv_localization:/husarion_ws/install/husarion_ugv_lights:/husarion_ws/install/husarion_ugv_description:/husarion_ws/install/behaviortree_ros2:/husarion_ws/install/ros_components_description:/husarion_ws/install/mecanum_drive_controller:/husarion_ws/install/husarion_ugv_utils:/husarion_ws/install/husarion_ugv_msgs:/husarion_ws/install/husarion_gz_worlds:/husarion_ws/install/btcpp_ros2_interfaces:/husarion_ws/install/husarion_ugv:/husarion_ws/install/husarion_ugv_gazebo:/opt/ros/jazzy/opt/gz_sim_vendor:/opt/ros/jazzy/opt/gz_sensors_vendor:/opt/ros/jazzy/opt/gz_physics_vendor:/opt/ros/jazzy/opt/sdformat_vendor:/opt/ros/jazzy/opt/gz_gui_vendor:/opt/ros/jazzy/opt/gz_transport_vendor:/opt/ros/jazzy/opt/gz_rendering_vendor:/opt/ros/jazzy/opt/gz_plugin_vendor:/opt/ros/jazzy/opt/gz_fuel_tools_vendor:/opt/ros/jazzy/opt/gz_msgs_vendor:/opt/ros/jazzy/opt/gz_common_vendor:/opt/ros/jazzy/opt/gz_math_vendor:/opt/ros/jazzy/opt/gz_utils_vendor:/opt/ros/jazzy/opt/gz_tools_vendor:/opt/ros/jazzy/opt/gz_ogre_next_vendor:/opt/ros/jazzy/opt/gz_dartsim_vendor:/opt/ros/jazzy/opt/gz_cmake_vendor:/opt/ros/jazzy LD_LIBRARY_PATH=/husarion_ws/install/husarion_ugv_manager/lib:/husarion_ws/install/husarion_ugv_lights/lib:/husarion_ws/install/mecanum_drive_controller/lib:/husarion_ws/install/husarion_ugv_msgs/lib:/husarion_ws/install/btcpp_ros2_interfaces/lib:/husarion_ws/install/husarion_ugv_gazebo/lib:/husarion_ws/install/behaviortree_ros2/lib:/opt/ros/jazzy/opt/gz_sim_vendor/lib:/opt/ros/jazzy/opt/gz_sensors_vendor/lib:/opt/ros/jazzy/opt/gz_physics_vendor/lib:/opt/ros/jazzy/opt/sdformat_vendor/lib:/opt/ros/jazzy/opt/rviz_ogre_vendor/lib:/opt/ros/jazzy/lib/x86_64-linux-gnu:/opt/ros/jazzy/opt/libphidget22/lib:/opt/ros/jazzy/opt/gz_gui_vendor/lib:/opt/ros/jazzy/opt/gz_transport_vendor/lib:/opt/ros/jazzy/opt/gz_rendering_vendor/lib:/opt/ros/jazzy/opt/gz_plugin_vendor/lib:/opt/ros/jazzy/opt/gz_fuel_tools_vendor/lib:/opt/ros/jazzy/opt/gz_msgs_vendor/lib:/opt/ros/jazzy/opt/gz_common_vendor/lib:/opt/ros/jazzy/opt/gz_math_vendor/lib:/opt/ros/jazzy/opt/gz_utils_vendor/lib:/opt/ros/jazzy/opt/gz_tools_vendor/lib:/opt/ros/jazzy/opt/gz_ogre_next_vendor/lib:/opt/ros/jazzy/opt/gz_dartsim_vendor/lib:/opt/ros/jazzy/opt/gz_cmake_vendor/lib:/opt/ros/jazzy/lib /usr/bin/cmake --install /husarion_ws/build/husarion_ugv_gazebo
[35.662s] -- Install configuration: "Release"
[35.679s] -- Execute custom install script
[35.689s] -- Up-to-date symlink: /husarion_ws/install/husarion_ugv_gazebo/include/husarion_ugv_gazebo/husarion_ugv_gazebo/estop_system.hpp
[35.690s] -- Up-to-date symlink: /husarion_ws/install/husarion_ugv_gazebo/include/husarion_ugv_gazebo/husarion_ugv_gazebo/gui/e_stop.hpp
[35.690s] -- Up-to-date symlink: /husarion_ws/install/husarion_ugv_gazebo/include/husarion_ugv_gazebo/husarion_ugv_gazebo/led_strip.hpp
[35.690s] -- Up-to-date symlink: /husarion_ws/install/husarion_ugv_gazebo/share/husarion_ugv_gazebo/config/battery_plugin.yaml
[35.691s] -- Up-to-date symlink: /husarion_ws/install/husarion_ugv_gazebo/share/husarion_ugv_gazebo/config/gz_bridge.yaml
[35.693s] -- Up-to-date symlink: /husarion_ws/install/husarion_ugv_gazebo/share/husarion_ugv_gazebo/config/robot_bridge.yaml
[35.694s] -- Up-to-date symlink: /husarion_ws/install/husarion_ugv_gazebo/share/husarion_ugv_gazebo/config/teleop_with_estop.config
[35.699s] -- Up-to-date symlink: /husarion_ws/install/husarion_ugv_gazebo/share/husarion_ugv_gazebo/launch/simulate_robot.launch.py
[35.699s] -- Up-to-date symlink: /husarion_ws/install/husarion_ugv_gazebo/share/husarion_ugv_gazebo/launch/simulation.launch.py
[35.752s] -- Up-to-date symlink: /husarion_ws/install/husarion_ugv_gazebo/share/husarion_ugv_gazebo/launch/spawn_robot.launch.py
[35.754s] -- Up-to-date symlink: /husarion_ws/install/husarion_ugv_gazebo/share/husarion_ugv_gazebo/environment/setup_envs.sh
[35.756s] -- Up-to-date symlink: /husarion_ws/install/husarion_ugv_gazebo/share/husarion_ugv_gazebo/environment/library_path.sh
[35.760s] -- Up-to-date symlink: /husarion_ws/install/husarion_ugv_gazebo/share/husarion_ugv_gazebo/environment/library_path.dsv
[35.772s] -- Up-to-date symlink: /husarion_ws/install/husarion_ugv_gazebo/share/husarion_ugv_gazebo//plugins.xml
[35.772s] -- Up-to-date symlink: /husarion_ws/install/husarion_ugv_gazebo/share/ament_index/resource_index/package_run_dependencies/husarion_ugv_gazebo
[35.772s] -- Up-to-date symlink: /husarion_ws/install/husarion_ugv_gazebo/share/ament_index/resource_index/parent_prefix_path/husarion_ugv_gazebo
[35.773s] -- Up-to-date symlink: /husarion_ws/install/husarion_ugv_gazebo/share/husarion_ugv_gazebo/environment/ament_prefix_path.sh
[35.774s] -- Up-to-date symlink: /husarion_ws/install/husarion_ugv_gazebo/share/husarion_ugv_gazebo/environment/ament_prefix_path.dsv
[35.775s] -- Up-to-date symlink: /husarion_ws/install/husarion_ugv_gazebo/share/husarion_ugv_gazebo/environment/path.sh
[35.775s] -- Up-to-date symlink: /husarion_ws/install/husarion_ugv_gazebo/share/husarion_ugv_gazebo/environment/path.dsv
[35.776s] -- Up-to-date symlink: /husarion_ws/install/husarion_ugv_gazebo/share/husarion_ugv_gazebo/local_setup.bash
[35.780s] -- Up-to-date symlink: /husarion_ws/install/husarion_ugv_gazebo/share/husarion_ugv_gazebo/local_setup.sh
[35.784s] -- Up-to-date symlink: /husarion_ws/install/husarion_ugv_gazebo/share/husarion_ugv_gazebo/local_setup.zsh
[35.785s] -- Up-to-date symlink: /husarion_ws/install/husarion_ugv_gazebo/share/husarion_ugv_gazebo/local_setup.dsv
[35.788s] -- Symlinking: /husarion_ws/install/husarion_ugv_gazebo/share/husarion_ugv_gazebo/package.dsv
[35.972s] -- Up-to-date symlink: /husarion_ws/install/husarion_ugv_gazebo/share/ament_index/resource_index/packages/husarion_ugv_gazebo
[35.972s] -- Up-to-date symlink: /husarion_ws/install/husarion_ugv_gazebo/share/ament_index/resource_index/gz_ros2_control__pluginlib__plugin/husarion_ugv_gazebo
[35.972s] -- Up-to-date symlink: /husarion_ws/install/husarion_ugv_gazebo/share/husarion_ugv_gazebo/cmake/ament_cmake_export_dependencies-extras.cmake
[35.976s] -- Up-to-date symlink: /husarion_ws/install/husarion_ugv_gazebo/share/husarion_ugv_gazebo/cmake/ament_cmake_export_include_directories-extras.cmake
[35.977s] -- Up-to-date symlink: /husarion_ws/install/husarion_ugv_gazebo/share/husarion_ugv_gazebo/cmake/ament_cmake_export_targets-extras.cmake
[35.978s] -- Up-to-date symlink: /husarion_ws/install/husarion_ugv_gazebo/share/husarion_ugv_gazebo/cmake/husarion_ugv_gazeboConfig.cmake
[35.980s] -- Up-to-date symlink: /husarion_ws/install/husarion_ugv_gazebo/share/husarion_ugv_gazebo/cmake/husarion_ugv_gazeboConfig-version.cmake
[35.980s] -- Up-to-date symlink: /husarion_ws/install/husarion_ugv_gazebo/share/husarion_ugv_gazebo/package.xml
[35.983s] -- Up-to-date: /husarion_ws/install/husarion_ugv_gazebo/lib/libestop_system.so
[36.000s] -- Up-to-date: /husarion_ws/install/husarion_ugv_gazebo/lib/libEStop.so
[36.067s] -- Up-to-date: /husarion_ws/install/husarion_ugv_gazebo/lib/libLEDStrip.so
[36.091s] -- Up-to-date: /husarion_ws/install/husarion_ugv_gazebo/share/husarion_ugv_gazebo/cmake/export_husarion_ugv_gazeboExport.cmake
[36.091s] -- Up-to-date: /husarion_ws/install/husarion_ugv_gazebo/share/husarion_ugv_gazebo/cmake/export_husarion_ugv_gazeboExport-release.cmake
[36.099s] Invoked command in '/husarion_ws/build/husarion_ugv_gazebo' returned '0': CMAKE_PREFIX_PATH=/husarion_ws/install/husarion_ugv_manager:/husarion_ws/install/husarion_ugv_controller:/husarion_ws/install/husarion_ugv_localization:/husarion_ws/install/husarion_ugv_lights:/husarion_ws/install/husarion_ugv_description:/husarion_ws/install/behaviortree_ros2:/husarion_ws/install/ros_components_description:/husarion_ws/install/mecanum_drive_controller:/husarion_ws/install/husarion_ugv_utils:/husarion_ws/install/husarion_ugv_msgs:/husarion_ws/install/husarion_gz_worlds:/husarion_ws/install/btcpp_ros2_interfaces:/husarion_ws/install/husarion_ugv:/husarion_ws/install/husarion_ugv_gazebo:/opt/ros/jazzy/opt/gz_sim_vendor:/opt/ros/jazzy/opt/gz_sensors_vendor:/opt/ros/jazzy/opt/gz_physics_vendor:/opt/ros/jazzy/opt/sdformat_vendor:/opt/ros/jazzy/opt/gz_gui_vendor:/opt/ros/jazzy/opt/gz_transport_vendor:/opt/ros/jazzy/opt/gz_rendering_vendor:/opt/ros/jazzy/opt/gz_plugin_vendor:/opt/ros/jazzy/opt/gz_fuel_tools_vendor:/opt/ros/jazzy/opt/gz_msgs_vendor:/opt/ros/jazzy/opt/gz_common_vendor:/opt/ros/jazzy/opt/gz_math_vendor:/opt/ros/jazzy/opt/gz_utils_vendor:/opt/ros/jazzy/opt/gz_tools_vendor:/opt/ros/jazzy/opt/gz_ogre_next_vendor:/opt/ros/jazzy/opt/gz_dartsim_vendor:/opt/ros/jazzy/opt/gz_cmake_vendor:/opt/ros/jazzy LD_LIBRARY_PATH=/husarion_ws/install/husarion_ugv_manager/lib:/husarion_ws/install/husarion_ugv_lights/lib:/husarion_ws/install/mecanum_drive_controller/lib:/husarion_ws/install/husarion_ugv_msgs/lib:/husarion_ws/install/btcpp_ros2_interfaces/lib:/husarion_ws/install/husarion_ugv_gazebo/lib:/husarion_ws/install/behaviortree_ros2/lib:/opt/ros/jazzy/opt/gz_sim_vendor/lib:/opt/ros/jazzy/opt/gz_sensors_vendor/lib:/opt/ros/jazzy/opt/gz_physics_vendor/lib:/opt/ros/jazzy/opt/sdformat_vendor/lib:/opt/ros/jazzy/opt/rviz_ogre_vendor/lib:/opt/ros/jazzy/lib/x86_64-linux-gnu:/opt/ros/jazzy/opt/libphidget22/lib:/opt/ros/jazzy/opt/gz_gui_vendor/lib:/opt/ros/jazzy/opt/gz_transport_vendor/lib:/opt/ros/jazzy/opt/gz_rendering_vendor/lib:/opt/ros/jazzy/opt/gz_plugin_vendor/lib:/opt/ros/jazzy/opt/gz_fuel_tools_vendor/lib:/opt/ros/jazzy/opt/gz_msgs_vendor/lib:/opt/ros/jazzy/opt/gz_common_vendor/lib:/opt/ros/jazzy/opt/gz_math_vendor/lib:/opt/ros/jazzy/opt/gz_utils_vendor/lib:/opt/ros/jazzy/opt/gz_tools_vendor/lib:/opt/ros/jazzy/opt/gz_ogre_next_vendor/lib:/opt/ros/jazzy/opt/gz_dartsim_vendor/lib:/opt/ros/jazzy/opt/gz_cmake_vendor/lib:/opt/ros/jazzy/lib /usr/bin/cmake --install /husarion_ws/build/husarion_ugv_gazebo
