[0.243s] Invoking command in '/husarion_ws/build/husarion_ugv_bringup': CMAKE_PREFIX_PATH=${CMAKE_PREFIX_PATH}:/opt/ros/jazzy /usr/bin/cmake /husarion_ws/src/husarion_ugv_ros/husarion_ugv_bringup -DCMAKE_INSTALL_PREFIX=/husarion_ws/install/husarion_ugv_bringup
[0.341s] -- The C compiler identification is GNU 13.3.0
[0.430s] -- The CXX compiler identification is GNU 13.3.0
[0.444s] -- Detecting C compiler ABI info
[0.520s] -- Detecting C compiler ABI info - done
[0.527s] -- Check for working C compiler: /usr/bin/cc - skipped
[0.527s] -- Detecting C compile features
[0.528s] -- Detecting C compile features - done
[0.537s] -- Detecting CXX compiler ABI info
[0.638s] -- Detecting CXX compiler ABI info - done
[0.650s] -- Check for working CXX compiler: /usr/bin/c++ - skipped
[0.650s] -- Detecting CXX compile features
[0.651s] -- Detecting CXX compile features - done
[0.657s] -- Found ament_cmake: 2.5.4 (/opt/ros/jazzy/share/ament_cmake/cmake)
[0.798s] -- Found Python3: /usr/bin/python3 (found version "3.12.3") found components: Interpreter 
[1.010s] -- Configuring done (0.8s)
[1.013s] -- Generating done (0.0s)
[1.029s] -- Build files have been written to: /husarion_ws/build/husarion_ugv_bringup
[1.036s] Invoked command in '/husarion_ws/build/husarion_ugv_bringup' returned '0': CMAKE_PREFIX_PATH=${CMAKE_PREFIX_PATH}:/opt/ros/jazzy /usr/bin/cmake /husarion_ws/src/husarion_ugv_ros/husarion_ugv_bringup -DCMAKE_INSTALL_PREFIX=/husarion_ws/install/husarion_ugv_bringup
[1.037s] Invoking command in '/husarion_ws/build/husarion_ugv_bringup': CMAKE_PREFIX_PATH=${CMAKE_PREFIX_PATH}:/opt/ros/jazzy /usr/bin/cmake --build /husarion_ws/build/husarion_ugv_bringup -- -j12 -l12
[1.072s] Invoked command in '/husarion_ws/build/husarion_ugv_bringup' returned '0': CMAKE_PREFIX_PATH=${CMAKE_PREFIX_PATH}:/opt/ros/jazzy /usr/bin/cmake --build /husarion_ws/build/husarion_ugv_bringup -- -j12 -l12
[1.072s] Invoking command in '/husarion_ws/build/husarion_ugv_bringup': CMAKE_PREFIX_PATH=${CMAKE_PREFIX_PATH}:/opt/ros/jazzy /usr/bin/cmake --install /husarion_ws/build/husarion_ugv_bringup
[1.079s] -- Install configuration: ""
[1.079s] -- Installing: /husarion_ws/install/husarion_ugv_bringup/share/husarion_ugv_bringup/launch
[1.079s] -- Installing: /husarion_ws/install/husarion_ugv_bringup/share/husarion_ugv_bringup/launch/bringup.launch.py
[1.079s] -- Installing: /husarion_ws/install/husarion_ugv_bringup/share/ament_index/resource_index/package_run_dependencies/husarion_ugv_bringup
[1.079s] -- Installing: /husarion_ws/install/husarion_ugv_bringup/share/ament_index/resource_index/parent_prefix_path/husarion_ugv_bringup
[1.079s] -- Installing: /husarion_ws/install/husarion_ugv_bringup/share/husarion_ugv_bringup/environment/ament_prefix_path.sh
[1.079s] -- Installing: /husarion_ws/install/husarion_ugv_bringup/share/husarion_ugv_bringup/environment/ament_prefix_path.dsv
[1.080s] -- Installing: /husarion_ws/install/husarion_ugv_bringup/share/husarion_ugv_bringup/environment/path.sh
[1.080s] -- Installing: /husarion_ws/install/husarion_ugv_bringup/share/husarion_ugv_bringup/environment/path.dsv
[1.080s] -- Installing: /husarion_ws/install/husarion_ugv_bringup/share/husarion_ugv_bringup/local_setup.bash
[1.080s] -- Installing: /husarion_ws/install/husarion_ugv_bringup/share/husarion_ugv_bringup/local_setup.sh
[1.080s] -- Installing: /husarion_ws/install/husarion_ugv_bringup/share/husarion_ugv_bringup/local_setup.zsh
[1.080s] -- Installing: /husarion_ws/install/husarion_ugv_bringup/share/husarion_ugv_bringup/local_setup.dsv
[1.080s] -- Installing: /husarion_ws/install/husarion_ugv_bringup/share/husarion_ugv_bringup/package.dsv
[1.080s] -- Installing: /husarion_ws/install/husarion_ugv_bringup/share/ament_index/resource_index/packages/husarion_ugv_bringup
[1.080s] -- Installing: /husarion_ws/install/husarion_ugv_bringup/share/husarion_ugv_bringup/cmake/husarion_ugv_bringupConfig.cmake
[1.080s] -- Installing: /husarion_ws/install/husarion_ugv_bringup/share/husarion_ugv_bringup/cmake/husarion_ugv_bringupConfig-version.cmake
[1.080s] -- Installing: /husarion_ws/install/husarion_ugv_bringup/share/husarion_ugv_bringup/package.xml
[1.082s] Invoked command in '/husarion_ws/build/husarion_ugv_bringup' returned '0': CMAKE_PREFIX_PATH=${CMAKE_PREFIX_PATH}:/opt/ros/jazzy /usr/bin/cmake --install /husarion_ws/build/husarion_ugv_bringup
