[0.019s] Invoking command in '/husarion_ws/build/husarion_ugv_utils': CMAKE_PREFIX_PATH=${CMAKE_PREFIX_PATH}:/opt/ros/jazzy /usr/bin/cmake /husarion_ws/src/husarion_ugv_ros/husarion_ugv_utils -DCMAKE_BUILD_TYPE=Release -DBUILD_TESTING=OFF -DAMENT_CMAKE_SYMLINK_INSTALL=1 -DCMAKE_INSTALL_PREFIX=/husarion_ws/install/husarion_ugv_utils
[0.075s] -- The C compiler identification is GNU 13.3.0
[0.119s] -- The CXX compiler identification is GNU 13.3.0
[0.131s] -- Detecting C compiler ABI info
[0.206s] -- Detecting C compiler ABI info - done
[0.219s] -- Check for working C compiler: /usr/bin/cc - skipped
[0.219s] -- Detecting C compile features
[0.219s] -- Detecting C compile features - done
[0.227s] -- Detecting CXX compiler ABI info
[0.306s] -- Detecting CXX compiler ABI info - done
[0.318s] -- Check for working CXX compiler: /usr/bin/c++ - skipped
[0.319s] -- Detecting CXX compile features
[0.319s] -- Detecting CXX compile features - done
[0.325s] -- Found ament_cmake: 2.5.4 (/opt/ros/jazzy/share/ament_cmake/cmake)
[0.457s] -- Found Python3: /usr/bin/python3 (found version "3.12.3") found components: Interpreter 
[0.522s] -- Override CMake install command with custom implementation using symlinks instead of copying resources
[0.571s] -- Found diagnostic_updater: 4.2.4 (/opt/ros/jazzy/share/diagnostic_updater/cmake)
[0.623s] -- Found rosidl_generator_c: 4.6.5 (/opt/ros/jazzy/share/rosidl_generator_c/cmake)
[0.639s] -- Found rosidl_generator_cpp: 4.6.5 (/opt/ros/jazzy/share/rosidl_generator_cpp/cmake)
[0.657s] -- Using all available rosidl_typesupport_c: rosidl_typesupport_fastrtps_c;rosidl_typesupport_introspection_c
[0.676s] -- Using all available rosidl_typesupport_cpp: rosidl_typesupport_fastrtps_cpp;rosidl_typesupport_introspection_cpp
[0.795s] -- Found rmw_implementation_cmake: 7.3.2 (/opt/ros/jazzy/share/rmw_implementation_cmake/cmake)
[0.800s] -- Found rmw_fastrtps_cpp: 8.4.2 (/opt/ros/jazzy/share/rmw_fastrtps_cpp/cmake)
[0.879s] -- Found OpenSSL: /usr/lib/x86_64-linux-gnu/libcrypto.so (found version "3.0.13")  
[0.903s] -- Found FastRTPS: /opt/ros/jazzy/include (Required is at least version "2.13") 
[0.926s] -- Using RMW implementation 'rmw_fastrtps_cpp' as default
[1.001s] -- Found realtime_tools: 3.5.1 (/opt/ros/jazzy/share/realtime_tools/cmake)
[1.303s] -- Configuring done (1.3s)
[1.308s] -- Generating done (0.0s)
[1.310s] -- Build files have been written to: /husarion_ws/build/husarion_ugv_utils
[1.321s] Invoked command in '/husarion_ws/build/husarion_ugv_utils' returned '0': CMAKE_PREFIX_PATH=${CMAKE_PREFIX_PATH}:/opt/ros/jazzy /usr/bin/cmake /husarion_ws/src/husarion_ugv_ros/husarion_ugv_utils -DCMAKE_BUILD_TYPE=Release -DBUILD_TESTING=OFF -DAMENT_CMAKE_SYMLINK_INSTALL=1 -DCMAKE_INSTALL_PREFIX=/husarion_ws/install/husarion_ugv_utils
[1.322s] Invoking command in '/husarion_ws/build/husarion_ugv_utils': CMAKE_PREFIX_PATH=${CMAKE_PREFIX_PATH}:/opt/ros/jazzy /usr/bin/cmake --build /husarion_ws/build/husarion_ugv_utils -- -j12 -l12
[1.369s] Built target ament_cmake_python_symlink_husarion_ugv_utils
[1.531s] running egg_info
[1.531s] creating husarion_ugv_utils.egg-info
[1.545s] writing husarion_ugv_utils.egg-info/PKG-INFO
[1.545s] writing dependency_links to husarion_ugv_utils.egg-info/dependency_links.txt
[1.545s] writing top-level names to husarion_ugv_utils.egg-info/top_level.txt
[1.545s] writing manifest file 'husarion_ugv_utils.egg-info/SOURCES.txt'
[1.586s] reading manifest file 'husarion_ugv_utils.egg-info/SOURCES.txt'
[1.587s] writing manifest file 'husarion_ugv_utils.egg-info/SOURCES.txt'
[1.612s] Built target ament_cmake_python_build_husarion_ugv_utils_egg
[1.620s] Invoked command in '/husarion_ws/build/husarion_ugv_utils' returned '0': CMAKE_PREFIX_PATH=${CMAKE_PREFIX_PATH}:/opt/ros/jazzy /usr/bin/cmake --build /husarion_ws/build/husarion_ugv_utils -- -j12 -l12
[1.621s] Invoking command in '/husarion_ws/build/husarion_ugv_utils': CMAKE_PREFIX_PATH=${CMAKE_PREFIX_PATH}:/opt/ros/jazzy /usr/bin/cmake --install /husarion_ws/build/husarion_ugv_utils
[1.628s] -- Install configuration: "Release"
[1.628s] -- Execute custom install script
[1.629s] -- Symlinking: /husarion_ws/install/husarion_ugv_utils/include/husarion_ugv_utils/husarion_ugv_utils/common_utilities.hpp
[1.636s] -- Symlinking: /husarion_ws/install/husarion_ugv_utils/include/husarion_ugv_utils/husarion_ugv_utils/configure_rt.hpp
[1.643s] -- Symlinking: /husarion_ws/install/husarion_ugv_utils/include/husarion_ugv_utils/husarion_ugv_utils/diagnostics.hpp
[1.650s] -- Symlinking: /husarion_ws/install/husarion_ugv_utils/include/husarion_ugv_utils/husarion_ugv_utils/moving_average.hpp
[1.657s] -- Symlinking: /husarion_ws/install/husarion_ugv_utils/include/husarion_ugv_utils/husarion_ugv_utils/networking_utils.hpp
[1.664s] -- Symlinking: /husarion_ws/install/husarion_ugv_utils/include/husarion_ugv_utils/husarion_ugv_utils/ros_utils.hpp
[1.671s] -- Symlinking: /husarion_ws/install/husarion_ugv_utils/include/husarion_ugv_utils/husarion_ugv_utils/test/ros_test_utils.hpp
[1.678s] -- Symlinking: /husarion_ws/install/husarion_ugv_utils/include/husarion_ugv_utils/husarion_ugv_utils/test/test_utils.hpp
[1.685s] -- Symlinking: /husarion_ws/install/husarion_ugv_utils/include/husarion_ugv_utils/husarion_ugv_utils/yaml_utils.hpp
[1.692s] -- Symlinking: /husarion_ws/install/husarion_ugv_utils/share/husarion_ugv_utils/environment/pythonpath.sh
[1.700s] -- Symlinking: /husarion_ws/install/husarion_ugv_utils/share/husarion_ugv_utils/environment/pythonpath.dsv
[1.708s] -- Symlinking: /husarion_ws/install/husarion_ugv_utils/lib/python3.12/site-packages/husarion_ugv_utils-2.3.0-py3.12.egg-info/PKG-INFO
[1.715s] -- Symlinking: /husarion_ws/install/husarion_ugv_utils/lib/python3.12/site-packages/husarion_ugv_utils-2.3.0-py3.12.egg-info/SOURCES.txt
[1.723s] -- Symlinking: /husarion_ws/install/husarion_ugv_utils/lib/python3.12/site-packages/husarion_ugv_utils-2.3.0-py3.12.egg-info/dependency_links.txt
[1.730s] -- Symlinking: /husarion_ws/install/husarion_ugv_utils/lib/python3.12/site-packages/husarion_ugv_utils-2.3.0-py3.12.egg-info/top_level.txt
[1.738s] -- Symlinking: /husarion_ws/install/husarion_ugv_utils/lib/python3.12/site-packages/husarion_ugv_utils/__init__.py
[1.746s] -- Symlinking: /husarion_ws/install/husarion_ugv_utils/lib/python3.12/site-packages/husarion_ugv_utils/integration_test_utils.py
[1.753s] -- Symlinking: /husarion_ws/install/husarion_ugv_utils/lib/python3.12/site-packages/husarion_ugv_utils/logging.py
[1.760s] -- Symlinking: /husarion_ws/install/husarion_ugv_utils/lib/python3.12/site-packages/husarion_ugv_utils/messages.py
[1.767s] -- Symlinking: /husarion_ws/install/husarion_ugv_utils/lib/python3.12/site-packages/husarion_ugv_utils/version_check.py
[1.774s] -- Symlinking: /husarion_ws/install/husarion_ugv_utils/share/ament_index/resource_index/package_run_dependencies/husarion_ugv_utils
[1.781s] -- Symlinking: /husarion_ws/install/husarion_ugv_utils/share/ament_index/resource_index/parent_prefix_path/husarion_ugv_utils
[1.788s] -- Symlinking: /husarion_ws/install/husarion_ugv_utils/share/husarion_ugv_utils/environment/ament_prefix_path.sh
[1.795s] -- Symlinking: /husarion_ws/install/husarion_ugv_utils/share/husarion_ugv_utils/environment/ament_prefix_path.dsv
[1.802s] -- Symlinking: /husarion_ws/install/husarion_ugv_utils/share/husarion_ugv_utils/environment/path.sh
[1.809s] -- Symlinking: /husarion_ws/install/husarion_ugv_utils/share/husarion_ugv_utils/environment/path.dsv
[1.816s] -- Symlinking: /husarion_ws/install/husarion_ugv_utils/share/husarion_ugv_utils/local_setup.bash
[1.823s] -- Symlinking: /husarion_ws/install/husarion_ugv_utils/share/husarion_ugv_utils/local_setup.sh
[1.830s] -- Symlinking: /husarion_ws/install/husarion_ugv_utils/share/husarion_ugv_utils/local_setup.zsh
[1.837s] -- Symlinking: /husarion_ws/install/husarion_ugv_utils/share/husarion_ugv_utils/local_setup.dsv
[1.844s] -- Symlinking: /husarion_ws/install/husarion_ugv_utils/share/husarion_ugv_utils/package.dsv
[1.851s] -- Symlinking: /husarion_ws/install/husarion_ugv_utils/share/ament_index/resource_index/packages/husarion_ugv_utils
[1.858s] -- Symlinking: /husarion_ws/install/husarion_ugv_utils/share/husarion_ugv_utils/cmake/ament_cmake_export_dependencies-extras.cmake
[1.866s] -- Symlinking: /husarion_ws/install/husarion_ugv_utils/share/husarion_ugv_utils/cmake/ament_cmake_export_include_directories-extras.cmake
[1.873s] -- Symlinking: /husarion_ws/install/husarion_ugv_utils/share/husarion_ugv_utils/cmake/husarion_ugv_utilsConfig.cmake
[1.881s] -- Symlinking: /husarion_ws/install/husarion_ugv_utils/share/husarion_ugv_utils/cmake/husarion_ugv_utilsConfig-version.cmake
[1.888s] -- Symlinking: /husarion_ws/install/husarion_ugv_utils/share/husarion_ugv_utils/package.xml
[1.925s] Listing '/husarion_ws/install/husarion_ugv_utils/lib/python3.12/site-packages/husarion_ugv_utils'...
[1.925s] Compiling '/husarion_ws/install/husarion_ugv_utils/lib/python3.12/site-packages/husarion_ugv_utils/__init__.py'...
[1.925s] Compiling '/husarion_ws/install/husarion_ugv_utils/lib/python3.12/site-packages/husarion_ugv_utils/integration_test_utils.py'...
[1.925s] Compiling '/husarion_ws/install/husarion_ugv_utils/lib/python3.12/site-packages/husarion_ugv_utils/logging.py'...
[1.925s] Compiling '/husarion_ws/install/husarion_ugv_utils/lib/python3.12/site-packages/husarion_ugv_utils/messages.py'...
[1.925s] Compiling '/husarion_ws/install/husarion_ugv_utils/lib/python3.12/site-packages/husarion_ugv_utils/version_check.py'...
[1.931s] Invoked command in '/husarion_ws/build/husarion_ugv_utils' returned '0': CMAKE_PREFIX_PATH=${CMAKE_PREFIX_PATH}:/opt/ros/jazzy /usr/bin/cmake --install /husarion_ws/build/husarion_ugv_utils
