[0.016s] Invoking command in '/husarion_ws/build/husarion_gz_worlds': CMAKE_PREFIX_PATH=${CMAKE_PREFIX_PATH}:/opt/ros/jazzy /usr/bin/cmake /husarion_ws/src/husarion_gz_worlds -DCMAKE_BUILD_TYPE=Release -DBUILD_TESTING=OFF -DAMENT_CMAKE_SYMLINK_INSTALL=1 -DCMAKE_INSTALL_PREFIX=/husarion_ws/install/husarion_gz_worlds
[0.190s] -- The C compiler identification is GNU 13.3.0
[0.354s] -- The CXX compiler identification is GNU 13.3.0
[0.375s] -- Detecting C compiler ABI info
[0.482s] -- Detecting C compiler ABI info - done
[0.492s] -- Check for working C compiler: /usr/bin/cc - skipped
[0.492s] -- Detecting C compile features
[0.495s] -- Detecting C compile features - done
[0.504s] -- Detecting CXX compiler ABI info
[0.620s] -- Detecting CXX compiler ABI info - done
[0.626s] -- Check for working CXX compiler: /usr/bin/c++ - skipped
[0.628s] -- Detecting CXX compile features
[0.628s] -- Detecting CXX compile features - done
[0.635s] -- Found ament_cmake: 2.5.4 (/opt/ros/jazzy/share/ament_cmake/cmake)
[0.804s] -- Found Python3: /usr/bin/python3 (found version "3.12.3") found components: Interpreter 
[0.897s] -- Override CMake install command with custom implementation using symlinks instead of copying resources
[1.072s] -- Configuring done (1.0s)
[1.075s] -- Generating done (0.0s)
[1.077s] -- Build files have been written to: /husarion_ws/build/husarion_gz_worlds
[1.081s] Invoked command in '/husarion_ws/build/husarion_gz_worlds' returned '0': CMAKE_PREFIX_PATH=${CMAKE_PREFIX_PATH}:/opt/ros/jazzy /usr/bin/cmake /husarion_ws/src/husarion_gz_worlds -DCMAKE_BUILD_TYPE=Release -DBUILD_TESTING=OFF -DAMENT_CMAKE_SYMLINK_INSTALL=1 -DCMAKE_INSTALL_PREFIX=/husarion_ws/install/husarion_gz_worlds
[1.081s] Invoking command in '/husarion_ws/build/husarion_gz_worlds': CMAKE_PREFIX_PATH=${CMAKE_PREFIX_PATH}:/opt/ros/jazzy /usr/bin/cmake --build /husarion_ws/build/husarion_gz_worlds -- -j6 -l6
[1.120s] Invoked command in '/husarion_ws/build/husarion_gz_worlds' returned '0': CMAKE_PREFIX_PATH=${CMAKE_PREFIX_PATH}:/opt/ros/jazzy /usr/bin/cmake --build /husarion_ws/build/husarion_gz_worlds -- -j6 -l6
[1.129s] Invoking command in '/husarion_ws/build/husarion_gz_worlds': CMAKE_PREFIX_PATH=${CMAKE_PREFIX_PATH}:/opt/ros/jazzy /usr/bin/cmake --install /husarion_ws/build/husarion_gz_worlds
[1.138s] -- Install configuration: "Release"
[1.138s] -- Execute custom install script
[1.138s] -- Symlinking: /husarion_ws/install/husarion_gz_worlds/share/husarion_gz_worlds/config/teleop.config
[1.147s] -- Symlinking: /husarion_ws/install/husarion_gz_worlds/share/husarion_gz_worlds/launch/gz_sim.launch.py
[1.157s] -- Symlinking: /husarion_ws/install/husarion_gz_worlds/share/husarion_gz_worlds/models/ConferenceTable/meshes/conference_table.stl
[1.168s] -- Symlinking: /husarion_ws/install/husarion_gz_worlds/share/husarion_gz_worlds/models/ConferenceTable/model.config
[1.177s] -- Symlinking: /husarion_ws/install/husarion_gz_worlds/share/husarion_gz_worlds/models/ConferenceTable/model.sdf
[1.186s] -- Symlinking: /husarion_ws/install/husarion_gz_worlds/share/husarion_gz_worlds/models/Door/meshes/door.stl
[1.195s] -- Symlinking: /husarion_ws/install/husarion_gz_worlds/share/husarion_gz_worlds/models/Door/model.config
[1.206s] -- Symlinking: /husarion_ws/install/husarion_gz_worlds/share/husarion_gz_worlds/models/Door/model.sdf
[1.215s] -- Symlinking: /husarion_ws/install/husarion_gz_worlds/share/husarion_gz_worlds/models/HusarionLogo/meshes/husarion_logo.dae
[1.226s] -- Symlinking: /husarion_ws/install/husarion_gz_worlds/share/husarion_gz_worlds/models/Kitchen/meshes/kitchen.stl
[1.234s] -- Symlinking: /husarion_ws/install/husarion_gz_worlds/share/husarion_gz_worlds/models/Kitchen/model.config
[1.245s] -- Symlinking: /husarion_ws/install/husarion_gz_worlds/share/husarion_gz_worlds/models/Kitchen/model.sdf
[1.254s] -- Symlinking: /husarion_ws/install/husarion_gz_worlds/share/husarion_gz_worlds/models/Laptop/meshes/laptop.stl
[1.264s] -- Symlinking: /husarion_ws/install/husarion_gz_worlds/share/husarion_gz_worlds/models/Laptop/model.config
[1.274s] -- Symlinking: /husarion_ws/install/husarion_gz_worlds/share/husarion_gz_worlds/models/Laptop/model.sdf
[1.284s] -- Symlinking: /husarion_ws/install/husarion_gz_worlds/share/husarion_gz_worlds/models/Rosbot/meshes/astra.dae
[1.294s] -- Symlinking: /husarion_ws/install/husarion_gz_worlds/share/husarion_gz_worlds/models/Rosbot/meshes/box.dae
[1.303s] -- Symlinking: /husarion_ws/install/husarion_gz_worlds/share/husarion_gz_worlds/models/Rosbot/meshes/rplidar.dae
[1.316s] -- Symlinking: /husarion_ws/install/husarion_gz_worlds/share/husarion_gz_worlds/models/Rosbot/meshes/upper.dae
[1.324s] -- Symlinking: /husarion_ws/install/husarion_gz_worlds/share/husarion_gz_worlds/models/Rosbot/meshes/wheel.dae
[1.334s] -- Symlinking: /husarion_ws/install/husarion_gz_worlds/share/husarion_gz_worlds/models/Rosbot/model.config
[1.343s] -- Symlinking: /husarion_ws/install/husarion_gz_worlds/share/husarion_gz_worlds/models/Rosbot/model.sdf
[1.354s] -- Symlinking: /husarion_ws/install/husarion_gz_worlds/share/husarion_gz_worlds/models/Surfaces/meshes/black_concrete.png
[1.363s] -- Symlinking: /husarion_ws/install/husarion_gz_worlds/share/husarion_gz_worlds/models/Surfaces/meshes/floor_1.mtl
[1.373s] -- Symlinking: /husarion_ws/install/husarion_gz_worlds/share/husarion_gz_worlds/models/Surfaces/meshes/floor_1.obj
[1.383s] -- Symlinking: /husarion_ws/install/husarion_gz_worlds/share/husarion_gz_worlds/models/Surfaces/meshes/floor_10.mtl
[1.393s] -- Symlinking: /husarion_ws/install/husarion_gz_worlds/share/husarion_gz_worlds/models/Surfaces/meshes/floor_10.obj
[1.404s] -- Symlinking: /husarion_ws/install/husarion_gz_worlds/share/husarion_gz_worlds/models/Surfaces/meshes/floor_11.mtl
[1.414s] -- Symlinking: /husarion_ws/install/husarion_gz_worlds/share/husarion_gz_worlds/models/Surfaces/meshes/floor_11.obj
[1.423s] -- Symlinking: /husarion_ws/install/husarion_gz_worlds/share/husarion_gz_worlds/models/Surfaces/meshes/floor_12.mtl
[1.433s] -- Symlinking: /husarion_ws/install/husarion_gz_worlds/share/husarion_gz_worlds/models/Surfaces/meshes/floor_12.obj
[1.442s] -- Symlinking: /husarion_ws/install/husarion_gz_worlds/share/husarion_gz_worlds/models/Surfaces/meshes/floor_13.mtl
[1.452s] -- Symlinking: /husarion_ws/install/husarion_gz_worlds/share/husarion_gz_worlds/models/Surfaces/meshes/floor_13.obj
[1.461s] -- Symlinking: /husarion_ws/install/husarion_gz_worlds/share/husarion_gz_worlds/models/Surfaces/meshes/floor_14.mtl
[1.469s] -- Symlinking: /husarion_ws/install/husarion_gz_worlds/share/husarion_gz_worlds/models/Surfaces/meshes/floor_14.obj
[1.478s] -- Symlinking: /husarion_ws/install/husarion_gz_worlds/share/husarion_gz_worlds/models/Surfaces/meshes/floor_2.mtl
[1.488s] -- Symlinking: /husarion_ws/install/husarion_gz_worlds/share/husarion_gz_worlds/models/Surfaces/meshes/floor_2.obj
[1.497s] -- Symlinking: /husarion_ws/install/husarion_gz_worlds/share/husarion_gz_worlds/models/Surfaces/meshes/floor_3.mtl
[1.509s] -- Symlinking: /husarion_ws/install/husarion_gz_worlds/share/husarion_gz_worlds/models/Surfaces/meshes/floor_3.obj
[1.518s] -- Symlinking: /husarion_ws/install/husarion_gz_worlds/share/husarion_gz_worlds/models/Surfaces/meshes/floor_4.mtl
[1.528s] -- Symlinking: /husarion_ws/install/husarion_gz_worlds/share/husarion_gz_worlds/models/Surfaces/meshes/floor_4.obj
[1.538s] -- Symlinking: /husarion_ws/install/husarion_gz_worlds/share/husarion_gz_worlds/models/Surfaces/meshes/floor_5.mtl
[1.547s] -- Symlinking: /husarion_ws/install/husarion_gz_worlds/share/husarion_gz_worlds/models/Surfaces/meshes/floor_5.obj
[1.557s] -- Symlinking: /husarion_ws/install/husarion_gz_worlds/share/husarion_gz_worlds/models/Surfaces/meshes/floor_6.mtl
[1.569s] -- Symlinking: /husarion_ws/install/husarion_gz_worlds/share/husarion_gz_worlds/models/Surfaces/meshes/floor_6.obj
[1.578s] -- Symlinking: /husarion_ws/install/husarion_gz_worlds/share/husarion_gz_worlds/models/Surfaces/meshes/floor_7.mtl
[1.588s] -- Symlinking: /husarion_ws/install/husarion_gz_worlds/share/husarion_gz_worlds/models/Surfaces/meshes/floor_7.obj
[1.600s] -- Symlinking: /husarion_ws/install/husarion_gz_worlds/share/husarion_gz_worlds/models/Surfaces/meshes/floor_8.mtl
[1.607s] -- Symlinking: /husarion_ws/install/husarion_gz_worlds/share/husarion_gz_worlds/models/Surfaces/meshes/floor_8.obj
[1.618s] -- Symlinking: /husarion_ws/install/husarion_gz_worlds/share/husarion_gz_worlds/models/Surfaces/meshes/floor_9.mtl
[1.628s] -- Symlinking: /husarion_ws/install/husarion_gz_worlds/share/husarion_gz_worlds/models/Surfaces/meshes/floor_9.obj
[1.639s] -- Symlinking: /husarion_ws/install/husarion_gz_worlds/share/husarion_gz_worlds/models/Surfaces/meshes/model.material
[1.648s] -- Symlinking: /husarion_ws/install/husarion_gz_worlds/share/husarion_gz_worlds/models/Surfaces/meshes/wall_1.mtl
[1.659s] -- Symlinking: /husarion_ws/install/husarion_gz_worlds/share/husarion_gz_worlds/models/Surfaces/meshes/wall_1.obj
[1.669s] -- Symlinking: /husarion_ws/install/husarion_gz_worlds/share/husarion_gz_worlds/models/Surfaces/meshes/wall_2.mtl
[1.679s] -- Symlinking: /husarion_ws/install/husarion_gz_worlds/share/husarion_gz_worlds/models/Surfaces/meshes/wall_2.obj
[1.689s] -- Symlinking: /husarion_ws/install/husarion_gz_worlds/share/husarion_gz_worlds/models/Surfaces/meshes/white_carpet.png
[1.699s] -- Symlinking: /husarion_ws/install/husarion_gz_worlds/share/husarion_gz_worlds/models/Surfaces/meshes/white_tiles.png
[1.709s] -- Symlinking: /husarion_ws/install/husarion_gz_worlds/share/husarion_gz_worlds/models/Surfaces/meshes/white_wall.png
[1.721s] -- Symlinking: /husarion_ws/install/husarion_gz_worlds/share/husarion_gz_worlds/models/Surfaces/meshes/wood1.png
[1.728s] -- Symlinking: /husarion_ws/install/husarion_gz_worlds/share/husarion_gz_worlds/models/Surfaces/meshes/wood2.png
[1.737s] -- Symlinking: /husarion_ws/install/husarion_gz_worlds/share/husarion_gz_worlds/models/Surfaces/model.config
[1.747s] -- Symlinking: /husarion_ws/install/husarion_gz_worlds/share/husarion_gz_worlds/models/Surfaces/model.sdf
[1.757s] -- Symlinking: /husarion_ws/install/husarion_gz_worlds/share/husarion_gz_worlds/models/Tv/meshes/tv.stl
[1.767s] -- Symlinking: /husarion_ws/install/husarion_gz_worlds/share/husarion_gz_worlds/models/Tv/model.config
[1.778s] -- Symlinking: /husarion_ws/install/husarion_gz_worlds/share/husarion_gz_worlds/models/Tv/model.sdf
[1.788s] -- Symlinking: /husarion_ws/install/husarion_gz_worlds/share/husarion_gz_worlds/models/WaterDispenser/meshes/water_dispenser.dae
[1.798s] -- Symlinking: /husarion_ws/install/husarion_gz_worlds/share/husarion_gz_worlds/models/WaterDispenser/model.config
[1.810s] -- Symlinking: /husarion_ws/install/husarion_gz_worlds/share/husarion_gz_worlds/models/WaterDispenser/model.sdf
[1.821s] -- Symlinking: /husarion_ws/install/husarion_gz_worlds/share/husarion_gz_worlds/worlds/empty_with_plugins.sdf
[1.831s] -- Symlinking: /husarion_ws/install/husarion_gz_worlds/share/husarion_gz_worlds/worlds/husarion_office.sdf
[1.843s] -- Symlinking: /husarion_ws/install/husarion_gz_worlds/share/husarion_gz_worlds/worlds/husarion_world.sdf
[1.854s] -- Symlinking: /husarion_ws/install/husarion_gz_worlds/share/husarion_gz_worlds/worlds/sonoma_raceway.sdf
[1.864s] -- Symlinking: /husarion_ws/install/husarion_gz_worlds/share/husarion_gz_worlds/maps/husarion_world.pgm
[1.874s] -- Symlinking: /husarion_ws/install/husarion_gz_worlds/share/husarion_gz_worlds/maps/husarion_world.yaml
[1.883s] -- Symlinking: /husarion_ws/install/husarion_gz_worlds/share/husarion_gz_worlds/environment/husarion_gz_worlds.sh
[1.893s] -- Symlinking: /husarion_ws/install/husarion_gz_worlds/share/ament_index/resource_index/package_run_dependencies/husarion_gz_worlds
[1.904s] -- Symlinking: /husarion_ws/install/husarion_gz_worlds/share/ament_index/resource_index/parent_prefix_path/husarion_gz_worlds
[1.915s] -- Symlinking: /husarion_ws/install/husarion_gz_worlds/share/husarion_gz_worlds/environment/ament_prefix_path.sh
[1.922s] -- Symlinking: /husarion_ws/install/husarion_gz_worlds/share/husarion_gz_worlds/environment/ament_prefix_path.dsv
[1.932s] -- Symlinking: /husarion_ws/install/husarion_gz_worlds/share/husarion_gz_worlds/environment/path.sh
[1.941s] -- Symlinking: /husarion_ws/install/husarion_gz_worlds/share/husarion_gz_worlds/environment/path.dsv
[1.953s] -- Symlinking: /husarion_ws/install/husarion_gz_worlds/share/husarion_gz_worlds/local_setup.bash
[1.961s] -- Symlinking: /husarion_ws/install/husarion_gz_worlds/share/husarion_gz_worlds/local_setup.sh
[1.971s] -- Symlinking: /husarion_ws/install/husarion_gz_worlds/share/husarion_gz_worlds/local_setup.zsh
[1.981s] -- Symlinking: /husarion_ws/install/husarion_gz_worlds/share/husarion_gz_worlds/local_setup.dsv
[1.991s] -- Symlinking: /husarion_ws/install/husarion_gz_worlds/share/husarion_gz_worlds/package.dsv
[2.001s] -- Symlinking: /husarion_ws/install/husarion_gz_worlds/share/ament_index/resource_index/packages/husarion_gz_worlds
[2.013s] -- Symlinking: /husarion_ws/install/husarion_gz_worlds/share/husarion_gz_worlds/cmake/husarion_gz_worldsConfig.cmake
[2.022s] -- Symlinking: /husarion_ws/install/husarion_gz_worlds/share/husarion_gz_worlds/cmake/husarion_gz_worldsConfig-version.cmake
[2.032s] -- Symlinking: /husarion_ws/install/husarion_gz_worlds/share/husarion_gz_worlds/package.xml
[2.067s] Invoked command in '/husarion_ws/build/husarion_gz_worlds' returned '0': CMAKE_PREFIX_PATH=${CMAKE_PREFIX_PATH}:/opt/ros/jazzy /usr/bin/cmake --install /husarion_ws/build/husarion_gz_worlds
