[0.074s] Invoking command in '/husarion_ws/build/husarion_ugv_lights': CMAKE_PREFIX_PATH=/husarion_ws/install/husarion_ugv_utils:/husarion_ws/install/husarion_ugv_msgs:/husarion_ws/install/husarion_ugv:/husarion_ws/install/husarion_ugv_gazebo:/husarion_ws/install/husarion_ugv_controller:/husarion_ws/install/husarion_ugv_description:/husarion_ws/install/ros_components_description:/husarion_ws/install/mecanum_drive_controller:/husarion_ws/install/husarion_ugv_manager:/husarion_ws/install/husarion_ugv_localization:/husarion_ws/install/husarion_ugv_lights:/husarion_ws/install/husarion_gz_worlds:/husarion_ws/install/behaviortree_ros2:/husarion_ws/install/btcpp_ros2_interfaces:/opt/ros/jazzy/opt/gz_sim_vendor:/opt/ros/jazzy/opt/gz_sensors_vendor:/opt/ros/jazzy/opt/gz_physics_vendor:/opt/ros/jazzy/opt/sdformat_vendor:/opt/ros/jazzy/opt/gz_gui_vendor:/opt/ros/jazzy/opt/gz_transport_vendor:/opt/ros/jazzy/opt/gz_rendering_vendor:/opt/ros/jazzy/opt/gz_plugin_vendor:/opt/ros/jazzy/opt/gz_fuel_tools_vendor:/opt/ros/jazzy/opt/gz_msgs_vendor:/opt/ros/jazzy/opt/gz_common_vendor:/opt/ros/jazzy/opt/gz_math_vendor:/opt/ros/jazzy/opt/gz_utils_vendor:/opt/ros/jazzy/opt/gz_tools_vendor:/opt/ros/jazzy/opt/gz_ogre_next_vendor:/opt/ros/jazzy/opt/gz_dartsim_vendor:/opt/ros/jazzy/opt/gz_cmake_vendor:/opt/ros/jazzy LD_LIBRARY_PATH=/husarion_ws/install/husarion_ugv_msgs/lib:/husarion_ws/install/husarion_ugv_gazebo/lib:/husarion_ws/install/mecanum_drive_controller/lib:/husarion_ws/install/husarion_ugv_manager/lib:/husarion_ws/install/husarion_ugv_lights/lib:/husarion_ws/install/behaviortree_ros2/lib:/husarion_ws/install/btcpp_ros2_interfaces/lib:/opt/ros/jazzy/opt/gz_sim_vendor/lib:/opt/ros/jazzy/opt/gz_sensors_vendor/lib:/opt/ros/jazzy/opt/gz_physics_vendor/lib:/opt/ros/jazzy/opt/sdformat_vendor/lib:/opt/ros/jazzy/opt/rviz_ogre_vendor/lib:/opt/ros/jazzy/lib/x86_64-linux-gnu:/opt/ros/jazzy/opt/libphidget22/lib:/opt/ros/jazzy/opt/gz_gui_vendor/lib:/opt/ros/jazzy/opt/gz_transport_vendor/lib:/opt/ros/jazzy/opt/gz_rendering_vendor/lib:/opt/ros/jazzy/opt/gz_plugin_vendor/lib:/opt/ros/jazzy/opt/gz_fuel_tools_vendor/lib:/opt/ros/jazzy/opt/gz_msgs_vendor/lib:/opt/ros/jazzy/opt/gz_common_vendor/lib:/opt/ros/jazzy/opt/gz_math_vendor/lib:/opt/ros/jazzy/opt/gz_utils_vendor/lib:/opt/ros/jazzy/opt/gz_tools_vendor/lib:/opt/ros/jazzy/opt/gz_ogre_next_vendor/lib:/opt/ros/jazzy/opt/gz_dartsim_vendor/lib:/opt/ros/jazzy/opt/gz_cmake_vendor/lib:/opt/ros/jazzy/lib /usr/bin/cmake /husarion_ws/src/husarion_ugv_ros/husarion_ugv_lights -DCMAKE_INSTALL_PREFIX=/husarion_ws/install/husarion_ugv_lights
[0.093s] -- Found ament_cmake: 2.5.4 (/opt/ros/jazzy/share/ament_cmake/cmake)
[0.286s] -- Override CMake install command with custom implementation using symlinks instead of copying resources
[0.297s] -- Found ament_index_cpp: 1.8.1 (/opt/ros/jazzy/share/ament_index_cpp/cmake)
[0.298s] -- Found diagnostic_updater: 4.2.4 (/opt/ros/jazzy/share/diagnostic_updater/cmake)
[0.319s] -- Found rosidl_generator_c: 4.6.5 (/opt/ros/jazzy/share/rosidl_generator_c/cmake)
[0.326s] -- Found rosidl_generator_cpp: 4.6.5 (/opt/ros/jazzy/share/rosidl_generator_cpp/cmake)
[0.334s] -- Using all available rosidl_typesupport_c: rosidl_typesupport_fastrtps_c;rosidl_typesupport_introspection_c
[0.345s] -- Using all available rosidl_typesupport_cpp: rosidl_typesupport_fastrtps_cpp;rosidl_typesupport_introspection_cpp
[0.414s] -- Found rmw_implementation_cmake: 7.3.2 (/opt/ros/jazzy/share/rmw_implementation_cmake/cmake)
[0.416s] -- Found rmw_fastrtps_cpp: 8.4.2 (/opt/ros/jazzy/share/rmw_fastrtps_cpp/cmake)
[0.463s] -- Using RMW implementation 'rmw_fastrtps_cpp' as default
[0.510s] -- Found generate_parameter_library: 0.4.0 (/opt/ros/jazzy/share/generate_parameter_library/cmake)
[0.510s] -- Found parameter_traits: 0.4.0 (/opt/ros/jazzy/share/parameter_traits/cmake)
[0.515s] -- Found rclcpp_lifecycle: 28.1.9 (/opt/ros/jazzy/share/rclcpp_lifecycle/cmake)
[0.535s] -- Found image_transport: 5.1.6 (/opt/ros/jazzy/share/image_transport/cmake)
[0.573s] -- Found husarion_ugv_msgs: 2.3.0 (/husarion_ws/install/husarion_ugv_msgs/share/husarion_ugv_msgs/cmake)
[0.587s] -- Found husarion_ugv_utils: 2.3.0 (/husarion_ws/install/husarion_ugv_utils/share/husarion_ugv_utils/cmake)
[0.625s] -- Found rclcpp_components: 28.1.9 (/opt/ros/jazzy/share/rclcpp_components/cmake)
[0.651s] -- Found std_srvs: 5.3.6 (/opt/ros/jazzy/share/std_srvs/cmake)
[0.853s] -- Configuring done (0.8s)
[1.042s] -- Generating done (0.2s)
[1.062s] -- Build files have been written to: /husarion_ws/build/husarion_ugv_lights
[1.070s] Invoked command in '/husarion_ws/build/husarion_ugv_lights' returned '0': CMAKE_PREFIX_PATH=/husarion_ws/install/husarion_ugv_utils:/husarion_ws/install/husarion_ugv_msgs:/husarion_ws/install/husarion_ugv:/husarion_ws/install/husarion_ugv_gazebo:/husarion_ws/install/husarion_ugv_controller:/husarion_ws/install/husarion_ugv_description:/husarion_ws/install/ros_components_description:/husarion_ws/install/mecanum_drive_controller:/husarion_ws/install/husarion_ugv_manager:/husarion_ws/install/husarion_ugv_localization:/husarion_ws/install/husarion_ugv_lights:/husarion_ws/install/husarion_gz_worlds:/husarion_ws/install/behaviortree_ros2:/husarion_ws/install/btcpp_ros2_interfaces:/opt/ros/jazzy/opt/gz_sim_vendor:/opt/ros/jazzy/opt/gz_sensors_vendor:/opt/ros/jazzy/opt/gz_physics_vendor:/opt/ros/jazzy/opt/sdformat_vendor:/opt/ros/jazzy/opt/gz_gui_vendor:/opt/ros/jazzy/opt/gz_transport_vendor:/opt/ros/jazzy/opt/gz_rendering_vendor:/opt/ros/jazzy/opt/gz_plugin_vendor:/opt/ros/jazzy/opt/gz_fuel_tools_vendor:/opt/ros/jazzy/opt/gz_msgs_vendor:/opt/ros/jazzy/opt/gz_common_vendor:/opt/ros/jazzy/opt/gz_math_vendor:/opt/ros/jazzy/opt/gz_utils_vendor:/opt/ros/jazzy/opt/gz_tools_vendor:/opt/ros/jazzy/opt/gz_ogre_next_vendor:/opt/ros/jazzy/opt/gz_dartsim_vendor:/opt/ros/jazzy/opt/gz_cmake_vendor:/opt/ros/jazzy LD_LIBRARY_PATH=/husarion_ws/install/husarion_ugv_msgs/lib:/husarion_ws/install/husarion_ugv_gazebo/lib:/husarion_ws/install/mecanum_drive_controller/lib:/husarion_ws/install/husarion_ugv_manager/lib:/husarion_ws/install/husarion_ugv_lights/lib:/husarion_ws/install/behaviortree_ros2/lib:/husarion_ws/install/btcpp_ros2_interfaces/lib:/opt/ros/jazzy/opt/gz_sim_vendor/lib:/opt/ros/jazzy/opt/gz_sensors_vendor/lib:/opt/ros/jazzy/opt/gz_physics_vendor/lib:/opt/ros/jazzy/opt/sdformat_vendor/lib:/opt/ros/jazzy/opt/rviz_ogre_vendor/lib:/opt/ros/jazzy/lib/x86_64-linux-gnu:/opt/ros/jazzy/opt/libphidget22/lib:/opt/ros/jazzy/opt/gz_gui_vendor/lib:/opt/ros/jazzy/opt/gz_transport_vendor/lib:/opt/ros/jazzy/opt/gz_rendering_vendor/lib:/opt/ros/jazzy/opt/gz_plugin_vendor/lib:/opt/ros/jazzy/opt/gz_fuel_tools_vendor/lib:/opt/ros/jazzy/opt/gz_msgs_vendor/lib:/opt/ros/jazzy/opt/gz_common_vendor/lib:/opt/ros/jazzy/opt/gz_math_vendor/lib:/opt/ros/jazzy/opt/gz_utils_vendor/lib:/opt/ros/jazzy/opt/gz_tools_vendor/lib:/opt/ros/jazzy/opt/gz_ogre_next_vendor/lib:/opt/ros/jazzy/opt/gz_dartsim_vendor/lib:/opt/ros/jazzy/opt/gz_cmake_vendor/lib:/opt/ros/jazzy/lib /usr/bin/cmake /husarion_ws/src/husarion_ugv_ros/husarion_ugv_lights -DCMAKE_INSTALL_PREFIX=/husarion_ws/install/husarion_ugv_lights
[1.071s] Invoking command in '/husarion_ws/build/husarion_ugv_lights': CMAKE_PREFIX_PATH=/husarion_ws/install/husarion_ugv_utils:/husarion_ws/install/husarion_ugv_msgs:/husarion_ws/install/husarion_ugv:/husarion_ws/install/husarion_ugv_gazebo:/husarion_ws/install/husarion_ugv_controller:/husarion_ws/install/husarion_ugv_description:/husarion_ws/install/ros_components_description:/husarion_ws/install/mecanum_drive_controller:/husarion_ws/install/husarion_ugv_manager:/husarion_ws/install/husarion_ugv_localization:/husarion_ws/install/husarion_ugv_lights:/husarion_ws/install/husarion_gz_worlds:/husarion_ws/install/behaviortree_ros2:/husarion_ws/install/btcpp_ros2_interfaces:/opt/ros/jazzy/opt/gz_sim_vendor:/opt/ros/jazzy/opt/gz_sensors_vendor:/opt/ros/jazzy/opt/gz_physics_vendor:/opt/ros/jazzy/opt/sdformat_vendor:/opt/ros/jazzy/opt/gz_gui_vendor:/opt/ros/jazzy/opt/gz_transport_vendor:/opt/ros/jazzy/opt/gz_rendering_vendor:/opt/ros/jazzy/opt/gz_plugin_vendor:/opt/ros/jazzy/opt/gz_fuel_tools_vendor:/opt/ros/jazzy/opt/gz_msgs_vendor:/opt/ros/jazzy/opt/gz_common_vendor:/opt/ros/jazzy/opt/gz_math_vendor:/opt/ros/jazzy/opt/gz_utils_vendor:/opt/ros/jazzy/opt/gz_tools_vendor:/opt/ros/jazzy/opt/gz_ogre_next_vendor:/opt/ros/jazzy/opt/gz_dartsim_vendor:/opt/ros/jazzy/opt/gz_cmake_vendor:/opt/ros/jazzy LD_LIBRARY_PATH=/husarion_ws/install/husarion_ugv_msgs/lib:/husarion_ws/install/husarion_ugv_gazebo/lib:/husarion_ws/install/mecanum_drive_controller/lib:/husarion_ws/install/husarion_ugv_manager/lib:/husarion_ws/install/husarion_ugv_lights/lib:/husarion_ws/install/behaviortree_ros2/lib:/husarion_ws/install/btcpp_ros2_interfaces/lib:/opt/ros/jazzy/opt/gz_sim_vendor/lib:/opt/ros/jazzy/opt/gz_sensors_vendor/lib:/opt/ros/jazzy/opt/gz_physics_vendor/lib:/opt/ros/jazzy/opt/sdformat_vendor/lib:/opt/ros/jazzy/opt/rviz_ogre_vendor/lib:/opt/ros/jazzy/lib/x86_64-linux-gnu:/opt/ros/jazzy/opt/libphidget22/lib:/opt/ros/jazzy/opt/gz_gui_vendor/lib:/opt/ros/jazzy/opt/gz_transport_vendor/lib:/opt/ros/jazzy/opt/gz_rendering_vendor/lib:/opt/ros/jazzy/opt/gz_plugin_vendor/lib:/opt/ros/jazzy/opt/gz_fuel_tools_vendor/lib:/opt/ros/jazzy/opt/gz_msgs_vendor/lib:/opt/ros/jazzy/opt/gz_common_vendor/lib:/opt/ros/jazzy/opt/gz_math_vendor/lib:/opt/ros/jazzy/opt/gz_utils_vendor/lib:/opt/ros/jazzy/opt/gz_tools_vendor/lib:/opt/ros/jazzy/opt/gz_ogre_next_vendor/lib:/opt/ros/jazzy/opt/gz_dartsim_vendor/lib:/opt/ros/jazzy/opt/gz_cmake_vendor/lib:/opt/ros/jazzy/lib /usr/bin/cmake --build /husarion_ws/build/husarion_ugv_lights -- -j12 -l12
[1.124s] [ 19%] Built target lights_controller_parameters
[1.124s] [ 19%] Built target lights_driver_parameters
[1.133s] [ 28%] Built target lights_driver_node
[1.134s] [ 38%] Built target lights_controller_node
[1.142s] [ 52%] Built target animation_plugins
[1.157s] [ 66%] Built target lights_driver_node_component
[1.163s] [100%] Built target lights_controller_node_component
[1.190s] Invoked command in '/husarion_ws/build/husarion_ugv_lights' returned '0': CMAKE_PREFIX_PATH=/husarion_ws/install/husarion_ugv_utils:/husarion_ws/install/husarion_ugv_msgs:/husarion_ws/install/husarion_ugv:/husarion_ws/install/husarion_ugv_gazebo:/husarion_ws/install/husarion_ugv_controller:/husarion_ws/install/husarion_ugv_description:/husarion_ws/install/ros_components_description:/husarion_ws/install/mecanum_drive_controller:/husarion_ws/install/husarion_ugv_manager:/husarion_ws/install/husarion_ugv_localization:/husarion_ws/install/husarion_ugv_lights:/husarion_ws/install/husarion_gz_worlds:/husarion_ws/install/behaviortree_ros2:/husarion_ws/install/btcpp_ros2_interfaces:/opt/ros/jazzy/opt/gz_sim_vendor:/opt/ros/jazzy/opt/gz_sensors_vendor:/opt/ros/jazzy/opt/gz_physics_vendor:/opt/ros/jazzy/opt/sdformat_vendor:/opt/ros/jazzy/opt/gz_gui_vendor:/opt/ros/jazzy/opt/gz_transport_vendor:/opt/ros/jazzy/opt/gz_rendering_vendor:/opt/ros/jazzy/opt/gz_plugin_vendor:/opt/ros/jazzy/opt/gz_fuel_tools_vendor:/opt/ros/jazzy/opt/gz_msgs_vendor:/opt/ros/jazzy/opt/gz_common_vendor:/opt/ros/jazzy/opt/gz_math_vendor:/opt/ros/jazzy/opt/gz_utils_vendor:/opt/ros/jazzy/opt/gz_tools_vendor:/opt/ros/jazzy/opt/gz_ogre_next_vendor:/opt/ros/jazzy/opt/gz_dartsim_vendor:/opt/ros/jazzy/opt/gz_cmake_vendor:/opt/ros/jazzy LD_LIBRARY_PATH=/husarion_ws/install/husarion_ugv_msgs/lib:/husarion_ws/install/husarion_ugv_gazebo/lib:/husarion_ws/install/mecanum_drive_controller/lib:/husarion_ws/install/husarion_ugv_manager/lib:/husarion_ws/install/husarion_ugv_lights/lib:/husarion_ws/install/behaviortree_ros2/lib:/husarion_ws/install/btcpp_ros2_interfaces/lib:/opt/ros/jazzy/opt/gz_sim_vendor/lib:/opt/ros/jazzy/opt/gz_sensors_vendor/lib:/opt/ros/jazzy/opt/gz_physics_vendor/lib:/opt/ros/jazzy/opt/sdformat_vendor/lib:/opt/ros/jazzy/opt/rviz_ogre_vendor/lib:/opt/ros/jazzy/lib/x86_64-linux-gnu:/opt/ros/jazzy/opt/libphidget22/lib:/opt/ros/jazzy/opt/gz_gui_vendor/lib:/opt/ros/jazzy/opt/gz_transport_vendor/lib:/opt/ros/jazzy/opt/gz_rendering_vendor/lib:/opt/ros/jazzy/opt/gz_plugin_vendor/lib:/opt/ros/jazzy/opt/gz_fuel_tools_vendor/lib:/opt/ros/jazzy/opt/gz_msgs_vendor/lib:/opt/ros/jazzy/opt/gz_common_vendor/lib:/opt/ros/jazzy/opt/gz_math_vendor/lib:/opt/ros/jazzy/opt/gz_utils_vendor/lib:/opt/ros/jazzy/opt/gz_tools_vendor/lib:/opt/ros/jazzy/opt/gz_ogre_next_vendor/lib:/opt/ros/jazzy/opt/gz_dartsim_vendor/lib:/opt/ros/jazzy/opt/gz_cmake_vendor/lib:/opt/ros/jazzy/lib /usr/bin/cmake --build /husarion_ws/build/husarion_ugv_lights -- -j12 -l12
[1.191s] Invoking command in '/husarion_ws/build/husarion_ugv_lights': CMAKE_PREFIX_PATH=/husarion_ws/install/husarion_ugv_utils:/husarion_ws/install/husarion_ugv_msgs:/husarion_ws/install/husarion_ugv:/husarion_ws/install/husarion_ugv_gazebo:/husarion_ws/install/husarion_ugv_controller:/husarion_ws/install/husarion_ugv_description:/husarion_ws/install/ros_components_description:/husarion_ws/install/mecanum_drive_controller:/husarion_ws/install/husarion_ugv_manager:/husarion_ws/install/husarion_ugv_localization:/husarion_ws/install/husarion_ugv_lights:/husarion_ws/install/husarion_gz_worlds:/husarion_ws/install/behaviortree_ros2:/husarion_ws/install/btcpp_ros2_interfaces:/opt/ros/jazzy/opt/gz_sim_vendor:/opt/ros/jazzy/opt/gz_sensors_vendor:/opt/ros/jazzy/opt/gz_physics_vendor:/opt/ros/jazzy/opt/sdformat_vendor:/opt/ros/jazzy/opt/gz_gui_vendor:/opt/ros/jazzy/opt/gz_transport_vendor:/opt/ros/jazzy/opt/gz_rendering_vendor:/opt/ros/jazzy/opt/gz_plugin_vendor:/opt/ros/jazzy/opt/gz_fuel_tools_vendor:/opt/ros/jazzy/opt/gz_msgs_vendor:/opt/ros/jazzy/opt/gz_common_vendor:/opt/ros/jazzy/opt/gz_math_vendor:/opt/ros/jazzy/opt/gz_utils_vendor:/opt/ros/jazzy/opt/gz_tools_vendor:/opt/ros/jazzy/opt/gz_ogre_next_vendor:/opt/ros/jazzy/opt/gz_dartsim_vendor:/opt/ros/jazzy/opt/gz_cmake_vendor:/opt/ros/jazzy LD_LIBRARY_PATH=/husarion_ws/install/husarion_ugv_msgs/lib:/husarion_ws/install/husarion_ugv_gazebo/lib:/husarion_ws/install/mecanum_drive_controller/lib:/husarion_ws/install/husarion_ugv_manager/lib:/husarion_ws/install/husarion_ugv_lights/lib:/husarion_ws/install/behaviortree_ros2/lib:/husarion_ws/install/btcpp_ros2_interfaces/lib:/opt/ros/jazzy/opt/gz_sim_vendor/lib:/opt/ros/jazzy/opt/gz_sensors_vendor/lib:/opt/ros/jazzy/opt/gz_physics_vendor/lib:/opt/ros/jazzy/opt/sdformat_vendor/lib:/opt/ros/jazzy/opt/rviz_ogre_vendor/lib:/opt/ros/jazzy/lib/x86_64-linux-gnu:/opt/ros/jazzy/opt/libphidget22/lib:/opt/ros/jazzy/opt/gz_gui_vendor/lib:/opt/ros/jazzy/opt/gz_transport_vendor/lib:/opt/ros/jazzy/opt/gz_rendering_vendor/lib:/opt/ros/jazzy/opt/gz_plugin_vendor/lib:/opt/ros/jazzy/opt/gz_fuel_tools_vendor/lib:/opt/ros/jazzy/opt/gz_msgs_vendor/lib:/opt/ros/jazzy/opt/gz_common_vendor/lib:/opt/ros/jazzy/opt/gz_math_vendor/lib:/opt/ros/jazzy/opt/gz_utils_vendor/lib:/opt/ros/jazzy/opt/gz_tools_vendor/lib:/opt/ros/jazzy/opt/gz_ogre_next_vendor/lib:/opt/ros/jazzy/opt/gz_dartsim_vendor/lib:/opt/ros/jazzy/opt/gz_cmake_vendor/lib:/opt/ros/jazzy/lib /usr/bin/cmake --install /husarion_ws/build/husarion_ugv_lights
[1.199s] -- Install configuration: "Release"
[1.203s] -- Execute custom install script
[1.203s] -- Up-to-date symlink: /husarion_ws/install/husarion_ugv_lights/share/husarion_ugv_lights//plugins.xml
[1.204s] -- Up-to-date symlink: /husarion_ws/install/husarion_ugv_lights/include/husarion_ugv_lights/lights_controller_parameters.hpp
[1.204s] -- Up-to-date symlink: /husarion_ws/install/husarion_ugv_lights/include/husarion_ugv_lights/lights_driver_parameters.hpp
[1.204s] -- Up-to-date symlink: /husarion_ws/install/husarion_ugv_lights/include/husarion_ugv_lights/lights_controller_parameters.hpp
[1.204s] -- Up-to-date symlink: /husarion_ws/install/husarion_ugv_lights/include/husarion_ugv_lights/lights_driver_parameters.hpp
[1.204s] -- Up-to-date symlink: /husarion_ws/install/husarion_ugv_lights/lib/husarion_ugv_lights/lights_driver_node
[1.204s] -- Up-to-date symlink: /husarion_ws/install/husarion_ugv_lights/lib/husarion_ugv_lights/lights_controller_node
[1.205s] -- Up-to-date symlink: /husarion_ws/install/husarion_ugv_lights/share/husarion_ugv_lights/animations/lynx/autonomous_action_front.png
[1.205s] -- Up-to-date symlink: /husarion_ws/install/husarion_ugv_lights/share/husarion_ugv_lights/animations/lynx/autonomous_action_rear.png
[1.205s] -- Up-to-date symlink: /husarion_ws/install/husarion_ugv_lights/share/husarion_ugv_lights/animations/lynx/autonomous_ready_front.png
[1.205s] -- Up-to-date symlink: /husarion_ws/install/husarion_ugv_lights/share/husarion_ugv_lights/animations/lynx/autonomous_ready_rear.png
[1.205s] -- Up-to-date symlink: /husarion_ws/install/husarion_ugv_lights/share/husarion_ugv_lights/animations/lynx/battery_charged_front.png
[1.205s] -- Up-to-date symlink: /husarion_ws/install/husarion_ugv_lights/share/husarion_ugv_lights/animations/lynx/battery_charged_rear.png
[1.205s] -- Up-to-date symlink: /husarion_ws/install/husarion_ugv_lights/share/husarion_ugv_lights/animations/lynx/blinker.png
[1.205s] -- Up-to-date symlink: /husarion_ws/install/husarion_ugv_lights/share/husarion_ugv_lights/animations/lynx/charger_inserted_front.png
[1.206s] -- Up-to-date symlink: /husarion_ws/install/husarion_ugv_lights/share/husarion_ugv_lights/animations/lynx/charger_inserted_rear.png
[1.206s] -- Up-to-date symlink: /husarion_ws/install/husarion_ugv_lights/share/husarion_ugv_lights/animations/lynx/charging_battery_front.png
[1.206s] -- Up-to-date symlink: /husarion_ws/install/husarion_ugv_lights/share/husarion_ugv_lights/animations/lynx/charging_battery_rear.png
[1.206s] -- Up-to-date symlink: /husarion_ws/install/husarion_ugv_lights/share/husarion_ugv_lights/animations/lynx/critical_battery.png
[1.206s] -- Up-to-date symlink: /husarion_ws/install/husarion_ugv_lights/share/husarion_ugv_lights/animations/lynx/empty.png
[1.206s] -- Up-to-date symlink: /husarion_ws/install/husarion_ugv_lights/share/husarion_ugv_lights/animations/lynx/error.png
[1.206s] -- Up-to-date symlink: /husarion_ws/install/husarion_ugv_lights/share/husarion_ugv_lights/animations/lynx/estop_front.png
[1.206s] -- Up-to-date symlink: /husarion_ws/install/husarion_ugv_lights/share/husarion_ugv_lights/animations/lynx/estop_rear.png
[1.206s] -- Up-to-date symlink: /husarion_ws/install/husarion_ugv_lights/share/husarion_ugv_lights/animations/lynx/goal_achieved_front.png
[1.206s] -- Up-to-date symlink: /husarion_ws/install/husarion_ugv_lights/share/husarion_ugv_lights/animations/lynx/goal_achieved_rear.png
[1.207s] -- Up-to-date symlink: /husarion_ws/install/husarion_ugv_lights/share/husarion_ugv_lights/animations/lynx/low_battery.png
[1.207s] -- Up-to-date symlink: /husarion_ws/install/husarion_ugv_lights/share/husarion_ugv_lights/animations/lynx/lynx_animations.svg
[1.207s] -- Up-to-date symlink: /husarion_ws/install/husarion_ugv_lights/share/husarion_ugv_lights/animations/lynx/manual_action_front.png
[1.207s] -- Up-to-date symlink: /husarion_ws/install/husarion_ugv_lights/share/husarion_ugv_lights/animations/lynx/manual_action_rear.png
[1.207s] -- Up-to-date symlink: /husarion_ws/install/husarion_ugv_lights/share/husarion_ugv_lights/animations/lynx/ready_front.png
[1.207s] -- Up-to-date symlink: /husarion_ws/install/husarion_ugv_lights/share/husarion_ugv_lights/animations/lynx/ready_rear.png
[1.207s] -- Up-to-date symlink: /husarion_ws/install/husarion_ugv_lights/share/husarion_ugv_lights/animations/panther/autonomous_action_front.png
[1.207s] -- Up-to-date symlink: /husarion_ws/install/husarion_ugv_lights/share/husarion_ugv_lights/animations/panther/autonomous_action_rear.png
[1.207s] -- Up-to-date symlink: /husarion_ws/install/husarion_ugv_lights/share/husarion_ugv_lights/animations/panther/autonomous_ready_front.png
[1.207s] -- Up-to-date symlink: /husarion_ws/install/husarion_ugv_lights/share/husarion_ugv_lights/animations/panther/autonomous_ready_rear.png
[1.208s] -- Up-to-date symlink: /husarion_ws/install/husarion_ugv_lights/share/husarion_ugv_lights/animations/panther/battery_charged_front.png
[1.208s] -- Up-to-date symlink: /husarion_ws/install/husarion_ugv_lights/share/husarion_ugv_lights/animations/panther/battery_charged_rear.png
[1.208s] -- Up-to-date symlink: /husarion_ws/install/husarion_ugv_lights/share/husarion_ugv_lights/animations/panther/blinker.png
[1.208s] -- Up-to-date symlink: /husarion_ws/install/husarion_ugv_lights/share/husarion_ugv_lights/animations/panther/charger_inserted_front.png
[1.208s] -- Up-to-date symlink: /husarion_ws/install/husarion_ugv_lights/share/husarion_ugv_lights/animations/panther/charger_inserted_rear.png
[1.208s] -- Up-to-date symlink: /husarion_ws/install/husarion_ugv_lights/share/husarion_ugv_lights/animations/panther/charging_battery_front.png
[1.208s] -- Up-to-date symlink: /husarion_ws/install/husarion_ugv_lights/share/husarion_ugv_lights/animations/panther/charging_battery_rear.png
[1.208s] -- Up-to-date symlink: /husarion_ws/install/husarion_ugv_lights/share/husarion_ugv_lights/animations/panther/critical_battery.png
[1.208s] -- Up-to-date symlink: /husarion_ws/install/husarion_ugv_lights/share/husarion_ugv_lights/animations/panther/empty.png
[1.208s] -- Up-to-date symlink: /husarion_ws/install/husarion_ugv_lights/share/husarion_ugv_lights/animations/panther/error.png
[1.208s] -- Up-to-date symlink: /husarion_ws/install/husarion_ugv_lights/share/husarion_ugv_lights/animations/panther/estop_front.png
[1.209s] -- Up-to-date symlink: /husarion_ws/install/husarion_ugv_lights/share/husarion_ugv_lights/animations/panther/estop_rear.png
[1.209s] -- Up-to-date symlink: /husarion_ws/install/husarion_ugv_lights/share/husarion_ugv_lights/animations/panther/goal_achieved_front.png
[1.209s] -- Up-to-date symlink: /husarion_ws/install/husarion_ugv_lights/share/husarion_ugv_lights/animations/panther/goal_achieved_rear.png
[1.209s] -- Up-to-date symlink: /husarion_ws/install/husarion_ugv_lights/share/husarion_ugv_lights/animations/panther/low_battery.png
[1.209s] -- Up-to-date symlink: /husarion_ws/install/husarion_ugv_lights/share/husarion_ugv_lights/animations/panther/manual_action_front.png
[1.209s] -- Up-to-date symlink: /husarion_ws/install/husarion_ugv_lights/share/husarion_ugv_lights/animations/panther/manual_action_rear.png
[1.209s] -- Up-to-date symlink: /husarion_ws/install/husarion_ugv_lights/share/husarion_ugv_lights/animations/panther/panther_animations.svg
[1.209s] -- Up-to-date symlink: /husarion_ws/install/husarion_ugv_lights/share/husarion_ugv_lights/animations/panther/ready_front.png
[1.209s] -- Up-to-date symlink: /husarion_ws/install/husarion_ugv_lights/share/husarion_ugv_lights/animations/panther/ready_rear.png
[1.209s] -- Up-to-date symlink: /husarion_ws/install/husarion_ugv_lights/share/husarion_ugv_lights/config/lynx_animations.yaml
[1.210s] -- Up-to-date symlink: /husarion_ws/install/husarion_ugv_lights/share/husarion_ugv_lights/config/lynx_driver.yaml
[1.210s] -- Up-to-date symlink: /husarion_ws/install/husarion_ugv_lights/share/husarion_ugv_lights/config/panther_animations.yaml
[1.210s] -- Up-to-date symlink: /husarion_ws/install/husarion_ugv_lights/share/husarion_ugv_lights/config/panther_driver.yaml
[1.210s] -- Up-to-date symlink: /husarion_ws/install/husarion_ugv_lights/share/husarion_ugv_lights/config/user_animations.yaml
[1.210s] -- Up-to-date symlink: /husarion_ws/install/husarion_ugv_lights/share/husarion_ugv_lights/launch/lights.launch.py
[1.210s] -- Up-to-date symlink: /husarion_ws/install/husarion_ugv_lights/share/husarion_ugv_lights/test/files/animation.png
[1.210s] -- Up-to-date symlink: /husarion_ws/install/husarion_ugv_lights/share/husarion_ugv_lights/test/integration/husarion_ugv_lights.test.py
[1.210s] -- Up-to-date symlink: /husarion_ws/install/husarion_ugv_lights/share/husarion_ugv_lights/test/unit/animation/test_animation.cpp
[1.210s] -- Up-to-date symlink: /husarion_ws/install/husarion_ugv_lights/share/husarion_ugv_lights/test/unit/animation/test_image_animation.cpp
[1.210s] -- Up-to-date symlink: /husarion_ws/install/husarion_ugv_lights/share/husarion_ugv_lights/test/unit/animation/test_moving_image_animation.cpp
[1.210s] -- Up-to-date symlink: /husarion_ws/install/husarion_ugv_lights/share/husarion_ugv_lights/test/unit/led_components/test_led_animation.cpp
[1.211s] -- Up-to-date symlink: /husarion_ws/install/husarion_ugv_lights/share/husarion_ugv_lights/test/unit/led_components/test_led_panel.cpp
[1.211s] -- Up-to-date symlink: /husarion_ws/install/husarion_ugv_lights/share/husarion_ugv_lights/test/unit/led_components/test_led_segment.cpp
[1.211s] -- Up-to-date symlink: /husarion_ws/install/husarion_ugv_lights/share/husarion_ugv_lights/test/unit/led_components/test_segment_converter.cpp
[1.211s] -- Up-to-date symlink: /husarion_ws/install/husarion_ugv_lights/share/husarion_ugv_lights/test/unit/led_components/test_segment_layer_interface.cpp
[1.211s] -- Up-to-date symlink: /husarion_ws/install/husarion_ugv_lights/share/husarion_ugv_lights/test/unit/test_apa102.cpp
[1.211s] -- Up-to-date symlink: /husarion_ws/install/husarion_ugv_lights/share/husarion_ugv_lights/test/unit/test_lights_controller_node.cpp
[1.211s] -- Up-to-date symlink: /husarion_ws/install/husarion_ugv_lights/share/husarion_ugv_lights/test/unit/test_lights_driver_node.cpp
[1.211s] -- Up-to-date symlink: /husarion_ws/install/husarion_ugv_lights/include/husarion_ugv_lights/husarion_ugv_lights/animation/animation.hpp
[1.211s] -- Up-to-date symlink: /husarion_ws/install/husarion_ugv_lights/include/husarion_ugv_lights/husarion_ugv_lights/animation/image_animation.hpp
[1.211s] -- Up-to-date symlink: /husarion_ws/install/husarion_ugv_lights/include/husarion_ugv_lights/husarion_ugv_lights/animation/moving_image_animation.hpp
[1.211s] -- Up-to-date symlink: /husarion_ws/install/husarion_ugv_lights/include/husarion_ugv_lights/husarion_ugv_lights/apa102.hpp
[1.212s] -- Up-to-date symlink: /husarion_ws/install/husarion_ugv_lights/include/husarion_ugv_lights/husarion_ugv_lights/led_components/led_animation.hpp
[1.212s] -- Up-to-date symlink: /husarion_ws/install/husarion_ugv_lights/include/husarion_ugv_lights/husarion_ugv_lights/led_components/led_panel.hpp
[1.212s] -- Up-to-date symlink: /husarion_ws/install/husarion_ugv_lights/include/husarion_ugv_lights/husarion_ugv_lights/led_components/led_segment.hpp
[1.212s] -- Up-to-date symlink: /husarion_ws/install/husarion_ugv_lights/include/husarion_ugv_lights/husarion_ugv_lights/led_components/segment_converter.hpp
[1.212s] -- Up-to-date symlink: /husarion_ws/install/husarion_ugv_lights/include/husarion_ugv_lights/husarion_ugv_lights/led_components/segment_layer.hpp
[1.212s] -- Up-to-date symlink: /husarion_ws/install/husarion_ugv_lights/include/husarion_ugv_lights/husarion_ugv_lights/led_components/segment_layer_interface.hpp
[1.212s] -- Up-to-date symlink: /husarion_ws/install/husarion_ugv_lights/include/husarion_ugv_lights/husarion_ugv_lights/led_components/segment_queue_layer.hpp
[1.212s] -- Up-to-date symlink: /husarion_ws/install/husarion_ugv_lights/include/husarion_ugv_lights/husarion_ugv_lights/lights_controller_node.hpp
[1.212s] -- Up-to-date symlink: /husarion_ws/install/husarion_ugv_lights/include/husarion_ugv_lights/husarion_ugv_lights/lights_driver_node.hpp
[1.212s] -- Up-to-date symlink: /husarion_ws/install/husarion_ugv_lights/share/husarion_ugv_lights/environment/library_path.sh
[1.212s] -- Up-to-date symlink: /husarion_ws/install/husarion_ugv_lights/share/husarion_ugv_lights/environment/library_path.dsv
[1.213s] -- Up-to-date symlink: /husarion_ws/install/husarion_ugv_lights/share/husarion_ugv_lights//plugins.xml
[1.213s] -- Up-to-date symlink: /husarion_ws/install/husarion_ugv_lights/share/ament_index/resource_index/package_run_dependencies/husarion_ugv_lights
[1.213s] -- Up-to-date symlink: /husarion_ws/install/husarion_ugv_lights/share/ament_index/resource_index/parent_prefix_path/husarion_ugv_lights
[1.213s] -- Up-to-date symlink: /husarion_ws/install/husarion_ugv_lights/share/husarion_ugv_lights/environment/ament_prefix_path.sh
[1.213s] -- Up-to-date symlink: /husarion_ws/install/husarion_ugv_lights/share/husarion_ugv_lights/environment/ament_prefix_path.dsv
[1.213s] -- Up-to-date symlink: /husarion_ws/install/husarion_ugv_lights/share/husarion_ugv_lights/environment/path.sh
[1.213s] -- Up-to-date symlink: /husarion_ws/install/husarion_ugv_lights/share/husarion_ugv_lights/environment/path.dsv
[1.213s] -- Up-to-date symlink: /husarion_ws/install/husarion_ugv_lights/share/husarion_ugv_lights/local_setup.bash
[1.213s] -- Up-to-date symlink: /husarion_ws/install/husarion_ugv_lights/share/husarion_ugv_lights/local_setup.sh
[1.213s] -- Up-to-date symlink: /husarion_ws/install/husarion_ugv_lights/share/husarion_ugv_lights/local_setup.zsh
[1.213s] -- Up-to-date symlink: /husarion_ws/install/husarion_ugv_lights/share/husarion_ugv_lights/local_setup.dsv
[1.213s] -- Symlinking: /husarion_ws/install/husarion_ugv_lights/share/husarion_ugv_lights/package.dsv
[1.228s] -- Up-to-date symlink: /husarion_ws/install/husarion_ugv_lights/share/ament_index/resource_index/packages/husarion_ugv_lights
[1.228s] -- Up-to-date symlink: /husarion_ws/install/husarion_ugv_lights/share/ament_index/resource_index/husarion_ugv_lights__pluginlib__plugin/husarion_ugv_lights
[1.228s] -- Up-to-date symlink: /husarion_ws/install/husarion_ugv_lights/share/ament_index/resource_index/rclcpp_components/husarion_ugv_lights
[1.228s] -- Up-to-date symlink: /husarion_ws/install/husarion_ugv_lights/share/husarion_ugv_lights/cmake/ament_cmake_export_dependencies-extras.cmake
[1.228s] -- Up-to-date symlink: /husarion_ws/install/husarion_ugv_lights/share/husarion_ugv_lights/cmake/ament_cmake_export_include_directories-extras.cmake
[1.228s] -- Up-to-date symlink: /husarion_ws/install/husarion_ugv_lights/share/husarion_ugv_lights/cmake/ament_cmake_export_targets-extras.cmake
[1.229s] -- Up-to-date symlink: /husarion_ws/install/husarion_ugv_lights/share/husarion_ugv_lights/cmake/husarion_ugv_lightsConfig.cmake
[1.229s] -- Up-to-date symlink: /husarion_ws/install/husarion_ugv_lights/share/husarion_ugv_lights/cmake/husarion_ugv_lightsConfig-version.cmake
[1.229s] -- Up-to-date symlink: /husarion_ws/install/husarion_ugv_lights/share/husarion_ugv_lights/package.xml
[1.229s] -- Up-to-date: /husarion_ws/install/husarion_ugv_lights/lib/libanimation_plugins.so
[1.241s] -- Up-to-date: /husarion_ws/install/husarion_ugv_lights/lib/liblights_driver_node_component.so
[1.247s] -- Up-to-date: /husarion_ws/install/husarion_ugv_lights/lib/liblights_controller_node_component.so
[1.251s] -- Up-to-date: /husarion_ws/install/husarion_ugv_lights/share/husarion_ugv_lights/cmake/export_husarion_ugv_lightsExport.cmake
[1.257s] -- Up-to-date: /husarion_ws/install/husarion_ugv_lights/share/husarion_ugv_lights/cmake/export_husarion_ugv_lightsExport-release.cmake
[1.265s] Invoked command in '/husarion_ws/build/husarion_ugv_lights' returned '0': CMAKE_PREFIX_PATH=/husarion_ws/install/husarion_ugv_utils:/husarion_ws/install/husarion_ugv_msgs:/husarion_ws/install/husarion_ugv:/husarion_ws/install/husarion_ugv_gazebo:/husarion_ws/install/husarion_ugv_controller:/husarion_ws/install/husarion_ugv_description:/husarion_ws/install/ros_components_description:/husarion_ws/install/mecanum_drive_controller:/husarion_ws/install/husarion_ugv_manager:/husarion_ws/install/husarion_ugv_localization:/husarion_ws/install/husarion_ugv_lights:/husarion_ws/install/husarion_gz_worlds:/husarion_ws/install/behaviortree_ros2:/husarion_ws/install/btcpp_ros2_interfaces:/opt/ros/jazzy/opt/gz_sim_vendor:/opt/ros/jazzy/opt/gz_sensors_vendor:/opt/ros/jazzy/opt/gz_physics_vendor:/opt/ros/jazzy/opt/sdformat_vendor:/opt/ros/jazzy/opt/gz_gui_vendor:/opt/ros/jazzy/opt/gz_transport_vendor:/opt/ros/jazzy/opt/gz_rendering_vendor:/opt/ros/jazzy/opt/gz_plugin_vendor:/opt/ros/jazzy/opt/gz_fuel_tools_vendor:/opt/ros/jazzy/opt/gz_msgs_vendor:/opt/ros/jazzy/opt/gz_common_vendor:/opt/ros/jazzy/opt/gz_math_vendor:/opt/ros/jazzy/opt/gz_utils_vendor:/opt/ros/jazzy/opt/gz_tools_vendor:/opt/ros/jazzy/opt/gz_ogre_next_vendor:/opt/ros/jazzy/opt/gz_dartsim_vendor:/opt/ros/jazzy/opt/gz_cmake_vendor:/opt/ros/jazzy LD_LIBRARY_PATH=/husarion_ws/install/husarion_ugv_msgs/lib:/husarion_ws/install/husarion_ugv_gazebo/lib:/husarion_ws/install/mecanum_drive_controller/lib:/husarion_ws/install/husarion_ugv_manager/lib:/husarion_ws/install/husarion_ugv_lights/lib:/husarion_ws/install/behaviortree_ros2/lib:/husarion_ws/install/btcpp_ros2_interfaces/lib:/opt/ros/jazzy/opt/gz_sim_vendor/lib:/opt/ros/jazzy/opt/gz_sensors_vendor/lib:/opt/ros/jazzy/opt/gz_physics_vendor/lib:/opt/ros/jazzy/opt/sdformat_vendor/lib:/opt/ros/jazzy/opt/rviz_ogre_vendor/lib:/opt/ros/jazzy/lib/x86_64-linux-gnu:/opt/ros/jazzy/opt/libphidget22/lib:/opt/ros/jazzy/opt/gz_gui_vendor/lib:/opt/ros/jazzy/opt/gz_transport_vendor/lib:/opt/ros/jazzy/opt/gz_rendering_vendor/lib:/opt/ros/jazzy/opt/gz_plugin_vendor/lib:/opt/ros/jazzy/opt/gz_fuel_tools_vendor/lib:/opt/ros/jazzy/opt/gz_msgs_vendor/lib:/opt/ros/jazzy/opt/gz_common_vendor/lib:/opt/ros/jazzy/opt/gz_math_vendor/lib:/opt/ros/jazzy/opt/gz_utils_vendor/lib:/opt/ros/jazzy/opt/gz_tools_vendor/lib:/opt/ros/jazzy/opt/gz_ogre_next_vendor/lib:/opt/ros/jazzy/opt/gz_dartsim_vendor/lib:/opt/ros/jazzy/opt/gz_cmake_vendor/lib:/opt/ros/jazzy/lib /usr/bin/cmake --install /husarion_ws/build/husarion_ugv_lights
