[0.025s] Invoking command in '/husarion_ws/build/husarion_ugv_utils': CMAKE_PREFIX_PATH=${CMAKE_PREFIX_PATH}:/opt/ros/jazzy /usr/bin/cmake /husarion_ws/src/husarion_ugv_ros/husarion_ugv_utils -DCMAKE_BUILD_TYPE=Release -DBUILD_TESTING=OFF -DAMENT_CMAKE_SYMLINK_INSTALL=1 -DCMAKE_INSTALL_PREFIX=/husarion_ws/install/husarion_ugv_utils
[0.095s] -- The C compiler identification is GNU 13.3.0
[0.162s] -- The CXX compiler identification is GNU 13.3.0
[0.182s] -- Detecting C compiler ABI info
[0.278s] -- Detecting C compiler ABI info - done
[0.289s] -- Check for working C compiler: /usr/bin/cc - skipped
[0.290s] -- Detecting C compile features
[0.290s] -- Detecting C compile features - done
[0.298s] -- Detecting CXX compiler ABI info
[0.411s] -- Detecting CXX compiler ABI info - done
[0.421s] -- Check for working CXX compiler: /usr/bin/c++ - skipped
[0.422s] -- Detecting CXX compile features
[0.423s] -- Detecting CXX compile features - done
[0.428s] -- Found ament_cmake: 2.5.4 (/opt/ros/jazzy/share/ament_cmake/cmake)
[0.595s] -- Found Python3: /usr/bin/python3 (found version "3.12.3") found components: Interpreter 
[0.681s] -- Override CMake install command with custom implementation using symlinks instead of copying resources
[0.748s] -- Found diagnostic_updater: 4.2.4 (/opt/ros/jazzy/share/diagnostic_updater/cmake)
[0.825s] -- Found rosidl_generator_c: 4.6.5 (/opt/ros/jazzy/share/rosidl_generator_c/cmake)
[0.847s] -- Found rosidl_generator_cpp: 4.6.5 (/opt/ros/jazzy/share/rosidl_generator_cpp/cmake)
[0.873s] -- Using all available rosidl_typesupport_c: rosidl_typesupport_fastrtps_c;rosidl_typesupport_introspection_c
[0.900s] -- Using all available rosidl_typesupport_cpp: rosidl_typesupport_fastrtps_cpp;rosidl_typesupport_introspection_cpp
[1.052s] -- Found rmw_implementation_cmake: 7.3.2 (/opt/ros/jazzy/share/rmw_implementation_cmake/cmake)
[1.057s] -- Found rmw_fastrtps_cpp: 8.4.2 (/opt/ros/jazzy/share/rmw_fastrtps_cpp/cmake)
[1.194s] -- Found OpenSSL: /usr/lib/x86_64-linux-gnu/libcrypto.so (found version "3.0.13")  
[1.218s] -- Found FastRTPS: /opt/ros/jazzy/include (Required is at least version "2.13") 
[1.243s] -- Using RMW implementation 'rmw_fastrtps_cpp' as default
[1.345s] -- Found realtime_tools: 3.5.1 (/opt/ros/jazzy/share/realtime_tools/cmake)
[1.783s] -- Configuring done (1.7s)
[1.791s] -- Generating done (0.0s)
[1.792s] -- Build files have been written to: /husarion_ws/build/husarion_ugv_utils
[1.805s] Invoked command in '/husarion_ws/build/husarion_ugv_utils' returned '0': CMAKE_PREFIX_PATH=${CMAKE_PREFIX_PATH}:/opt/ros/jazzy /usr/bin/cmake /husarion_ws/src/husarion_ugv_ros/husarion_ugv_utils -DCMAKE_BUILD_TYPE=Release -DBUILD_TESTING=OFF -DAMENT_CMAKE_SYMLINK_INSTALL=1 -DCMAKE_INSTALL_PREFIX=/husarion_ws/install/husarion_ugv_utils
[1.806s] Invoking command in '/husarion_ws/build/husarion_ugv_utils': CMAKE_PREFIX_PATH=${CMAKE_PREFIX_PATH}:/opt/ros/jazzy /usr/bin/cmake --build /husarion_ws/build/husarion_ugv_utils -- -j6 -l6
[1.898s] Built target ament_cmake_python_symlink_husarion_ugv_utils
[2.085s] running egg_info
[2.085s] creating husarion_ugv_utils.egg-info
[2.102s] writing husarion_ugv_utils.egg-info/PKG-INFO
[2.103s] writing dependency_links to husarion_ugv_utils.egg-info/dependency_links.txt
[2.103s] writing top-level names to husarion_ugv_utils.egg-info/top_level.txt
[2.104s] writing manifest file 'husarion_ugv_utils.egg-info/SOURCES.txt'
[2.153s] reading manifest file 'husarion_ugv_utils.egg-info/SOURCES.txt'
[2.153s] writing manifest file 'husarion_ugv_utils.egg-info/SOURCES.txt'
[2.194s] Built target ament_cmake_python_build_husarion_ugv_utils_egg
[2.205s] Invoked command in '/husarion_ws/build/husarion_ugv_utils' returned '0': CMAKE_PREFIX_PATH=${CMAKE_PREFIX_PATH}:/opt/ros/jazzy /usr/bin/cmake --build /husarion_ws/build/husarion_ugv_utils -- -j6 -l6
[2.206s] Invoking command in '/husarion_ws/build/husarion_ugv_utils': CMAKE_PREFIX_PATH=${CMAKE_PREFIX_PATH}:/opt/ros/jazzy /usr/bin/cmake --install /husarion_ws/build/husarion_ugv_utils
[2.214s] -- Install configuration: "Release"
[2.214s] -- Execute custom install script
[2.216s] -- Symlinking: /husarion_ws/install/husarion_ugv_utils/include/husarion_ugv_utils/husarion_ugv_utils/common_utilities.hpp
[2.227s] -- Symlinking: /husarion_ws/install/husarion_ugv_utils/include/husarion_ugv_utils/husarion_ugv_utils/configure_rt.hpp
[2.235s] -- Symlinking: /husarion_ws/install/husarion_ugv_utils/include/husarion_ugv_utils/husarion_ugv_utils/diagnostics.hpp
[2.244s] -- Symlinking: /husarion_ws/install/husarion_ugv_utils/include/husarion_ugv_utils/husarion_ugv_utils/moving_average.hpp
[2.254s] -- Symlinking: /husarion_ws/install/husarion_ugv_utils/include/husarion_ugv_utils/husarion_ugv_utils/networking_utils.hpp
[2.262s] -- Symlinking: /husarion_ws/install/husarion_ugv_utils/include/husarion_ugv_utils/husarion_ugv_utils/ros_utils.hpp
[2.272s] -- Symlinking: /husarion_ws/install/husarion_ugv_utils/include/husarion_ugv_utils/husarion_ugv_utils/test/ros_test_utils.hpp
[2.281s] -- Symlinking: /husarion_ws/install/husarion_ugv_utils/include/husarion_ugv_utils/husarion_ugv_utils/test/test_utils.hpp
[2.292s] -- Symlinking: /husarion_ws/install/husarion_ugv_utils/include/husarion_ugv_utils/husarion_ugv_utils/yaml_utils.hpp
[2.301s] -- Symlinking: /husarion_ws/install/husarion_ugv_utils/share/husarion_ugv_utils/environment/pythonpath.sh
[2.309s] -- Symlinking: /husarion_ws/install/husarion_ugv_utils/share/husarion_ugv_utils/environment/pythonpath.dsv
[2.320s] -- Symlinking: /husarion_ws/install/husarion_ugv_utils/lib/python3.12/site-packages/husarion_ugv_utils-2.3.0-py3.12.egg-info/PKG-INFO
[2.330s] -- Symlinking: /husarion_ws/install/husarion_ugv_utils/lib/python3.12/site-packages/husarion_ugv_utils-2.3.0-py3.12.egg-info/SOURCES.txt
[2.339s] -- Symlinking: /husarion_ws/install/husarion_ugv_utils/lib/python3.12/site-packages/husarion_ugv_utils-2.3.0-py3.12.egg-info/dependency_links.txt
[2.348s] -- Symlinking: /husarion_ws/install/husarion_ugv_utils/lib/python3.12/site-packages/husarion_ugv_utils-2.3.0-py3.12.egg-info/top_level.txt
[2.359s] -- Symlinking: /husarion_ws/install/husarion_ugv_utils/lib/python3.12/site-packages/husarion_ugv_utils/__init__.py
[2.370s] -- Symlinking: /husarion_ws/install/husarion_ugv_utils/lib/python3.12/site-packages/husarion_ugv_utils/integration_test_utils.py
[2.380s] -- Symlinking: /husarion_ws/install/husarion_ugv_utils/lib/python3.12/site-packages/husarion_ugv_utils/logging.py
[2.389s] -- Symlinking: /husarion_ws/install/husarion_ugv_utils/lib/python3.12/site-packages/husarion_ugv_utils/messages.py
[2.399s] -- Symlinking: /husarion_ws/install/husarion_ugv_utils/lib/python3.12/site-packages/husarion_ugv_utils/version_check.py
[2.408s] -- Symlinking: /husarion_ws/install/husarion_ugv_utils/share/ament_index/resource_index/package_run_dependencies/husarion_ugv_utils
[2.418s] -- Symlinking: /husarion_ws/install/husarion_ugv_utils/share/ament_index/resource_index/parent_prefix_path/husarion_ugv_utils
[2.428s] -- Symlinking: /husarion_ws/install/husarion_ugv_utils/share/husarion_ugv_utils/environment/ament_prefix_path.sh
[2.438s] -- Symlinking: /husarion_ws/install/husarion_ugv_utils/share/husarion_ugv_utils/environment/ament_prefix_path.dsv
[2.449s] -- Symlinking: /husarion_ws/install/husarion_ugv_utils/share/husarion_ugv_utils/environment/path.sh
[2.459s] -- Symlinking: /husarion_ws/install/husarion_ugv_utils/share/husarion_ugv_utils/environment/path.dsv
[2.469s] -- Symlinking: /husarion_ws/install/husarion_ugv_utils/share/husarion_ugv_utils/local_setup.bash
[2.479s] -- Symlinking: /husarion_ws/install/husarion_ugv_utils/share/husarion_ugv_utils/local_setup.sh
[2.488s] -- Symlinking: /husarion_ws/install/husarion_ugv_utils/share/husarion_ugv_utils/local_setup.zsh
[2.497s] -- Symlinking: /husarion_ws/install/husarion_ugv_utils/share/husarion_ugv_utils/local_setup.dsv
[2.509s] -- Symlinking: /husarion_ws/install/husarion_ugv_utils/share/husarion_ugv_utils/package.dsv
[2.521s] -- Symlinking: /husarion_ws/install/husarion_ugv_utils/share/ament_index/resource_index/packages/husarion_ugv_utils
[2.531s] -- Symlinking: /husarion_ws/install/husarion_ugv_utils/share/husarion_ugv_utils/cmake/ament_cmake_export_dependencies-extras.cmake
[2.541s] -- Symlinking: /husarion_ws/install/husarion_ugv_utils/share/husarion_ugv_utils/cmake/ament_cmake_export_include_directories-extras.cmake
[2.550s] -- Symlinking: /husarion_ws/install/husarion_ugv_utils/share/husarion_ugv_utils/cmake/husarion_ugv_utilsConfig.cmake
[2.560s] -- Symlinking: /husarion_ws/install/husarion_ugv_utils/share/husarion_ugv_utils/cmake/husarion_ugv_utilsConfig-version.cmake
[2.569s] -- Symlinking: /husarion_ws/install/husarion_ugv_utils/share/husarion_ugv_utils/package.xml
[2.619s] Listing '/husarion_ws/install/husarion_ugv_utils/lib/python3.12/site-packages/husarion_ugv_utils'...
[2.619s] Compiling '/husarion_ws/install/husarion_ugv_utils/lib/python3.12/site-packages/husarion_ugv_utils/__init__.py'...
[2.619s] Compiling '/husarion_ws/install/husarion_ugv_utils/lib/python3.12/site-packages/husarion_ugv_utils/integration_test_utils.py'...
[2.619s] Compiling '/husarion_ws/install/husarion_ugv_utils/lib/python3.12/site-packages/husarion_ugv_utils/logging.py'...
[2.619s] Compiling '/husarion_ws/install/husarion_ugv_utils/lib/python3.12/site-packages/husarion_ugv_utils/messages.py'...
[2.620s] Compiling '/husarion_ws/install/husarion_ugv_utils/lib/python3.12/site-packages/husarion_ugv_utils/version_check.py'...
[2.627s] Invoked command in '/husarion_ws/build/husarion_ugv_utils' returned '0': CMAKE_PREFIX_PATH=${CMAKE_PREFIX_PATH}:/opt/ros/jazzy /usr/bin/cmake --install /husarion_ws/build/husarion_ugv_utils
