[0.210s] Invoking command in '/husarion_ws/build/mecanum_drive_controller': CMAKE_PREFIX_PATH=${CMAKE_PREFIX_PATH}:/opt/ros/jazzy /usr/bin/cmake /husarion_ws/src/husarion_controllers/mecanum_drive_controller -DCMAKE_INSTALL_PREFIX=/husarion_ws/install/mecanum_drive_controller
[0.272s] -- Found ament_cmake: 2.5.4 (/opt/ros/jazzy/share/ament_cmake/cmake)
[0.512s] -- Override CMake install command with custom implementation using symlinks instead of copying resources
[0.524s] -- Found controller_interface: 4.29.0 (/opt/ros/jazzy/share/controller_interface/cmake)
[0.555s] -- Found rosidl_generator_c: 4.6.5 (/opt/ros/jazzy/share/rosidl_generator_c/cmake)
[0.567s] -- Found rosidl_generator_cpp: 4.6.5 (/opt/ros/jazzy/share/rosidl_generator_cpp/cmake)
[0.582s] -- Using all available rosidl_typesupport_c: rosidl_typesupport_fastrtps_c;rosidl_typesupport_introspection_c
[0.598s] -- Using all available rosidl_typesupport_cpp: rosidl_typesupport_fastrtps_cpp;rosidl_typesupport_introspection_cpp
[0.861s] -- Found TinyXML2 via Config file: /usr/lib/x86_64-linux-gnu/cmake/tinyxml2
[0.906s] -- Found rmw_implementation_cmake: 7.3.2 (/opt/ros/jazzy/share/rmw_implementation_cmake/cmake)
[0.908s] -- Found rmw_fastrtps_cpp: 8.4.2 (/opt/ros/jazzy/share/rmw_fastrtps_cpp/cmake)
[0.926s] -- Found TinyXML2 via Config file: /usr/lib/x86_64-linux-gnu/cmake/tinyxml2
[0.933s] -- Found TinyXML2 via Config file: /usr/lib/x86_64-linux-gnu/cmake/tinyxml2
[0.947s] -- Found TinyXML2 via Config file: /usr/lib/x86_64-linux-gnu/cmake/tinyxml2
[0.954s] -- Found TinyXML2 via Config file: /usr/lib/x86_64-linux-gnu/cmake/tinyxml2
[0.963s] -- Using RMW implementation 'rmw_fastrtps_cpp' as default
[1.085s] -- Found generate_parameter_library: 0.4.0 (/opt/ros/jazzy/share/generate_parameter_library/cmake)
[1.087s] -- Found parameter_traits: 0.4.0 (/opt/ros/jazzy/share/parameter_traits/cmake)
[1.097s] -- Found nav_msgs: 5.3.6 (/opt/ros/jazzy/share/nav_msgs/cmake)
[1.126s] -- Found tf2: 0.36.11 (/opt/ros/jazzy/share/tf2/cmake)
[1.131s] -- Found tf2_msgs: 0.36.11 (/opt/ros/jazzy/share/tf2_msgs/cmake)
[1.329s] -- Configuring done (1.1s)
[1.455s] -- Generating done (0.1s)
[1.465s] -- Build files have been written to: /husarion_ws/build/mecanum_drive_controller
[1.474s] Invoked command in '/husarion_ws/build/mecanum_drive_controller' returned '0': CMAKE_PREFIX_PATH=${CMAKE_PREFIX_PATH}:/opt/ros/jazzy /usr/bin/cmake /husarion_ws/src/husarion_controllers/mecanum_drive_controller -DCMAKE_INSTALL_PREFIX=/husarion_ws/install/mecanum_drive_controller
[1.475s] Invoking command in '/husarion_ws/build/mecanum_drive_controller': CMAKE_PREFIX_PATH=${CMAKE_PREFIX_PATH}:/opt/ros/jazzy /usr/bin/cmake --build /husarion_ws/build/mecanum_drive_controller -- -j12 -l12
[1.518s] [ 33%] Built target mecanum_drive_controller_parameters
[1.546s] [100%] Built target mecanum_drive_controller
[1.555s] Invoked command in '/husarion_ws/build/mecanum_drive_controller' returned '0': CMAKE_PREFIX_PATH=${CMAKE_PREFIX_PATH}:/opt/ros/jazzy /usr/bin/cmake --build /husarion_ws/build/mecanum_drive_controller -- -j12 -l12
[1.556s] Invoking command in '/husarion_ws/build/mecanum_drive_controller': CMAKE_PREFIX_PATH=${CMAKE_PREFIX_PATH}:/opt/ros/jazzy /usr/bin/cmake --install /husarion_ws/build/mecanum_drive_controller
[1.562s] -- Install configuration: "Release"
[1.568s] -- Execute custom install script
[1.568s] -- Up-to-date symlink: /husarion_ws/install/mecanum_drive_controller/include/mecanum_drive_controller/mecanum_drive_controller_parameters.hpp
[1.569s] -- Up-to-date symlink: /husarion_ws/install/mecanum_drive_controller/share/mecanum_drive_controller//mecanum_drive_plugin.xml
[1.569s] -- Up-to-date symlink: /husarion_ws/install/mecanum_drive_controller/include/mecanum_drive_controller/mecanum_drive_controller/mecanum_drive_controller.hpp
[1.569s] -- Up-to-date symlink: /husarion_ws/install/mecanum_drive_controller/include/mecanum_drive_controller/mecanum_drive_controller/odometry.hpp
[1.569s] -- Up-to-date symlink: /husarion_ws/install/mecanum_drive_controller/include/mecanum_drive_controller/mecanum_drive_controller/speed_limiter.hpp
[1.569s] -- Up-to-date symlink: /husarion_ws/install/mecanum_drive_controller/include/mecanum_drive_controller/mecanum_drive_controller/visibility_control.h
[1.569s] -- Up-to-date symlink: /husarion_ws/install/mecanum_drive_controller/share/mecanum_drive_controller/environment/library_path.sh
[1.569s] -- Up-to-date symlink: /husarion_ws/install/mecanum_drive_controller/share/mecanum_drive_controller/environment/library_path.dsv
[1.569s] -- Up-to-date symlink: /husarion_ws/install/mecanum_drive_controller/share/ament_index/resource_index/package_run_dependencies/mecanum_drive_controller
[1.569s] -- Up-to-date symlink: /husarion_ws/install/mecanum_drive_controller/share/ament_index/resource_index/parent_prefix_path/mecanum_drive_controller
[1.570s] -- Up-to-date symlink: /husarion_ws/install/mecanum_drive_controller/share/mecanum_drive_controller/environment/ament_prefix_path.sh
[1.570s] -- Up-to-date symlink: /husarion_ws/install/mecanum_drive_controller/share/mecanum_drive_controller/environment/ament_prefix_path.dsv
[1.570s] -- Up-to-date symlink: /husarion_ws/install/mecanum_drive_controller/share/mecanum_drive_controller/environment/path.sh
[1.570s] -- Up-to-date symlink: /husarion_ws/install/mecanum_drive_controller/share/mecanum_drive_controller/environment/path.dsv
[1.570s] -- Up-to-date symlink: /husarion_ws/install/mecanum_drive_controller/share/mecanum_drive_controller/local_setup.bash
[1.570s] -- Up-to-date symlink: /husarion_ws/install/mecanum_drive_controller/share/mecanum_drive_controller/local_setup.sh
[1.570s] -- Up-to-date symlink: /husarion_ws/install/mecanum_drive_controller/share/mecanum_drive_controller/local_setup.zsh
[1.570s] -- Up-to-date symlink: /husarion_ws/install/mecanum_drive_controller/share/mecanum_drive_controller/local_setup.dsv
[1.570s] -- Symlinking: /husarion_ws/install/mecanum_drive_controller/share/mecanum_drive_controller/package.dsv
[1.617s] -- Up-to-date symlink: /husarion_ws/install/mecanum_drive_controller/share/ament_index/resource_index/packages/mecanum_drive_controller
[1.617s] -- Up-to-date symlink: /husarion_ws/install/mecanum_drive_controller/share/ament_index/resource_index/controller_interface__pluginlib__plugin/mecanum_drive_controller
[1.617s] -- Up-to-date symlink: /husarion_ws/install/mecanum_drive_controller/share/mecanum_drive_controller/cmake/ament_cmake_export_dependencies-extras.cmake
[1.617s] -- Up-to-date symlink: /husarion_ws/install/mecanum_drive_controller/share/mecanum_drive_controller/cmake/ament_cmake_export_targets-extras.cmake
[1.617s] -- Up-to-date symlink: /husarion_ws/install/mecanum_drive_controller/share/mecanum_drive_controller/cmake/mecanum_drive_controllerConfig.cmake
[1.617s] -- Up-to-date symlink: /husarion_ws/install/mecanum_drive_controller/share/mecanum_drive_controller/cmake/mecanum_drive_controllerConfig-version.cmake
[1.617s] -- Up-to-date symlink: /husarion_ws/install/mecanum_drive_controller/share/mecanum_drive_controller/package.xml
[1.618s] -- Up-to-date: /husarion_ws/install/mecanum_drive_controller/lib/libmecanum_drive_controller.so
[1.634s] -- Up-to-date: /husarion_ws/install/mecanum_drive_controller/share/mecanum_drive_controller/cmake/export_mecanum_drive_controllerExport.cmake
[1.650s] -- Up-to-date: /husarion_ws/install/mecanum_drive_controller/share/mecanum_drive_controller/cmake/export_mecanum_drive_controllerExport-release.cmake
[1.696s] Invoked command in '/husarion_ws/build/mecanum_drive_controller' returned '0': CMAKE_PREFIX_PATH=${CMAKE_PREFIX_PATH}:/opt/ros/jazzy /usr/bin/cmake --install /husarion_ws/build/mecanum_drive_controller
