[0.007s] Invoking command in '/husarion_ws/build/behaviortree_ros2': AMENT_PREFIX_PATH=/husarion_ws/install/btcpp_ros2_interfaces:${AMENT_PREFIX_PATH} CMAKE_PREFIX_PATH=/husarion_ws/install/btcpp_ros2_interfaces:/opt/ros/jazzy/opt/gz_sim_vendor:/opt/ros/jazzy/opt/gz_sensors_vendor:/opt/ros/jazzy/opt/gz_physics_vendor:/opt/ros/jazzy/opt/sdformat_vendor:/opt/ros/jazzy/opt/gz_gui_vendor:/opt/ros/jazzy/opt/gz_transport_vendor:/opt/ros/jazzy/opt/gz_rendering_vendor:/opt/ros/jazzy/opt/gz_plugin_vendor:/opt/ros/jazzy/opt/gz_fuel_tools_vendor:/opt/ros/jazzy/opt/gz_msgs_vendor:/opt/ros/jazzy/opt/gz_common_vendor:/opt/ros/jazzy/opt/gz_math_vendor:/opt/ros/jazzy/opt/gz_utils_vendor:/opt/ros/jazzy/opt/gz_tools_vendor:/opt/ros/jazzy/opt/gz_ogre_next_vendor:/opt/ros/jazzy/opt/gz_dartsim_vendor:/opt/ros/jazzy/opt/gz_cmake_vendor:/opt/ros/jazzy LD_LIBRARY_PATH=/husarion_ws/install/btcpp_ros2_interfaces/lib:${LD_LIBRARY_PATH} PYTHONPATH=/husarion_ws/install/btcpp_ros2_interfaces/lib/python3.12/site-packages:${PYTHONPATH} /usr/bin/cmake /husarion_ws/src/behaviortree_ros2/behaviortree_ros2 -DCMAKE_BUILD_TYPE=Release -DBUILD_TESTING=OFF -DAMENT_CMAKE_SYMLINK_INSTALL=1 -DCMAKE_INSTALL_PREFIX=/husarion_ws/install/behaviortree_ros2
[0.046s] -- The C compiler identification is GNU 13.3.0
[0.084s] -- The CXX compiler identification is GNU 13.3.0
[0.095s] -- Detecting C compiler ABI info
[0.157s] -- Detecting C compiler ABI info - done
[0.164s] -- Check for working C compiler: /usr/bin/cc - skipped
[0.164s] -- Detecting C compile features
[0.164s] -- Detecting C compile features - done
[0.171s] -- Detecting CXX compiler ABI info
[0.240s] -- Detecting CXX compiler ABI info - done
[0.247s] -- Check for working CXX compiler: /usr/bin/c++ - skipped
[0.247s] -- Detecting CXX compile features
[0.247s] -- Detecting CXX compile features - done
[0.251s] -- Found ament_cmake: 2.5.4 (/opt/ros/jazzy/share/ament_cmake/cmake)
[0.364s] -- Found Python3: /usr/bin/python3 (found version "3.12.3") found components: Interpreter 
[0.415s] -- Override CMake install command with custom implementation using symlinks instead of copying resources
[0.464s] -- Found rclcpp: 28.1.9 (/opt/ros/jazzy/share/rclcpp/cmake)
[0.528s] -- Found rosidl_generator_c: 4.6.5 (/opt/ros/jazzy/share/rosidl_generator_c/cmake)
[0.556s] -- Found rosidl_generator_cpp: 4.6.5 (/opt/ros/jazzy/share/rosidl_generator_cpp/cmake)
[0.583s] -- Using all available rosidl_typesupport_c: rosidl_typesupport_fastrtps_c;rosidl_typesupport_introspection_c
[0.616s] -- Using all available rosidl_typesupport_cpp: rosidl_typesupport_fastrtps_cpp;rosidl_typesupport_introspection_cpp
[0.746s] -- Found rmw_implementation_cmake: 7.3.2 (/opt/ros/jazzy/share/rmw_implementation_cmake/cmake)
[0.750s] -- Found rmw_fastrtps_cpp: 8.4.2 (/opt/ros/jazzy/share/rmw_fastrtps_cpp/cmake)
[0.821s] -- Found OpenSSL: /usr/lib/x86_64-linux-gnu/libcrypto.so (found version "3.0.13")  
[0.836s] -- Found FastRTPS: /opt/ros/jazzy/include (Required is at least version "2.13") 
[0.854s] -- Using RMW implementation 'rmw_fastrtps_cpp' as default
[0.922s] -- Found rclcpp_action: 28.1.9 (/opt/ros/jazzy/share/rclcpp_action/cmake)
[0.964s] -- Found behaviortree_cpp: 4.7.1 (/opt/ros/jazzy/share/behaviortree_cpp/cmake)
[0.967s] -- Found btcpp_ros2_interfaces: 0.2.0 (/husarion_ws/install/btcpp_ros2_interfaces/share/btcpp_ros2_interfaces/cmake)
[0.986s] -- Found generate_parameter_library: 0.4.0 (/opt/ros/jazzy/share/generate_parameter_library/cmake)
[0.993s] -- Found parameter_traits: 0.4.0 (/opt/ros/jazzy/share/parameter_traits/cmake)
[1.015s] -- Found rclcpp_lifecycle: 28.1.9 (/opt/ros/jazzy/share/rclcpp_lifecycle/cmake)
[1.124s] -- Configuring done (1.1s)
[1.135s] -- Generating done (0.0s)
[1.137s] -- Build files have been written to: /husarion_ws/build/behaviortree_ros2
[1.145s] Invoked command in '/husarion_ws/build/behaviortree_ros2' returned '0': AMENT_PREFIX_PATH=/husarion_ws/install/btcpp_ros2_interfaces:${AMENT_PREFIX_PATH} CMAKE_PREFIX_PATH=/husarion_ws/install/btcpp_ros2_interfaces:/opt/ros/jazzy/opt/gz_sim_vendor:/opt/ros/jazzy/opt/gz_sensors_vendor:/opt/ros/jazzy/opt/gz_physics_vendor:/opt/ros/jazzy/opt/sdformat_vendor:/opt/ros/jazzy/opt/gz_gui_vendor:/opt/ros/jazzy/opt/gz_transport_vendor:/opt/ros/jazzy/opt/gz_rendering_vendor:/opt/ros/jazzy/opt/gz_plugin_vendor:/opt/ros/jazzy/opt/gz_fuel_tools_vendor:/opt/ros/jazzy/opt/gz_msgs_vendor:/opt/ros/jazzy/opt/gz_common_vendor:/opt/ros/jazzy/opt/gz_math_vendor:/opt/ros/jazzy/opt/gz_utils_vendor:/opt/ros/jazzy/opt/gz_tools_vendor:/opt/ros/jazzy/opt/gz_ogre_next_vendor:/opt/ros/jazzy/opt/gz_dartsim_vendor:/opt/ros/jazzy/opt/gz_cmake_vendor:/opt/ros/jazzy LD_LIBRARY_PATH=/husarion_ws/install/btcpp_ros2_interfaces/lib:${LD_LIBRARY_PATH} PYTHONPATH=/husarion_ws/install/btcpp_ros2_interfaces/lib/python3.12/site-packages:${PYTHONPATH} /usr/bin/cmake /husarion_ws/src/behaviortree_ros2/behaviortree_ros2 -DCMAKE_BUILD_TYPE=Release -DBUILD_TESTING=OFF -DAMENT_CMAKE_SYMLINK_INSTALL=1 -DCMAKE_INSTALL_PREFIX=/husarion_ws/install/behaviortree_ros2
[1.146s] Invoking command in '/husarion_ws/build/behaviortree_ros2': AMENT_PREFIX_PATH=/husarion_ws/install/btcpp_ros2_interfaces:${AMENT_PREFIX_PATH} CMAKE_PREFIX_PATH=/husarion_ws/install/btcpp_ros2_interfaces:/opt/ros/jazzy/opt/gz_sim_vendor:/opt/ros/jazzy/opt/gz_sensors_vendor:/opt/ros/jazzy/opt/gz_physics_vendor:/opt/ros/jazzy/opt/sdformat_vendor:/opt/ros/jazzy/opt/gz_gui_vendor:/opt/ros/jazzy/opt/gz_transport_vendor:/opt/ros/jazzy/opt/gz_rendering_vendor:/opt/ros/jazzy/opt/gz_plugin_vendor:/opt/ros/jazzy/opt/gz_fuel_tools_vendor:/opt/ros/jazzy/opt/gz_msgs_vendor:/opt/ros/jazzy/opt/gz_common_vendor:/opt/ros/jazzy/opt/gz_math_vendor:/opt/ros/jazzy/opt/gz_utils_vendor:/opt/ros/jazzy/opt/gz_tools_vendor:/opt/ros/jazzy/opt/gz_ogre_next_vendor:/opt/ros/jazzy/opt/gz_dartsim_vendor:/opt/ros/jazzy/opt/gz_cmake_vendor:/opt/ros/jazzy LD_LIBRARY_PATH=/husarion_ws/install/btcpp_ros2_interfaces/lib:${LD_LIBRARY_PATH} PYTHONPATH=/husarion_ws/install/btcpp_ros2_interfaces/lib/python3.12/site-packages:${PYTHONPATH} /usr/bin/cmake --build /husarion_ws/build/behaviortree_ros2 -- -j12 -l12
[1.188s] [ 16%] Running `/opt/ros/jazzy/bin/generate_parameter_library_cpp /husarion_ws/build/behaviortree_ros2/include/behaviortree_ros2/bt_executor_parameters.hpp /husarion_ws/src/behaviortree_ros2/behaviortree_ros2/src/bt_executor_parameters.yaml `
[1.686s] [ 33%] Creating deprecated header file /husarion_ws/build/behaviortree_ros2/include/bt_executor_parameters.hpp
[1.720s] [ 33%] Built target bt_executor_parameters
[1.737s] [ 83%] Building CXX object CMakeFiles/behaviortree_ros2.dir/src/bt_utils.cpp.o
[1.737s] [ 66%] Building CXX object CMakeFiles/behaviortree_ros2.dir/src/bt_ros2.cpp.o
[1.737s] [ 83%] Building CXX object CMakeFiles/behaviortree_ros2.dir/src/tree_execution_server.cpp.o
[10.700s] [100%] Linking CXX static library libbehaviortree_ros2.a
[10.733s] [100%] Built target behaviortree_ros2
[10.744s] Invoked command in '/husarion_ws/build/behaviortree_ros2' returned '0': AMENT_PREFIX_PATH=/husarion_ws/install/btcpp_ros2_interfaces:${AMENT_PREFIX_PATH} CMAKE_PREFIX_PATH=/husarion_ws/install/btcpp_ros2_interfaces:/opt/ros/jazzy/opt/gz_sim_vendor:/opt/ros/jazzy/opt/gz_sensors_vendor:/opt/ros/jazzy/opt/gz_physics_vendor:/opt/ros/jazzy/opt/sdformat_vendor:/opt/ros/jazzy/opt/gz_gui_vendor:/opt/ros/jazzy/opt/gz_transport_vendor:/opt/ros/jazzy/opt/gz_rendering_vendor:/opt/ros/jazzy/opt/gz_plugin_vendor:/opt/ros/jazzy/opt/gz_fuel_tools_vendor:/opt/ros/jazzy/opt/gz_msgs_vendor:/opt/ros/jazzy/opt/gz_common_vendor:/opt/ros/jazzy/opt/gz_math_vendor:/opt/ros/jazzy/opt/gz_utils_vendor:/opt/ros/jazzy/opt/gz_tools_vendor:/opt/ros/jazzy/opt/gz_ogre_next_vendor:/opt/ros/jazzy/opt/gz_dartsim_vendor:/opt/ros/jazzy/opt/gz_cmake_vendor:/opt/ros/jazzy LD_LIBRARY_PATH=/husarion_ws/install/btcpp_ros2_interfaces/lib:${LD_LIBRARY_PATH} PYTHONPATH=/husarion_ws/install/btcpp_ros2_interfaces/lib/python3.12/site-packages:${PYTHONPATH} /usr/bin/cmake --build /husarion_ws/build/behaviortree_ros2 -- -j12 -l12
[10.745s] Invoking command in '/husarion_ws/build/behaviortree_ros2': AMENT_PREFIX_PATH=/husarion_ws/install/btcpp_ros2_interfaces:${AMENT_PREFIX_PATH} CMAKE_PREFIX_PATH=/husarion_ws/install/btcpp_ros2_interfaces:/opt/ros/jazzy/opt/gz_sim_vendor:/opt/ros/jazzy/opt/gz_sensors_vendor:/opt/ros/jazzy/opt/gz_physics_vendor:/opt/ros/jazzy/opt/sdformat_vendor:/opt/ros/jazzy/opt/gz_gui_vendor:/opt/ros/jazzy/opt/gz_transport_vendor:/opt/ros/jazzy/opt/gz_rendering_vendor:/opt/ros/jazzy/opt/gz_plugin_vendor:/opt/ros/jazzy/opt/gz_fuel_tools_vendor:/opt/ros/jazzy/opt/gz_msgs_vendor:/opt/ros/jazzy/opt/gz_common_vendor:/opt/ros/jazzy/opt/gz_math_vendor:/opt/ros/jazzy/opt/gz_utils_vendor:/opt/ros/jazzy/opt/gz_tools_vendor:/opt/ros/jazzy/opt/gz_ogre_next_vendor:/opt/ros/jazzy/opt/gz_dartsim_vendor:/opt/ros/jazzy/opt/gz_cmake_vendor:/opt/ros/jazzy LD_LIBRARY_PATH=/husarion_ws/install/btcpp_ros2_interfaces/lib:${LD_LIBRARY_PATH} PYTHONPATH=/husarion_ws/install/btcpp_ros2_interfaces/lib/python3.12/site-packages:${PYTHONPATH} /usr/bin/cmake --install /husarion_ws/build/behaviortree_ros2
[10.753s] -- Install configuration: "Release"
[10.753s] -- Execute custom install script
[10.753s] -- Symlinking: /husarion_ws/install/behaviortree_ros2/include/behaviortree_ros2/bt_executor_parameters.hpp
[10.762s] -- Symlinking: /husarion_ws/install/behaviortree_ros2/include//behaviortree_ros2/bt_action_node.hpp
[10.771s] -- Symlinking: /husarion_ws/install/behaviortree_ros2/include//behaviortree_ros2/bt_service_node.hpp
[10.779s] -- Symlinking: /husarion_ws/install/behaviortree_ros2/include//behaviortree_ros2/bt_topic_pub_node.hpp
[10.787s] -- Symlinking: /husarion_ws/install/behaviortree_ros2/include//behaviortree_ros2/bt_topic_sub_node.hpp
[10.796s] -- Symlinking: /husarion_ws/install/behaviortree_ros2/include//behaviortree_ros2/bt_utils.hpp
[10.804s] -- Symlinking: /husarion_ws/install/behaviortree_ros2/include//behaviortree_ros2/plugins.hpp
[10.813s] -- Symlinking: /husarion_ws/install/behaviortree_ros2/include//behaviortree_ros2/ros_node_params.hpp
[10.822s] -- Symlinking: /husarion_ws/install/behaviortree_ros2/include//behaviortree_ros2/tree_execution_server.hpp
[10.831s] -- Symlinking: /husarion_ws/install/behaviortree_ros2/share/behaviortree_ros2/environment/library_path.sh
[10.839s] -- Symlinking: /husarion_ws/install/behaviortree_ros2/share/behaviortree_ros2/environment/library_path.dsv
[10.847s] -- Symlinking: /husarion_ws/install/behaviortree_ros2/share/ament_index/resource_index/package_run_dependencies/behaviortree_ros2
[10.855s] -- Symlinking: /husarion_ws/install/behaviortree_ros2/share/ament_index/resource_index/parent_prefix_path/behaviortree_ros2
[10.864s] -- Symlinking: /husarion_ws/install/behaviortree_ros2/share/behaviortree_ros2/environment/ament_prefix_path.sh
[10.872s] -- Symlinking: /husarion_ws/install/behaviortree_ros2/share/behaviortree_ros2/environment/ament_prefix_path.dsv
[10.880s] -- Symlinking: /husarion_ws/install/behaviortree_ros2/share/behaviortree_ros2/environment/path.sh
[10.889s] -- Symlinking: /husarion_ws/install/behaviortree_ros2/share/behaviortree_ros2/environment/path.dsv
[10.897s] -- Symlinking: /husarion_ws/install/behaviortree_ros2/share/behaviortree_ros2/local_setup.bash
[10.905s] -- Symlinking: /husarion_ws/install/behaviortree_ros2/share/behaviortree_ros2/local_setup.sh
[10.915s] -- Symlinking: /husarion_ws/install/behaviortree_ros2/share/behaviortree_ros2/local_setup.zsh
[10.923s] -- Symlinking: /husarion_ws/install/behaviortree_ros2/share/behaviortree_ros2/local_setup.dsv
[10.932s] -- Symlinking: /husarion_ws/install/behaviortree_ros2/share/behaviortree_ros2/package.dsv
[10.941s] -- Symlinking: /husarion_ws/install/behaviortree_ros2/share/ament_index/resource_index/packages/behaviortree_ros2
[10.949s] -- Symlinking: /husarion_ws/install/behaviortree_ros2/share/behaviortree_ros2/cmake/ament_cmake_export_dependencies-extras.cmake
[10.959s] -- Symlinking: /husarion_ws/install/behaviortree_ros2/share/behaviortree_ros2/cmake/ament_cmake_export_targets-extras.cmake
[10.968s] -- Symlinking: /husarion_ws/install/behaviortree_ros2/share/behaviortree_ros2/cmake/ament_cmake_export_include_directories-extras.cmake
[10.977s] -- Symlinking: /husarion_ws/install/behaviortree_ros2/share/behaviortree_ros2/cmake/ament_cmake_export_libraries-extras.cmake
[10.986s] -- Symlinking: /husarion_ws/install/behaviortree_ros2/share/behaviortree_ros2/cmake/behaviortree_ros2Config.cmake
[10.995s] -- Symlinking: /husarion_ws/install/behaviortree_ros2/share/behaviortree_ros2/cmake/behaviortree_ros2Config-version.cmake
[11.004s] -- Symlinking: /husarion_ws/install/behaviortree_ros2/share/behaviortree_ros2/package.xml
[11.012s] -- Installing: /husarion_ws/install/behaviortree_ros2/lib/libbehaviortree_ros2.a
[11.013s] -- Installing: /husarion_ws/install/behaviortree_ros2/share/behaviortree_ros2/cmake/behaviortree_ros2TargetsExport.cmake
[11.013s] -- Installing: /husarion_ws/install/behaviortree_ros2/share/behaviortree_ros2/cmake/behaviortree_ros2TargetsExport-release.cmake
[11.016s] Invoked command in '/husarion_ws/build/behaviortree_ros2' returned '0': AMENT_PREFIX_PATH=/husarion_ws/install/btcpp_ros2_interfaces:${AMENT_PREFIX_PATH} CMAKE_PREFIX_PATH=/husarion_ws/install/btcpp_ros2_interfaces:/opt/ros/jazzy/opt/gz_sim_vendor:/opt/ros/jazzy/opt/gz_sensors_vendor:/opt/ros/jazzy/opt/gz_physics_vendor:/opt/ros/jazzy/opt/sdformat_vendor:/opt/ros/jazzy/opt/gz_gui_vendor:/opt/ros/jazzy/opt/gz_transport_vendor:/opt/ros/jazzy/opt/gz_rendering_vendor:/opt/ros/jazzy/opt/gz_plugin_vendor:/opt/ros/jazzy/opt/gz_fuel_tools_vendor:/opt/ros/jazzy/opt/gz_msgs_vendor:/opt/ros/jazzy/opt/gz_common_vendor:/opt/ros/jazzy/opt/gz_math_vendor:/opt/ros/jazzy/opt/gz_utils_vendor:/opt/ros/jazzy/opt/gz_tools_vendor:/opt/ros/jazzy/opt/gz_ogre_next_vendor:/opt/ros/jazzy/opt/gz_dartsim_vendor:/opt/ros/jazzy/opt/gz_cmake_vendor:/opt/ros/jazzy LD_LIBRARY_PATH=/husarion_ws/install/btcpp_ros2_interfaces/lib:${LD_LIBRARY_PATH} PYTHONPATH=/husarion_ws/install/btcpp_ros2_interfaces/lib/python3.12/site-packages:${PYTHONPATH} /usr/bin/cmake --install /husarion_ws/build/behaviortree_ros2
