[0.112s] DEBUG:colcon:Command line arguments: ['/usr/bin/colcon', 'build', '--packages-select', 'erc2025_remote_sim']
[0.112s] DEBUG:colcon:Parsed command line arguments: Namespace(log_base=None, log_level=None, verb_name='build', build_base='build', install_base='install', merge_install=False, symlink_install=False, test_result_base=None, continue_on_error=False, executor='parallel', parallel_workers=12, event_handlers=None, ignore_user_meta=False, metas=['./colcon.meta'], base_paths=['.'], packages_ignore=None, packages_ignore_regex=None, paths=None, packages_up_to=None, packages_up_to_regex=None, packages_above=None, packages_above_and_dependencies=None, packages_above_depth=None, packages_select_by_dep=None, packages_skip_by_dep=None, packages_skip_up_to=None, packages_select_build_failed=False, packages_skip_build_finished=False, packages_select_test_failures=False, packages_skip_test_passed=False, packages_select=['erc2025_remote_sim'], packages_skip=None, packages_select_regex=None, packages_skip_regex=None, packages_start=None, packages_end=None, cmake_args=None, cmake_target=None, cmake_target_skip_unavailable=False, cmake_clean_cache=False, cmake_clean_first=False, cmake_force_configure=False, ament_cmake_args=None, catkin_cmake_args=None, catkin_skip_building_tests=False, mixin_files=None, mixin=None, verb_parser=<colcon_mixin.mixin.mixin_argument.MixinArgumentDecorator object at 0x7bad780cd460>, verb_extension=<colcon_core.verb.build.BuildVerb object at 0x7bad78221ac0>, main=<bound method BuildVerb.main of <colcon_core.verb.build.BuildVerb object at 0x7bad78221ac0>>, mixin_verb=('build',))
[0.153s] Level 1:colcon.colcon_core.package_discovery:discover_packages(colcon_meta) check parameters
[0.154s] INFO:colcon.colcon_metadata.package_discovery.colcon_meta:Using configuration from '/root/.colcon/metadata/default/Gazebo.meta'
[0.154s] INFO:colcon.colcon_metadata.package_discovery.colcon_meta:Using configuration from '/root/.colcon/metadata/default/fastdds.meta'
[0.155s] INFO:colcon.colcon_metadata.package_discovery.colcon_meta:Using configuration from '/root/.colcon/metadata/default/fastrtps.meta'
[0.155s] Level 1:colcon.colcon_core.package_discovery:discover_packages(recursive) check parameters
[0.155s] Level 1:colcon.colcon_core.package_discovery:discover_packages(ignore) check parameters
[0.155s] Level 1:colcon.colcon_core.package_discovery:discover_packages(path) check parameters
[0.155s] Level 1:colcon.colcon_core.package_discovery:discover_packages(colcon_meta) discover
[0.155s] Level 1:colcon.colcon_core.package_discovery:discover_packages(recursive) discover
[0.155s] INFO:colcon.colcon_core.package_discovery:Crawling recursively for packages in '/husarion_ws'
[0.155s] Level 1:colcon.colcon_core.package_identification:_identify(.) by extensions ['ignore', 'ignore_ament_install']
[0.155s] Level 1:colcon.colcon_core.package_identification:_identify(.) by extension 'ignore'
[0.155s] Level 1:colcon.colcon_core.package_identification:_identify(.) by extension 'ignore_ament_install'
[0.155s] Level 1:colcon.colcon_core.package_identification:_identify(.) by extensions ['colcon_pkg']
[0.155s] Level 1:colcon.colcon_core.package_identification:_identify(.) by extension 'colcon_pkg'
[0.155s] Level 1:colcon.colcon_core.package_identification:_identify(.) by extensions ['colcon_meta']
[0.155s] Level 1:colcon.colcon_core.package_identification:_identify(.) by extension 'colcon_meta'
[0.155s] Level 1:colcon.colcon_core.package_identification:_identify(.) by extensions ['ros']
[0.155s] Level 1:colcon.colcon_core.package_identification:_identify(.) by extension 'ros'
[0.176s] Level 1:colcon.colcon_core.package_identification:_identify(.) by extensions ['cmake', 'python']
[0.176s] Level 1:colcon.colcon_core.package_identification:_identify(.) by extension 'cmake'
[0.177s] Level 1:colcon.colcon_core.package_identification:_identify(.) by extension 'python'
[0.177s] Level 1:colcon.colcon_core.package_identification:_identify(.) by extensions ['python_setup_py']
[0.177s] Level 1:colcon.colcon_core.package_identification:_identify(.) by extension 'python_setup_py'
[0.177s] Level 1:colcon.colcon_core.package_identification:_identify(build) by extensions ['ignore', 'ignore_ament_install']
[0.177s] Level 1:colcon.colcon_core.package_identification:_identify(build) by extension 'ignore'
[0.177s] Level 1:colcon.colcon_core.package_identification:_identify(build) ignored
[0.177s] Level 1:colcon.colcon_core.package_identification:_identify(install) by extensions ['ignore', 'ignore_ament_install']
[0.177s] Level 1:colcon.colcon_core.package_identification:_identify(install) by extension 'ignore'
[0.177s] Level 1:colcon.colcon_core.package_identification:_identify(install) ignored
[0.177s] Level 1:colcon.colcon_core.package_identification:_identify(log) by extensions ['ignore', 'ignore_ament_install']
[0.177s] Level 1:colcon.colcon_core.package_identification:_identify(log) by extension 'ignore'
[0.177s] Level 1:colcon.colcon_core.package_identification:_identify(log) ignored
[0.177s] Level 1:colcon.colcon_core.package_identification:_identify(src) by extensions ['ignore', 'ignore_ament_install']
[0.178s] Level 1:colcon.colcon_core.package_identification:_identify(src) by extension 'ignore'
[0.178s] Level 1:colcon.colcon_core.package_identification:_identify(src) by extension 'ignore_ament_install'
[0.178s] Level 1:colcon.colcon_core.package_identification:_identify(src) by extensions ['colcon_pkg']
[0.178s] Level 1:colcon.colcon_core.package_identification:_identify(src) by extension 'colcon_pkg'
[0.178s] Level 1:colcon.colcon_core.package_identification:_identify(src) by extensions ['colcon_meta']
[0.178s] Level 1:colcon.colcon_core.package_identification:_identify(src) by extension 'colcon_meta'
[0.178s] Level 1:colcon.colcon_core.package_identification:_identify(src) by extensions ['ros']
[0.178s] Level 1:colcon.colcon_core.package_identification:_identify(src) by extension 'ros'
[0.178s] Level 1:colcon.colcon_core.package_identification:_identify(src) by extensions ['cmake', 'python']
[0.178s] Level 1:colcon.colcon_core.package_identification:_identify(src) by extension 'cmake'
[0.178s] Level 1:colcon.colcon_core.package_identification:_identify(src) by extension 'python'
[0.178s] Level 1:colcon.colcon_core.package_identification:_identify(src) by extensions ['python_setup_py']
[0.178s] Level 1:colcon.colcon_core.package_identification:_identify(src) by extension 'python_setup_py'
[0.178s] Level 1:colcon.colcon_core.package_identification:_identify(src/behaviortree_ros2) by extensions ['ignore', 'ignore_ament_install']
[0.178s] Level 1:colcon.colcon_core.package_identification:_identify(src/behaviortree_ros2) by extension 'ignore'
[0.178s] Level 1:colcon.colcon_core.package_identification:_identify(src/behaviortree_ros2) by extension 'ignore_ament_install'
[0.178s] Level 1:colcon.colcon_core.package_identification:_identify(src/behaviortree_ros2) by extensions ['colcon_pkg']
[0.178s] Level 1:colcon.colcon_core.package_identification:_identify(src/behaviortree_ros2) by extension 'colcon_pkg'
[0.178s] Level 1:colcon.colcon_core.package_identification:_identify(src/behaviortree_ros2) by extensions ['colcon_meta']
[0.178s] Level 1:colcon.colcon_core.package_identification:_identify(src/behaviortree_ros2) by extension 'colcon_meta'
[0.178s] Level 1:colcon.colcon_core.package_identification:_identify(src/behaviortree_ros2) by extensions ['ros']
[0.178s] Level 1:colcon.colcon_core.package_identification:_identify(src/behaviortree_ros2) by extension 'ros'
[0.179s] Level 1:colcon.colcon_core.package_identification:_identify(src/behaviortree_ros2) by extensions ['cmake', 'python']
[0.179s] Level 1:colcon.colcon_core.package_identification:_identify(src/behaviortree_ros2) by extension 'cmake'
[0.179s] Level 1:colcon.colcon_core.package_identification:_identify(src/behaviortree_ros2) by extension 'python'
[0.179s] Level 1:colcon.colcon_core.package_identification:_identify(src/behaviortree_ros2) by extensions ['python_setup_py']
[0.179s] Level 1:colcon.colcon_core.package_identification:_identify(src/behaviortree_ros2) by extension 'python_setup_py'
[0.179s] Level 1:colcon.colcon_core.package_identification:_identify(src/behaviortree_ros2/behaviortree_ros2) by extensions ['ignore', 'ignore_ament_install']
[0.179s] Level 1:colcon.colcon_core.package_identification:_identify(src/behaviortree_ros2/behaviortree_ros2) by extension 'ignore'
[0.179s] Level 1:colcon.colcon_core.package_identification:_identify(src/behaviortree_ros2/behaviortree_ros2) by extension 'ignore_ament_install'
[0.179s] Level 1:colcon.colcon_core.package_identification:_identify(src/behaviortree_ros2/behaviortree_ros2) by extensions ['colcon_pkg']
[0.179s] Level 1:colcon.colcon_core.package_identification:_identify(src/behaviortree_ros2/behaviortree_ros2) by extension 'colcon_pkg'
[0.179s] Level 1:colcon.colcon_core.package_identification:_identify(src/behaviortree_ros2/behaviortree_ros2) by extensions ['colcon_meta']
[0.179s] Level 1:colcon.colcon_core.package_identification:_identify(src/behaviortree_ros2/behaviortree_ros2) by extension 'colcon_meta'
[0.179s] Level 1:colcon.colcon_core.package_identification:_identify(src/behaviortree_ros2/behaviortree_ros2) by extensions ['ros']
[0.179s] Level 1:colcon.colcon_core.package_identification:_identify(src/behaviortree_ros2/behaviortree_ros2) by extension 'ros'
[0.181s] DEBUG:colcon.colcon_core.package_identification:Package 'src/behaviortree_ros2/behaviortree_ros2' with type 'ros.ament_cmake' and name 'behaviortree_ros2'
[0.181s] Level 1:colcon.colcon_core.package_identification:_identify(src/behaviortree_ros2/btcpp_ros2_interfaces) by extensions ['ignore', 'ignore_ament_install']
[0.181s] Level 1:colcon.colcon_core.package_identification:_identify(src/behaviortree_ros2/btcpp_ros2_interfaces) by extension 'ignore'
[0.181s] Level 1:colcon.colcon_core.package_identification:_identify(src/behaviortree_ros2/btcpp_ros2_interfaces) by extension 'ignore_ament_install'
[0.182s] Level 1:colcon.colcon_core.package_identification:_identify(src/behaviortree_ros2/btcpp_ros2_interfaces) by extensions ['colcon_pkg']
[0.182s] Level 1:colcon.colcon_core.package_identification:_identify(src/behaviortree_ros2/btcpp_ros2_interfaces) by extension 'colcon_pkg'
[0.182s] Level 1:colcon.colcon_core.package_identification:_identify(src/behaviortree_ros2/btcpp_ros2_interfaces) by extensions ['colcon_meta']
[0.182s] Level 1:colcon.colcon_core.package_identification:_identify(src/behaviortree_ros2/btcpp_ros2_interfaces) by extension 'colcon_meta'
[0.182s] Level 1:colcon.colcon_core.package_identification:_identify(src/behaviortree_ros2/btcpp_ros2_interfaces) by extensions ['ros']
[0.182s] Level 1:colcon.colcon_core.package_identification:_identify(src/behaviortree_ros2/btcpp_ros2_interfaces) by extension 'ros'
[0.182s] DEBUG:colcon.colcon_core.package_identification:Package 'src/behaviortree_ros2/btcpp_ros2_interfaces' with type 'ros.ament_cmake' and name 'btcpp_ros2_interfaces'
[0.182s] Level 1:colcon.colcon_core.package_identification:_identify(src/behaviortree_ros2/btcpp_ros2_samples) by extensions ['ignore', 'ignore_ament_install']
[0.182s] Level 1:colcon.colcon_core.package_identification:_identify(src/behaviortree_ros2/btcpp_ros2_samples) by extension 'ignore'
[0.182s] Level 1:colcon.colcon_core.package_identification:_identify(src/behaviortree_ros2/btcpp_ros2_samples) by extension 'ignore_ament_install'
[0.182s] Level 1:colcon.colcon_core.package_identification:_identify(src/behaviortree_ros2/btcpp_ros2_samples) by extensions ['colcon_pkg']
[0.183s] Level 1:colcon.colcon_core.package_identification:_identify(src/behaviortree_ros2/btcpp_ros2_samples) by extension 'colcon_pkg'
[0.183s] Level 1:colcon.colcon_core.package_identification:_identify(src/behaviortree_ros2/btcpp_ros2_samples) by extensions ['colcon_meta']
[0.183s] Level 1:colcon.colcon_core.package_identification:_identify(src/behaviortree_ros2/btcpp_ros2_samples) by extension 'colcon_meta'
[0.183s] Level 1:colcon.colcon_core.package_identification:_identify(src/behaviortree_ros2/btcpp_ros2_samples) by extensions ['ros']
[0.183s] Level 1:colcon.colcon_core.package_identification:_identify(src/behaviortree_ros2/btcpp_ros2_samples) by extension 'ros'
[0.183s] DEBUG:colcon.colcon_core.package_identification:Package 'src/behaviortree_ros2/btcpp_ros2_samples' with type 'ros.ament_cmake' and name 'btcpp_ros2_samples'
[0.183s] Level 1:colcon.colcon_core.package_identification:_identify(src/erc2025_remote_sim) by extensions ['ignore', 'ignore_ament_install']
[0.183s] Level 1:colcon.colcon_core.package_identification:_identify(src/erc2025_remote_sim) by extension 'ignore'
[0.183s] Level 1:colcon.colcon_core.package_identification:_identify(src/erc2025_remote_sim) by extension 'ignore_ament_install'
[0.183s] Level 1:colcon.colcon_core.package_identification:_identify(src/erc2025_remote_sim) by extensions ['colcon_pkg']
[0.183s] Level 1:colcon.colcon_core.package_identification:_identify(src/erc2025_remote_sim) by extension 'colcon_pkg'
[0.183s] Level 1:colcon.colcon_core.package_identification:_identify(src/erc2025_remote_sim) by extensions ['colcon_meta']
[0.183s] Level 1:colcon.colcon_core.package_identification:_identify(src/erc2025_remote_sim) by extension 'colcon_meta'
[0.183s] Level 1:colcon.colcon_core.package_identification:_identify(src/erc2025_remote_sim) by extensions ['ros']
[0.183s] Level 1:colcon.colcon_core.package_identification:_identify(src/erc2025_remote_sim) by extension 'ros'
[0.184s] DEBUG:colcon.colcon_core.package_identification:Package 'src/erc2025_remote_sim' with type 'ros.ament_cmake' and name 'erc2025_remote_sim'
[0.184s] Level 1:colcon.colcon_core.package_identification:_identify(src/husarion_controllers) by extensions ['ignore', 'ignore_ament_install']
[0.184s] Level 1:colcon.colcon_core.package_identification:_identify(src/husarion_controllers) by extension 'ignore'
[0.184s] Level 1:colcon.colcon_core.package_identification:_identify(src/husarion_controllers) by extension 'ignore_ament_install'
[0.184s] Level 1:colcon.colcon_core.package_identification:_identify(src/husarion_controllers) by extensions ['colcon_pkg']
[0.184s] Level 1:colcon.colcon_core.package_identification:_identify(src/husarion_controllers) by extension 'colcon_pkg'
[0.184s] Level 1:colcon.colcon_core.package_identification:_identify(src/husarion_controllers) by extensions ['colcon_meta']
[0.184s] Level 1:colcon.colcon_core.package_identification:_identify(src/husarion_controllers) by extension 'colcon_meta'
[0.184s] Level 1:colcon.colcon_core.package_identification:_identify(src/husarion_controllers) by extensions ['ros']
[0.184s] Level 1:colcon.colcon_core.package_identification:_identify(src/husarion_controllers) by extension 'ros'
[0.184s] Level 1:colcon.colcon_core.package_identification:_identify(src/husarion_controllers) by extensions ['cmake', 'python']
[0.184s] Level 1:colcon.colcon_core.package_identification:_identify(src/husarion_controllers) by extension 'cmake'
[0.184s] Level 1:colcon.colcon_core.package_identification:_identify(src/husarion_controllers) by extension 'python'
[0.185s] Level 1:colcon.colcon_core.package_identification:_identify(src/husarion_controllers) by extensions ['python_setup_py']
[0.185s] Level 1:colcon.colcon_core.package_identification:_identify(src/husarion_controllers) by extension 'python_setup_py'
[0.185s] Level 1:colcon.colcon_core.package_identification:_identify(src/husarion_controllers/mecanum_drive_controller) by extensions ['ignore', 'ignore_ament_install']
[0.185s] Level 1:colcon.colcon_core.package_identification:_identify(src/husarion_controllers/mecanum_drive_controller) by extension 'ignore'
[0.185s] Level 1:colcon.colcon_core.package_identification:_identify(src/husarion_controllers/mecanum_drive_controller) by extension 'ignore_ament_install'
[0.185s] Level 1:colcon.colcon_core.package_identification:_identify(src/husarion_controllers/mecanum_drive_controller) by extensions ['colcon_pkg']
[0.185s] Level 1:colcon.colcon_core.package_identification:_identify(src/husarion_controllers/mecanum_drive_controller) by extension 'colcon_pkg'
[0.185s] Level 1:colcon.colcon_core.package_identification:_identify(src/husarion_controllers/mecanum_drive_controller) by extensions ['colcon_meta']
[0.185s] Level 1:colcon.colcon_core.package_identification:_identify(src/husarion_controllers/mecanum_drive_controller) by extension 'colcon_meta'
[0.185s] Level 1:colcon.colcon_core.package_identification:_identify(src/husarion_controllers/mecanum_drive_controller) by extensions ['ros']
[0.185s] Level 1:colcon.colcon_core.package_identification:_identify(src/husarion_controllers/mecanum_drive_controller) by extension 'ros'
[0.186s] DEBUG:colcon.colcon_core.package_identification:Package 'src/husarion_controllers/mecanum_drive_controller' with type 'ros.ament_cmake' and name 'mecanum_drive_controller'
[0.186s] Level 1:colcon.colcon_core.package_identification:_identify(src/husarion_gz_worlds) by extensions ['ignore', 'ignore_ament_install']
[0.186s] Level 1:colcon.colcon_core.package_identification:_identify(src/husarion_gz_worlds) by extension 'ignore'
[0.186s] Level 1:colcon.colcon_core.package_identification:_identify(src/husarion_gz_worlds) by extension 'ignore_ament_install'
[0.186s] Level 1:colcon.colcon_core.package_identification:_identify(src/husarion_gz_worlds) by extensions ['colcon_pkg']
[0.186s] Level 1:colcon.colcon_core.package_identification:_identify(src/husarion_gz_worlds) by extension 'colcon_pkg'
[0.186s] Level 1:colcon.colcon_core.package_identification:_identify(src/husarion_gz_worlds) by extensions ['colcon_meta']
[0.186s] Level 1:colcon.colcon_core.package_identification:_identify(src/husarion_gz_worlds) by extension 'colcon_meta'
[0.186s] Level 1:colcon.colcon_core.package_identification:_identify(src/husarion_gz_worlds) by extensions ['ros']
[0.186s] Level 1:colcon.colcon_core.package_identification:_identify(src/husarion_gz_worlds) by extension 'ros'
[0.187s] DEBUG:colcon.colcon_core.package_identification:Package 'src/husarion_gz_worlds' with type 'ros.ament_cmake' and name 'husarion_gz_worlds'
[0.187s] Level 1:colcon.colcon_core.package_identification:_identify(src/husarion_ugv_ros) by extensions ['ignore', 'ignore_ament_install']
[0.187s] Level 1:colcon.colcon_core.package_identification:_identify(src/husarion_ugv_ros) by extension 'ignore'
[0.187s] Level 1:colcon.colcon_core.package_identification:_identify(src/husarion_ugv_ros) by extension 'ignore_ament_install'
[0.187s] Level 1:colcon.colcon_core.package_identification:_identify(src/husarion_ugv_ros) by extensions ['colcon_pkg']
[0.187s] Level 1:colcon.colcon_core.package_identification:_identify(src/husarion_ugv_ros) by extension 'colcon_pkg'
[0.187s] Level 1:colcon.colcon_core.package_identification:_identify(src/husarion_ugv_ros) by extensions ['colcon_meta']
[0.187s] Level 1:colcon.colcon_core.package_identification:_identify(src/husarion_ugv_ros) by extension 'colcon_meta'
[0.187s] Level 1:colcon.colcon_core.package_identification:_identify(src/husarion_ugv_ros) by extensions ['ros']
[0.187s] Level 1:colcon.colcon_core.package_identification:_identify(src/husarion_ugv_ros) by extension 'ros'
[0.187s] Level 1:colcon.colcon_core.package_identification:_identify(src/husarion_ugv_ros) by extensions ['cmake', 'python']
[0.187s] Level 1:colcon.colcon_core.package_identification:_identify(src/husarion_ugv_ros) by extension 'cmake'
[0.187s] Level 1:colcon.colcon_core.package_identification:_identify(src/husarion_ugv_ros) by extension 'python'
[0.187s] Level 1:colcon.colcon_core.package_identification:_identify(src/husarion_ugv_ros) by extensions ['python_setup_py']
[0.187s] Level 1:colcon.colcon_core.package_identification:_identify(src/husarion_ugv_ros) by extension 'python_setup_py'
[0.187s] Level 1:colcon.colcon_core.package_identification:_identify(src/husarion_ugv_ros/docker) by extensions ['ignore', 'ignore_ament_install']
[0.187s] Level 1:colcon.colcon_core.package_identification:_identify(src/husarion_ugv_ros/docker) by extension 'ignore'
[0.187s] Level 1:colcon.colcon_core.package_identification:_identify(src/husarion_ugv_ros/docker) by extension 'ignore_ament_install'
[0.187s] Level 1:colcon.colcon_core.package_identification:_identify(src/husarion_ugv_ros/docker) by extensions ['colcon_pkg']
[0.187s] Level 1:colcon.colcon_core.package_identification:_identify(src/husarion_ugv_ros/docker) by extension 'colcon_pkg'
[0.188s] Level 1:colcon.colcon_core.package_identification:_identify(src/husarion_ugv_ros/docker) by extensions ['colcon_meta']
[0.188s] Level 1:colcon.colcon_core.package_identification:_identify(src/husarion_ugv_ros/docker) by extension 'colcon_meta'
[0.188s] Level 1:colcon.colcon_core.package_identification:_identify(src/husarion_ugv_ros/docker) by extensions ['ros']
[0.188s] Level 1:colcon.colcon_core.package_identification:_identify(src/husarion_ugv_ros/docker) by extension 'ros'
[0.188s] Level 1:colcon.colcon_core.package_identification:_identify(src/husarion_ugv_ros/docker) by extensions ['cmake', 'python']
[0.188s] Level 1:colcon.colcon_core.package_identification:_identify(src/husarion_ugv_ros/docker) by extension 'cmake'
[0.188s] Level 1:colcon.colcon_core.package_identification:_identify(src/husarion_ugv_ros/docker) by extension 'python'
[0.188s] Level 1:colcon.colcon_core.package_identification:_identify(src/husarion_ugv_ros/docker) by extensions ['python_setup_py']
[0.188s] Level 1:colcon.colcon_core.package_identification:_identify(src/husarion_ugv_ros/docker) by extension 'python_setup_py'
[0.188s] Level 1:colcon.colcon_core.package_identification:_identify(src/husarion_ugv_ros/docker/demo) by extensions ['ignore', 'ignore_ament_install']
[0.188s] Level 1:colcon.colcon_core.package_identification:_identify(src/husarion_ugv_ros/docker/demo) by extension 'ignore'
[0.188s] Level 1:colcon.colcon_core.package_identification:_identify(src/husarion_ugv_ros/docker/demo) by extension 'ignore_ament_install'
[0.188s] Level 1:colcon.colcon_core.package_identification:_identify(src/husarion_ugv_ros/docker/demo) by extensions ['colcon_pkg']
[0.188s] Level 1:colcon.colcon_core.package_identification:_identify(src/husarion_ugv_ros/docker/demo) by extension 'colcon_pkg'
[0.188s] Level 1:colcon.colcon_core.package_identification:_identify(src/husarion_ugv_ros/docker/demo) by extensions ['colcon_meta']
[0.188s] Level 1:colcon.colcon_core.package_identification:_identify(src/husarion_ugv_ros/docker/demo) by extension 'colcon_meta'
[0.188s] Level 1:colcon.colcon_core.package_identification:_identify(src/husarion_ugv_ros/docker/demo) by extensions ['ros']
[0.188s] Level 1:colcon.colcon_core.package_identification:_identify(src/husarion_ugv_ros/docker/demo) by extension 'ros'
[0.188s] Level 1:colcon.colcon_core.package_identification:_identify(src/husarion_ugv_ros/docker/demo) by extensions ['cmake', 'python']
[0.188s] Level 1:colcon.colcon_core.package_identification:_identify(src/husarion_ugv_ros/docker/demo) by extension 'cmake'
[0.188s] Level 1:colcon.colcon_core.package_identification:_identify(src/husarion_ugv_ros/docker/demo) by extension 'python'
[0.188s] Level 1:colcon.colcon_core.package_identification:_identify(src/husarion_ugv_ros/docker/demo) by extensions ['python_setup_py']
[0.188s] Level 1:colcon.colcon_core.package_identification:_identify(src/husarion_ugv_ros/docker/demo) by extension 'python_setup_py'
[0.189s] Level 1:colcon.colcon_core.package_identification:_identify(src/husarion_ugv_ros/docker/utils) by extensions ['ignore', 'ignore_ament_install']
[0.189s] Level 1:colcon.colcon_core.package_identification:_identify(src/husarion_ugv_ros/docker/utils) by extension 'ignore'
[0.189s] Level 1:colcon.colcon_core.package_identification:_identify(src/husarion_ugv_ros/docker/utils) by extension 'ignore_ament_install'
[0.189s] Level 1:colcon.colcon_core.package_identification:_identify(src/husarion_ugv_ros/docker/utils) by extensions ['colcon_pkg']
[0.189s] Level 1:colcon.colcon_core.package_identification:_identify(src/husarion_ugv_ros/docker/utils) by extension 'colcon_pkg'
[0.189s] Level 1:colcon.colcon_core.package_identification:_identify(src/husarion_ugv_ros/docker/utils) by extensions ['colcon_meta']
[0.189s] Level 1:colcon.colcon_core.package_identification:_identify(src/husarion_ugv_ros/docker/utils) by extension 'colcon_meta'
[0.189s] Level 1:colcon.colcon_core.package_identification:_identify(src/husarion_ugv_ros/docker/utils) by extensions ['ros']
[0.189s] Level 1:colcon.colcon_core.package_identification:_identify(src/husarion_ugv_ros/docker/utils) by extension 'ros'
[0.189s] Level 1:colcon.colcon_core.package_identification:_identify(src/husarion_ugv_ros/docker/utils) by extensions ['cmake', 'python']
[0.189s] Level 1:colcon.colcon_core.package_identification:_identify(src/husarion_ugv_ros/docker/utils) by extension 'cmake'
[0.189s] Level 1:colcon.colcon_core.package_identification:_identify(src/husarion_ugv_ros/docker/utils) by extension 'python'
[0.189s] Level 1:colcon.colcon_core.package_identification:_identify(src/husarion_ugv_ros/docker/utils) by extensions ['python_setup_py']
[0.189s] Level 1:colcon.colcon_core.package_identification:_identify(src/husarion_ugv_ros/docker/utils) by extension 'python_setup_py'
[0.189s] Level 1:colcon.colcon_core.package_identification:_identify(src/husarion_ugv_ros/husarion_ugv) by extensions ['ignore', 'ignore_ament_install']
[0.189s] Level 1:colcon.colcon_core.package_identification:_identify(src/husarion_ugv_ros/husarion_ugv) by extension 'ignore'
[0.189s] Level 1:colcon.colcon_core.package_identification:_identify(src/husarion_ugv_ros/husarion_ugv) by extension 'ignore_ament_install'
[0.189s] Level 1:colcon.colcon_core.package_identification:_identify(src/husarion_ugv_ros/husarion_ugv) by extensions ['colcon_pkg']
[0.189s] Level 1:colcon.colcon_core.package_identification:_identify(src/husarion_ugv_ros/husarion_ugv) by extension 'colcon_pkg'
[0.189s] Level 1:colcon.colcon_core.package_identification:_identify(src/husarion_ugv_ros/husarion_ugv) by extensions ['colcon_meta']
[0.189s] Level 1:colcon.colcon_core.package_identification:_identify(src/husarion_ugv_ros/husarion_ugv) by extension 'colcon_meta'
[0.190s] Level 1:colcon.colcon_core.package_identification:_identify(src/husarion_ugv_ros/husarion_ugv) by extensions ['ros']
[0.190s] Level 1:colcon.colcon_core.package_identification:_identify(src/husarion_ugv_ros/husarion_ugv) by extension 'ros'
[0.193s] DEBUG:colcon.colcon_core.package_identification:Package 'src/husarion_ugv_ros/husarion_ugv' with type 'ros.ament_cmake' and name 'husarion_ugv'
[0.193s] Level 1:colcon.colcon_core.package_identification:_identify(src/husarion_ugv_ros/husarion_ugv_battery) by extensions ['ignore', 'ignore_ament_install']
[0.193s] Level 1:colcon.colcon_core.package_identification:_identify(src/husarion_ugv_ros/husarion_ugv_battery) by extension 'ignore'
[0.193s] Level 1:colcon.colcon_core.package_identification:_identify(src/husarion_ugv_ros/husarion_ugv_battery) by extension 'ignore_ament_install'
[0.193s] Level 1:colcon.colcon_core.package_identification:_identify(src/husarion_ugv_ros/husarion_ugv_battery) by extensions ['colcon_pkg']
[0.193s] Level 1:colcon.colcon_core.package_identification:_identify(src/husarion_ugv_ros/husarion_ugv_battery) by extension 'colcon_pkg'
[0.193s] Level 1:colcon.colcon_core.package_identification:_identify(src/husarion_ugv_ros/husarion_ugv_battery) by extensions ['colcon_meta']
[0.193s] Level 1:colcon.colcon_core.package_identification:_identify(src/husarion_ugv_ros/husarion_ugv_battery) by extension 'colcon_meta'
[0.193s] Level 1:colcon.colcon_core.package_identification:_identify(src/husarion_ugv_ros/husarion_ugv_battery) by extensions ['ros']
[0.193s] Level 1:colcon.colcon_core.package_identification:_identify(src/husarion_ugv_ros/husarion_ugv_battery) by extension 'ros'
[0.194s] DEBUG:colcon.colcon_core.package_identification:Package 'src/husarion_ugv_ros/husarion_ugv_battery' with type 'ros.ament_cmake' and name 'husarion_ugv_battery'
[0.194s] Level 1:colcon.colcon_core.package_identification:_identify(src/husarion_ugv_ros/husarion_ugv_bringup) by extensions ['ignore', 'ignore_ament_install']
[0.194s] Level 1:colcon.colcon_core.package_identification:_identify(src/husarion_ugv_ros/husarion_ugv_bringup) by extension 'ignore'
[0.194s] Level 1:colcon.colcon_core.package_identification:_identify(src/husarion_ugv_ros/husarion_ugv_bringup) by extension 'ignore_ament_install'
[0.194s] Level 1:colcon.colcon_core.package_identification:_identify(src/husarion_ugv_ros/husarion_ugv_bringup) by extensions ['colcon_pkg']
[0.194s] Level 1:colcon.colcon_core.package_identification:_identify(src/husarion_ugv_ros/husarion_ugv_bringup) by extension 'colcon_pkg'
[0.194s] Level 1:colcon.colcon_core.package_identification:_identify(src/husarion_ugv_ros/husarion_ugv_bringup) by extensions ['colcon_meta']
[0.194s] Level 1:colcon.colcon_core.package_identification:_identify(src/husarion_ugv_ros/husarion_ugv_bringup) by extension 'colcon_meta'
[0.194s] Level 1:colcon.colcon_core.package_identification:_identify(src/husarion_ugv_ros/husarion_ugv_bringup) by extensions ['ros']
[0.194s] Level 1:colcon.colcon_core.package_identification:_identify(src/husarion_ugv_ros/husarion_ugv_bringup) by extension 'ros'
[0.196s] DEBUG:colcon.colcon_core.package_identification:Package 'src/husarion_ugv_ros/husarion_ugv_bringup' with type 'ros.ament_cmake' and name 'husarion_ugv_bringup'
[0.196s] Level 1:colcon.colcon_core.package_identification:_identify(src/husarion_ugv_ros/husarion_ugv_controller) by extensions ['ignore', 'ignore_ament_install']
[0.196s] Level 1:colcon.colcon_core.package_identification:_identify(src/husarion_ugv_ros/husarion_ugv_controller) by extension 'ignore'
[0.196s] Level 1:colcon.colcon_core.package_identification:_identify(src/husarion_ugv_ros/husarion_ugv_controller) by extension 'ignore_ament_install'
[0.197s] Level 1:colcon.colcon_core.package_identification:_identify(src/husarion_ugv_ros/husarion_ugv_controller) by extensions ['colcon_pkg']
[0.197s] Level 1:colcon.colcon_core.package_identification:_identify(src/husarion_ugv_ros/husarion_ugv_controller) by extension 'colcon_pkg'
[0.197s] Level 1:colcon.colcon_core.package_identification:_identify(src/husarion_ugv_ros/husarion_ugv_controller) by extensions ['colcon_meta']
[0.197s] Level 1:colcon.colcon_core.package_identification:_identify(src/husarion_ugv_ros/husarion_ugv_controller) by extension 'colcon_meta'
[0.197s] Level 1:colcon.colcon_core.package_identification:_identify(src/husarion_ugv_ros/husarion_ugv_controller) by extensions ['ros']
[0.197s] Level 1:colcon.colcon_core.package_identification:_identify(src/husarion_ugv_ros/husarion_ugv_controller) by extension 'ros'
[0.197s] DEBUG:colcon.colcon_core.package_identification:Package 'src/husarion_ugv_ros/husarion_ugv_controller' with type 'ros.ament_cmake' and name 'husarion_ugv_controller'
[0.197s] Level 1:colcon.colcon_core.package_identification:_identify(src/husarion_ugv_ros/husarion_ugv_description) by extensions ['ignore', 'ignore_ament_install']
[0.197s] Level 1:colcon.colcon_core.package_identification:_identify(src/husarion_ugv_ros/husarion_ugv_description) by extension 'ignore'
[0.198s] Level 1:colcon.colcon_core.package_identification:_identify(src/husarion_ugv_ros/husarion_ugv_description) by extension 'ignore_ament_install'
[0.198s] Level 1:colcon.colcon_core.package_identification:_identify(src/husarion_ugv_ros/husarion_ugv_description) by extensions ['colcon_pkg']
[0.198s] Level 1:colcon.colcon_core.package_identification:_identify(src/husarion_ugv_ros/husarion_ugv_description) by extension 'colcon_pkg'
[0.198s] Level 1:colcon.colcon_core.package_identification:_identify(src/husarion_ugv_ros/husarion_ugv_description) by extensions ['colcon_meta']
[0.198s] Level 1:colcon.colcon_core.package_identification:_identify(src/husarion_ugv_ros/husarion_ugv_description) by extension 'colcon_meta'
[0.198s] Level 1:colcon.colcon_core.package_identification:_identify(src/husarion_ugv_ros/husarion_ugv_description) by extensions ['ros']
[0.198s] Level 1:colcon.colcon_core.package_identification:_identify(src/husarion_ugv_ros/husarion_ugv_description) by extension 'ros'
[0.198s] DEBUG:colcon.colcon_core.package_identification:Package 'src/husarion_ugv_ros/husarion_ugv_description' with type 'ros.ament_cmake' and name 'husarion_ugv_description'
[0.199s] Level 1:colcon.colcon_core.package_identification:_identify(src/husarion_ugv_ros/husarion_ugv_diagnostics) by extensions ['ignore', 'ignore_ament_install']
[0.199s] Level 1:colcon.colcon_core.package_identification:_identify(src/husarion_ugv_ros/husarion_ugv_diagnostics) by extension 'ignore'
[0.199s] Level 1:colcon.colcon_core.package_identification:_identify(src/husarion_ugv_ros/husarion_ugv_diagnostics) by extension 'ignore_ament_install'
[0.199s] Level 1:colcon.colcon_core.package_identification:_identify(src/husarion_ugv_ros/husarion_ugv_diagnostics) by extensions ['colcon_pkg']
[0.199s] Level 1:colcon.colcon_core.package_identification:_identify(src/husarion_ugv_ros/husarion_ugv_diagnostics) by extension 'colcon_pkg'
[0.199s] Level 1:colcon.colcon_core.package_identification:_identify(src/husarion_ugv_ros/husarion_ugv_diagnostics) by extensions ['colcon_meta']
[0.199s] Level 1:colcon.colcon_core.package_identification:_identify(src/husarion_ugv_ros/husarion_ugv_diagnostics) by extension 'colcon_meta'
[0.199s] Level 1:colcon.colcon_core.package_identification:_identify(src/husarion_ugv_ros/husarion_ugv_diagnostics) by extensions ['ros']
[0.199s] Level 1:colcon.colcon_core.package_identification:_identify(src/husarion_ugv_ros/husarion_ugv_diagnostics) by extension 'ros'
[0.200s] DEBUG:colcon.colcon_core.package_identification:Package 'src/husarion_ugv_ros/husarion_ugv_diagnostics' with type 'ros.ament_cmake' and name 'husarion_ugv_diagnostics'
[0.200s] Level 1:colcon.colcon_core.package_identification:_identify(src/husarion_ugv_ros/husarion_ugv_gazebo) by extensions ['ignore', 'ignore_ament_install']
[0.200s] Level 1:colcon.colcon_core.package_identification:_identify(src/husarion_ugv_ros/husarion_ugv_gazebo) by extension 'ignore'
[0.200s] Level 1:colcon.colcon_core.package_identification:_identify(src/husarion_ugv_ros/husarion_ugv_gazebo) by extension 'ignore_ament_install'
[0.200s] Level 1:colcon.colcon_core.package_identification:_identify(src/husarion_ugv_ros/husarion_ugv_gazebo) by extensions ['colcon_pkg']
[0.200s] Level 1:colcon.colcon_core.package_identification:_identify(src/husarion_ugv_ros/husarion_ugv_gazebo) by extension 'colcon_pkg'
[0.200s] Level 1:colcon.colcon_core.package_identification:_identify(src/husarion_ugv_ros/husarion_ugv_gazebo) by extensions ['colcon_meta']
[0.200s] Level 1:colcon.colcon_core.package_identification:_identify(src/husarion_ugv_ros/husarion_ugv_gazebo) by extension 'colcon_meta'
[0.200s] Level 1:colcon.colcon_core.package_identification:_identify(src/husarion_ugv_ros/husarion_ugv_gazebo) by extensions ['ros']
[0.200s] Level 1:colcon.colcon_core.package_identification:_identify(src/husarion_ugv_ros/husarion_ugv_gazebo) by extension 'ros'
[0.206s] DEBUG:colcon.colcon_core.package_identification:Package 'src/husarion_ugv_ros/husarion_ugv_gazebo' with type 'ros.ament_cmake' and name 'husarion_ugv_gazebo'
[0.207s] Level 1:colcon.colcon_core.package_identification:_identify(src/husarion_ugv_ros/husarion_ugv_hardware_interfaces) by extensions ['ignore', 'ignore_ament_install']
[0.207s] Level 1:colcon.colcon_core.package_identification:_identify(src/husarion_ugv_ros/husarion_ugv_hardware_interfaces) by extension 'ignore'
[0.207s] Level 1:colcon.colcon_core.package_identification:_identify(src/husarion_ugv_ros/husarion_ugv_hardware_interfaces) by extension 'ignore_ament_install'
[0.207s] Level 1:colcon.colcon_core.package_identification:_identify(src/husarion_ugv_ros/husarion_ugv_hardware_interfaces) by extensions ['colcon_pkg']
[0.207s] Level 1:colcon.colcon_core.package_identification:_identify(src/husarion_ugv_ros/husarion_ugv_hardware_interfaces) by extension 'colcon_pkg'
[0.207s] Level 1:colcon.colcon_core.package_identification:_identify(src/husarion_ugv_ros/husarion_ugv_hardware_interfaces) by extensions ['colcon_meta']
[0.207s] Level 1:colcon.colcon_core.package_identification:_identify(src/husarion_ugv_ros/husarion_ugv_hardware_interfaces) by extension 'colcon_meta'
[0.207s] Level 1:colcon.colcon_core.package_identification:_identify(src/husarion_ugv_ros/husarion_ugv_hardware_interfaces) by extensions ['ros']
[0.207s] Level 1:colcon.colcon_core.package_identification:_identify(src/husarion_ugv_ros/husarion_ugv_hardware_interfaces) by extension 'ros'
[0.208s] DEBUG:colcon.colcon_core.package_identification:Package 'src/husarion_ugv_ros/husarion_ugv_hardware_interfaces' with type 'ros.ament_cmake' and name 'husarion_ugv_hardware_interfaces'
[0.208s] Level 1:colcon.colcon_core.package_identification:_identify(src/husarion_ugv_ros/husarion_ugv_lights) by extensions ['ignore', 'ignore_ament_install']
[0.208s] Level 1:colcon.colcon_core.package_identification:_identify(src/husarion_ugv_ros/husarion_ugv_lights) by extension 'ignore'
[0.208s] Level 1:colcon.colcon_core.package_identification:_identify(src/husarion_ugv_ros/husarion_ugv_lights) by extension 'ignore_ament_install'
[0.208s] Level 1:colcon.colcon_core.package_identification:_identify(src/husarion_ugv_ros/husarion_ugv_lights) by extensions ['colcon_pkg']
[0.208s] Level 1:colcon.colcon_core.package_identification:_identify(src/husarion_ugv_ros/husarion_ugv_lights) by extension 'colcon_pkg'
[0.208s] Level 1:colcon.colcon_core.package_identification:_identify(src/husarion_ugv_ros/husarion_ugv_lights) by extensions ['colcon_meta']
[0.208s] Level 1:colcon.colcon_core.package_identification:_identify(src/husarion_ugv_ros/husarion_ugv_lights) by extension 'colcon_meta'
[0.208s] Level 1:colcon.colcon_core.package_identification:_identify(src/husarion_ugv_ros/husarion_ugv_lights) by extensions ['ros']
[0.208s] Level 1:colcon.colcon_core.package_identification:_identify(src/husarion_ugv_ros/husarion_ugv_lights) by extension 'ros'
[0.209s] DEBUG:colcon.colcon_core.package_identification:Package 'src/husarion_ugv_ros/husarion_ugv_lights' with type 'ros.ament_cmake' and name 'husarion_ugv_lights'
[0.209s] Level 1:colcon.colcon_core.package_identification:_identify(src/husarion_ugv_ros/husarion_ugv_localization) by extensions ['ignore', 'ignore_ament_install']
[0.209s] Level 1:colcon.colcon_core.package_identification:_identify(src/husarion_ugv_ros/husarion_ugv_localization) by extension 'ignore'
[0.210s] Level 1:colcon.colcon_core.package_identification:_identify(src/husarion_ugv_ros/husarion_ugv_localization) by extension 'ignore_ament_install'
[0.210s] Level 1:colcon.colcon_core.package_identification:_identify(src/husarion_ugv_ros/husarion_ugv_localization) by extensions ['colcon_pkg']
[0.210s] Level 1:colcon.colcon_core.package_identification:_identify(src/husarion_ugv_ros/husarion_ugv_localization) by extension 'colcon_pkg'
[0.210s] Level 1:colcon.colcon_core.package_identification:_identify(src/husarion_ugv_ros/husarion_ugv_localization) by extensions ['colcon_meta']
[0.210s] Level 1:colcon.colcon_core.package_identification:_identify(src/husarion_ugv_ros/husarion_ugv_localization) by extension 'colcon_meta'
[0.210s] Level 1:colcon.colcon_core.package_identification:_identify(src/husarion_ugv_ros/husarion_ugv_localization) by extensions ['ros']
[0.210s] Level 1:colcon.colcon_core.package_identification:_identify(src/husarion_ugv_ros/husarion_ugv_localization) by extension 'ros'
[0.210s] DEBUG:colcon.colcon_core.package_identification:Package 'src/husarion_ugv_ros/husarion_ugv_localization' with type 'ros.ament_cmake' and name 'husarion_ugv_localization'
[0.210s] Level 1:colcon.colcon_core.package_identification:_identify(src/husarion_ugv_ros/husarion_ugv_manager) by extensions ['ignore', 'ignore_ament_install']
[0.210s] Level 1:colcon.colcon_core.package_identification:_identify(src/husarion_ugv_ros/husarion_ugv_manager) by extension 'ignore'
[0.210s] Level 1:colcon.colcon_core.package_identification:_identify(src/husarion_ugv_ros/husarion_ugv_manager) by extension 'ignore_ament_install'
[0.210s] Level 1:colcon.colcon_core.package_identification:_identify(src/husarion_ugv_ros/husarion_ugv_manager) by extensions ['colcon_pkg']
[0.210s] Level 1:colcon.colcon_core.package_identification:_identify(src/husarion_ugv_ros/husarion_ugv_manager) by extension 'colcon_pkg'
[0.210s] Level 1:colcon.colcon_core.package_identification:_identify(src/husarion_ugv_ros/husarion_ugv_manager) by extensions ['colcon_meta']
[0.210s] Level 1:colcon.colcon_core.package_identification:_identify(src/husarion_ugv_ros/husarion_ugv_manager) by extension 'colcon_meta'
[0.210s] Level 1:colcon.colcon_core.package_identification:_identify(src/husarion_ugv_ros/husarion_ugv_manager) by extensions ['ros']
[0.210s] Level 1:colcon.colcon_core.package_identification:_identify(src/husarion_ugv_ros/husarion_ugv_manager) by extension 'ros'
[0.211s] DEBUG:colcon.colcon_core.package_identification:Package 'src/husarion_ugv_ros/husarion_ugv_manager' with type 'ros.ament_cmake' and name 'husarion_ugv_manager'
[0.211s] Level 1:colcon.colcon_core.package_identification:_identify(src/husarion_ugv_ros/husarion_ugv_msgs) by extensions ['ignore', 'ignore_ament_install']
[0.211s] Level 1:colcon.colcon_core.package_identification:_identify(src/husarion_ugv_ros/husarion_ugv_msgs) by extension 'ignore'
[0.211s] Level 1:colcon.colcon_core.package_identification:_identify(src/husarion_ugv_ros/husarion_ugv_msgs) by extension 'ignore_ament_install'
[0.211s] Level 1:colcon.colcon_core.package_identification:_identify(src/husarion_ugv_ros/husarion_ugv_msgs) by extensions ['colcon_pkg']
[0.211s] Level 1:colcon.colcon_core.package_identification:_identify(src/husarion_ugv_ros/husarion_ugv_msgs) by extension 'colcon_pkg'
[0.212s] Level 1:colcon.colcon_core.package_identification:_identify(src/husarion_ugv_ros/husarion_ugv_msgs) by extensions ['colcon_meta']
[0.212s] Level 1:colcon.colcon_core.package_identification:_identify(src/husarion_ugv_ros/husarion_ugv_msgs) by extension 'colcon_meta'
[0.212s] Level 1:colcon.colcon_core.package_identification:_identify(src/husarion_ugv_ros/husarion_ugv_msgs) by extensions ['ros']
[0.212s] Level 1:colcon.colcon_core.package_identification:_identify(src/husarion_ugv_ros/husarion_ugv_msgs) by extension 'ros'
[0.212s] DEBUG:colcon.colcon_core.package_identification:Package 'src/husarion_ugv_ros/husarion_ugv_msgs' with type 'ros.ament_cmake' and name 'husarion_ugv_msgs'
[0.212s] Level 1:colcon.colcon_core.package_identification:_identify(src/husarion_ugv_ros/husarion_ugv_utils) by extensions ['ignore', 'ignore_ament_install']
[0.212s] Level 1:colcon.colcon_core.package_identification:_identify(src/husarion_ugv_ros/husarion_ugv_utils) by extension 'ignore'
[0.212s] Level 1:colcon.colcon_core.package_identification:_identify(src/husarion_ugv_ros/husarion_ugv_utils) by extension 'ignore_ament_install'
[0.212s] Level 1:colcon.colcon_core.package_identification:_identify(src/husarion_ugv_ros/husarion_ugv_utils) by extensions ['colcon_pkg']
[0.212s] Level 1:colcon.colcon_core.package_identification:_identify(src/husarion_ugv_ros/husarion_ugv_utils) by extension 'colcon_pkg'
[0.212s] Level 1:colcon.colcon_core.package_identification:_identify(src/husarion_ugv_ros/husarion_ugv_utils) by extensions ['colcon_meta']
[0.212s] Level 1:colcon.colcon_core.package_identification:_identify(src/husarion_ugv_ros/husarion_ugv_utils) by extension 'colcon_meta'
[0.212s] Level 1:colcon.colcon_core.package_identification:_identify(src/husarion_ugv_ros/husarion_ugv_utils) by extensions ['ros']
[0.213s] Level 1:colcon.colcon_core.package_identification:_identify(src/husarion_ugv_ros/husarion_ugv_utils) by extension 'ros'
[0.213s] DEBUG:colcon.colcon_core.package_identification:Package 'src/husarion_ugv_ros/husarion_ugv_utils' with type 'ros.ament_cmake' and name 'husarion_ugv_utils'
[0.213s] Level 1:colcon.colcon_core.package_identification:_identify(src/ros_components_description) by extensions ['ignore', 'ignore_ament_install']
[0.213s] Level 1:colcon.colcon_core.package_identification:_identify(src/ros_components_description) by extension 'ignore'
[0.213s] Level 1:colcon.colcon_core.package_identification:_identify(src/ros_components_description) by extension 'ignore_ament_install'
[0.213s] Level 1:colcon.colcon_core.package_identification:_identify(src/ros_components_description) by extensions ['colcon_pkg']
[0.213s] Level 1:colcon.colcon_core.package_identification:_identify(src/ros_components_description) by extension 'colcon_pkg'
[0.213s] Level 1:colcon.colcon_core.package_identification:_identify(src/ros_components_description) by extensions ['colcon_meta']
[0.213s] Level 1:colcon.colcon_core.package_identification:_identify(src/ros_components_description) by extension 'colcon_meta'
[0.214s] Level 1:colcon.colcon_core.package_identification:_identify(src/ros_components_description) by extensions ['ros']
[0.214s] Level 1:colcon.colcon_core.package_identification:_identify(src/ros_components_description) by extension 'ros'
[0.235s] DEBUG:colcon.colcon_core.package_identification:Package 'src/ros_components_description' with type 'ros.ament_cmake' and name 'ros_components_description'
[0.236s] Level 1:colcon.colcon_core.package_discovery:discover_packages(recursive) using defaults
[0.236s] Level 1:colcon.colcon_core.package_discovery:discover_packages(ignore) discover
[0.236s] Level 1:colcon.colcon_core.package_discovery:discover_packages(ignore) using defaults
[0.236s] Level 1:colcon.colcon_core.package_discovery:discover_packages(path) discover
[0.236s] Level 1:colcon.colcon_core.package_discovery:discover_packages(path) using defaults
[0.258s] INFO:colcon.colcon_core.package_selection:Skipping not selected package 'btcpp_ros2_interfaces' in 'src/behaviortree_ros2/btcpp_ros2_interfaces'
[0.258s] INFO:colcon.colcon_core.package_selection:Skipping not selected package 'husarion_gz_worlds' in 'src/husarion_gz_worlds'
[0.258s] INFO:colcon.colcon_core.package_selection:Skipping not selected package 'husarion_ugv_bringup' in 'src/husarion_ugv_ros/husarion_ugv_bringup'
[0.258s] INFO:colcon.colcon_core.package_selection:Skipping not selected package 'husarion_ugv_msgs' in 'src/husarion_ugv_ros/husarion_ugv_msgs'
[0.258s] INFO:colcon.colcon_core.package_selection:Skipping not selected package 'husarion_ugv_utils' in 'src/husarion_ugv_ros/husarion_ugv_utils'
[0.258s] INFO:colcon.colcon_core.package_selection:Skipping not selected package 'mecanum_drive_controller' in 'src/husarion_controllers/mecanum_drive_controller'
[0.258s] INFO:colcon.colcon_core.package_selection:Skipping not selected package 'ros_components_description' in 'src/ros_components_description'
[0.258s] INFO:colcon.colcon_core.package_selection:Skipping not selected package 'behaviortree_ros2' in 'src/behaviortree_ros2/behaviortree_ros2'
[0.258s] INFO:colcon.colcon_core.package_selection:Skipping not selected package 'husarion_ugv_battery' in 'src/husarion_ugv_ros/husarion_ugv_battery'
[0.258s] INFO:colcon.colcon_core.package_selection:Skipping not selected package 'husarion_ugv_description' in 'src/husarion_ugv_ros/husarion_ugv_description'
[0.258s] INFO:colcon.colcon_core.package_selection:Skipping not selected package 'husarion_ugv_diagnostics' in 'src/husarion_ugv_ros/husarion_ugv_diagnostics'
[0.258s] INFO:colcon.colcon_core.package_selection:Skipping not selected package 'husarion_ugv_hardware_interfaces' in 'src/husarion_ugv_ros/husarion_ugv_hardware_interfaces'
[0.258s] INFO:colcon.colcon_core.package_selection:Skipping not selected package 'husarion_ugv_lights' in 'src/husarion_ugv_ros/husarion_ugv_lights'
[0.258s] INFO:colcon.colcon_core.package_selection:Skipping not selected package 'husarion_ugv_localization' in 'src/husarion_ugv_ros/husarion_ugv_localization'
[0.258s] INFO:colcon.colcon_core.package_selection:Skipping not selected package 'btcpp_ros2_samples' in 'src/behaviortree_ros2/btcpp_ros2_samples'
[0.258s] INFO:colcon.colcon_core.package_selection:Skipping not selected package 'husarion_ugv_controller' in 'src/husarion_ugv_ros/husarion_ugv_controller'
[0.258s] INFO:colcon.colcon_core.package_selection:Skipping not selected package 'husarion_ugv_manager' in 'src/husarion_ugv_ros/husarion_ugv_manager'
[0.258s] INFO:colcon.colcon_core.package_selection:Skipping not selected package 'husarion_ugv_gazebo' in 'src/husarion_ugv_ros/husarion_ugv_gazebo'
[0.258s] INFO:colcon.colcon_core.package_selection:Skipping not selected package 'husarion_ugv' in 'src/husarion_ugv_ros/husarion_ugv'
[0.258s] Level 5:colcon.colcon_core.verb:set package 'erc2025_remote_sim' build argument 'cmake_args' from command line to 'None'
[0.258s] Level 5:colcon.colcon_core.verb:set package 'erc2025_remote_sim' build argument 'cmake_target' from command line to 'None'
[0.258s] Level 5:colcon.colcon_core.verb:set package 'erc2025_remote_sim' build argument 'cmake_target_skip_unavailable' from command line to 'False'
[0.258s] Level 5:colcon.colcon_core.verb:set package 'erc2025_remote_sim' build argument 'cmake_clean_cache' from command line to 'False'
[0.259s] Level 5:colcon.colcon_core.verb:set package 'erc2025_remote_sim' build argument 'cmake_clean_first' from command line to 'False'
[0.259s] Level 5:colcon.colcon_core.verb:set package 'erc2025_remote_sim' build argument 'cmake_force_configure' from command line to 'False'
[0.259s] Level 5:colcon.colcon_core.verb:set package 'erc2025_remote_sim' build argument 'ament_cmake_args' from command line to 'None'
[0.259s] Level 5:colcon.colcon_core.verb:set package 'erc2025_remote_sim' build argument 'catkin_cmake_args' from command line to 'None'
[0.259s] Level 5:colcon.colcon_core.verb:set package 'erc2025_remote_sim' build argument 'catkin_skip_building_tests' from command line to 'False'
[0.259s] DEBUG:colcon.colcon_core.verb:Building package 'erc2025_remote_sim' with the following arguments: {'ament_cmake_args': None, 'build_base': '/husarion_ws/build/erc2025_remote_sim', 'catkin_cmake_args': None, 'catkin_skip_building_tests': False, 'cmake_args': None, 'cmake_clean_cache': False, 'cmake_clean_first': False, 'cmake_force_configure': False, 'cmake_target': None, 'cmake_target_skip_unavailable': False, 'install_base': '/husarion_ws/install/erc2025_remote_sim', 'merge_install': False, 'path': '/husarion_ws/src/erc2025_remote_sim', 'symlink_install': False, 'test_result_base': None}
[0.259s] INFO:colcon.colcon_core.executor:Executing jobs using 'parallel' executor
[0.259s] DEBUG:colcon.colcon_parallel_executor.executor.parallel:run_until_complete
[0.260s] INFO:colcon.colcon_ros.task.ament_cmake.build:Building ROS package in '/husarion_ws/src/erc2025_remote_sim' with build type 'ament_cmake'
[0.260s] INFO:colcon.colcon_cmake.task.cmake.build:Building CMake package in '/husarion_ws/src/erc2025_remote_sim'
[0.261s] INFO:colcon.colcon_core.plugin_system:Skipping extension 'colcon_core.shell.bat': Not used on non-Windows systems
[0.261s] INFO:colcon.colcon_core.shell:Skip shell extension 'powershell' for command environment: Not usable outside of PowerShell
[0.261s] DEBUG:colcon.colcon_core.shell:Skip shell extension 'dsv' for command environment
[0.271s] DEBUG:colcon.colcon_core.event_handler.log_command:Invoking command in '/husarion_ws/build/erc2025_remote_sim': CMAKE_PREFIX_PATH=${CMAKE_PREFIX_PATH}:/opt/ros/jazzy /usr/bin/cmake --build /husarion_ws/build/erc2025_remote_sim -- -j12 -l12
[0.304s] DEBUG:colcon.colcon_core.event_handler.log_command:Invoked command in '/husarion_ws/build/erc2025_remote_sim' returned '0': CMAKE_PREFIX_PATH=${CMAKE_PREFIX_PATH}:/opt/ros/jazzy /usr/bin/cmake --build /husarion_ws/build/erc2025_remote_sim -- -j12 -l12
[0.312s] DEBUG:colcon.colcon_core.event_handler.log_command:Invoking command in '/husarion_ws/build/erc2025_remote_sim': CMAKE_PREFIX_PATH=${CMAKE_PREFIX_PATH}:/opt/ros/jazzy /usr/bin/cmake --install /husarion_ws/build/erc2025_remote_sim
[0.321s] Level 1:colcon.colcon_core.environment:create_environment_scripts_only(erc2025_remote_sim)
[0.324s] DEBUG:colcon.colcon_core.event_handler.log_command:Invoked command in '/husarion_ws/build/erc2025_remote_sim' returned '0': CMAKE_PREFIX_PATH=${CMAKE_PREFIX_PATH}:/opt/ros/jazzy /usr/bin/cmake --install /husarion_ws/build/erc2025_remote_sim
[0.324s] Level 1:colcon.colcon_core.environment:checking '/husarion_ws/install/erc2025_remote_sim' for CMake module files
[0.325s] Level 1:colcon.colcon_core.environment:checking '/husarion_ws/install/erc2025_remote_sim' for CMake config files
[0.325s] Level 1:colcon.colcon_core.shell:create_environment_hook('erc2025_remote_sim', 'cmake_prefix_path')
[0.325s] INFO:colcon.colcon_core.shell:Creating environment hook '/husarion_ws/install/erc2025_remote_sim/share/erc2025_remote_sim/hook/cmake_prefix_path.ps1'
[0.326s] INFO:colcon.colcon_core.shell:Creating environment descriptor '/husarion_ws/install/erc2025_remote_sim/share/erc2025_remote_sim/hook/cmake_prefix_path.dsv'
[0.326s] INFO:colcon.colcon_core.shell:Creating environment hook '/husarion_ws/install/erc2025_remote_sim/share/erc2025_remote_sim/hook/cmake_prefix_path.sh'
[0.326s] Level 1:colcon.colcon_core.environment:checking '/husarion_ws/install/erc2025_remote_sim/bin'
[0.326s] Level 1:colcon.colcon_core.environment:checking '/husarion_ws/install/erc2025_remote_sim/lib/pkgconfig/erc2025_remote_sim.pc'
[0.328s] Level 1:colcon.colcon_core.environment:checking '/husarion_ws/install/erc2025_remote_sim/lib/python3.12/site-packages'
[0.328s] Level 1:colcon.colcon_core.environment:checking '/husarion_ws/install/erc2025_remote_sim/bin'
[0.328s] INFO:colcon.colcon_core.shell:Creating package script '/husarion_ws/install/erc2025_remote_sim/share/erc2025_remote_sim/package.ps1'
[0.329s] INFO:colcon.colcon_core.shell:Creating package descriptor '/husarion_ws/install/erc2025_remote_sim/share/erc2025_remote_sim/package.dsv'
[0.329s] INFO:colcon.colcon_core.shell:Creating package script '/husarion_ws/install/erc2025_remote_sim/share/erc2025_remote_sim/package.sh'
[0.330s] INFO:colcon.colcon_core.shell:Creating package script '/husarion_ws/install/erc2025_remote_sim/share/erc2025_remote_sim/package.bash'
[0.330s] INFO:colcon.colcon_core.shell:Creating package script '/husarion_ws/install/erc2025_remote_sim/share/erc2025_remote_sim/package.zsh'
[0.331s] Level 1:colcon.colcon_core.environment:create_file_with_runtime_dependencies(/husarion_ws/install/erc2025_remote_sim/share/colcon-core/packages/erc2025_remote_sim)
[0.331s] Level 1:colcon.colcon_core.environment:create_environment_scripts_only(erc2025_remote_sim)
[0.331s] Level 1:colcon.colcon_core.environment:checking '/husarion_ws/install/erc2025_remote_sim' for CMake module files
[0.331s] Level 1:colcon.colcon_core.environment:checking '/husarion_ws/install/erc2025_remote_sim' for CMake config files
[0.331s] Level 1:colcon.colcon_core.shell:create_environment_hook('erc2025_remote_sim', 'cmake_prefix_path')
[0.332s] INFO:colcon.colcon_core.shell:Creating environment hook '/husarion_ws/install/erc2025_remote_sim/share/erc2025_remote_sim/hook/cmake_prefix_path.ps1'
[0.332s] INFO:colcon.colcon_core.shell:Creating environment descriptor '/husarion_ws/install/erc2025_remote_sim/share/erc2025_remote_sim/hook/cmake_prefix_path.dsv'
[0.332s] INFO:colcon.colcon_core.shell:Creating environment hook '/husarion_ws/install/erc2025_remote_sim/share/erc2025_remote_sim/hook/cmake_prefix_path.sh'
[0.332s] Level 1:colcon.colcon_core.environment:checking '/husarion_ws/install/erc2025_remote_sim/bin'
[0.332s] Level 1:colcon.colcon_core.environment:checking '/husarion_ws/install/erc2025_remote_sim/lib/pkgconfig/erc2025_remote_sim.pc'
[0.333s] Level 1:colcon.colcon_core.environment:checking '/husarion_ws/install/erc2025_remote_sim/lib/python3.12/site-packages'
[0.333s] Level 1:colcon.colcon_core.environment:checking '/husarion_ws/install/erc2025_remote_sim/bin'
[0.333s] INFO:colcon.colcon_core.shell:Creating package script '/husarion_ws/install/erc2025_remote_sim/share/erc2025_remote_sim/package.ps1'
[0.333s] INFO:colcon.colcon_core.shell:Creating package descriptor '/husarion_ws/install/erc2025_remote_sim/share/erc2025_remote_sim/package.dsv'
[0.334s] INFO:colcon.colcon_core.shell:Creating package script '/husarion_ws/install/erc2025_remote_sim/share/erc2025_remote_sim/package.sh'
[0.334s] INFO:colcon.colcon_core.shell:Creating package script '/husarion_ws/install/erc2025_remote_sim/share/erc2025_remote_sim/package.bash'
[0.334s] INFO:colcon.colcon_core.shell:Creating package script '/husarion_ws/install/erc2025_remote_sim/share/erc2025_remote_sim/package.zsh'
[0.334s] Level 1:colcon.colcon_core.environment:create_file_with_runtime_dependencies(/husarion_ws/install/erc2025_remote_sim/share/colcon-core/packages/erc2025_remote_sim)
[0.334s] DEBUG:colcon.colcon_parallel_executor.executor.parallel:closing loop
[0.335s] DEBUG:colcon.colcon_parallel_executor.executor.parallel:loop closed
[0.335s] DEBUG:colcon.colcon_parallel_executor.executor.parallel:run_until_complete finished with '0'
[0.335s] DEBUG:colcon.colcon_core.event_reactor:joining thread
[0.339s] INFO:colcon.colcon_core.plugin_system:Skipping extension 'colcon_notification.desktop_notification.notify_send': Could not find 'notify-send'
[0.339s] INFO:colcon.colcon_core.plugin_system:Skipping extension 'colcon_notification.desktop_notification.terminal_notifier': Not used on non-Darwin systems
[0.339s] INFO:colcon.colcon_core.plugin_system:Skipping extension 'colcon_notification.desktop_notification.win32': Not used on non-Windows systems
[0.339s] INFO:colcon.colcon_notification.desktop_notification:Sending desktop notification using 'notify2'
[0.341s] DEBUG:colcon.colcon_notification.desktop_notification.notify2:Failed to initialize notify2: org.freedesktop.DBus.Error.Spawn.ExecFailed: /usr/bin/dbus-launch terminated abnormally without any error message
[0.341s] DEBUG:colcon.colcon_core.event_reactor:joined thread
[0.341s] INFO:colcon.colcon_core.shell:Creating prefix script '/husarion_ws/install/local_setup.ps1'
[0.342s] INFO:colcon.colcon_core.shell:Creating prefix util module '/husarion_ws/install/_local_setup_util_ps1.py'
[0.343s] INFO:colcon.colcon_core.shell:Creating prefix chain script '/husarion_ws/install/setup.ps1'
[0.345s] INFO:colcon.colcon_core.shell:Creating prefix script '/husarion_ws/install/local_setup.sh'
[0.345s] INFO:colcon.colcon_core.shell:Creating prefix util module '/husarion_ws/install/_local_setup_util_sh.py'
[0.346s] INFO:colcon.colcon_core.shell:Creating prefix chain script '/husarion_ws/install/setup.sh'
[0.347s] INFO:colcon.colcon_core.shell:Creating prefix script '/husarion_ws/install/local_setup.bash'
[0.347s] INFO:colcon.colcon_core.shell:Creating prefix chain script '/husarion_ws/install/setup.bash'
[0.349s] INFO:colcon.colcon_core.shell:Creating prefix script '/husarion_ws/install/local_setup.zsh'
[0.349s] INFO:colcon.colcon_core.shell:Creating prefix chain script '/husarion_ws/install/setup.zsh'
