-- The C compiler identification is GNU 13.3.0
-- The CXX compiler identification is GNU 13.3.0
-- Detecting C compiler ABI info
-- Detecting C compiler ABI info - done
-- Check for working C compiler: /usr/bin/cc - skipped
-- Detecting C compile features
-- Detecting C compile features - done
-- Detecting CXX compiler ABI info
-- Detecting CXX compiler ABI info - done
-- Check for working CXX compiler: /usr/bin/c++ - skipped
-- Detecting CXX compile features
-- Detecting CXX compile features - done
-- Found ament_cmake: 2.5.4 (/opt/ros/jazzy/share/ament_cmake/cmake)
-- Found Python3: /usr/bin/python3 (found version "3.12.3") found components: Interpreter 
-- Override CMake install command with custom implementation using symlinks instead of copying resources
-- Found controller_interface: 4.29.0 (/opt/ros/jazzy/share/controller_interface/cmake)
-- Found rosidl_generator_c: 4.6.5 (/opt/ros/jazzy/share/rosidl_generator_c/cmake)
-- Found rosidl_generator_cpp: 4.6.5 (/opt/ros/jazzy/share/rosidl_generator_cpp/cmake)
-- Using all available rosidl_typesupport_c: rosidl_typesupport_fastrtps_c;rosidl_typesupport_introspection_c
-- Using all available rosidl_typesupport_cpp: rosidl_typesupport_fastrtps_cpp;rosidl_typesupport_introspection_cpp
-- Found TinyXML2 via Config file: /usr/lib/x86_64-linux-gnu/cmake/tinyxml2
-- Found rmw_implementation_cmake: 7.3.2 (/opt/ros/jazzy/share/rmw_implementation_cmake/cmake)
-- Found rmw_fastrtps_cpp: 8.4.2 (/opt/ros/jazzy/share/rmw_fastrtps_cpp/cmake)
-- Found TinyXML2 via Config file: /usr/lib/x86_64-linux-gnu/cmake/tinyxml2
-- Found OpenSSL: /usr/lib/x86_64-linux-gnu/libcrypto.so (found version "3.0.13")  
-- Found TinyXML2 via Config file: /usr/lib/x86_64-linux-gnu/cmake/tinyxml2
-- Found FastRTPS: /opt/ros/jazzy/include (Required is at least version "2.13") 
-- Found TinyXML2 via Config file: /usr/lib/x86_64-linux-gnu/cmake/tinyxml2
-- Found TinyXML2 via Config file: /usr/lib/x86_64-linux-gnu/cmake/tinyxml2
-- Using RMW implementation 'rmw_fastrtps_cpp' as default
-- Found generate_parameter_library: 0.4.0 (/opt/ros/jazzy/share/generate_parameter_library/cmake)
-- Found parameter_traits: 0.4.0 (/opt/ros/jazzy/share/parameter_traits/cmake)
-- Found nav_msgs: 5.3.6 (/opt/ros/jazzy/share/nav_msgs/cmake)
-- Found tf2: 0.36.11 (/opt/ros/jazzy/share/tf2/cmake)
-- Found tf2_msgs: 0.36.11 (/opt/ros/jazzy/share/tf2_msgs/cmake)
-- Configuring done (2.0s)
-- Generating done (0.0s)
-- Build files have been written to: /husarion_ws/build/mecanum_drive_controller
[ 16%] Running `/opt/ros/jazzy/bin/generate_parameter_library_cpp /husarion_ws/build/mecanum_drive_controller/include/mecanum_drive_controller/mecanum_drive_controller_parameters.hpp /husarion_ws/src/husarion_controllers/mecanum_drive_controller/src/mecanum_drive_controller_parameter.yaml `
[ 33%] Creating deprecated header file /husarion_ws/build/mecanum_drive_controller/include/mecanum_drive_controller_parameters.hpp
[ 33%] Built target mecanum_drive_controller_parameters
[ 50%] Building CXX object CMakeFiles/mecanum_drive_controller.dir/src/mecanum_drive_controller.cpp.o
[ 66%] Building CXX object CMakeFiles/mecanum_drive_controller.dir/src/odometry.cpp.o
[ 83%] Building CXX object CMakeFiles/mecanum_drive_controller.dir/src/speed_limiter.cpp.o
/husarion_ws/src/husarion_controllers/mecanum_drive_controller/src/mecanum_drive_controller.cpp: In member function ‘virtual controller_interface::return_type mecanum_drive_controller::MecanumDriveController::update(const rclcpp::Time&, const rclcpp::Duration&)’:
/husarion_ws/src/husarion_controllers/mecanum_drive_controller/src/mecanum_drive_controller.cpp:115:33: warning: ‘std::enable_if_t<is_ptr_or_smart_ptr<U>, void> realtime_tools::RealtimeBoxBase<T, mutex_type>::get(T&) const [with U = std::shared_ptr<geometry_msgs::msg::TwistStamped_<std::allocator<void> > >; T = std::shared_ptr<geometry_msgs::msg::TwistStamped_<std::allocator<void> > >; mutex_type = std::mutex; std::enable_if_t<is_ptr_or_smart_ptr<U>, void> = void]’ is deprecated: Use get(const std::function<void(const T &)> & func) instead! [-Wdeprecated-declarations]
  115 |   received_velocity_msg_ptr_.get(last_command_msg);
      |   ~~~~~~~~~~~~~~~~~~~~~~~~~~~~~~^~~~~~~~~~~~~~~~~~
In file included from /husarion_ws/src/husarion_controllers/mecanum_drive_controller/include/mecanum_drive_controller/mecanum_drive_controller.hpp:45,
                 from /husarion_ws/src/husarion_controllers/mecanum_drive_controller/src/mecanum_drive_controller.cpp:30:
/opt/ros/jazzy/include/realtime_tools/realtime_tools/realtime_box.hpp:315:59: note: declared here
  315 |   typename std::enable_if_t<is_ptr_or_smart_ptr<U>, void> get(T & in) const
      |                                                           ^~~
/husarion_ws/src/husarion_controllers/mecanum_drive_controller/src/mecanum_drive_controller.cpp:152:101: warning: ‘double hardware_interface::LoanedStateInterface::get_value() const’ is deprecated: Use std::optional<T> get_optional() instead to retrieve the value. This method will be removed by the ROS 2 Kilted Kaiju release. [-Wdeprecated-declarations]
  152 |     const double front_left_feedback = registered_front_left_wheel_handle_->feedback.get().get_value();
      |                                        ~~~~~~~~~~~~~~~~~~~~~~~~~~~~~~~~~~~~~~~~~~~~~~~~~~~~~~~~~~~~~^~
In file included from /opt/ros/jazzy/include/controller_interface/controller_interface/controller_interface_base.hpp:28,
                 from /opt/ros/jazzy/include/controller_interface/controller_interface/controller_interface.hpp:21,
                 from /husarion_ws/src/husarion_controllers/mecanum_drive_controller/include/mecanum_drive_controller/mecanum_drive_controller.hpp:34:
/opt/ros/jazzy/include/hardware_interface/hardware_interface/loaned_state_interface.hpp:94:10: note: declared here
   94 |   double get_value() const
      |          ^~~~~~~~~
/husarion_ws/src/husarion_controllers/mecanum_drive_controller/src/mecanum_drive_controller.cpp:153:103: warning: ‘double hardware_interface::LoanedStateInterface::get_value() const’ is deprecated: Use std::optional<T> get_optional() instead to retrieve the value. This method will be removed by the ROS 2 Kilted Kaiju release. [-Wdeprecated-declarations]
  153 |     const double front_right_feedback = registered_front_right_wheel_handle_->feedback.get().get_value();
      |                                         ~~~~~~~~~~~~~~~~~~~~~~~~~~~~~~~~~~~~~~~~~~~~~~~~~~~~~~~~~~~~~~^~
/opt/ros/jazzy/include/hardware_interface/hardware_interface/loaned_state_interface.hpp:94:10: note: declared here
   94 |   double get_value() const
      |          ^~~~~~~~~
/husarion_ws/src/husarion_controllers/mecanum_drive_controller/src/mecanum_drive_controller.cpp:154:99: warning: ‘double hardware_interface::LoanedStateInterface::get_value() const’ is deprecated: Use std::optional<T> get_optional() instead to retrieve the value. This method will be removed by the ROS 2 Kilted Kaiju release. [-Wdeprecated-declarations]
  154 |     const double rear_left_feedback = registered_rear_left_wheel_handle_->feedback.get().get_value();
      |                                       ~~~~~~~~~~~~~~~~~~~~~~~~~~~~~~~~~~~~~~~~~~~~~~~~~~~~~~~~~~~~^~
/opt/ros/jazzy/include/hardware_interface/hardware_interface/loaned_state_interface.hpp:94:10: note: declared here
   94 |   double get_value() const
      |          ^~~~~~~~~
/husarion_ws/src/husarion_controllers/mecanum_drive_controller/src/mecanum_drive_controller.cpp:155:101: warning: ‘double hardware_interface::LoanedStateInterface::get_value() const’ is deprecated: Use std::optional<T> get_optional() instead to retrieve the value. This method will be removed by the ROS 2 Kilted Kaiju release. [-Wdeprecated-declarations]
  155 |     const double rear_right_feedback = registered_rear_right_wheel_handle_->feedback.get().get_value();
      |                                        ~~~~~~~~~~~~~~~~~~~~~~~~~~~~~~~~~~~~~~~~~~~~~~~~~~~~~~~~~~~~~^~
/opt/ros/jazzy/include/hardware_interface/hardware_interface/loaned_state_interface.hpp:94:10: note: declared here
   94 |   double get_value() const
      |          ^~~~~~~~~
/husarion_ws/src/husarion_controllers/mecanum_drive_controller/src/mecanum_drive_controller.cpp:264:64: warning: ignoring return value of ‘bool hardware_interface::LoanedCommandInterface::set_value(const T&, unsigned int) [with T = double]’, declared with attribute ‘nodiscard’ [-Wunused-result]
  264 |   registered_front_left_wheel_handle_->velocity.get().set_value(velocity_front_left);
      |   ~~~~~~~~~~~~~~~~~~~~~~~~~~~~~~~~~~~~~~~~~~~~~~~~~~~~~~~~~~~~~^~~~~~~~~~~~~~~~~~~~~
In file included from /opt/ros/jazzy/include/controller_interface/controller_interface/controller_interface_base.hpp:27:
/opt/ros/jazzy/include/hardware_interface/hardware_interface/loaned_command_interface.hpp:113:22: note: declared here
  113 |   [[nodiscard]] bool set_value(const T & value, unsigned int max_tries = 10)
      |                      ^~~~~~~~~
/husarion_ws/src/husarion_controllers/mecanum_drive_controller/src/mecanum_drive_controller.cpp:265:65: warning: ignoring return value of ‘bool hardware_interface::LoanedCommandInterface::set_value(const T&, unsigned int) [with T = double]’, declared with attribute ‘nodiscard’ [-Wunused-result]
  265 |   registered_front_right_wheel_handle_->velocity.get().set_value(velocity_front_right);
      |   ~~~~~~~~~~~~~~~~~~~~~~~~~~~~~~~~~~~~~~~~~~~~~~~~~~~~~~~~~~~~~~^~~~~~~~~~~~~~~~~~~~~~
/opt/ros/jazzy/include/hardware_interface/hardware_interface/loaned_command_interface.hpp:113:22: note: declared here
  113 |   [[nodiscard]] bool set_value(const T & value, unsigned int max_tries = 10)
      |                      ^~~~~~~~~
/husarion_ws/src/husarion_controllers/mecanum_drive_controller/src/mecanum_drive_controller.cpp:266:63: warning: ignoring return value of ‘bool hardware_interface::LoanedCommandInterface::set_value(const T&, unsigned int) [with T = double]’, declared with attribute ‘nodiscard’ [-Wunused-result]
  266 |   registered_rear_left_wheel_handle_->velocity.get().set_value(velocity_rear_left);
      |   ~~~~~~~~~~~~~~~~~~~~~~~~~~~~~~~~~~~~~~~~~~~~~~~~~~~~~~~~~~~~^~~~~~~~~~~~~~~~~~~~
/opt/ros/jazzy/include/hardware_interface/hardware_interface/loaned_command_interface.hpp:113:22: note: declared here
  113 |   [[nodiscard]] bool set_value(const T & value, unsigned int max_tries = 10)
      |                      ^~~~~~~~~
/husarion_ws/src/husarion_controllers/mecanum_drive_controller/src/mecanum_drive_controller.cpp:267:64: warning: ignoring return value of ‘bool hardware_interface::LoanedCommandInterface::set_value(const T&, unsigned int) [with T = double]’, declared with attribute ‘nodiscard’ [-Wunused-result]
  267 |   registered_rear_right_wheel_handle_->velocity.get().set_value(velocity_rear_right);
      |   ~~~~~~~~~~~~~~~~~~~~~~~~~~~~~~~~~~~~~~~~~~~~~~~~~~~~~~~~~~~~~^~~~~~~~~~~~~~~~~~~~~
/opt/ros/jazzy/include/hardware_interface/hardware_interface/loaned_command_interface.hpp:113:22: note: declared here
  113 |   [[nodiscard]] bool set_value(const T & value, unsigned int max_tries = 10)
      |                      ^~~~~~~~~
/husarion_ws/src/husarion_controllers/mecanum_drive_controller/src/mecanum_drive_controller.cpp: In member function ‘virtual controller_interface::CallbackReturn mecanum_drive_controller::MecanumDriveController::on_configure(const rclcpp_lifecycle::State&)’:
/husarion_ws/src/husarion_controllers/mecanum_drive_controller/src/mecanum_drive_controller.cpp:410:33: warning: ‘std::enable_if_t<is_ptr_or_smart_ptr<U>, void> realtime_tools::RealtimeBoxBase<T, mutex_type>::set(const T&) [with U = std::shared_ptr<geometry_msgs::msg::TwistStamped_<std::allocator<void> > >; T = std::shared_ptr<geometry_msgs::msg::TwistStamped_<std::allocator<void> > >; mutex_type = std::mutex; std::enable_if_t<is_ptr_or_smart_ptr<U>, void> = void]’ is deprecated: Use set(const std::function<void(T &)> & func) instead! [-Wdeprecated-declarations]
  410 |   received_velocity_msg_ptr_.set(std::make_shared<Twist>(empty_twist));
      |   ~~~~~~~~~~~~~~~~~~~~~~~~~~~~~~^~~~~~~~~~~~~~~~~~~~~~~~~~~~~~~~~~~~~~
/opt/ros/jazzy/include/realtime_tools/realtime_tools/realtime_box.hpp:262:59: note: declared here
  262 |   typename std::enable_if_t<is_ptr_or_smart_ptr<U>, void> set(const T & value)
      |                                                           ^~~
/husarion_ws/src/husarion_controllers/mecanum_drive_controller/src/mecanum_drive_controller.cpp: In lambda function:
/husarion_ws/src/husarion_controllers/mecanum_drive_controller/src/mecanum_drive_controller.cpp:430:41: warning: ‘std::enable_if_t<is_ptr_or_smart_ptr<U>, void> realtime_tools::RealtimeBoxBase<T, mutex_type>::set(const T&) [with U = std::shared_ptr<geometry_msgs::msg::TwistStamped_<std::allocator<void> > >; T = std::shared_ptr<geometry_msgs::msg::TwistStamped_<std::allocator<void> > >; mutex_type = std::mutex; std::enable_if_t<is_ptr_or_smart_ptr<U>, void> = void]’ is deprecated: Use set(const std::function<void(T &)> & func) instead! [-Wdeprecated-declarations]
  430 |           received_velocity_msg_ptr_.set(std::move(msg));
      |           ~~~~~~~~~~~~~~~~~~~~~~~~~~~~~~^~~~~~~~~~~~~~~~
/opt/ros/jazzy/include/realtime_tools/realtime_tools/realtime_box.hpp:262:59: note: declared here
  262 |   typename std::enable_if_t<is_ptr_or_smart_ptr<U>, void> set(const T & value)
      |                                                           ^~~
/husarion_ws/src/husarion_controllers/mecanum_drive_controller/src/mecanum_drive_controller.cpp: In member function ‘virtual controller_interface::CallbackReturn mecanum_drive_controller::MecanumDriveController::on_cleanup(const rclcpp_lifecycle::State&)’:
/husarion_ws/src/husarion_controllers/mecanum_drive_controller/src/mecanum_drive_controller.cpp:517:33: warning: ‘std::enable_if_t<is_ptr_or_smart_ptr<U>, void> realtime_tools::RealtimeBoxBase<T, mutex_type>::set(const T&) [with U = std::shared_ptr<geometry_msgs::msg::TwistStamped_<std::allocator<void> > >; T = std::shared_ptr<geometry_msgs::msg::TwistStamped_<std::allocator<void> > >; mutex_type = std::mutex; std::enable_if_t<is_ptr_or_smart_ptr<U>, void> = void]’ is deprecated: Use set(const std::function<void(T &)> & func) instead! [-Wdeprecated-declarations]
  517 |   received_velocity_msg_ptr_.set(std::make_shared<Twist>());
      |   ~~~~~~~~~~~~~~~~~~~~~~~~~~~~~~^~~~~~~~~~~~~~~~~~~~~~~~~~~
/opt/ros/jazzy/include/realtime_tools/realtime_tools/realtime_box.hpp:262:59: note: declared here
  262 |   typename std::enable_if_t<is_ptr_or_smart_ptr<U>, void> set(const T & value)
      |                                                           ^~~
/husarion_ws/src/husarion_controllers/mecanum_drive_controller/src/mecanum_drive_controller.cpp: In member function ‘void mecanum_drive_controller::MecanumDriveController::halt()’:
/husarion_ws/src/husarion_controllers/mecanum_drive_controller/src/mecanum_drive_controller.cpp:558:64: warning: ignoring return value of ‘bool hardware_interface::LoanedCommandInterface::set_value(const T&, unsigned int) [with T = double]’, declared with attribute ‘nodiscard’ [-Wunused-result]
  558 |   registered_front_left_wheel_handle_->velocity.get().set_value(0.0);
      |   ~~~~~~~~~~~~~~~~~~~~~~~~~~~~~~~~~~~~~~~~~~~~~~~~~~~~~~~~~~~~~^~~~~
/opt/ros/jazzy/include/hardware_interface/hardware_interface/loaned_command_interface.hpp:113:22: note: declared here
  113 |   [[nodiscard]] bool set_value(const T & value, unsigned int max_tries = 10)
      |                      ^~~~~~~~~
/husarion_ws/src/husarion_controllers/mecanum_drive_controller/src/mecanum_drive_controller.cpp:559:65: warning: ignoring return value of ‘bool hardware_interface::LoanedCommandInterface::set_value(const T&, unsigned int) [with T = double]’, declared with attribute ‘nodiscard’ [-Wunused-result]
  559 |   registered_front_right_wheel_handle_->velocity.get().set_value(0.0);
      |   ~~~~~~~~~~~~~~~~~~~~~~~~~~~~~~~~~~~~~~~~~~~~~~~~~~~~~~~~~~~~~~^~~~~
/opt/ros/jazzy/include/hardware_interface/hardware_interface/loaned_command_interface.hpp:113:22: note: declared here
  113 |   [[nodiscard]] bool set_value(const T & value, unsigned int max_tries = 10)
      |                      ^~~~~~~~~
/husarion_ws/src/husarion_controllers/mecanum_drive_controller/src/mecanum_drive_controller.cpp:560:63: warning: ignoring return value of ‘bool hardware_interface::LoanedCommandInterface::set_value(const T&, unsigned int) [with T = double]’, declared with attribute ‘nodiscard’ [-Wunused-result]
  560 |   registered_rear_left_wheel_handle_->velocity.get().set_value(0.0);
      |   ~~~~~~~~~~~~~~~~~~~~~~~~~~~~~~~~~~~~~~~~~~~~~~~~~~~~~~~~~~~~^~~~~
/opt/ros/jazzy/include/hardware_interface/hardware_interface/loaned_command_interface.hpp:113:22: note: declared here
  113 |   [[nodiscard]] bool set_value(const T & value, unsigned int max_tries = 10)
      |                      ^~~~~~~~~
/husarion_ws/src/husarion_controllers/mecanum_drive_controller/src/mecanum_drive_controller.cpp:561:64: warning: ignoring return value of ‘bool hardware_interface::LoanedCommandInterface::set_value(const T&, unsigned int) [with T = double]’, declared with attribute ‘nodiscard’ [-Wunused-result]
  561 |   registered_rear_right_wheel_handle_->velocity.get().set_value(0.0);
      |   ~~~~~~~~~~~~~~~~~~~~~~~~~~~~~~~~~~~~~~~~~~~~~~~~~~~~~~~~~~~~~^~~~~
/opt/ros/jazzy/include/hardware_interface/hardware_interface/loaned_command_interface.hpp:113:22: note: declared here
  113 |   [[nodiscard]] bool set_value(const T & value, unsigned int max_tries = 10)
      |                      ^~~~~~~~~
[100%] Linking CXX shared library libmecanum_drive_controller.so
[100%] Built target mecanum_drive_controller
-- Install configuration: "Release"
-- Execute custom install script
-- Symlinking: /husarion_ws/install/mecanum_drive_controller/include/mecanum_drive_controller/mecanum_drive_controller_parameters.hpp
-- Symlinking: /husarion_ws/install/mecanum_drive_controller/share/mecanum_drive_controller//mecanum_drive_plugin.xml
-- Symlinking: /husarion_ws/install/mecanum_drive_controller/include/mecanum_drive_controller/mecanum_drive_controller/mecanum_drive_controller.hpp
-- Symlinking: /husarion_ws/install/mecanum_drive_controller/include/mecanum_drive_controller/mecanum_drive_controller/odometry.hpp
-- Symlinking: /husarion_ws/install/mecanum_drive_controller/include/mecanum_drive_controller/mecanum_drive_controller/speed_limiter.hpp
-- Symlinking: /husarion_ws/install/mecanum_drive_controller/include/mecanum_drive_controller/mecanum_drive_controller/visibility_control.h
-- Symlinking: /husarion_ws/install/mecanum_drive_controller/share/mecanum_drive_controller/environment/library_path.sh
-- Symlinking: /husarion_ws/install/mecanum_drive_controller/share/mecanum_drive_controller/environment/library_path.dsv
-- Symlinking: /husarion_ws/install/mecanum_drive_controller/share/ament_index/resource_index/package_run_dependencies/mecanum_drive_controller
-- Symlinking: /husarion_ws/install/mecanum_drive_controller/share/ament_index/resource_index/parent_prefix_path/mecanum_drive_controller
-- Symlinking: /husarion_ws/install/mecanum_drive_controller/share/mecanum_drive_controller/environment/ament_prefix_path.sh
-- Symlinking: /husarion_ws/install/mecanum_drive_controller/share/mecanum_drive_controller/environment/ament_prefix_path.dsv
-- Symlinking: /husarion_ws/install/mecanum_drive_controller/share/mecanum_drive_controller/environment/path.sh
-- Symlinking: /husarion_ws/install/mecanum_drive_controller/share/mecanum_drive_controller/environment/path.dsv
-- Symlinking: /husarion_ws/install/mecanum_drive_controller/share/mecanum_drive_controller/local_setup.bash
-- Symlinking: /husarion_ws/install/mecanum_drive_controller/share/mecanum_drive_controller/local_setup.sh
-- Symlinking: /husarion_ws/install/mecanum_drive_controller/share/mecanum_drive_controller/local_setup.zsh
-- Symlinking: /husarion_ws/install/mecanum_drive_controller/share/mecanum_drive_controller/local_setup.dsv
-- Symlinking: /husarion_ws/install/mecanum_drive_controller/share/mecanum_drive_controller/package.dsv
-- Symlinking: /husarion_ws/install/mecanum_drive_controller/share/ament_index/resource_index/packages/mecanum_drive_controller
-- Symlinking: /husarion_ws/install/mecanum_drive_controller/share/ament_index/resource_index/controller_interface__pluginlib__plugin/mecanum_drive_controller
-- Symlinking: /husarion_ws/install/mecanum_drive_controller/share/mecanum_drive_controller/cmake/ament_cmake_export_dependencies-extras.cmake
-- Symlinking: /husarion_ws/install/mecanum_drive_controller/share/mecanum_drive_controller/cmake/ament_cmake_export_targets-extras.cmake
-- Symlinking: /husarion_ws/install/mecanum_drive_controller/share/mecanum_drive_controller/cmake/mecanum_drive_controllerConfig.cmake
-- Symlinking: /husarion_ws/install/mecanum_drive_controller/share/mecanum_drive_controller/cmake/mecanum_drive_controllerConfig-version.cmake
-- Symlinking: /husarion_ws/install/mecanum_drive_controller/share/mecanum_drive_controller/package.xml
-- Installing: /husarion_ws/install/mecanum_drive_controller/lib/libmecanum_drive_controller.so
-- Set non-toolchain portion of runtime path of "/husarion_ws/install/mecanum_drive_controller/lib/libmecanum_drive_controller.so" to ""
-- Installing: /husarion_ws/install/mecanum_drive_controller/share/mecanum_drive_controller/cmake/export_mecanum_drive_controllerExport.cmake
-- Installing: /husarion_ws/install/mecanum_drive_controller/share/mecanum_drive_controller/cmake/export_mecanum_drive_controllerExport-release.cmake
