[0.016s] Invoking command in '/husarion_ws/build/mecanum_drive_controller': CMAKE_PREFIX_PATH=${CMAKE_PREFIX_PATH}:/opt/ros/jazzy /usr/bin/cmake /husarion_ws/src/husarion_controllers/mecanum_drive_controller -DCMAKE_BUILD_TYPE=Release -DBUILD_TESTING=OFF -DAMENT_CMAKE_SYMLINK_INSTALL=1 -DCMAKE_INSTALL_PREFIX=/husarion_ws/install/mecanum_drive_controller
[0.084s] -- The C compiler identification is GNU 13.3.0
[0.145s] -- The CXX compiler identification is GNU 13.3.0
[0.164s] -- Detecting C compiler ABI info
[0.273s] -- Detecting C compiler ABI info - done
[0.282s] -- Check for working C compiler: /usr/bin/cc - skipped
[0.283s] -- Detecting C compile features
[0.283s] -- Detecting C compile features - done
[0.292s] -- Detecting CXX compiler ABI info
[0.408s] -- Detecting CXX compiler ABI info - done
[0.416s] -- Check for working CXX compiler: /usr/bin/c++ - skipped
[0.417s] -- Detecting CXX compile features
[0.418s] -- Detecting CXX compile features - done
[0.423s] -- Found ament_cmake: 2.5.4 (/opt/ros/jazzy/share/ament_cmake/cmake)
[0.603s] -- Found Python3: /usr/bin/python3 (found version "3.12.3") found components: Interpreter 
[0.694s] -- Override CMake install command with custom implementation using symlinks instead of copying resources
[0.761s] -- Found controller_interface: 4.29.0 (/opt/ros/jazzy/share/controller_interface/cmake)
[0.844s] -- Found rosidl_generator_c: 4.6.5 (/opt/ros/jazzy/share/rosidl_generator_c/cmake)
[0.866s] -- Found rosidl_generator_cpp: 4.6.5 (/opt/ros/jazzy/share/rosidl_generator_cpp/cmake)
[0.898s] -- Using all available rosidl_typesupport_c: rosidl_typesupport_fastrtps_c;rosidl_typesupport_introspection_c
[0.919s] -- Using all available rosidl_typesupport_cpp: rosidl_typesupport_fastrtps_cpp;rosidl_typesupport_introspection_cpp
[1.208s] -- Found TinyXML2 via Config file: /usr/lib/x86_64-linux-gnu/cmake/tinyxml2
[1.275s] -- Found rmw_implementation_cmake: 7.3.2 (/opt/ros/jazzy/share/rmw_implementation_cmake/cmake)
[1.281s] -- Found rmw_fastrtps_cpp: 8.4.2 (/opt/ros/jazzy/share/rmw_fastrtps_cpp/cmake)
[1.316s] -- Found TinyXML2 via Config file: /usr/lib/x86_64-linux-gnu/cmake/tinyxml2
[1.399s] -- Found OpenSSL: /usr/lib/x86_64-linux-gnu/libcrypto.so (found version "3.0.13")  
[1.404s] -- Found TinyXML2 via Config file: /usr/lib/x86_64-linux-gnu/cmake/tinyxml2
[1.422s] -- Found FastRTPS: /opt/ros/jazzy/include (Required is at least version "2.13") 
[1.426s] -- Found TinyXML2 via Config file: /usr/lib/x86_64-linux-gnu/cmake/tinyxml2
[1.435s] -- Found TinyXML2 via Config file: /usr/lib/x86_64-linux-gnu/cmake/tinyxml2
[1.449s] -- Using RMW implementation 'rmw_fastrtps_cpp' as default
[1.766s] -- Found generate_parameter_library: 0.4.0 (/opt/ros/jazzy/share/generate_parameter_library/cmake)
[1.776s] -- Found parameter_traits: 0.4.0 (/opt/ros/jazzy/share/parameter_traits/cmake)
[1.809s] -- Found nav_msgs: 5.3.6 (/opt/ros/jazzy/share/nav_msgs/cmake)
[1.843s] -- Found tf2: 0.36.11 (/opt/ros/jazzy/share/tf2/cmake)
[1.853s] -- Found tf2_msgs: 0.36.11 (/opt/ros/jazzy/share/tf2_msgs/cmake)
[1.989s] -- Configuring done (2.0s)
[2.018s] -- Generating done (0.0s)
[2.023s] -- Build files have been written to: /husarion_ws/build/mecanum_drive_controller
[2.036s] Invoked command in '/husarion_ws/build/mecanum_drive_controller' returned '0': CMAKE_PREFIX_PATH=${CMAKE_PREFIX_PATH}:/opt/ros/jazzy /usr/bin/cmake /husarion_ws/src/husarion_controllers/mecanum_drive_controller -DCMAKE_BUILD_TYPE=Release -DBUILD_TESTING=OFF -DAMENT_CMAKE_SYMLINK_INSTALL=1 -DCMAKE_INSTALL_PREFIX=/husarion_ws/install/mecanum_drive_controller
[2.036s] Invoking command in '/husarion_ws/build/mecanum_drive_controller': CMAKE_PREFIX_PATH=${CMAKE_PREFIX_PATH}:/opt/ros/jazzy /usr/bin/cmake --build /husarion_ws/build/mecanum_drive_controller -- -j6 -l6
[2.095s] [ 16%] Running `/opt/ros/jazzy/bin/generate_parameter_library_cpp /husarion_ws/build/mecanum_drive_controller/include/mecanum_drive_controller/mecanum_drive_controller_parameters.hpp /husarion_ws/src/husarion_controllers/mecanum_drive_controller/src/mecanum_drive_controller_parameter.yaml `
[3.476s] [ 33%] Creating deprecated header file /husarion_ws/build/mecanum_drive_controller/include/mecanum_drive_controller_parameters.hpp
[3.521s] [ 33%] Built target mecanum_drive_controller_parameters
[3.543s] [ 50%] Building CXX object CMakeFiles/mecanum_drive_controller.dir/src/mecanum_drive_controller.cpp.o
[3.544s] [ 66%] Building CXX object CMakeFiles/mecanum_drive_controller.dir/src/odometry.cpp.o
[3.549s] [ 83%] Building CXX object CMakeFiles/mecanum_drive_controller.dir/src/speed_limiter.cpp.o
[7.342s] /husarion_ws/src/husarion_controllers/mecanum_drive_controller/src/mecanum_drive_controller.cpp: In member function ‘virtual controller_interface::return_type mecanum_drive_controller::MecanumDriveController::update(const rclcpp::Time&, const rclcpp::Duration&)’:
[7.342s] /husarion_ws/src/husarion_controllers/mecanum_drive_controller/src/mecanum_drive_controller.cpp:115:33: warning: ‘std::enable_if_t<is_ptr_or_smart_ptr<U>, void> realtime_tools::RealtimeBoxBase<T, mutex_type>::get(T&) const [with U = std::shared_ptr<geometry_msgs::msg::TwistStamped_<std::allocator<void> > >; T = std::shared_ptr<geometry_msgs::msg::TwistStamped_<std::allocator<void> > >; mutex_type = std::mutex; std::enable_if_t<is_ptr_or_smart_ptr<U>, void> = void]’ is deprecated: Use get(const std::function<void(const T &)> & func) instead! [-Wdeprecated-declarations]
[7.342s]   115 |   received_velocity_msg_ptr_.get(last_command_msg);
[7.342s]       |   ~~~~~~~~~~~~~~~~~~~~~~~~~~~~~~^~~~~~~~~~~~~~~~~~
[7.345s] In file included from /husarion_ws/src/husarion_controllers/mecanum_drive_controller/include/mecanum_drive_controller/mecanum_drive_controller.hpp:45,
[7.346s]                  from /husarion_ws/src/husarion_controllers/mecanum_drive_controller/src/mecanum_drive_controller.cpp:30:
[7.346s] /opt/ros/jazzy/include/realtime_tools/realtime_tools/realtime_box.hpp:315:59: note: declared here
[7.346s]   315 |   typename std::enable_if_t<is_ptr_or_smart_ptr<U>, void> get(T & in) const
[7.346s]       |                                                           ^~~
[7.346s] /husarion_ws/src/husarion_controllers/mecanum_drive_controller/src/mecanum_drive_controller.cpp:152:101: warning: ‘double hardware_interface::LoanedStateInterface::get_value() const’ is deprecated: Use std::optional<T> get_optional() instead to retrieve the value. This method will be removed by the ROS 2 Kilted Kaiju release. [-Wdeprecated-declarations]
[7.346s]   152 |     const double front_left_feedback = registered_front_left_wheel_handle_->feedback.get().get_value();
[7.346s]       |                                        ~~~~~~~~~~~~~~~~~~~~~~~~~~~~~~~~~~~~~~~~~~~~~~~~~~~~~~~~~~~~~^~
[7.346s] In file included from /opt/ros/jazzy/include/controller_interface/controller_interface/controller_interface_base.hpp:28,
[7.346s]                  from /opt/ros/jazzy/include/controller_interface/controller_interface/controller_interface.hpp:21,
[7.346s]                  from /husarion_ws/src/husarion_controllers/mecanum_drive_controller/include/mecanum_drive_controller/mecanum_drive_controller.hpp:34:
[7.346s] /opt/ros/jazzy/include/hardware_interface/hardware_interface/loaned_state_interface.hpp:94:10: note: declared here
[7.346s]    94 |   double get_value() const
[7.346s]       |          ^~~~~~~~~
[7.346s] /husarion_ws/src/husarion_controllers/mecanum_drive_controller/src/mecanum_drive_controller.cpp:153:103: warning: ‘double hardware_interface::LoanedStateInterface::get_value() const’ is deprecated: Use std::optional<T> get_optional() instead to retrieve the value. This method will be removed by the ROS 2 Kilted Kaiju release. [-Wdeprecated-declarations]
[7.346s]   153 |     const double front_right_feedback = registered_front_right_wheel_handle_->feedback.get().get_value();
[7.346s]       |                                         ~~~~~~~~~~~~~~~~~~~~~~~~~~~~~~~~~~~~~~~~~~~~~~~~~~~~~~~~~~~~~~^~
[7.346s] /opt/ros/jazzy/include/hardware_interface/hardware_interface/loaned_state_interface.hpp:94:10: note: declared here
[7.346s]    94 |   double get_value() const
[7.347s]       |          ^~~~~~~~~
[7.347s] /husarion_ws/src/husarion_controllers/mecanum_drive_controller/src/mecanum_drive_controller.cpp:154:99: warning: ‘double hardware_interface::LoanedStateInterface::get_value() const’ is deprecated: Use std::optional<T> get_optional() instead to retrieve the value. This method will be removed by the ROS 2 Kilted Kaiju release. [-Wdeprecated-declarations]
[7.347s]   154 |     const double rear_left_feedback = registered_rear_left_wheel_handle_->feedback.get().get_value();
[7.347s]       |                                       ~~~~~~~~~~~~~~~~~~~~~~~~~~~~~~~~~~~~~~~~~~~~~~~~~~~~~~~~~~~~^~
[7.347s] /opt/ros/jazzy/include/hardware_interface/hardware_interface/loaned_state_interface.hpp:94:10: note: declared here
[7.347s]    94 |   double get_value() const
[7.347s]       |          ^~~~~~~~~
[7.347s] /husarion_ws/src/husarion_controllers/mecanum_drive_controller/src/mecanum_drive_controller.cpp:155:101: warning: ‘double hardware_interface::LoanedStateInterface::get_value() const’ is deprecated: Use std::optional<T> get_optional() instead to retrieve the value. This method will be removed by the ROS 2 Kilted Kaiju release. [-Wdeprecated-declarations]
[7.347s]   155 |     const double rear_right_feedback = registered_rear_right_wheel_handle_->feedback.get().get_value();
[7.347s]       |                                        ~~~~~~~~~~~~~~~~~~~~~~~~~~~~~~~~~~~~~~~~~~~~~~~~~~~~~~~~~~~~~^~
[7.347s] /opt/ros/jazzy/include/hardware_interface/hardware_interface/loaned_state_interface.hpp:94:10: note: declared here
[7.347s]    94 |   double get_value() const
[7.347s]       |          ^~~~~~~~~
[7.358s] /husarion_ws/src/husarion_controllers/mecanum_drive_controller/src/mecanum_drive_controller.cpp:264:64: warning: ignoring return value of ‘bool hardware_interface::LoanedCommandInterface::set_value(const T&, unsigned int) [with T = double]’, declared with attribute ‘nodiscard’ [-Wunused-result]
[7.358s]   264 |   registered_front_left_wheel_handle_->velocity.get().set_value(velocity_front_left);
[7.358s]       |   ~~~~~~~~~~~~~~~~~~~~~~~~~~~~~~~~~~~~~~~~~~~~~~~~~~~~~~~~~~~~~^~~~~~~~~~~~~~~~~~~~~
[7.358s] In file included from /opt/ros/jazzy/include/controller_interface/controller_interface/controller_interface_base.hpp:27:
[7.359s] /opt/ros/jazzy/include/hardware_interface/hardware_interface/loaned_command_interface.hpp:113:22: note: declared here
[7.359s]   113 |   [[nodiscard]] bool set_value(const T & value, unsigned int max_tries = 10)
[7.359s]       |                      ^~~~~~~~~
[7.359s] /husarion_ws/src/husarion_controllers/mecanum_drive_controller/src/mecanum_drive_controller.cpp:265:65: warning: ignoring return value of ‘bool hardware_interface::LoanedCommandInterface::set_value(const T&, unsigned int) [with T = double]’, declared with attribute ‘nodiscard’ [-Wunused-result]
[7.359s]   265 |   registered_front_right_wheel_handle_->velocity.get().set_value(velocity_front_right);
[7.359s]       |   ~~~~~~~~~~~~~~~~~~~~~~~~~~~~~~~~~~~~~~~~~~~~~~~~~~~~~~~~~~~~~~^~~~~~~~~~~~~~~~~~~~~~
[7.359s] /opt/ros/jazzy/include/hardware_interface/hardware_interface/loaned_command_interface.hpp:113:22: note: declared here
[7.359s]   113 |   [[nodiscard]] bool set_value(const T & value, unsigned int max_tries = 10)
[7.359s]       |                      ^~~~~~~~~
[7.359s] /husarion_ws/src/husarion_controllers/mecanum_drive_controller/src/mecanum_drive_controller.cpp:266:63: warning: ignoring return value of ‘bool hardware_interface::LoanedCommandInterface::set_value(const T&, unsigned int) [with T = double]’, declared with attribute ‘nodiscard’ [-Wunused-result]
[7.359s]   266 |   registered_rear_left_wheel_handle_->velocity.get().set_value(velocity_rear_left);
[7.359s]       |   ~~~~~~~~~~~~~~~~~~~~~~~~~~~~~~~~~~~~~~~~~~~~~~~~~~~~~~~~~~~~^~~~~~~~~~~~~~~~~~~~
[7.359s] /opt/ros/jazzy/include/hardware_interface/hardware_interface/loaned_command_interface.hpp:113:22: note: declared here
[7.359s]   113 |   [[nodiscard]] bool set_value(const T & value, unsigned int max_tries = 10)
[7.359s]       |                      ^~~~~~~~~
[7.359s] /husarion_ws/src/husarion_controllers/mecanum_drive_controller/src/mecanum_drive_controller.cpp:267:64: warning: ignoring return value of ‘bool hardware_interface::LoanedCommandInterface::set_value(const T&, unsigned int) [with T = double]’, declared with attribute ‘nodiscard’ [-Wunused-result]
[7.359s]   267 |   registered_rear_right_wheel_handle_->velocity.get().set_value(velocity_rear_right);
[7.359s]       |   ~~~~~~~~~~~~~~~~~~~~~~~~~~~~~~~~~~~~~~~~~~~~~~~~~~~~~~~~~~~~~^~~~~~~~~~~~~~~~~~~~~
[7.359s] /opt/ros/jazzy/include/hardware_interface/hardware_interface/loaned_command_interface.hpp:113:22: note: declared here
[7.360s]   113 |   [[nodiscard]] bool set_value(const T & value, unsigned int max_tries = 10)
[7.360s]       |                      ^~~~~~~~~
[7.369s] /husarion_ws/src/husarion_controllers/mecanum_drive_controller/src/mecanum_drive_controller.cpp: In member function ‘virtual controller_interface::CallbackReturn mecanum_drive_controller::MecanumDriveController::on_configure(const rclcpp_lifecycle::State&)’:
[7.369s] /husarion_ws/src/husarion_controllers/mecanum_drive_controller/src/mecanum_drive_controller.cpp:410:33: warning: ‘std::enable_if_t<is_ptr_or_smart_ptr<U>, void> realtime_tools::RealtimeBoxBase<T, mutex_type>::set(const T&) [with U = std::shared_ptr<geometry_msgs::msg::TwistStamped_<std::allocator<void> > >; T = std::shared_ptr<geometry_msgs::msg::TwistStamped_<std::allocator<void> > >; mutex_type = std::mutex; std::enable_if_t<is_ptr_or_smart_ptr<U>, void> = void]’ is deprecated: Use set(const std::function<void(T &)> & func) instead! [-Wdeprecated-declarations]
[7.369s]   410 |   received_velocity_msg_ptr_.set(std::make_shared<Twist>(empty_twist));
[7.369s]       |   ~~~~~~~~~~~~~~~~~~~~~~~~~~~~~~^~~~~~~~~~~~~~~~~~~~~~~~~~~~~~~~~~~~~~
[7.369s] /opt/ros/jazzy/include/realtime_tools/realtime_tools/realtime_box.hpp:262:59: note: declared here
[7.369s]   262 |   typename std::enable_if_t<is_ptr_or_smart_ptr<U>, void> set(const T & value)
[7.369s]       |                                                           ^~~
[7.369s] /husarion_ws/src/husarion_controllers/mecanum_drive_controller/src/mecanum_drive_controller.cpp: In lambda function:
[7.369s] /husarion_ws/src/husarion_controllers/mecanum_drive_controller/src/mecanum_drive_controller.cpp:430:41: warning: ‘std::enable_if_t<is_ptr_or_smart_ptr<U>, void> realtime_tools::RealtimeBoxBase<T, mutex_type>::set(const T&) [with U = std::shared_ptr<geometry_msgs::msg::TwistStamped_<std::allocator<void> > >; T = std::shared_ptr<geometry_msgs::msg::TwistStamped_<std::allocator<void> > >; mutex_type = std::mutex; std::enable_if_t<is_ptr_or_smart_ptr<U>, void> = void]’ is deprecated: Use set(const std::function<void(T &)> & func) instead! [-Wdeprecated-declarations]
[7.369s]   430 |           received_velocity_msg_ptr_.set(std::move(msg));
[7.369s]       |           ~~~~~~~~~~~~~~~~~~~~~~~~~~~~~~^~~~~~~~~~~~~~~~
[7.370s] /opt/ros/jazzy/include/realtime_tools/realtime_tools/realtime_box.hpp:262:59: note: declared here
[7.370s]   262 |   typename std::enable_if_t<is_ptr_or_smart_ptr<U>, void> set(const T & value)
[7.370s]       |                                                           ^~~
[7.455s] /husarion_ws/src/husarion_controllers/mecanum_drive_controller/src/mecanum_drive_controller.cpp: In member function ‘virtual controller_interface::CallbackReturn mecanum_drive_controller::MecanumDriveController::on_cleanup(const rclcpp_lifecycle::State&)’:
[7.455s] /husarion_ws/src/husarion_controllers/mecanum_drive_controller/src/mecanum_drive_controller.cpp:517:33: warning: ‘std::enable_if_t<is_ptr_or_smart_ptr<U>, void> realtime_tools::RealtimeBoxBase<T, mutex_type>::set(const T&) [with U = std::shared_ptr<geometry_msgs::msg::TwistStamped_<std::allocator<void> > >; T = std::shared_ptr<geometry_msgs::msg::TwistStamped_<std::allocator<void> > >; mutex_type = std::mutex; std::enable_if_t<is_ptr_or_smart_ptr<U>, void> = void]’ is deprecated: Use set(const std::function<void(T &)> & func) instead! [-Wdeprecated-declarations]
[7.455s]   517 |   received_velocity_msg_ptr_.set(std::make_shared<Twist>());
[7.455s]       |   ~~~~~~~~~~~~~~~~~~~~~~~~~~~~~~^~~~~~~~~~~~~~~~~~~~~~~~~~~
[7.455s] /opt/ros/jazzy/include/realtime_tools/realtime_tools/realtime_box.hpp:262:59: note: declared here
[7.455s]   262 |   typename std::enable_if_t<is_ptr_or_smart_ptr<U>, void> set(const T & value)
[7.455s]       |                                                           ^~~
[7.457s] /husarion_ws/src/husarion_controllers/mecanum_drive_controller/src/mecanum_drive_controller.cpp: In member function ‘void mecanum_drive_controller::MecanumDriveController::halt()’:
[7.458s] /husarion_ws/src/husarion_controllers/mecanum_drive_controller/src/mecanum_drive_controller.cpp:558:64: warning: ignoring return value of ‘bool hardware_interface::LoanedCommandInterface::set_value(const T&, unsigned int) [with T = double]’, declared with attribute ‘nodiscard’ [-Wunused-result]
[7.458s]   558 |   registered_front_left_wheel_handle_->velocity.get().set_value(0.0);
[7.458s]       |   ~~~~~~~~~~~~~~~~~~~~~~~~~~~~~~~~~~~~~~~~~~~~~~~~~~~~~~~~~~~~~^~~~~
[7.458s] /opt/ros/jazzy/include/hardware_interface/hardware_interface/loaned_command_interface.hpp:113:22: note: declared here
[7.458s]   113 |   [[nodiscard]] bool set_value(const T & value, unsigned int max_tries = 10)
[7.458s]       |                      ^~~~~~~~~
[7.458s] /husarion_ws/src/husarion_controllers/mecanum_drive_controller/src/mecanum_drive_controller.cpp:559:65: warning: ignoring return value of ‘bool hardware_interface::LoanedCommandInterface::set_value(const T&, unsigned int) [with T = double]’, declared with attribute ‘nodiscard’ [-Wunused-result]
[7.458s]   559 |   registered_front_right_wheel_handle_->velocity.get().set_value(0.0);
[7.458s]       |   ~~~~~~~~~~~~~~~~~~~~~~~~~~~~~~~~~~~~~~~~~~~~~~~~~~~~~~~~~~~~~~^~~~~
[7.458s] /opt/ros/jazzy/include/hardware_interface/hardware_interface/loaned_command_interface.hpp:113:22: note: declared here
[7.458s]   113 |   [[nodiscard]] bool set_value(const T & value, unsigned int max_tries = 10)
[7.458s]       |                      ^~~~~~~~~
[7.458s] /husarion_ws/src/husarion_controllers/mecanum_drive_controller/src/mecanum_drive_controller.cpp:560:63: warning: ignoring return value of ‘bool hardware_interface::LoanedCommandInterface::set_value(const T&, unsigned int) [with T = double]’, declared with attribute ‘nodiscard’ [-Wunused-result]
[7.458s]   560 |   registered_rear_left_wheel_handle_->velocity.get().set_value(0.0);
[7.458s]       |   ~~~~~~~~~~~~~~~~~~~~~~~~~~~~~~~~~~~~~~~~~~~~~~~~~~~~~~~~~~~~^~~~~
[7.460s] /opt/ros/jazzy/include/hardware_interface/hardware_interface/loaned_command_interface.hpp:113:22: note: declared here
[7.461s]   113 |   [[nodiscard]] bool set_value(const T & value, unsigned int max_tries = 10)
[7.461s]       |                      ^~~~~~~~~
[7.461s] /husarion_ws/src/husarion_controllers/mecanum_drive_controller/src/mecanum_drive_controller.cpp:561:64: warning: ignoring return value of ‘bool hardware_interface::LoanedCommandInterface::set_value(const T&, unsigned int) [with T = double]’, declared with attribute ‘nodiscard’ [-Wunused-result]
[7.461s]   561 |   registered_rear_right_wheel_handle_->velocity.get().set_value(0.0);
[7.461s]       |   ~~~~~~~~~~~~~~~~~~~~~~~~~~~~~~~~~~~~~~~~~~~~~~~~~~~~~~~~~~~~~^~~~~
[7.461s] /opt/ros/jazzy/include/hardware_interface/hardware_interface/loaned_command_interface.hpp:113:22: note: declared here
[7.461s]   113 |   [[nodiscard]] bool set_value(const T & value, unsigned int max_tries = 10)
[7.461s]       |                      ^~~~~~~~~
[32.618s] [100%] Linking CXX shared library libmecanum_drive_controller.so
[33.064s] [100%] Built target mecanum_drive_controller
[33.091s] Invoked command in '/husarion_ws/build/mecanum_drive_controller' returned '0': CMAKE_PREFIX_PATH=${CMAKE_PREFIX_PATH}:/opt/ros/jazzy /usr/bin/cmake --build /husarion_ws/build/mecanum_drive_controller -- -j6 -l6
[33.091s] Invoking command in '/husarion_ws/build/mecanum_drive_controller': CMAKE_PREFIX_PATH=${CMAKE_PREFIX_PATH}:/opt/ros/jazzy /usr/bin/cmake --install /husarion_ws/build/mecanum_drive_controller
[33.111s] -- Install configuration: "Release"
[33.111s] -- Execute custom install script
[33.115s] -- Symlinking: /husarion_ws/install/mecanum_drive_controller/include/mecanum_drive_controller/mecanum_drive_controller_parameters.hpp
[33.136s] -- Symlinking: /husarion_ws/install/mecanum_drive_controller/share/mecanum_drive_controller//mecanum_drive_plugin.xml
[33.157s] -- Symlinking: /husarion_ws/install/mecanum_drive_controller/include/mecanum_drive_controller/mecanum_drive_controller/mecanum_drive_controller.hpp
[33.175s] -- Symlinking: /husarion_ws/install/mecanum_drive_controller/include/mecanum_drive_controller/mecanum_drive_controller/odometry.hpp
[33.195s] -- Symlinking: /husarion_ws/install/mecanum_drive_controller/include/mecanum_drive_controller/mecanum_drive_controller/speed_limiter.hpp
[33.215s] -- Symlinking: /husarion_ws/install/mecanum_drive_controller/include/mecanum_drive_controller/mecanum_drive_controller/visibility_control.h
[33.230s] -- Symlinking: /husarion_ws/install/mecanum_drive_controller/share/mecanum_drive_controller/environment/library_path.sh
[33.245s] -- Symlinking: /husarion_ws/install/mecanum_drive_controller/share/mecanum_drive_controller/environment/library_path.dsv
[33.252s] -- Symlinking: /husarion_ws/install/mecanum_drive_controller/share/ament_index/resource_index/package_run_dependencies/mecanum_drive_controller
[33.265s] -- Symlinking: /husarion_ws/install/mecanum_drive_controller/share/ament_index/resource_index/parent_prefix_path/mecanum_drive_controller
[33.277s] -- Symlinking: /husarion_ws/install/mecanum_drive_controller/share/mecanum_drive_controller/environment/ament_prefix_path.sh
[33.288s] -- Symlinking: /husarion_ws/install/mecanum_drive_controller/share/mecanum_drive_controller/environment/ament_prefix_path.dsv
[33.308s] -- Symlinking: /husarion_ws/install/mecanum_drive_controller/share/mecanum_drive_controller/environment/path.sh
[33.326s] -- Symlinking: /husarion_ws/install/mecanum_drive_controller/share/mecanum_drive_controller/environment/path.dsv
[33.343s] -- Symlinking: /husarion_ws/install/mecanum_drive_controller/share/mecanum_drive_controller/local_setup.bash
[33.362s] -- Symlinking: /husarion_ws/install/mecanum_drive_controller/share/mecanum_drive_controller/local_setup.sh
[33.383s] -- Symlinking: /husarion_ws/install/mecanum_drive_controller/share/mecanum_drive_controller/local_setup.zsh
[33.405s] -- Symlinking: /husarion_ws/install/mecanum_drive_controller/share/mecanum_drive_controller/local_setup.dsv
[33.424s] -- Symlinking: /husarion_ws/install/mecanum_drive_controller/share/mecanum_drive_controller/package.dsv
[33.448s] -- Symlinking: /husarion_ws/install/mecanum_drive_controller/share/ament_index/resource_index/packages/mecanum_drive_controller
[33.470s] -- Symlinking: /husarion_ws/install/mecanum_drive_controller/share/ament_index/resource_index/controller_interface__pluginlib__plugin/mecanum_drive_controller
[33.499s] -- Symlinking: /husarion_ws/install/mecanum_drive_controller/share/mecanum_drive_controller/cmake/ament_cmake_export_dependencies-extras.cmake
[33.521s] -- Symlinking: /husarion_ws/install/mecanum_drive_controller/share/mecanum_drive_controller/cmake/ament_cmake_export_targets-extras.cmake
[33.538s] -- Symlinking: /husarion_ws/install/mecanum_drive_controller/share/mecanum_drive_controller/cmake/mecanum_drive_controllerConfig.cmake
[33.556s] -- Symlinking: /husarion_ws/install/mecanum_drive_controller/share/mecanum_drive_controller/cmake/mecanum_drive_controllerConfig-version.cmake
[33.577s] -- Symlinking: /husarion_ws/install/mecanum_drive_controller/share/mecanum_drive_controller/package.xml
[33.599s] -- Installing: /husarion_ws/install/mecanum_drive_controller/lib/libmecanum_drive_controller.so
[33.600s] -- Set non-toolchain portion of runtime path of "/husarion_ws/install/mecanum_drive_controller/lib/libmecanum_drive_controller.so" to ""
[33.600s] -- Installing: /husarion_ws/install/mecanum_drive_controller/share/mecanum_drive_controller/cmake/export_mecanum_drive_controllerExport.cmake
[33.600s] -- Installing: /husarion_ws/install/mecanum_drive_controller/share/mecanum_drive_controller/cmake/export_mecanum_drive_controllerExport-release.cmake
[33.625s] Invoked command in '/husarion_ws/build/mecanum_drive_controller' returned '0': CMAKE_PREFIX_PATH=${CMAKE_PREFIX_PATH}:/opt/ros/jazzy /usr/bin/cmake --install /husarion_ws/build/mecanum_drive_controller
