-- The C compiler identification is GNU 13.3.0
-- The CXX compiler identification is GNU 13.3.0
-- Detecting C compiler ABI info
-- Detecting C compiler ABI info - done
-- Check for working C compiler: /usr/bin/cc - skipped
-- Detecting C compile features
-- Detecting C compile features - done
-- Detecting CXX compiler ABI info
-- Detecting CXX compiler ABI info - done
-- Check for working CXX compiler: /usr/bin/c++ - skipped
-- Detecting CXX compile features
-- Detecting CXX compile features - done
-- Found ament_cmake: 2.5.4 (/opt/ros/jazzy/share/ament_cmake/cmake)
-- Found Python3: /usr/bin/python3 (found version "3.12.3") found components: Interpreter 
-- Override CMake install command with custom implementation using symlinks instead of copying resources
-- Found controller_interface: 4.29.0 (/opt/ros/jazzy/share/controller_interface/cmake)
-- Found rosidl_generator_c: 4.6.5 (/opt/ros/jazzy/share/rosidl_generator_c/cmake)
-- Found rosidl_generator_cpp: 4.6.5 (/opt/ros/jazzy/share/rosidl_generator_cpp/cmake)
-- Using all available rosidl_typesupport_c: rosidl_typesupport_fastrtps_c;rosidl_typesupport_introspection_c
-- Using all available rosidl_typesupport_cpp: rosidl_typesupport_fastrtps_cpp;rosidl_typesupport_introspection_cpp
-- Found TinyXML2 via Config file: /usr/lib/x86_64-linux-gnu/cmake/tinyxml2
-- Found rmw_implementation_cmake: 7.3.2 (/opt/ros/jazzy/share/rmw_implementation_cmake/cmake)
-- Found rmw_fastrtps_cpp: 8.4.2 (/opt/ros/jazzy/share/rmw_fastrtps_cpp/cmake)
-- Found TinyXML2 via Config file: /usr/lib/x86_64-linux-gnu/cmake/tinyxml2
-- Found OpenSSL: /usr/lib/x86_64-linux-gnu/libcrypto.so (found version "3.0.13")  
-- Found TinyXML2 via Config file: /usr/lib/x86_64-linux-gnu/cmake/tinyxml2
-- Found FastRTPS: /opt/ros/jazzy/include (Required is at least version "2.13") 
-- Found TinyXML2 via Config file: /usr/lib/x86_64-linux-gnu/cmake/tinyxml2
-- Found TinyXML2 via Config file: /usr/lib/x86_64-linux-gnu/cmake/tinyxml2
-- Using RMW implementation 'rmw_fastrtps_cpp' as default
-- Found generate_parameter_library: 0.4.0 (/opt/ros/jazzy/share/generate_parameter_library/cmake)
-- Found parameter_traits: 0.4.0 (/opt/ros/jazzy/share/parameter_traits/cmake)
-- Found nav_msgs: 5.3.6 (/opt/ros/jazzy/share/nav_msgs/cmake)
-- Found tf2: 0.36.11 (/opt/ros/jazzy/share/tf2/cmake)
-- Found tf2_msgs: 0.36.11 (/opt/ros/jazzy/share/tf2_msgs/cmake)
-- Configuring done (2.2s)
-- Generating done (0.0s)
-- Build files have been written to: /husarion_ws/build/mecanum_drive_controller
[ 16%] Running `/opt/ros/jazzy/bin/generate_parameter_library_cpp /husarion_ws/build/mecanum_drive_controller/include/mecanum_drive_controller/mecanum_drive_controller_parameters.hpp /husarion_ws/src/husarion_controllers/mecanum_drive_controller/src/mecanum_drive_controller_parameter.yaml `
[ 33%] Creating deprecated header file /husarion_ws/build/mecanum_drive_controller/include/mecanum_drive_controller_parameters.hpp
[ 33%] Built target mecanum_drive_controller_parameters
[ 50%] Building CXX object CMakeFiles/mecanum_drive_controller.dir/src/mecanum_drive_controller.cpp.o
[ 66%] Building CXX object CMakeFiles/mecanum_drive_controller.dir/src/odometry.cpp.o
[ 83%] Building CXX object CMakeFiles/mecanum_drive_controller.dir/src/speed_limiter.cpp.o
[100%] Linking CXX shared library libmecanum_drive_controller.so
[100%] Built target mecanum_drive_controller
-- Install configuration: "Release"
-- Execute custom install script
-- Symlinking: /husarion_ws/install/mecanum_drive_controller/include/mecanum_drive_controller/mecanum_drive_controller_parameters.hpp
-- Symlinking: /husarion_ws/install/mecanum_drive_controller/share/mecanum_drive_controller//mecanum_drive_plugin.xml
-- Symlinking: /husarion_ws/install/mecanum_drive_controller/include/mecanum_drive_controller/mecanum_drive_controller/mecanum_drive_controller.hpp
-- Symlinking: /husarion_ws/install/mecanum_drive_controller/include/mecanum_drive_controller/mecanum_drive_controller/odometry.hpp
-- Symlinking: /husarion_ws/install/mecanum_drive_controller/include/mecanum_drive_controller/mecanum_drive_controller/speed_limiter.hpp
-- Symlinking: /husarion_ws/install/mecanum_drive_controller/include/mecanum_drive_controller/mecanum_drive_controller/visibility_control.h
-- Symlinking: /husarion_ws/install/mecanum_drive_controller/share/mecanum_drive_controller/environment/library_path.sh
-- Symlinking: /husarion_ws/install/mecanum_drive_controller/share/mecanum_drive_controller/environment/library_path.dsv
-- Symlinking: /husarion_ws/install/mecanum_drive_controller/share/ament_index/resource_index/package_run_dependencies/mecanum_drive_controller
-- Symlinking: /husarion_ws/install/mecanum_drive_controller/share/ament_index/resource_index/parent_prefix_path/mecanum_drive_controller
-- Symlinking: /husarion_ws/install/mecanum_drive_controller/share/mecanum_drive_controller/environment/ament_prefix_path.sh
-- Symlinking: /husarion_ws/install/mecanum_drive_controller/share/mecanum_drive_controller/environment/ament_prefix_path.dsv
-- Symlinking: /husarion_ws/install/mecanum_drive_controller/share/mecanum_drive_controller/environment/path.sh
-- Symlinking: /husarion_ws/install/mecanum_drive_controller/share/mecanum_drive_controller/environment/path.dsv
-- Symlinking: /husarion_ws/install/mecanum_drive_controller/share/mecanum_drive_controller/local_setup.bash
-- Symlinking: /husarion_ws/install/mecanum_drive_controller/share/mecanum_drive_controller/local_setup.sh
-- Symlinking: /husarion_ws/install/mecanum_drive_controller/share/mecanum_drive_controller/local_setup.zsh
-- Symlinking: /husarion_ws/install/mecanum_drive_controller/share/mecanum_drive_controller/local_setup.dsv
-- Symlinking: /husarion_ws/install/mecanum_drive_controller/share/mecanum_drive_controller/package.dsv
-- Symlinking: /husarion_ws/install/mecanum_drive_controller/share/ament_index/resource_index/packages/mecanum_drive_controller
-- Symlinking: /husarion_ws/install/mecanum_drive_controller/share/ament_index/resource_index/controller_interface__pluginlib__plugin/mecanum_drive_controller
-- Symlinking: /husarion_ws/install/mecanum_drive_controller/share/mecanum_drive_controller/cmake/ament_cmake_export_dependencies-extras.cmake
-- Symlinking: /husarion_ws/install/mecanum_drive_controller/share/mecanum_drive_controller/cmake/ament_cmake_export_targets-extras.cmake
-- Symlinking: /husarion_ws/install/mecanum_drive_controller/share/mecanum_drive_controller/cmake/mecanum_drive_controllerConfig.cmake
-- Symlinking: /husarion_ws/install/mecanum_drive_controller/share/mecanum_drive_controller/cmake/mecanum_drive_controllerConfig-version.cmake
-- Symlinking: /husarion_ws/install/mecanum_drive_controller/share/mecanum_drive_controller/package.xml
-- Installing: /husarion_ws/install/mecanum_drive_controller/lib/libmecanum_drive_controller.so
-- Set non-toolchain portion of runtime path of "/husarion_ws/install/mecanum_drive_controller/lib/libmecanum_drive_controller.so" to ""
-- Installing: /husarion_ws/install/mecanum_drive_controller/share/mecanum_drive_controller/cmake/export_mecanum_drive_controllerExport.cmake
-- Installing: /husarion_ws/install/mecanum_drive_controller/share/mecanum_drive_controller/cmake/export_mecanum_drive_controllerExport-release.cmake
