[0.017s] Invoking command in '/husarion_ws/build/mecanum_drive_controller': CMAKE_PREFIX_PATH=${CMAKE_PREFIX_PATH}:/opt/ros/jazzy /usr/bin/cmake /husarion_ws/src/husarion_controllers/mecanum_drive_controller -DCMAKE_BUILD_TYPE=Release -DBUILD_TESTING=OFF -DAMENT_CMAKE_SYMLINK_INSTALL=1 -DCMAKE_INSTALL_PREFIX=/husarion_ws/install/mecanum_drive_controller
[0.192s] -- The C compiler identification is GNU 13.3.0
[0.359s] -- The CXX compiler identification is GNU 13.3.0
[0.378s] -- Detecting C compiler ABI info
[0.485s] -- Detecting C compiler ABI info - done
[0.494s] -- Check for working C compiler: /usr/bin/cc - skipped
[0.496s] -- Detecting C compile features
[0.497s] -- Detecting C compile features - done
[0.508s] -- Detecting CXX compiler ABI info
[0.624s] -- Detecting CXX compiler ABI info - done
[0.632s] -- Check for working CXX compiler: /usr/bin/c++ - skipped
[0.632s] -- Detecting CXX compile features
[0.632s] -- Detecting CXX compile features - done
[0.638s] -- Found ament_cmake: 2.5.4 (/opt/ros/jazzy/share/ament_cmake/cmake)
[0.812s] -- Found Python3: /usr/bin/python3 (found version "3.12.3") found components: Interpreter 
[0.901s] -- Override CMake install command with custom implementation using symlinks instead of copying resources
[0.982s] -- Found controller_interface: 4.29.0 (/opt/ros/jazzy/share/controller_interface/cmake)
[1.053s] -- Found rosidl_generator_c: 4.6.5 (/opt/ros/jazzy/share/rosidl_generator_c/cmake)
[1.075s] -- Found rosidl_generator_cpp: 4.6.5 (/opt/ros/jazzy/share/rosidl_generator_cpp/cmake)
[1.100s] -- Using all available rosidl_typesupport_c: rosidl_typesupport_fastrtps_c;rosidl_typesupport_introspection_c
[1.133s] -- Using all available rosidl_typesupport_cpp: rosidl_typesupport_fastrtps_cpp;rosidl_typesupport_introspection_cpp
[1.444s] -- Found TinyXML2 via Config file: /usr/lib/x86_64-linux-gnu/cmake/tinyxml2
[1.512s] -- Found rmw_implementation_cmake: 7.3.2 (/opt/ros/jazzy/share/rmw_implementation_cmake/cmake)
[1.515s] -- Found rmw_fastrtps_cpp: 8.4.2 (/opt/ros/jazzy/share/rmw_fastrtps_cpp/cmake)
[1.549s] -- Found TinyXML2 via Config file: /usr/lib/x86_64-linux-gnu/cmake/tinyxml2
[1.627s] -- Found OpenSSL: /usr/lib/x86_64-linux-gnu/libcrypto.so (found version "3.0.13")  
[1.629s] -- Found TinyXML2 via Config file: /usr/lib/x86_64-linux-gnu/cmake/tinyxml2
[1.649s] -- Found FastRTPS: /opt/ros/jazzy/include (Required is at least version "2.13") 
[1.652s] -- Found TinyXML2 via Config file: /usr/lib/x86_64-linux-gnu/cmake/tinyxml2
[1.665s] -- Found TinyXML2 via Config file: /usr/lib/x86_64-linux-gnu/cmake/tinyxml2
[1.680s] -- Using RMW implementation 'rmw_fastrtps_cpp' as default
[2.005s] -- Found generate_parameter_library: 0.4.0 (/opt/ros/jazzy/share/generate_parameter_library/cmake)
[2.016s] -- Found parameter_traits: 0.4.0 (/opt/ros/jazzy/share/parameter_traits/cmake)
[2.070s] -- Found nav_msgs: 5.3.6 (/opt/ros/jazzy/share/nav_msgs/cmake)
[2.090s] -- Found tf2: 0.36.11 (/opt/ros/jazzy/share/tf2/cmake)
[2.102s] -- Found tf2_msgs: 0.36.11 (/opt/ros/jazzy/share/tf2_msgs/cmake)
[2.254s] -- Configuring done (2.2s)
[2.285s] -- Generating done (0.0s)
[2.291s] -- Build files have been written to: /husarion_ws/build/mecanum_drive_controller
[2.304s] Invoked command in '/husarion_ws/build/mecanum_drive_controller' returned '0': CMAKE_PREFIX_PATH=${CMAKE_PREFIX_PATH}:/opt/ros/jazzy /usr/bin/cmake /husarion_ws/src/husarion_controllers/mecanum_drive_controller -DCMAKE_BUILD_TYPE=Release -DBUILD_TESTING=OFF -DAMENT_CMAKE_SYMLINK_INSTALL=1 -DCMAKE_INSTALL_PREFIX=/husarion_ws/install/mecanum_drive_controller
[2.304s] Invoking command in '/husarion_ws/build/mecanum_drive_controller': CMAKE_PREFIX_PATH=${CMAKE_PREFIX_PATH}:/opt/ros/jazzy /usr/bin/cmake --build /husarion_ws/build/mecanum_drive_controller -- -j6 -l6
[2.364s] [ 16%] Running `/opt/ros/jazzy/bin/generate_parameter_library_cpp /husarion_ws/build/mecanum_drive_controller/include/mecanum_drive_controller/mecanum_drive_controller_parameters.hpp /husarion_ws/src/husarion_controllers/mecanum_drive_controller/src/mecanum_drive_controller_parameter.yaml `
[3.728s] [ 33%] Creating deprecated header file /husarion_ws/build/mecanum_drive_controller/include/mecanum_drive_controller_parameters.hpp
[3.777s] [ 33%] Built target mecanum_drive_controller_parameters
[3.798s] [ 50%] Building CXX object CMakeFiles/mecanum_drive_controller.dir/src/mecanum_drive_controller.cpp.o
[3.808s] [ 66%] Building CXX object CMakeFiles/mecanum_drive_controller.dir/src/odometry.cpp.o
[3.808s] [ 83%] Building CXX object CMakeFiles/mecanum_drive_controller.dir/src/speed_limiter.cpp.o
[8.350s] /husarion_ws/src/husarion_controllers/mecanum_drive_controller/src/mecanum_drive_controller.cpp: In member function ‘virtual controller_interface::return_type mecanum_drive_controller::MecanumDriveController::update(const rclcpp::Time&, const rclcpp::Duration&)’:
[8.350s] /husarion_ws/src/husarion_controllers/mecanum_drive_controller/src/mecanum_drive_controller.cpp:115:33: warning: ‘std::enable_if_t<is_ptr_or_smart_ptr<U>, void> realtime_tools::RealtimeBoxBase<T, mutex_type>::get(T&) const [with U = std::shared_ptr<geometry_msgs::msg::TwistStamped_<std::allocator<void> > >; T = std::shared_ptr<geometry_msgs::msg::TwistStamped_<std::allocator<void> > >; mutex_type = std::mutex; std::enable_if_t<is_ptr_or_smart_ptr<U>, void> = void]’ is deprecated: Use get(const std::function<void(const T &)> & func) instead! [-Wdeprecated-declarations]
[8.350s]   115 |   received_velocity_msg_ptr_.get(last_command_msg);
[8.351s]       |   ~~~~~~~~~~~~~~~~~~~~~~~~~~~~~~^~~~~~~~~~~~~~~~~~
[8.351s] In file included from /husarion_ws/src/husarion_controllers/mecanum_drive_controller/include/mecanum_drive_controller/mecanum_drive_controller.hpp:45,
[8.351s]                  from /husarion_ws/src/husarion_controllers/mecanum_drive_controller/src/mecanum_drive_controller.cpp:30:
[8.351s] /opt/ros/jazzy/include/realtime_tools/realtime_tools/realtime_box.hpp:315:59: note: declared here
[8.351s]   315 |   typename std::enable_if_t<is_ptr_or_smart_ptr<U>, void> get(T & in) const
[8.351s]       |                                                           ^~~
[8.355s] /husarion_ws/src/husarion_controllers/mecanum_drive_controller/src/mecanum_drive_controller.cpp:152:101: warning: ‘double hardware_interface::LoanedStateInterface::get_value() const’ is deprecated: Use std::optional<T> get_optional() instead to retrieve the value. This method will be removed by the ROS 2 Kilted Kaiju release. [-Wdeprecated-declarations]
[8.355s]   152 |     const double front_left_feedback = registered_front_left_wheel_handle_->feedback.get().get_value();
[8.356s]       |                                        ~~~~~~~~~~~~~~~~~~~~~~~~~~~~~~~~~~~~~~~~~~~~~~~~~~~~~~~~~~~~~^~
[8.356s] In file included from /opt/ros/jazzy/include/controller_interface/controller_interface/controller_interface_base.hpp:28,
[8.356s]                  from /opt/ros/jazzy/include/controller_interface/controller_interface/controller_interface.hpp:21,
[8.356s]                  from /husarion_ws/src/husarion_controllers/mecanum_drive_controller/include/mecanum_drive_controller/mecanum_drive_controller.hpp:34:
[8.356s] /opt/ros/jazzy/include/hardware_interface/hardware_interface/loaned_state_interface.hpp:94:10: note: declared here
[8.356s]    94 |   double get_value() const
[8.356s]       |          ^~~~~~~~~
[8.356s] /husarion_ws/src/husarion_controllers/mecanum_drive_controller/src/mecanum_drive_controller.cpp:153:103: warning: ‘double hardware_interface::LoanedStateInterface::get_value() const’ is deprecated: Use std::optional<T> get_optional() instead to retrieve the value. This method will be removed by the ROS 2 Kilted Kaiju release. [-Wdeprecated-declarations]
[8.356s]   153 |     const double front_right_feedback = registered_front_right_wheel_handle_->feedback.get().get_value();
[8.356s]       |                                         ~~~~~~~~~~~~~~~~~~~~~~~~~~~~~~~~~~~~~~~~~~~~~~~~~~~~~~~~~~~~~~^~
[8.356s] /opt/ros/jazzy/include/hardware_interface/hardware_interface/loaned_state_interface.hpp:94:10: note: declared here
[8.356s]    94 |   double get_value() const
[8.356s]       |          ^~~~~~~~~
[8.356s] /husarion_ws/src/husarion_controllers/mecanum_drive_controller/src/mecanum_drive_controller.cpp:154:99: warning: ‘double hardware_interface::LoanedStateInterface::get_value() const’ is deprecated: Use std::optional<T> get_optional() instead to retrieve the value. This method will be removed by the ROS 2 Kilted Kaiju release. [-Wdeprecated-declarations]
[8.356s]   154 |     const double rear_left_feedback = registered_rear_left_wheel_handle_->feedback.get().get_value();
[8.356s]       |                                       ~~~~~~~~~~~~~~~~~~~~~~~~~~~~~~~~~~~~~~~~~~~~~~~~~~~~~~~~~~~~^~
[8.356s] /opt/ros/jazzy/include/hardware_interface/hardware_interface/loaned_state_interface.hpp:94:10: note: declared here
[8.356s]    94 |   double get_value() const
[8.357s]       |          ^~~~~~~~~
[8.357s] /husarion_ws/src/husarion_controllers/mecanum_drive_controller/src/mecanum_drive_controller.cpp:155:101: warning: ‘double hardware_interface::LoanedStateInterface::get_value() const’ is deprecated: Use std::optional<T> get_optional() instead to retrieve the value. This method will be removed by the ROS 2 Kilted Kaiju release. [-Wdeprecated-declarations]
[8.357s]   155 |     const double rear_right_feedback = registered_rear_right_wheel_handle_->feedback.get().get_value();
[8.357s]       |                                        ~~~~~~~~~~~~~~~~~~~~~~~~~~~~~~~~~~~~~~~~~~~~~~~~~~~~~~~~~~~~~^~
[8.357s] /opt/ros/jazzy/include/hardware_interface/hardware_interface/loaned_state_interface.hpp:94:10: note: declared here
[8.357s]    94 |   double get_value() const
[8.357s]       |          ^~~~~~~~~
[8.376s] /husarion_ws/src/husarion_controllers/mecanum_drive_controller/src/mecanum_drive_controller.cpp:264:64: warning: ignoring return value of ‘bool hardware_interface::LoanedCommandInterface::set_value(const T&, unsigned int) [with T = double]’, declared with attribute ‘nodiscard’ [-Wunused-result]
[8.376s]   264 |   registered_front_left_wheel_handle_->velocity.get().set_value(velocity_front_left);
[8.376s]       |   ~~~~~~~~~~~~~~~~~~~~~~~~~~~~~~~~~~~~~~~~~~~~~~~~~~~~~~~~~~~~~^~~~~~~~~~~~~~~~~~~~~
[8.382s] In file included from /opt/ros/jazzy/include/controller_interface/controller_interface/controller_interface_base.hpp:27:
[8.382s] /opt/ros/jazzy/include/hardware_interface/hardware_interface/loaned_command_interface.hpp:113:22: note: declared here
[8.382s]   113 |   [[nodiscard]] bool set_value(const T & value, unsigned int max_tries = 10)
[8.382s]       |                      ^~~~~~~~~
[8.382s] /husarion_ws/src/husarion_controllers/mecanum_drive_controller/src/mecanum_drive_controller.cpp:265:65: warning: ignoring return value of ‘bool hardware_interface::LoanedCommandInterface::set_value(const T&, unsigned int) [with T = double]’, declared with attribute ‘nodiscard’ [-Wunused-result]
[8.383s]   265 |   registered_front_right_wheel_handle_->velocity.get().set_value(velocity_front_right);
[8.383s]       |   ~~~~~~~~~~~~~~~~~~~~~~~~~~~~~~~~~~~~~~~~~~~~~~~~~~~~~~~~~~~~~~^~~~~~~~~~~~~~~~~~~~~~
[8.383s] /opt/ros/jazzy/include/hardware_interface/hardware_interface/loaned_command_interface.hpp:113:22: note: declared here
[8.383s]   113 |   [[nodiscard]] bool set_value(const T & value, unsigned int max_tries = 10)
[8.383s]       |                      ^~~~~~~~~
[8.383s] /husarion_ws/src/husarion_controllers/mecanum_drive_controller/src/mecanum_drive_controller.cpp:266:63: warning: ignoring return value of ‘bool hardware_interface::LoanedCommandInterface::set_value(const T&, unsigned int) [with T = double]’, declared with attribute ‘nodiscard’ [-Wunused-result]
[8.383s]   266 |   registered_rear_left_wheel_handle_->velocity.get().set_value(velocity_rear_left);
[8.383s]       |   ~~~~~~~~~~~~~~~~~~~~~~~~~~~~~~~~~~~~~~~~~~~~~~~~~~~~~~~~~~~~^~~~~~~~~~~~~~~~~~~~
[8.383s] /opt/ros/jazzy/include/hardware_interface/hardware_interface/loaned_command_interface.hpp:113:22: note: declared here
[8.383s]   113 |   [[nodiscard]] bool set_value(const T & value, unsigned int max_tries = 10)
[8.383s]       |                      ^~~~~~~~~
[8.383s] /husarion_ws/src/husarion_controllers/mecanum_drive_controller/src/mecanum_drive_controller.cpp:267:64: warning: ignoring return value of ‘bool hardware_interface::LoanedCommandInterface::set_value(const T&, unsigned int) [with T = double]’, declared with attribute ‘nodiscard’ [-Wunused-result]
[8.383s]   267 |   registered_rear_right_wheel_handle_->velocity.get().set_value(velocity_rear_right);
[8.383s]       |   ~~~~~~~~~~~~~~~~~~~~~~~~~~~~~~~~~~~~~~~~~~~~~~~~~~~~~~~~~~~~~^~~~~~~~~~~~~~~~~~~~~
[8.383s] /opt/ros/jazzy/include/hardware_interface/hardware_interface/loaned_command_interface.hpp:113:22: note: declared here
[8.383s]   113 |   [[nodiscard]] bool set_value(const T & value, unsigned int max_tries = 10)
[8.383s]       |                      ^~~~~~~~~
[8.398s] /husarion_ws/src/husarion_controllers/mecanum_drive_controller/src/mecanum_drive_controller.cpp: In member function ‘virtual controller_interface::CallbackReturn mecanum_drive_controller::MecanumDriveController::on_configure(const rclcpp_lifecycle::State&)’:
[8.398s] /husarion_ws/src/husarion_controllers/mecanum_drive_controller/src/mecanum_drive_controller.cpp:410:33: warning: ‘std::enable_if_t<is_ptr_or_smart_ptr<U>, void> realtime_tools::RealtimeBoxBase<T, mutex_type>::set(const T&) [with U = std::shared_ptr<geometry_msgs::msg::TwistStamped_<std::allocator<void> > >; T = std::shared_ptr<geometry_msgs::msg::TwistStamped_<std::allocator<void> > >; mutex_type = std::mutex; std::enable_if_t<is_ptr_or_smart_ptr<U>, void> = void]’ is deprecated: Use set(const std::function<void(T &)> & func) instead! [-Wdeprecated-declarations]
[8.398s]   410 |   received_velocity_msg_ptr_.set(std::make_shared<Twist>(empty_twist));
[8.398s]       |   ~~~~~~~~~~~~~~~~~~~~~~~~~~~~~~^~~~~~~~~~~~~~~~~~~~~~~~~~~~~~~~~~~~~~
[8.400s] /opt/ros/jazzy/include/realtime_tools/realtime_tools/realtime_box.hpp:262:59: note: declared here
[8.400s]   262 |   typename std::enable_if_t<is_ptr_or_smart_ptr<U>, void> set(const T & value)
[8.401s]       |                                                           ^~~
[8.407s] /husarion_ws/src/husarion_controllers/mecanum_drive_controller/src/mecanum_drive_controller.cpp: In lambda function:
[8.407s] /husarion_ws/src/husarion_controllers/mecanum_drive_controller/src/mecanum_drive_controller.cpp:430:41: warning: ‘std::enable_if_t<is_ptr_or_smart_ptr<U>, void> realtime_tools::RealtimeBoxBase<T, mutex_type>::set(const T&) [with U = std::shared_ptr<geometry_msgs::msg::TwistStamped_<std::allocator<void> > >; T = std::shared_ptr<geometry_msgs::msg::TwistStamped_<std::allocator<void> > >; mutex_type = std::mutex; std::enable_if_t<is_ptr_or_smart_ptr<U>, void> = void]’ is deprecated: Use set(const std::function<void(T &)> & func) instead! [-Wdeprecated-declarations]
[8.407s]   430 |           received_velocity_msg_ptr_.set(std::move(msg));
[8.407s]       |           ~~~~~~~~~~~~~~~~~~~~~~~~~~~~~~^~~~~~~~~~~~~~~~
[8.408s] /opt/ros/jazzy/include/realtime_tools/realtime_tools/realtime_box.hpp:262:59: note: declared here
[8.408s]   262 |   typename std::enable_if_t<is_ptr_or_smart_ptr<U>, void> set(const T & value)
[8.408s]       |                                                           ^~~
[8.621s] /husarion_ws/src/husarion_controllers/mecanum_drive_controller/src/mecanum_drive_controller.cpp: In member function ‘virtual controller_interface::CallbackReturn mecanum_drive_controller::MecanumDriveController::on_cleanup(const rclcpp_lifecycle::State&)’:
[8.621s] /husarion_ws/src/husarion_controllers/mecanum_drive_controller/src/mecanum_drive_controller.cpp:517:33: warning: ‘std::enable_if_t<is_ptr_or_smart_ptr<U>, void> realtime_tools::RealtimeBoxBase<T, mutex_type>::set(const T&) [with U = std::shared_ptr<geometry_msgs::msg::TwistStamped_<std::allocator<void> > >; T = std::shared_ptr<geometry_msgs::msg::TwistStamped_<std::allocator<void> > >; mutex_type = std::mutex; std::enable_if_t<is_ptr_or_smart_ptr<U>, void> = void]’ is deprecated: Use set(const std::function<void(T &)> & func) instead! [-Wdeprecated-declarations]
[8.622s]   517 |   received_velocity_msg_ptr_.set(std::make_shared<Twist>());
[8.622s]       |   ~~~~~~~~~~~~~~~~~~~~~~~~~~~~~~^~~~~~~~~~~~~~~~~~~~~~~~~~~
[8.629s] /opt/ros/jazzy/include/realtime_tools/realtime_tools/realtime_box.hpp:262:59: note: declared here
[8.629s]   262 |   typename std::enable_if_t<is_ptr_or_smart_ptr<U>, void> set(const T & value)
[8.629s]       |                                                           ^~~
[8.630s] /husarion_ws/src/husarion_controllers/mecanum_drive_controller/src/mecanum_drive_controller.cpp: In member function ‘void mecanum_drive_controller::MecanumDriveController::halt()’:
[8.630s] /husarion_ws/src/husarion_controllers/mecanum_drive_controller/src/mecanum_drive_controller.cpp:558:64: warning: ignoring return value of ‘bool hardware_interface::LoanedCommandInterface::set_value(const T&, unsigned int) [with T = double]’, declared with attribute ‘nodiscard’ [-Wunused-result]
[8.630s]   558 |   registered_front_left_wheel_handle_->velocity.get().set_value(0.0);
[8.630s]       |   ~~~~~~~~~~~~~~~~~~~~~~~~~~~~~~~~~~~~~~~~~~~~~~~~~~~~~~~~~~~~~^~~~~
[8.630s] /opt/ros/jazzy/include/hardware_interface/hardware_interface/loaned_command_interface.hpp:113:22: note: declared here
[8.630s]   113 |   [[nodiscard]] bool set_value(const T & value, unsigned int max_tries = 10)
[8.630s]       |                      ^~~~~~~~~
[8.630s] /husarion_ws/src/husarion_controllers/mecanum_drive_controller/src/mecanum_drive_controller.cpp:559:65: warning: ignoring return value of ‘bool hardware_interface::LoanedCommandInterface::set_value(const T&, unsigned int) [with T = double]’, declared with attribute ‘nodiscard’ [-Wunused-result]
[8.630s]   559 |   registered_front_right_wheel_handle_->velocity.get().set_value(0.0);
[8.630s]       |   ~~~~~~~~~~~~~~~~~~~~~~~~~~~~~~~~~~~~~~~~~~~~~~~~~~~~~~~~~~~~~~^~~~~
[8.630s] /opt/ros/jazzy/include/hardware_interface/hardware_interface/loaned_command_interface.hpp:113:22: note: declared here
[8.630s]   113 |   [[nodiscard]] bool set_value(const T & value, unsigned int max_tries = 10)
[8.630s]       |                      ^~~~~~~~~
[8.630s] /husarion_ws/src/husarion_controllers/mecanum_drive_controller/src/mecanum_drive_controller.cpp:560:63: warning: ignoring return value of ‘bool hardware_interface::LoanedCommandInterface::set_value(const T&, unsigned int) [with T = double]’, declared with attribute ‘nodiscard’ [-Wunused-result]
[8.631s]   560 |   registered_rear_left_wheel_handle_->velocity.get().set_value(0.0);
[8.631s]       |   ~~~~~~~~~~~~~~~~~~~~~~~~~~~~~~~~~~~~~~~~~~~~~~~~~~~~~~~~~~~~^~~~~
[8.631s] /opt/ros/jazzy/include/hardware_interface/hardware_interface/loaned_command_interface.hpp:113:22: note: declared here
[8.631s]   113 |   [[nodiscard]] bool set_value(const T & value, unsigned int max_tries = 10)
[8.631s]       |                      ^~~~~~~~~
[8.631s] /husarion_ws/src/husarion_controllers/mecanum_drive_controller/src/mecanum_drive_controller.cpp:561:64: warning: ignoring return value of ‘bool hardware_interface::LoanedCommandInterface::set_value(const T&, unsigned int) [with T = double]’, declared with attribute ‘nodiscard’ [-Wunused-result]
[8.631s]   561 |   registered_rear_right_wheel_handle_->velocity.get().set_value(0.0);
[8.631s]       |   ~~~~~~~~~~~~~~~~~~~~~~~~~~~~~~~~~~~~~~~~~~~~~~~~~~~~~~~~~~~~~^~~~~
[8.631s] /opt/ros/jazzy/include/hardware_interface/hardware_interface/loaned_command_interface.hpp:113:22: note: declared here
[8.631s]   113 |   [[nodiscard]] bool set_value(const T & value, unsigned int max_tries = 10)
[8.631s]       |                      ^~~~~~~~~
[32.736s] [100%] Linking CXX shared library libmecanum_drive_controller.so
[33.289s] [100%] Built target mecanum_drive_controller
[33.317s] Invoked command in '/husarion_ws/build/mecanum_drive_controller' returned '0': CMAKE_PREFIX_PATH=${CMAKE_PREFIX_PATH}:/opt/ros/jazzy /usr/bin/cmake --build /husarion_ws/build/mecanum_drive_controller -- -j6 -l6
[33.318s] Invoking command in '/husarion_ws/build/mecanum_drive_controller': CMAKE_PREFIX_PATH=${CMAKE_PREFIX_PATH}:/opt/ros/jazzy /usr/bin/cmake --install /husarion_ws/build/mecanum_drive_controller
[33.337s] -- Install configuration: "Release"
[33.339s] -- Execute custom install script
[33.339s] -- Symlinking: /husarion_ws/install/mecanum_drive_controller/include/mecanum_drive_controller/mecanum_drive_controller_parameters.hpp
[33.362s] -- Symlinking: /husarion_ws/install/mecanum_drive_controller/share/mecanum_drive_controller//mecanum_drive_plugin.xml
[33.385s] -- Symlinking: /husarion_ws/install/mecanum_drive_controller/include/mecanum_drive_controller/mecanum_drive_controller/mecanum_drive_controller.hpp
[33.404s] -- Symlinking: /husarion_ws/install/mecanum_drive_controller/include/mecanum_drive_controller/mecanum_drive_controller/odometry.hpp
[33.424s] -- Symlinking: /husarion_ws/install/mecanum_drive_controller/include/mecanum_drive_controller/mecanum_drive_controller/speed_limiter.hpp
[33.443s] -- Symlinking: /husarion_ws/install/mecanum_drive_controller/include/mecanum_drive_controller/mecanum_drive_controller/visibility_control.h
[33.462s] -- Symlinking: /husarion_ws/install/mecanum_drive_controller/share/mecanum_drive_controller/environment/library_path.sh
[33.484s] -- Symlinking: /husarion_ws/install/mecanum_drive_controller/share/mecanum_drive_controller/environment/library_path.dsv
[33.504s] -- Symlinking: /husarion_ws/install/mecanum_drive_controller/share/ament_index/resource_index/package_run_dependencies/mecanum_drive_controller
[33.527s] -- Symlinking: /husarion_ws/install/mecanum_drive_controller/share/ament_index/resource_index/parent_prefix_path/mecanum_drive_controller
[33.547s] -- Symlinking: /husarion_ws/install/mecanum_drive_controller/share/mecanum_drive_controller/environment/ament_prefix_path.sh
[33.579s] -- Symlinking: /husarion_ws/install/mecanum_drive_controller/share/mecanum_drive_controller/environment/ament_prefix_path.dsv
[33.600s] -- Symlinking: /husarion_ws/install/mecanum_drive_controller/share/mecanum_drive_controller/environment/path.sh
[33.633s] -- Symlinking: /husarion_ws/install/mecanum_drive_controller/share/mecanum_drive_controller/environment/path.dsv
[33.663s] -- Symlinking: /husarion_ws/install/mecanum_drive_controller/share/mecanum_drive_controller/local_setup.bash
[33.701s] -- Symlinking: /husarion_ws/install/mecanum_drive_controller/share/mecanum_drive_controller/local_setup.sh
[33.726s] -- Symlinking: /husarion_ws/install/mecanum_drive_controller/share/mecanum_drive_controller/local_setup.zsh
[33.761s] -- Symlinking: /husarion_ws/install/mecanum_drive_controller/share/mecanum_drive_controller/local_setup.dsv
[33.788s] -- Symlinking: /husarion_ws/install/mecanum_drive_controller/share/mecanum_drive_controller/package.dsv
[33.819s] -- Symlinking: /husarion_ws/install/mecanum_drive_controller/share/ament_index/resource_index/packages/mecanum_drive_controller
[33.847s] -- Symlinking: /husarion_ws/install/mecanum_drive_controller/share/ament_index/resource_index/controller_interface__pluginlib__plugin/mecanum_drive_controller
[33.877s] -- Symlinking: /husarion_ws/install/mecanum_drive_controller/share/mecanum_drive_controller/cmake/ament_cmake_export_dependencies-extras.cmake
[33.907s] -- Symlinking: /husarion_ws/install/mecanum_drive_controller/share/mecanum_drive_controller/cmake/ament_cmake_export_targets-extras.cmake
[33.937s] -- Symlinking: /husarion_ws/install/mecanum_drive_controller/share/mecanum_drive_controller/cmake/mecanum_drive_controllerConfig.cmake
[33.972s] -- Symlinking: /husarion_ws/install/mecanum_drive_controller/share/mecanum_drive_controller/cmake/mecanum_drive_controllerConfig-version.cmake
[34.005s] -- Symlinking: /husarion_ws/install/mecanum_drive_controller/share/mecanum_drive_controller/package.xml
[34.036s] -- Installing: /husarion_ws/install/mecanum_drive_controller/lib/libmecanum_drive_controller.so
[34.036s] -- Set non-toolchain portion of runtime path of "/husarion_ws/install/mecanum_drive_controller/lib/libmecanum_drive_controller.so" to ""
[34.037s] -- Installing: /husarion_ws/install/mecanum_drive_controller/share/mecanum_drive_controller/cmake/export_mecanum_drive_controllerExport.cmake
[34.037s] -- Installing: /husarion_ws/install/mecanum_drive_controller/share/mecanum_drive_controller/cmake/export_mecanum_drive_controllerExport-release.cmake
[34.041s] Invoked command in '/husarion_ws/build/mecanum_drive_controller' returned '0': CMAKE_PREFIX_PATH=${CMAKE_PREFIX_PATH}:/opt/ros/jazzy /usr/bin/cmake --install /husarion_ws/build/mecanum_drive_controller
