-- The C compiler identification is GNU 13.3.0
-- The CXX compiler identification is GNU 13.3.0
-- Detecting C compiler ABI info
-- Detecting C compiler ABI info - done
-- Check for working C compiler: /usr/bin/cc - skipped
-- Detecting C compile features
-- Detecting C compile features - done
-- Detecting CXX compiler ABI info
-- Detecting CXX compiler ABI info - done
-- Check for working CXX compiler: /usr/bin/c++ - skipped
-- Detecting CXX compile features
-- Detecting CXX compile features - done
-- Found ament_cmake: 2.5.4 (/opt/ros/jazzy/share/ament_cmake/cmake)
-- Found Python3: /usr/bin/python3 (found version "3.12.3") found components: Interpreter 
-- Override CMake install command with custom implementation using symlinks instead of copying resources
-- Found builtin_interfaces: 2.0.2 (/opt/ros/jazzy/share/builtin_interfaces/cmake)
-- Found rosidl_generator_c: 4.6.5 (/opt/ros/jazzy/share/rosidl_generator_c/cmake)
-- Found rosidl_generator_cpp: 4.6.5 (/opt/ros/jazzy/share/rosidl_generator_cpp/cmake)
-- Using all available rosidl_typesupport_c: rosidl_typesupport_fastrtps_c;rosidl_typesupport_introspection_c
-- Using all available rosidl_typesupport_cpp: rosidl_typesupport_fastrtps_cpp;rosidl_typesupport_introspection_cpp
-- Found rosidl_default_generators: 1.6.0 (/opt/ros/jazzy/share/rosidl_default_generators/cmake)
-- Found rosidl_adapter: 4.6.5 (/opt/ros/jazzy/share/rosidl_adapter/cmake)
-- Found std_msgs: 5.3.6 (/opt/ros/jazzy/share/std_msgs/cmake)
-- Found ament_cmake_ros: 0.12.0 (/opt/ros/jazzy/share/ament_cmake_ros/cmake)
-- Using all available rosidl_typesupport_c: rosidl_typesupport_fastrtps_c;rosidl_typesupport_introspection_c
-- Using all available rosidl_typesupport_cpp: rosidl_typesupport_fastrtps_cpp;rosidl_typesupport_introspection_cpp
-- Found python_cmake_module: 0.11.1 (/opt/ros/jazzy/share/python_cmake_module/cmake)
-- Found PythonExtra: /usr/bin/python3  
-- Found Python3: /usr/bin/python3 (found version "3.12.3") found components: Interpreter Development NumPy Development.Module Development.Embed 
-- Configuring done (3.4s)
-- Generating done (0.1s)
-- Build files have been written to: /husarion_ws/build/husarion_ugv_msgs
[  0%] Generating type hashes for ROS interfaces
[  0%] Built target ament_cmake_python_symlink_husarion_ugv_msgs
running egg_info
creating husarion_ugv_msgs.egg-info
writing husarion_ugv_msgs.egg-info/PKG-INFO
writing dependency_links to husarion_ugv_msgs.egg-info/dependency_links.txt
writing top-level names to husarion_ugv_msgs.egg-info/top_level.txt
writing manifest file 'husarion_ugv_msgs.egg-info/SOURCES.txt'
reading manifest file 'husarion_ugv_msgs.egg-info/SOURCES.txt'
writing manifest file 'husarion_ugv_msgs.egg-info/SOURCES.txt'
[  0%] Built target ament_cmake_python_build_husarion_ugv_msgs_egg
[  0%] Built target husarion_ugv_msgs__rosidl_generator_type_description
[  0%] Generating C code for ROS interfaces
[  0%] Generating C++ code for ROS interfaces
[  0%] Built target husarion_ugv_msgs__cpp
[  1%] Building C object CMakeFiles/husarion_ugv_msgs__rosidl_generator_c.dir/rosidl_generator_c/husarion_ugv_msgs/msg/detail/charging_status__description.c.o
[  1%] Building C object CMakeFiles/husarion_ugv_msgs__rosidl_generator_c.dir/rosidl_generator_c/husarion_ugv_msgs/msg/detail/charging_status__functions.c.o
[  2%] Building C object CMakeFiles/husarion_ugv_msgs__rosidl_generator_c.dir/rosidl_generator_c/husarion_ugv_msgs/msg/detail/charging_status__type_support.c.o
[  3%] Building C object CMakeFiles/husarion_ugv_msgs__rosidl_generator_c.dir/rosidl_generator_c/husarion_ugv_msgs/msg/detail/driver_state__description.c.o
[  4%] Building C object CMakeFiles/husarion_ugv_msgs__rosidl_generator_c.dir/rosidl_generator_c/husarion_ugv_msgs/msg/detail/driver_state__type_support.c.o
[  3%] Building C object CMakeFiles/husarion_ugv_msgs__rosidl_generator_c.dir/rosidl_generator_c/husarion_ugv_msgs/msg/detail/driver_state__functions.c.o
[  4%] Building C object CMakeFiles/husarion_ugv_msgs__rosidl_generator_c.dir/rosidl_generator_c/husarion_ugv_msgs/msg/detail/driver_state_named__description.c.o
[  5%] Building C object CMakeFiles/husarion_ugv_msgs__rosidl_generator_c.dir/rosidl_generator_c/husarion_ugv_msgs/msg/detail/driver_state_named__functions.c.o
[  5%] Building C object CMakeFiles/husarion_ugv_msgs__rosidl_generator_c.dir/rosidl_generator_c/husarion_ugv_msgs/msg/detail/driver_state_named__type_support.c.o
[  6%] Building C object CMakeFiles/husarion_ugv_msgs__rosidl_generator_c.dir/rosidl_generator_c/husarion_ugv_msgs/msg/detail/fault_flag__description.c.o
[  7%] Building C object CMakeFiles/husarion_ugv_msgs__rosidl_generator_c.dir/rosidl_generator_c/husarion_ugv_msgs/msg/detail/fault_flag__functions.c.o
[  7%] Building C object CMakeFiles/husarion_ugv_msgs__rosidl_generator_c.dir/rosidl_generator_c/husarion_ugv_msgs/msg/detail/fault_flag__type_support.c.o
[  8%] Building C object CMakeFiles/husarion_ugv_msgs__rosidl_generator_c.dir/rosidl_generator_c/husarion_ugv_msgs/msg/detail/io_state__description.c.o
[  8%] Building C object CMakeFiles/husarion_ugv_msgs__rosidl_generator_c.dir/rosidl_generator_c/husarion_ugv_msgs/msg/detail/io_state__functions.c.o
[  9%] Building C object CMakeFiles/husarion_ugv_msgs__rosidl_generator_c.dir/rosidl_generator_c/husarion_ugv_msgs/msg/detail/io_state__type_support.c.o
[  9%] Building C object CMakeFiles/husarion_ugv_msgs__rosidl_generator_c.dir/rosidl_generator_c/husarion_ugv_msgs/msg/detail/led_animation__description.c.o
[ 10%] Building C object CMakeFiles/husarion_ugv_msgs__rosidl_generator_c.dir/rosidl_generator_c/husarion_ugv_msgs/msg/detail/led_animation__functions.c.o
[ 11%] Building C object CMakeFiles/husarion_ugv_msgs__rosidl_generator_c.dir/rosidl_generator_c/husarion_ugv_msgs/msg/detail/led_animation__type_support.c.o
[ 11%] Building C object CMakeFiles/husarion_ugv_msgs__rosidl_generator_c.dir/rosidl_generator_c/husarion_ugv_msgs/msg/detail/led_animation_queue__description.c.o
[ 12%] Building C object CMakeFiles/husarion_ugv_msgs__rosidl_generator_c.dir/rosidl_generator_c/husarion_ugv_msgs/msg/detail/led_animation_queue__functions.c.o
[ 12%] Building C object CMakeFiles/husarion_ugv_msgs__rosidl_generator_c.dir/rosidl_generator_c/husarion_ugv_msgs/msg/detail/led_animation_queue__type_support.c.o
[ 13%] Building C object CMakeFiles/husarion_ugv_msgs__rosidl_generator_c.dir/rosidl_generator_c/husarion_ugv_msgs/msg/detail/led_image_animation__description.c.o
[ 13%] Building C object CMakeFiles/husarion_ugv_msgs__rosidl_generator_c.dir/rosidl_generator_c/husarion_ugv_msgs/msg/detail/led_image_animation__functions.c.o
[ 14%] Building C object CMakeFiles/husarion_ugv_msgs__rosidl_generator_c.dir/rosidl_generator_c/husarion_ugv_msgs/msg/detail/led_image_animation__type_support.c.o
[ 15%] Building C object CMakeFiles/husarion_ugv_msgs__rosidl_generator_c.dir/rosidl_generator_c/husarion_ugv_msgs/msg/detail/robot_driver_state__description.c.o
[ 15%] Building C object CMakeFiles/husarion_ugv_msgs__rosidl_generator_c.dir/rosidl_generator_c/husarion_ugv_msgs/msg/detail/robot_driver_state__functions.c.o
[ 16%] Building C object CMakeFiles/husarion_ugv_msgs__rosidl_generator_c.dir/rosidl_generator_c/husarion_ugv_msgs/msg/detail/robot_driver_state__type_support.c.o
[ 16%] Building C object CMakeFiles/husarion_ugv_msgs__rosidl_generator_c.dir/rosidl_generator_c/husarion_ugv_msgs/msg/detail/runtime_error__description.c.o
[ 17%] Building C object CMakeFiles/husarion_ugv_msgs__rosidl_generator_c.dir/rosidl_generator_c/husarion_ugv_msgs/msg/detail/runtime_error__functions.c.o
[ 18%] Building C object CMakeFiles/husarion_ugv_msgs__rosidl_generator_c.dir/rosidl_generator_c/husarion_ugv_msgs/msg/detail/script_flag__description.c.o
[ 18%] Building C object CMakeFiles/husarion_ugv_msgs__rosidl_generator_c.dir/rosidl_generator_c/husarion_ugv_msgs/msg/detail/runtime_error__type_support.c.o
[ 19%] Building C object CMakeFiles/husarion_ugv_msgs__rosidl_generator_c.dir/rosidl_generator_c/husarion_ugv_msgs/msg/detail/script_flag__functions.c.o
[ 19%] Building C object CMakeFiles/husarion_ugv_msgs__rosidl_generator_c.dir/rosidl_generator_c/husarion_ugv_msgs/msg/detail/script_flag__type_support.c.o
[ 20%] Building C object CMakeFiles/husarion_ugv_msgs__rosidl_generator_c.dir/rosidl_generator_c/husarion_ugv_msgs/msg/detail/system_status__description.c.o
[ 20%] Building C object CMakeFiles/husarion_ugv_msgs__rosidl_generator_c.dir/rosidl_generator_c/husarion_ugv_msgs/msg/detail/system_status__functions.c.o
[ 21%] Building C object CMakeFiles/husarion_ugv_msgs__rosidl_generator_c.dir/rosidl_generator_c/husarion_ugv_msgs/msg/detail/system_status__type_support.c.o
[ 21%] Building C object CMakeFiles/husarion_ugv_msgs__rosidl_generator_c.dir/rosidl_generator_c/husarion_ugv_msgs/srv/detail/set_led_animation__description.c.o
[ 22%] Building C object CMakeFiles/husarion_ugv_msgs__rosidl_generator_c.dir/rosidl_generator_c/husarion_ugv_msgs/srv/detail/set_led_animation__functions.c.o
[ 23%] Building C object CMakeFiles/husarion_ugv_msgs__rosidl_generator_c.dir/rosidl_generator_c/husarion_ugv_msgs/srv/detail/set_led_animation__type_support.c.o
[ 23%] Building C object CMakeFiles/husarion_ugv_msgs__rosidl_generator_c.dir/rosidl_generator_c/husarion_ugv_msgs/srv/detail/set_led_brightness__description.c.o
[ 24%] Building C object CMakeFiles/husarion_ugv_msgs__rosidl_generator_c.dir/rosidl_generator_c/husarion_ugv_msgs/srv/detail/set_led_brightness__functions.c.o
[ 24%] Building C object CMakeFiles/husarion_ugv_msgs__rosidl_generator_c.dir/rosidl_generator_c/husarion_ugv_msgs/srv/detail/set_led_brightness__type_support.c.o
[ 25%] Building C object CMakeFiles/husarion_ugv_msgs__rosidl_generator_c.dir/rosidl_generator_c/husarion_ugv_msgs/srv/detail/set_led_image_animation__description.c.o
[ 26%] Building C object CMakeFiles/husarion_ugv_msgs__rosidl_generator_c.dir/rosidl_generator_c/husarion_ugv_msgs/srv/detail/set_led_image_animation__functions.c.o
[ 26%] Building C object CMakeFiles/husarion_ugv_msgs__rosidl_generator_c.dir/rosidl_generator_c/husarion_ugv_msgs/srv/detail/set_led_image_animation__type_support.c.o
[ 27%] Linking C shared library libhusarion_ugv_msgs__rosidl_generator_c.so
[ 27%] Built target husarion_ugv_msgs__rosidl_generator_c
[ 27%] Generating C++ type support for eProsima Fast-RTPS
[ 27%] Generating C introspection for ROS interfaces
[ 28%] Generating C type support for eProsima Fast-RTPS
[ 29%] Generating C++ type support dispatch for ROS interfaces
[ 31%] Generating C++ introspection for ROS interfaces
[ 30%] Generating C type support dispatch for ROS interfaces
[ 31%] Building CXX object CMakeFiles/husarion_ugv_msgs__rosidl_typesupport_cpp.dir/rosidl_typesupport_cpp/husarion_ugv_msgs/msg/charging_status__type_support.cpp.o
[ 32%] Building CXX object CMakeFiles/husarion_ugv_msgs__rosidl_typesupport_cpp.dir/rosidl_typesupport_cpp/husarion_ugv_msgs/msg/driver_state__type_support.cpp.o
[ 33%] Building CXX object CMakeFiles/husarion_ugv_msgs__rosidl_typesupport_c.dir/rosidl_typesupport_c/husarion_ugv_msgs/msg/charging_status__type_support.cpp.o
[ 33%] Building CXX object CMakeFiles/husarion_ugv_msgs__rosidl_typesupport_c.dir/rosidl_typesupport_c/husarion_ugv_msgs/msg/driver_state__type_support.cpp.o
[ 34%] Building C object CMakeFiles/husarion_ugv_msgs__rosidl_typesupport_introspection_c.dir/rosidl_typesupport_introspection_c/husarion_ugv_msgs/msg/detail/charging_status__type_support.c.o
[ 35%] Building CXX object CMakeFiles/husarion_ugv_msgs__rosidl_typesupport_c.dir/rosidl_typesupport_c/husarion_ugv_msgs/msg/driver_state_named__type_support.cpp.o
[ 36%] Building CXX object CMakeFiles/husarion_ugv_msgs__rosidl_typesupport_cpp.dir/rosidl_typesupport_cpp/husarion_ugv_msgs/msg/driver_state_named__type_support.cpp.o
[ 36%] Building C object CMakeFiles/husarion_ugv_msgs__rosidl_typesupport_introspection_c.dir/rosidl_typesupport_introspection_c/husarion_ugv_msgs/msg/detail/driver_state__type_support.c.o
[ 37%] Building C object CMakeFiles/husarion_ugv_msgs__rosidl_typesupport_introspection_c.dir/rosidl_typesupport_introspection_c/husarion_ugv_msgs/msg/detail/driver_state_named__type_support.c.o
[ 37%] Building CXX object CMakeFiles/husarion_ugv_msgs__rosidl_typesupport_c.dir/rosidl_typesupport_c/husarion_ugv_msgs/msg/fault_flag__type_support.cpp.o
[ 37%] Building C object CMakeFiles/husarion_ugv_msgs__rosidl_typesupport_introspection_c.dir/rosidl_typesupport_introspection_c/husarion_ugv_msgs/msg/detail/fault_flag__type_support.c.o
[ 38%] Building CXX object CMakeFiles/husarion_ugv_msgs__rosidl_typesupport_c.dir/rosidl_typesupport_c/husarion_ugv_msgs/msg/io_state__type_support.cpp.o
[ 39%] Building C object CMakeFiles/husarion_ugv_msgs__rosidl_typesupport_introspection_c.dir/rosidl_typesupport_introspection_c/husarion_ugv_msgs/msg/detail/io_state__type_support.c.o
[ 39%] Building CXX object CMakeFiles/husarion_ugv_msgs__rosidl_typesupport_c.dir/rosidl_typesupport_c/husarion_ugv_msgs/msg/led_animation__type_support.cpp.o
[ 40%] Building C object CMakeFiles/husarion_ugv_msgs__rosidl_typesupport_introspection_c.dir/rosidl_typesupport_introspection_c/husarion_ugv_msgs/msg/detail/led_animation__type_support.c.o
[ 40%] Building C object CMakeFiles/husarion_ugv_msgs__rosidl_typesupport_introspection_c.dir/rosidl_typesupport_introspection_c/husarion_ugv_msgs/msg/detail/led_animation_queue__type_support.c.o
[ 41%] Building CXX object CMakeFiles/husarion_ugv_msgs__rosidl_typesupport_c.dir/rosidl_typesupport_c/husarion_ugv_msgs/msg/led_animation_queue__type_support.cpp.o
[ 41%] Building CXX object CMakeFiles/husarion_ugv_msgs__rosidl_typesupport_introspection_cpp.dir/rosidl_typesupport_introspection_cpp/husarion_ugv_msgs/msg/detail/charging_status__type_support.cpp.o
[ 42%] Building C object CMakeFiles/husarion_ugv_msgs__rosidl_typesupport_introspection_c.dir/rosidl_typesupport_introspection_c/husarion_ugv_msgs/msg/detail/led_image_animation__type_support.c.o
[ 43%] Building CXX object CMakeFiles/husarion_ugv_msgs__rosidl_typesupport_c.dir/rosidl_typesupport_c/husarion_ugv_msgs/msg/led_image_animation__type_support.cpp.o
[ 44%] Building CXX object CMakeFiles/husarion_ugv_msgs__rosidl_typesupport_fastrtps_cpp.dir/rosidl_typesupport_fastrtps_cpp/husarion_ugv_msgs/msg/detail/dds_fastrtps/charging_status__type_support.cpp.o
[ 44%] Building C object CMakeFiles/husarion_ugv_msgs__rosidl_typesupport_introspection_c.dir/rosidl_typesupport_introspection_c/husarion_ugv_msgs/msg/detail/robot_driver_state__type_support.c.o
[ 44%] Building CXX object CMakeFiles/husarion_ugv_msgs__rosidl_typesupport_c.dir/rosidl_typesupport_c/husarion_ugv_msgs/msg/robot_driver_state__type_support.cpp.o
[ 45%] Building C object CMakeFiles/husarion_ugv_msgs__rosidl_typesupport_introspection_c.dir/rosidl_typesupport_introspection_c/husarion_ugv_msgs/msg/detail/runtime_error__type_support.c.o
[ 45%] Building C object CMakeFiles/husarion_ugv_msgs__rosidl_typesupport_introspection_c.dir/rosidl_typesupport_introspection_c/husarion_ugv_msgs/msg/detail/script_flag__type_support.c.o
[ 46%] Building CXX object CMakeFiles/husarion_ugv_msgs__rosidl_typesupport_c.dir/rosidl_typesupport_c/husarion_ugv_msgs/msg/runtime_error__type_support.cpp.o
[ 47%] Building C object CMakeFiles/husarion_ugv_msgs__rosidl_typesupport_introspection_c.dir/rosidl_typesupport_introspection_c/husarion_ugv_msgs/msg/detail/system_status__type_support.c.o
[ 47%] Building CXX object CMakeFiles/husarion_ugv_msgs__rosidl_typesupport_cpp.dir/rosidl_typesupport_cpp/husarion_ugv_msgs/msg/fault_flag__type_support.cpp.o
[ 47%] Building CXX object CMakeFiles/husarion_ugv_msgs__rosidl_typesupport_fastrtps_c.dir/rosidl_typesupport_fastrtps_c/husarion_ugv_msgs/msg/detail/charging_status__type_support_c.cpp.o
[ 48%] Building C object CMakeFiles/husarion_ugv_msgs__rosidl_typesupport_introspection_c.dir/rosidl_typesupport_introspection_c/husarion_ugv_msgs/srv/detail/set_led_animation__type_support.c.o
[ 48%] Building CXX object CMakeFiles/husarion_ugv_msgs__rosidl_typesupport_c.dir/rosidl_typesupport_c/husarion_ugv_msgs/msg/script_flag__type_support.cpp.o
[ 49%] Building CXX object CMakeFiles/husarion_ugv_msgs__rosidl_typesupport_c.dir/rosidl_typesupport_c/husarion_ugv_msgs/msg/system_status__type_support.cpp.o
[ 49%] Building CXX object CMakeFiles/husarion_ugv_msgs__rosidl_typesupport_c.dir/rosidl_typesupport_c/husarion_ugv_msgs/srv/set_led_animation__type_support.cpp.o
[ 49%] Building C object CMakeFiles/husarion_ugv_msgs__rosidl_typesupport_introspection_c.dir/rosidl_typesupport_introspection_c/husarion_ugv_msgs/srv/detail/set_led_brightness__type_support.c.o
[ 50%] Building CXX object CMakeFiles/husarion_ugv_msgs__rosidl_typesupport_c.dir/rosidl_typesupport_c/husarion_ugv_msgs/srv/set_led_brightness__type_support.cpp.o
[ 51%] Building CXX object CMakeFiles/husarion_ugv_msgs__rosidl_typesupport_c.dir/rosidl_typesupport_c/husarion_ugv_msgs/srv/set_led_image_animation__type_support.cpp.o
[ 52%] Building C object CMakeFiles/husarion_ugv_msgs__rosidl_typesupport_introspection_c.dir/rosidl_typesupport_introspection_c/husarion_ugv_msgs/srv/detail/set_led_image_animation__type_support.c.o
[ 53%] Building CXX object CMakeFiles/husarion_ugv_msgs__rosidl_typesupport_introspection_cpp.dir/rosidl_typesupport_introspection_cpp/husarion_ugv_msgs/msg/detail/driver_state__type_support.cpp.o
[ 53%] Linking C shared library libhusarion_ugv_msgs__rosidl_typesupport_introspection_c.so
[ 53%] Linking CXX shared library libhusarion_ugv_msgs__rosidl_typesupport_c.so
[ 53%] Built target husarion_ugv_msgs__rosidl_typesupport_introspection_c
[ 54%] Building CXX object CMakeFiles/husarion_ugv_msgs__rosidl_typesupport_fastrtps_c.dir/rosidl_typesupport_fastrtps_c/husarion_ugv_msgs/msg/detail/driver_state__type_support_c.cpp.o
[ 54%] Built target husarion_ugv_msgs__rosidl_typesupport_c
[ 54%] Building CXX object CMakeFiles/husarion_ugv_msgs__rosidl_typesupport_fastrtps_c.dir/rosidl_typesupport_fastrtps_c/husarion_ugv_msgs/msg/detail/driver_state_named__type_support_c.cpp.o
[ 55%] Building CXX object CMakeFiles/husarion_ugv_msgs__rosidl_typesupport_cpp.dir/rosidl_typesupport_cpp/husarion_ugv_msgs/msg/io_state__type_support.cpp.o
[ 55%] Building CXX object CMakeFiles/husarion_ugv_msgs__rosidl_typesupport_cpp.dir/rosidl_typesupport_cpp/husarion_ugv_msgs/msg/led_animation__type_support.cpp.o
[ 55%] Building CXX object CMakeFiles/husarion_ugv_msgs__rosidl_typesupport_fastrtps_cpp.dir/rosidl_typesupport_fastrtps_cpp/husarion_ugv_msgs/msg/detail/dds_fastrtps/driver_state__type_support.cpp.o
[ 56%] Building CXX object CMakeFiles/husarion_ugv_msgs__rosidl_typesupport_introspection_cpp.dir/rosidl_typesupport_introspection_cpp/husarion_ugv_msgs/msg/detail/driver_state_named__type_support.cpp.o
[ 57%] Building CXX object CMakeFiles/husarion_ugv_msgs__rosidl_typesupport_cpp.dir/rosidl_typesupport_cpp/husarion_ugv_msgs/msg/led_animation_queue__type_support.cpp.o
[ 58%] Building CXX object CMakeFiles/husarion_ugv_msgs__rosidl_typesupport_fastrtps_c.dir/rosidl_typesupport_fastrtps_c/husarion_ugv_msgs/msg/detail/fault_flag__type_support_c.cpp.o
[ 58%] Building CXX object CMakeFiles/husarion_ugv_msgs__rosidl_typesupport_introspection_cpp.dir/rosidl_typesupport_introspection_cpp/husarion_ugv_msgs/msg/detail/fault_flag__type_support.cpp.o
[ 58%] Building CXX object CMakeFiles/husarion_ugv_msgs__rosidl_typesupport_fastrtps_c.dir/rosidl_typesupport_fastrtps_c/husarion_ugv_msgs/msg/detail/io_state__type_support_c.cpp.o
[ 59%] Building CXX object CMakeFiles/husarion_ugv_msgs__rosidl_typesupport_fastrtps_cpp.dir/rosidl_typesupport_fastrtps_cpp/husarion_ugv_msgs/msg/detail/dds_fastrtps/driver_state_named__type_support.cpp.o
[ 60%] Building CXX object CMakeFiles/husarion_ugv_msgs__rosidl_typesupport_fastrtps_cpp.dir/rosidl_typesupport_fastrtps_cpp/husarion_ugv_msgs/msg/detail/dds_fastrtps/fault_flag__type_support.cpp.o
[ 60%] Building CXX object CMakeFiles/husarion_ugv_msgs__rosidl_typesupport_cpp.dir/rosidl_typesupport_cpp/husarion_ugv_msgs/msg/led_image_animation__type_support.cpp.o
[ 61%] Building CXX object CMakeFiles/husarion_ugv_msgs__rosidl_typesupport_introspection_cpp.dir/rosidl_typesupport_introspection_cpp/husarion_ugv_msgs/msg/detail/io_state__type_support.cpp.o
[ 61%] Building CXX object CMakeFiles/husarion_ugv_msgs__rosidl_typesupport_fastrtps_cpp.dir/rosidl_typesupport_fastrtps_cpp/husarion_ugv_msgs/msg/detail/dds_fastrtps/io_state__type_support.cpp.o
[ 62%] Building CXX object CMakeFiles/husarion_ugv_msgs__rosidl_typesupport_fastrtps_c.dir/rosidl_typesupport_fastrtps_c/husarion_ugv_msgs/msg/detail/led_animation__type_support_c.cpp.o
[ 63%] Building CXX object CMakeFiles/husarion_ugv_msgs__rosidl_typesupport_cpp.dir/rosidl_typesupport_cpp/husarion_ugv_msgs/msg/robot_driver_state__type_support.cpp.o
[ 64%] Building CXX object CMakeFiles/husarion_ugv_msgs__rosidl_typesupport_fastrtps_c.dir/rosidl_typesupport_fastrtps_c/husarion_ugv_msgs/msg/detail/led_animation_queue__type_support_c.cpp.o
[ 64%] Building CXX object CMakeFiles/husarion_ugv_msgs__rosidl_typesupport_introspection_cpp.dir/rosidl_typesupport_introspection_cpp/husarion_ugv_msgs/msg/detail/led_animation__type_support.cpp.o
[ 65%] Building CXX object CMakeFiles/husarion_ugv_msgs__rosidl_typesupport_introspection_cpp.dir/rosidl_typesupport_introspection_cpp/husarion_ugv_msgs/msg/detail/led_animation_queue__type_support.cpp.o
[ 66%] Building CXX object CMakeFiles/husarion_ugv_msgs__rosidl_typesupport_cpp.dir/rosidl_typesupport_cpp/husarion_ugv_msgs/msg/runtime_error__type_support.cpp.o
[ 66%] Building CXX object CMakeFiles/husarion_ugv_msgs__rosidl_typesupport_introspection_cpp.dir/rosidl_typesupport_introspection_cpp/husarion_ugv_msgs/msg/detail/led_image_animation__type_support.cpp.o
[ 66%] Building CXX object CMakeFiles/husarion_ugv_msgs__rosidl_typesupport_fastrtps_c.dir/rosidl_typesupport_fastrtps_c/husarion_ugv_msgs/msg/detail/led_image_animation__type_support_c.cpp.o
[ 67%] Building CXX object CMakeFiles/husarion_ugv_msgs__rosidl_typesupport_fastrtps_cpp.dir/rosidl_typesupport_fastrtps_cpp/husarion_ugv_msgs/msg/detail/dds_fastrtps/led_animation__type_support.cpp.o
[ 67%] Building CXX object CMakeFiles/husarion_ugv_msgs__rosidl_typesupport_cpp.dir/rosidl_typesupport_cpp/husarion_ugv_msgs/msg/script_flag__type_support.cpp.o
[ 68%] Building CXX object CMakeFiles/husarion_ugv_msgs__rosidl_typesupport_fastrtps_c.dir/rosidl_typesupport_fastrtps_c/husarion_ugv_msgs/msg/detail/robot_driver_state__type_support_c.cpp.o
[ 69%] Building CXX object CMakeFiles/husarion_ugv_msgs__rosidl_typesupport_introspection_cpp.dir/rosidl_typesupport_introspection_cpp/husarion_ugv_msgs/msg/detail/robot_driver_state__type_support.cpp.o
[ 70%] Building CXX object CMakeFiles/husarion_ugv_msgs__rosidl_typesupport_introspection_cpp.dir/rosidl_typesupport_introspection_cpp/husarion_ugv_msgs/msg/detail/runtime_error__type_support.cpp.o
[ 71%] Building CXX object CMakeFiles/husarion_ugv_msgs__rosidl_typesupport_cpp.dir/rosidl_typesupport_cpp/husarion_ugv_msgs/msg/system_status__type_support.cpp.o
[ 71%] Building CXX object CMakeFiles/husarion_ugv_msgs__rosidl_typesupport_fastrtps_c.dir/rosidl_typesupport_fastrtps_c/husarion_ugv_msgs/msg/detail/runtime_error__type_support_c.cpp.o
[ 71%] Building CXX object CMakeFiles/husarion_ugv_msgs__rosidl_typesupport_fastrtps_cpp.dir/rosidl_typesupport_fastrtps_cpp/husarion_ugv_msgs/msg/detail/dds_fastrtps/led_animation_queue__type_support.cpp.o
[ 71%] Building CXX object CMakeFiles/husarion_ugv_msgs__rosidl_typesupport_cpp.dir/rosidl_typesupport_cpp/husarion_ugv_msgs/srv/set_led_animation__type_support.cpp.o
[ 71%] Building CXX object CMakeFiles/husarion_ugv_msgs__rosidl_typesupport_introspection_cpp.dir/rosidl_typesupport_introspection_cpp/husarion_ugv_msgs/msg/detail/script_flag__type_support.cpp.o
[ 73%] Building CXX object CMakeFiles/husarion_ugv_msgs__rosidl_typesupport_introspection_cpp.dir/rosidl_typesupport_introspection_cpp/husarion_ugv_msgs/msg/detail/system_status__type_support.cpp.o
[ 72%] Building CXX object CMakeFiles/husarion_ugv_msgs__rosidl_typesupport_fastrtps_cpp.dir/rosidl_typesupport_fastrtps_cpp/husarion_ugv_msgs/msg/detail/dds_fastrtps/led_image_animation__type_support.cpp.o
[ 74%] Building CXX object CMakeFiles/husarion_ugv_msgs__rosidl_typesupport_cpp.dir/rosidl_typesupport_cpp/husarion_ugv_msgs/srv/set_led_brightness__type_support.cpp.o
[ 74%] Building CXX object CMakeFiles/husarion_ugv_msgs__rosidl_typesupport_cpp.dir/rosidl_typesupport_cpp/husarion_ugv_msgs/srv/set_led_image_animation__type_support.cpp.o
[ 75%] Building CXX object CMakeFiles/husarion_ugv_msgs__rosidl_typesupport_fastrtps_c.dir/rosidl_typesupport_fastrtps_c/husarion_ugv_msgs/msg/detail/script_flag__type_support_c.cpp.o
[ 75%] Building CXX object CMakeFiles/husarion_ugv_msgs__rosidl_typesupport_introspection_cpp.dir/rosidl_typesupport_introspection_cpp/husarion_ugv_msgs/srv/detail/set_led_animation__type_support.cpp.o
[ 75%] Building CXX object CMakeFiles/husarion_ugv_msgs__rosidl_typesupport_fastrtps_cpp.dir/rosidl_typesupport_fastrtps_cpp/husarion_ugv_msgs/msg/detail/dds_fastrtps/robot_driver_state__type_support.cpp.o
[ 75%] Building CXX object CMakeFiles/husarion_ugv_msgs__rosidl_typesupport_fastrtps_c.dir/rosidl_typesupport_fastrtps_c/husarion_ugv_msgs/msg/detail/system_status__type_support_c.cpp.o
[ 76%] Building CXX object CMakeFiles/husarion_ugv_msgs__rosidl_typesupport_introspection_cpp.dir/rosidl_typesupport_introspection_cpp/husarion_ugv_msgs/srv/detail/set_led_brightness__type_support.cpp.o
[ 77%] Building CXX object CMakeFiles/husarion_ugv_msgs__rosidl_typesupport_fastrtps_c.dir/rosidl_typesupport_fastrtps_c/husarion_ugv_msgs/srv/detail/set_led_animation__type_support_c.cpp.o
[ 78%] Linking CXX shared library libhusarion_ugv_msgs__rosidl_typesupport_cpp.so
[ 78%] Built target husarion_ugv_msgs__rosidl_typesupport_cpp
[ 79%] Building CXX object CMakeFiles/husarion_ugv_msgs__rosidl_typesupport_fastrtps_cpp.dir/rosidl_typesupport_fastrtps_cpp/husarion_ugv_msgs/msg/detail/dds_fastrtps/runtime_error__type_support.cpp.o
[ 79%] Building CXX object CMakeFiles/husarion_ugv_msgs__rosidl_typesupport_introspection_cpp.dir/rosidl_typesupport_introspection_cpp/husarion_ugv_msgs/srv/detail/set_led_image_animation__type_support.cpp.o
[ 80%] Building CXX object CMakeFiles/husarion_ugv_msgs__rosidl_typesupport_fastrtps_c.dir/rosidl_typesupport_fastrtps_c/husarion_ugv_msgs/srv/detail/set_led_brightness__type_support_c.cpp.o
[ 80%] Building CXX object CMakeFiles/husarion_ugv_msgs__rosidl_typesupport_fastrtps_c.dir/rosidl_typesupport_fastrtps_c/husarion_ugv_msgs/srv/detail/set_led_image_animation__type_support_c.cpp.o
[ 81%] Building CXX object CMakeFiles/husarion_ugv_msgs__rosidl_typesupport_fastrtps_cpp.dir/rosidl_typesupport_fastrtps_cpp/husarion_ugv_msgs/msg/detail/dds_fastrtps/script_flag__type_support.cpp.o
[ 81%] Building CXX object CMakeFiles/husarion_ugv_msgs__rosidl_typesupport_fastrtps_cpp.dir/rosidl_typesupport_fastrtps_cpp/husarion_ugv_msgs/msg/detail/dds_fastrtps/system_status__type_support.cpp.o
[ 82%] Building CXX object CMakeFiles/husarion_ugv_msgs__rosidl_typesupport_fastrtps_cpp.dir/rosidl_typesupport_fastrtps_cpp/husarion_ugv_msgs/srv/detail/dds_fastrtps/set_led_animation__type_support.cpp.o
[ 82%] Building CXX object CMakeFiles/husarion_ugv_msgs__rosidl_typesupport_fastrtps_cpp.dir/rosidl_typesupport_fastrtps_cpp/husarion_ugv_msgs/srv/detail/dds_fastrtps/set_led_brightness__type_support.cpp.o
[ 83%] Linking CXX shared library libhusarion_ugv_msgs__rosidl_typesupport_introspection_cpp.so
[ 84%] Linking CXX shared library libhusarion_ugv_msgs__rosidl_typesupport_fastrtps_c.so
[ 84%] Built target husarion_ugv_msgs__rosidl_typesupport_introspection_cpp
[ 85%] Building CXX object CMakeFiles/husarion_ugv_msgs__rosidl_typesupport_fastrtps_cpp.dir/rosidl_typesupport_fastrtps_cpp/husarion_ugv_msgs/srv/detail/dds_fastrtps/set_led_image_animation__type_support.cpp.o
[ 85%] Built target husarion_ugv_msgs__rosidl_typesupport_fastrtps_c
[ 86%] Linking CXX shared library libhusarion_ugv_msgs__rosidl_typesupport_fastrtps_cpp.so
[ 86%] Built target husarion_ugv_msgs__rosidl_typesupport_fastrtps_cpp
[ 86%] Built target husarion_ugv_msgs
[ 87%] Generating Python code for ROS interfaces
[ 87%] Built target husarion_ugv_msgs__py
[ 87%] Building C object CMakeFiles/husarion_ugv_msgs__rosidl_generator_py.dir/rosidl_generator_py/husarion_ugv_msgs/msg/_charging_status_s.c.o
[ 87%] Building C object CMakeFiles/husarion_ugv_msgs__rosidl_generator_py.dir/rosidl_generator_py/husarion_ugv_msgs/msg/_driver_state_named_s.c.o
[ 89%] Building C object CMakeFiles/husarion_ugv_msgs__rosidl_generator_py.dir/rosidl_generator_py/husarion_ugv_msgs/msg/_fault_flag_s.c.o
[ 88%] Building C object CMakeFiles/husarion_ugv_msgs__rosidl_generator_py.dir/rosidl_generator_py/husarion_ugv_msgs/msg/_driver_state_s.c.o
[ 90%] Building C object CMakeFiles/husarion_ugv_msgs__rosidl_generator_py.dir/rosidl_generator_py/husarion_ugv_msgs/msg/_led_animation_s.c.o
[ 90%] Building C object CMakeFiles/husarion_ugv_msgs__rosidl_generator_py.dir/rosidl_generator_py/husarion_ugv_msgs/msg/_io_state_s.c.o
[ 91%] Building C object CMakeFiles/husarion_ugv_msgs__rosidl_generator_py.dir/rosidl_generator_py/husarion_ugv_msgs/msg/_led_animation_queue_s.c.o
[ 91%] Building C object CMakeFiles/husarion_ugv_msgs__rosidl_generator_py.dir/rosidl_generator_py/husarion_ugv_msgs/msg/_led_image_animation_s.c.o
[ 92%] Building C object CMakeFiles/husarion_ugv_msgs__rosidl_generator_py.dir/rosidl_generator_py/husarion_ugv_msgs/msg/_robot_driver_state_s.c.o
[ 92%] Building C object CMakeFiles/husarion_ugv_msgs__rosidl_generator_py.dir/rosidl_generator_py/husarion_ugv_msgs/msg/_runtime_error_s.c.o
[ 93%] Building C object CMakeFiles/husarion_ugv_msgs__rosidl_generator_py.dir/rosidl_generator_py/husarion_ugv_msgs/msg/_script_flag_s.c.o
[ 94%] Building C object CMakeFiles/husarion_ugv_msgs__rosidl_generator_py.dir/rosidl_generator_py/husarion_ugv_msgs/msg/_system_status_s.c.o
[ 94%] Building C object CMakeFiles/husarion_ugv_msgs__rosidl_generator_py.dir/rosidl_generator_py/husarion_ugv_msgs/srv/_set_led_animation_s.c.o
[ 95%] Building C object CMakeFiles/husarion_ugv_msgs__rosidl_generator_py.dir/rosidl_generator_py/husarion_ugv_msgs/srv/_set_led_brightness_s.c.o
[ 95%] Building C object CMakeFiles/husarion_ugv_msgs__rosidl_generator_py.dir/rosidl_generator_py/husarion_ugv_msgs/srv/_set_led_image_animation_s.c.o
[ 96%] Linking C shared library libhusarion_ugv_msgs__rosidl_generator_py.so
[ 96%] Built target husarion_ugv_msgs__rosidl_generator_py
[ 97%] Building C object CMakeFiles/husarion_ugv_msgs_s__rosidl_typesupport_fastrtps_c.dir/rosidl_generator_py/husarion_ugv_msgs/_husarion_ugv_msgs_s.ep.rosidl_typesupport_fastrtps_c.c.o
[ 99%] Building C object CMakeFiles/husarion_ugv_msgs_s__rosidl_typesupport_c.dir/rosidl_generator_py/husarion_ugv_msgs/_husarion_ugv_msgs_s.ep.rosidl_typesupport_c.c.o
[ 99%] Building C object CMakeFiles/husarion_ugv_msgs_s__rosidl_typesupport_introspection_c.dir/rosidl_generator_py/husarion_ugv_msgs/_husarion_ugv_msgs_s.ep.rosidl_typesupport_introspection_c.c.o
[100%] Linking C shared module rosidl_generator_py/husarion_ugv_msgs/husarion_ugv_msgs_s__rosidl_typesupport_introspection_c.so
[100%] Linking C shared module rosidl_generator_py/husarion_ugv_msgs/husarion_ugv_msgs_s__rosidl_typesupport_fastrtps_c.so
[100%] Built target husarion_ugv_msgs_s__rosidl_typesupport_fastrtps_c
[100%] Built target husarion_ugv_msgs_s__rosidl_typesupport_introspection_c
[100%] Linking C shared module rosidl_generator_py/husarion_ugv_msgs/husarion_ugv_msgs_s__rosidl_typesupport_c.so
[100%] Built target husarion_ugv_msgs_s__rosidl_typesupport_c
-- Install configuration: "Release"
-- Execute custom install script
-- Symlinking: /husarion_ws/install/husarion_ugv_msgs/share/ament_index/resource_index/rosidl_interfaces/husarion_ugv_msgs
-- Symlinking: /husarion_ws/install/husarion_ugv_msgs/share/husarion_ugv_msgs/msg/ChargingStatus.json
-- Symlinking: /husarion_ws/install/husarion_ugv_msgs/share/husarion_ugv_msgs/msg/DriverState.json
-- Symlinking: /husarion_ws/install/husarion_ugv_msgs/share/husarion_ugv_msgs/msg/DriverStateNamed.json
-- Symlinking: /husarion_ws/install/husarion_ugv_msgs/share/husarion_ugv_msgs/msg/FaultFlag.json
-- Symlinking: /husarion_ws/install/husarion_ugv_msgs/share/husarion_ugv_msgs/msg/IOState.json
-- Symlinking: /husarion_ws/install/husarion_ugv_msgs/share/husarion_ugv_msgs/msg/LEDAnimation.json
-- Symlinking: /husarion_ws/install/husarion_ugv_msgs/share/husarion_ugv_msgs/msg/LEDAnimationQueue.json
-- Symlinking: /husarion_ws/install/husarion_ugv_msgs/share/husarion_ugv_msgs/msg/LEDImageAnimation.json
-- Symlinking: /husarion_ws/install/husarion_ugv_msgs/share/husarion_ugv_msgs/msg/RobotDriverState.json
-- Symlinking: /husarion_ws/install/husarion_ugv_msgs/share/husarion_ugv_msgs/msg/RuntimeError.json
-- Symlinking: /husarion_ws/install/husarion_ugv_msgs/share/husarion_ugv_msgs/msg/ScriptFlag.json
-- Symlinking: /husarion_ws/install/husarion_ugv_msgs/share/husarion_ugv_msgs/msg/SystemStatus.json
-- Symlinking: /husarion_ws/install/husarion_ugv_msgs/share/husarion_ugv_msgs/srv/SetLEDAnimation.json
-- Symlinking: /husarion_ws/install/husarion_ugv_msgs/share/husarion_ugv_msgs/srv/SetLEDBrightness.json
-- Symlinking: /husarion_ws/install/husarion_ugv_msgs/share/husarion_ugv_msgs/srv/SetLEDImageAnimation.json
-- Symlinking: /husarion_ws/install/husarion_ugv_msgs/include/husarion_ugv_msgs/husarion_ugv_msgs/msg/charging_status.h
-- Symlinking: /husarion_ws/install/husarion_ugv_msgs/include/husarion_ugv_msgs/husarion_ugv_msgs/msg/detail/charging_status__functions.h
-- Symlinking: /husarion_ws/install/husarion_ugv_msgs/include/husarion_ugv_msgs/husarion_ugv_msgs/msg/detail/charging_status__struct.h
-- Symlinking: /husarion_ws/install/husarion_ugv_msgs/include/husarion_ugv_msgs/husarion_ugv_msgs/msg/detail/charging_status__type_support.h
-- Symlinking: /husarion_ws/install/husarion_ugv_msgs/include/husarion_ugv_msgs/husarion_ugv_msgs/msg/detail/driver_state__functions.h
-- Symlinking: /husarion_ws/install/husarion_ugv_msgs/include/husarion_ugv_msgs/husarion_ugv_msgs/msg/detail/driver_state__struct.h
-- Symlinking: /husarion_ws/install/husarion_ugv_msgs/include/husarion_ugv_msgs/husarion_ugv_msgs/msg/detail/driver_state__type_support.h
-- Symlinking: /husarion_ws/install/husarion_ugv_msgs/include/husarion_ugv_msgs/husarion_ugv_msgs/msg/detail/driver_state_named__functions.h
-- Symlinking: /husarion_ws/install/husarion_ugv_msgs/include/husarion_ugv_msgs/husarion_ugv_msgs/msg/detail/driver_state_named__struct.h
-- Symlinking: /husarion_ws/install/husarion_ugv_msgs/include/husarion_ugv_msgs/husarion_ugv_msgs/msg/detail/driver_state_named__type_support.h
-- Symlinking: /husarion_ws/install/husarion_ugv_msgs/include/husarion_ugv_msgs/husarion_ugv_msgs/msg/detail/fault_flag__functions.h
-- Symlinking: /husarion_ws/install/husarion_ugv_msgs/include/husarion_ugv_msgs/husarion_ugv_msgs/msg/detail/fault_flag__struct.h
-- Symlinking: /husarion_ws/install/husarion_ugv_msgs/include/husarion_ugv_msgs/husarion_ugv_msgs/msg/detail/fault_flag__type_support.h
-- Symlinking: /husarion_ws/install/husarion_ugv_msgs/include/husarion_ugv_msgs/husarion_ugv_msgs/msg/detail/io_state__functions.h
-- Symlinking: /husarion_ws/install/husarion_ugv_msgs/include/husarion_ugv_msgs/husarion_ugv_msgs/msg/detail/io_state__struct.h
-- Symlinking: /husarion_ws/install/husarion_ugv_msgs/include/husarion_ugv_msgs/husarion_ugv_msgs/msg/detail/io_state__type_support.h
-- Symlinking: /husarion_ws/install/husarion_ugv_msgs/include/husarion_ugv_msgs/husarion_ugv_msgs/msg/detail/led_animation__functions.h
-- Symlinking: /husarion_ws/install/husarion_ugv_msgs/include/husarion_ugv_msgs/husarion_ugv_msgs/msg/detail/led_animation__struct.h
-- Symlinking: /husarion_ws/install/husarion_ugv_msgs/include/husarion_ugv_msgs/husarion_ugv_msgs/msg/detail/led_animation__type_support.h
-- Symlinking: /husarion_ws/install/husarion_ugv_msgs/include/husarion_ugv_msgs/husarion_ugv_msgs/msg/detail/led_animation_queue__functions.h
-- Symlinking: /husarion_ws/install/husarion_ugv_msgs/include/husarion_ugv_msgs/husarion_ugv_msgs/msg/detail/led_animation_queue__struct.h
-- Symlinking: /husarion_ws/install/husarion_ugv_msgs/include/husarion_ugv_msgs/husarion_ugv_msgs/msg/detail/led_animation_queue__type_support.h
-- Symlinking: /husarion_ws/install/husarion_ugv_msgs/include/husarion_ugv_msgs/husarion_ugv_msgs/msg/detail/led_image_animation__functions.h
-- Symlinking: /husarion_ws/install/husarion_ugv_msgs/include/husarion_ugv_msgs/husarion_ugv_msgs/msg/detail/led_image_animation__struct.h
-- Symlinking: /husarion_ws/install/husarion_ugv_msgs/include/husarion_ugv_msgs/husarion_ugv_msgs/msg/detail/led_image_animation__type_support.h
-- Symlinking: /husarion_ws/install/husarion_ugv_msgs/include/husarion_ugv_msgs/husarion_ugv_msgs/msg/detail/robot_driver_state__functions.h
-- Symlinking: /husarion_ws/install/husarion_ugv_msgs/include/husarion_ugv_msgs/husarion_ugv_msgs/msg/detail/robot_driver_state__struct.h
-- Symlinking: /husarion_ws/install/husarion_ugv_msgs/include/husarion_ugv_msgs/husarion_ugv_msgs/msg/detail/robot_driver_state__type_support.h
-- Symlinking: /husarion_ws/install/husarion_ugv_msgs/include/husarion_ugv_msgs/husarion_ugv_msgs/msg/detail/runtime_error__functions.h
-- Symlinking: /husarion_ws/install/husarion_ugv_msgs/include/husarion_ugv_msgs/husarion_ugv_msgs/msg/detail/runtime_error__struct.h
-- Symlinking: /husarion_ws/install/husarion_ugv_msgs/include/husarion_ugv_msgs/husarion_ugv_msgs/msg/detail/runtime_error__type_support.h
-- Symlinking: /husarion_ws/install/husarion_ugv_msgs/include/husarion_ugv_msgs/husarion_ugv_msgs/msg/detail/script_flag__functions.h
-- Symlinking: /husarion_ws/install/husarion_ugv_msgs/include/husarion_ugv_msgs/husarion_ugv_msgs/msg/detail/script_flag__struct.h
-- Symlinking: /husarion_ws/install/husarion_ugv_msgs/include/husarion_ugv_msgs/husarion_ugv_msgs/msg/detail/script_flag__type_support.h
-- Symlinking: /husarion_ws/install/husarion_ugv_msgs/include/husarion_ugv_msgs/husarion_ugv_msgs/msg/detail/system_status__functions.h
-- Symlinking: /husarion_ws/install/husarion_ugv_msgs/include/husarion_ugv_msgs/husarion_ugv_msgs/msg/detail/system_status__struct.h
-- Symlinking: /husarion_ws/install/husarion_ugv_msgs/include/husarion_ugv_msgs/husarion_ugv_msgs/msg/detail/system_status__type_support.h
-- Symlinking: /husarion_ws/install/husarion_ugv_msgs/include/husarion_ugv_msgs/husarion_ugv_msgs/msg/driver_state.h
-- Symlinking: /husarion_ws/install/husarion_ugv_msgs/include/husarion_ugv_msgs/husarion_ugv_msgs/msg/driver_state_named.h
-- Symlinking: /husarion_ws/install/husarion_ugv_msgs/include/husarion_ugv_msgs/husarion_ugv_msgs/msg/fault_flag.h
-- Symlinking: /husarion_ws/install/husarion_ugv_msgs/include/husarion_ugv_msgs/husarion_ugv_msgs/msg/io_state.h
-- Symlinking: /husarion_ws/install/husarion_ugv_msgs/include/husarion_ugv_msgs/husarion_ugv_msgs/msg/led_animation.h
-- Symlinking: /husarion_ws/install/husarion_ugv_msgs/include/husarion_ugv_msgs/husarion_ugv_msgs/msg/led_animation_queue.h
-- Symlinking: /husarion_ws/install/husarion_ugv_msgs/include/husarion_ugv_msgs/husarion_ugv_msgs/msg/led_image_animation.h
-- Symlinking: /husarion_ws/install/husarion_ugv_msgs/include/husarion_ugv_msgs/husarion_ugv_msgs/msg/robot_driver_state.h
-- Symlinking: /husarion_ws/install/husarion_ugv_msgs/include/husarion_ugv_msgs/husarion_ugv_msgs/msg/rosidl_generator_c__visibility_control.h
-- Symlinking: /husarion_ws/install/husarion_ugv_msgs/include/husarion_ugv_msgs/husarion_ugv_msgs/msg/runtime_error.h
-- Symlinking: /husarion_ws/install/husarion_ugv_msgs/include/husarion_ugv_msgs/husarion_ugv_msgs/msg/script_flag.h
-- Symlinking: /husarion_ws/install/husarion_ugv_msgs/include/husarion_ugv_msgs/husarion_ugv_msgs/msg/system_status.h
-- Symlinking: /husarion_ws/install/husarion_ugv_msgs/include/husarion_ugv_msgs/husarion_ugv_msgs/srv/detail/set_led_animation__functions.h
-- Symlinking: /husarion_ws/install/husarion_ugv_msgs/include/husarion_ugv_msgs/husarion_ugv_msgs/srv/detail/set_led_animation__struct.h
-- Symlinking: /husarion_ws/install/husarion_ugv_msgs/include/husarion_ugv_msgs/husarion_ugv_msgs/srv/detail/set_led_animation__type_support.h
-- Symlinking: /husarion_ws/install/husarion_ugv_msgs/include/husarion_ugv_msgs/husarion_ugv_msgs/srv/detail/set_led_brightness__functions.h
-- Symlinking: /husarion_ws/install/husarion_ugv_msgs/include/husarion_ugv_msgs/husarion_ugv_msgs/srv/detail/set_led_brightness__struct.h
-- Symlinking: /husarion_ws/install/husarion_ugv_msgs/include/husarion_ugv_msgs/husarion_ugv_msgs/srv/detail/set_led_brightness__type_support.h
-- Symlinking: /husarion_ws/install/husarion_ugv_msgs/include/husarion_ugv_msgs/husarion_ugv_msgs/srv/detail/set_led_image_animation__functions.h
-- Symlinking: /husarion_ws/install/husarion_ugv_msgs/include/husarion_ugv_msgs/husarion_ugv_msgs/srv/detail/set_led_image_animation__struct.h
-- Symlinking: /husarion_ws/install/husarion_ugv_msgs/include/husarion_ugv_msgs/husarion_ugv_msgs/srv/detail/set_led_image_animation__type_support.h
-- Symlinking: /husarion_ws/install/husarion_ugv_msgs/include/husarion_ugv_msgs/husarion_ugv_msgs/srv/set_led_animation.h
-- Symlinking: /husarion_ws/install/husarion_ugv_msgs/include/husarion_ugv_msgs/husarion_ugv_msgs/srv/set_led_brightness.h
-- Symlinking: /husarion_ws/install/husarion_ugv_msgs/include/husarion_ugv_msgs/husarion_ugv_msgs/srv/set_led_image_animation.h
-- Symlinking: /husarion_ws/install/husarion_ugv_msgs/share/husarion_ugv_msgs/environment/library_path.sh
-- Symlinking: /husarion_ws/install/husarion_ugv_msgs/share/husarion_ugv_msgs/environment/library_path.dsv
-- Symlinking: /husarion_ws/install/husarion_ugv_msgs/include/husarion_ugv_msgs/husarion_ugv_msgs/msg/detail/charging_status__rosidl_typesupport_fastrtps_c.h
-- Symlinking: /husarion_ws/install/husarion_ugv_msgs/include/husarion_ugv_msgs/husarion_ugv_msgs/msg/detail/driver_state__rosidl_typesupport_fastrtps_c.h
-- Symlinking: /husarion_ws/install/husarion_ugv_msgs/include/husarion_ugv_msgs/husarion_ugv_msgs/msg/detail/driver_state_named__rosidl_typesupport_fastrtps_c.h
-- Symlinking: /husarion_ws/install/husarion_ugv_msgs/include/husarion_ugv_msgs/husarion_ugv_msgs/msg/detail/fault_flag__rosidl_typesupport_fastrtps_c.h
-- Symlinking: /husarion_ws/install/husarion_ugv_msgs/include/husarion_ugv_msgs/husarion_ugv_msgs/msg/detail/io_state__rosidl_typesupport_fastrtps_c.h
-- Symlinking: /husarion_ws/install/husarion_ugv_msgs/include/husarion_ugv_msgs/husarion_ugv_msgs/msg/detail/led_animation__rosidl_typesupport_fastrtps_c.h
-- Symlinking: /husarion_ws/install/husarion_ugv_msgs/include/husarion_ugv_msgs/husarion_ugv_msgs/msg/detail/led_animation_queue__rosidl_typesupport_fastrtps_c.h
-- Symlinking: /husarion_ws/install/husarion_ugv_msgs/include/husarion_ugv_msgs/husarion_ugv_msgs/msg/detail/led_image_animation__rosidl_typesupport_fastrtps_c.h
-- Symlinking: /husarion_ws/install/husarion_ugv_msgs/include/husarion_ugv_msgs/husarion_ugv_msgs/msg/detail/robot_driver_state__rosidl_typesupport_fastrtps_c.h
-- Symlinking: /husarion_ws/install/husarion_ugv_msgs/include/husarion_ugv_msgs/husarion_ugv_msgs/msg/detail/runtime_error__rosidl_typesupport_fastrtps_c.h
-- Symlinking: /husarion_ws/install/husarion_ugv_msgs/include/husarion_ugv_msgs/husarion_ugv_msgs/msg/detail/script_flag__rosidl_typesupport_fastrtps_c.h
-- Symlinking: /husarion_ws/install/husarion_ugv_msgs/include/husarion_ugv_msgs/husarion_ugv_msgs/msg/detail/system_status__rosidl_typesupport_fastrtps_c.h
-- Symlinking: /husarion_ws/install/husarion_ugv_msgs/include/husarion_ugv_msgs/husarion_ugv_msgs/msg/rosidl_typesupport_fastrtps_c__visibility_control.h
-- Symlinking: /husarion_ws/install/husarion_ugv_msgs/include/husarion_ugv_msgs/husarion_ugv_msgs/srv/detail/set_led_animation__rosidl_typesupport_fastrtps_c.h
-- Symlinking: /husarion_ws/install/husarion_ugv_msgs/include/husarion_ugv_msgs/husarion_ugv_msgs/srv/detail/set_led_brightness__rosidl_typesupport_fastrtps_c.h
-- Symlinking: /husarion_ws/install/husarion_ugv_msgs/include/husarion_ugv_msgs/husarion_ugv_msgs/srv/detail/set_led_image_animation__rosidl_typesupport_fastrtps_c.h
-- Symlinking: /husarion_ws/install/husarion_ugv_msgs/include/husarion_ugv_msgs/husarion_ugv_msgs/msg/charging_status.hpp
-- Symlinking: /husarion_ws/install/husarion_ugv_msgs/include/husarion_ugv_msgs/husarion_ugv_msgs/msg/detail/charging_status__builder.hpp
-- Symlinking: /husarion_ws/install/husarion_ugv_msgs/include/husarion_ugv_msgs/husarion_ugv_msgs/msg/detail/charging_status__struct.hpp
-- Symlinking: /husarion_ws/install/husarion_ugv_msgs/include/husarion_ugv_msgs/husarion_ugv_msgs/msg/detail/charging_status__traits.hpp
-- Symlinking: /husarion_ws/install/husarion_ugv_msgs/include/husarion_ugv_msgs/husarion_ugv_msgs/msg/detail/charging_status__type_support.hpp
-- Symlinking: /husarion_ws/install/husarion_ugv_msgs/include/husarion_ugv_msgs/husarion_ugv_msgs/msg/detail/driver_state__builder.hpp
-- Symlinking: /husarion_ws/install/husarion_ugv_msgs/include/husarion_ugv_msgs/husarion_ugv_msgs/msg/detail/driver_state__struct.hpp
-- Symlinking: /husarion_ws/install/husarion_ugv_msgs/include/husarion_ugv_msgs/husarion_ugv_msgs/msg/detail/driver_state__traits.hpp
-- Symlinking: /husarion_ws/install/husarion_ugv_msgs/include/husarion_ugv_msgs/husarion_ugv_msgs/msg/detail/driver_state__type_support.hpp
-- Symlinking: /husarion_ws/install/husarion_ugv_msgs/include/husarion_ugv_msgs/husarion_ugv_msgs/msg/detail/driver_state_named__builder.hpp
-- Symlinking: /husarion_ws/install/husarion_ugv_msgs/include/husarion_ugv_msgs/husarion_ugv_msgs/msg/detail/driver_state_named__struct.hpp
-- Symlinking: /husarion_ws/install/husarion_ugv_msgs/include/husarion_ugv_msgs/husarion_ugv_msgs/msg/detail/driver_state_named__traits.hpp
-- Symlinking: /husarion_ws/install/husarion_ugv_msgs/include/husarion_ugv_msgs/husarion_ugv_msgs/msg/detail/driver_state_named__type_support.hpp
-- Symlinking: /husarion_ws/install/husarion_ugv_msgs/include/husarion_ugv_msgs/husarion_ugv_msgs/msg/detail/fault_flag__builder.hpp
-- Symlinking: /husarion_ws/install/husarion_ugv_msgs/include/husarion_ugv_msgs/husarion_ugv_msgs/msg/detail/fault_flag__struct.hpp
-- Symlinking: /husarion_ws/install/husarion_ugv_msgs/include/husarion_ugv_msgs/husarion_ugv_msgs/msg/detail/fault_flag__traits.hpp
-- Symlinking: /husarion_ws/install/husarion_ugv_msgs/include/husarion_ugv_msgs/husarion_ugv_msgs/msg/detail/fault_flag__type_support.hpp
-- Symlinking: /husarion_ws/install/husarion_ugv_msgs/include/husarion_ugv_msgs/husarion_ugv_msgs/msg/detail/io_state__builder.hpp
-- Symlinking: /husarion_ws/install/husarion_ugv_msgs/include/husarion_ugv_msgs/husarion_ugv_msgs/msg/detail/io_state__struct.hpp
-- Symlinking: /husarion_ws/install/husarion_ugv_msgs/include/husarion_ugv_msgs/husarion_ugv_msgs/msg/detail/io_state__traits.hpp
-- Symlinking: /husarion_ws/install/husarion_ugv_msgs/include/husarion_ugv_msgs/husarion_ugv_msgs/msg/detail/io_state__type_support.hpp
-- Symlinking: /husarion_ws/install/husarion_ugv_msgs/include/husarion_ugv_msgs/husarion_ugv_msgs/msg/detail/led_animation__builder.hpp
-- Symlinking: /husarion_ws/install/husarion_ugv_msgs/include/husarion_ugv_msgs/husarion_ugv_msgs/msg/detail/led_animation__struct.hpp
-- Symlinking: /husarion_ws/install/husarion_ugv_msgs/include/husarion_ugv_msgs/husarion_ugv_msgs/msg/detail/led_animation__traits.hpp
-- Symlinking: /husarion_ws/install/husarion_ugv_msgs/include/husarion_ugv_msgs/husarion_ugv_msgs/msg/detail/led_animation__type_support.hpp
-- Symlinking: /husarion_ws/install/husarion_ugv_msgs/include/husarion_ugv_msgs/husarion_ugv_msgs/msg/detail/led_animation_queue__builder.hpp
-- Symlinking: /husarion_ws/install/husarion_ugv_msgs/include/husarion_ugv_msgs/husarion_ugv_msgs/msg/detail/led_animation_queue__struct.hpp
-- Symlinking: /husarion_ws/install/husarion_ugv_msgs/include/husarion_ugv_msgs/husarion_ugv_msgs/msg/detail/led_animation_queue__traits.hpp
-- Symlinking: /husarion_ws/install/husarion_ugv_msgs/include/husarion_ugv_msgs/husarion_ugv_msgs/msg/detail/led_animation_queue__type_support.hpp
-- Symlinking: /husarion_ws/install/husarion_ugv_msgs/include/husarion_ugv_msgs/husarion_ugv_msgs/msg/detail/led_image_animation__builder.hpp
-- Symlinking: /husarion_ws/install/husarion_ugv_msgs/include/husarion_ugv_msgs/husarion_ugv_msgs/msg/detail/led_image_animation__struct.hpp
-- Symlinking: /husarion_ws/install/husarion_ugv_msgs/include/husarion_ugv_msgs/husarion_ugv_msgs/msg/detail/led_image_animation__traits.hpp
-- Symlinking: /husarion_ws/install/husarion_ugv_msgs/include/husarion_ugv_msgs/husarion_ugv_msgs/msg/detail/led_image_animation__type_support.hpp
-- Symlinking: /husarion_ws/install/husarion_ugv_msgs/include/husarion_ugv_msgs/husarion_ugv_msgs/msg/detail/robot_driver_state__builder.hpp
-- Symlinking: /husarion_ws/install/husarion_ugv_msgs/include/husarion_ugv_msgs/husarion_ugv_msgs/msg/detail/robot_driver_state__struct.hpp
-- Symlinking: /husarion_ws/install/husarion_ugv_msgs/include/husarion_ugv_msgs/husarion_ugv_msgs/msg/detail/robot_driver_state__traits.hpp
-- Symlinking: /husarion_ws/install/husarion_ugv_msgs/include/husarion_ugv_msgs/husarion_ugv_msgs/msg/detail/robot_driver_state__type_support.hpp
-- Symlinking: /husarion_ws/install/husarion_ugv_msgs/include/husarion_ugv_msgs/husarion_ugv_msgs/msg/detail/runtime_error__builder.hpp
-- Symlinking: /husarion_ws/install/husarion_ugv_msgs/include/husarion_ugv_msgs/husarion_ugv_msgs/msg/detail/runtime_error__struct.hpp
-- Symlinking: /husarion_ws/install/husarion_ugv_msgs/include/husarion_ugv_msgs/husarion_ugv_msgs/msg/detail/runtime_error__traits.hpp
-- Symlinking: /husarion_ws/install/husarion_ugv_msgs/include/husarion_ugv_msgs/husarion_ugv_msgs/msg/detail/runtime_error__type_support.hpp
-- Symlinking: /husarion_ws/install/husarion_ugv_msgs/include/husarion_ugv_msgs/husarion_ugv_msgs/msg/detail/script_flag__builder.hpp
-- Symlinking: /husarion_ws/install/husarion_ugv_msgs/include/husarion_ugv_msgs/husarion_ugv_msgs/msg/detail/script_flag__struct.hpp
-- Symlinking: /husarion_ws/install/husarion_ugv_msgs/include/husarion_ugv_msgs/husarion_ugv_msgs/msg/detail/script_flag__traits.hpp
-- Symlinking: /husarion_ws/install/husarion_ugv_msgs/include/husarion_ugv_msgs/husarion_ugv_msgs/msg/detail/script_flag__type_support.hpp
-- Symlinking: /husarion_ws/install/husarion_ugv_msgs/include/husarion_ugv_msgs/husarion_ugv_msgs/msg/detail/system_status__builder.hpp
-- Symlinking: /husarion_ws/install/husarion_ugv_msgs/include/husarion_ugv_msgs/husarion_ugv_msgs/msg/detail/system_status__struct.hpp
-- Symlinking: /husarion_ws/install/husarion_ugv_msgs/include/husarion_ugv_msgs/husarion_ugv_msgs/msg/detail/system_status__traits.hpp
-- Symlinking: /husarion_ws/install/husarion_ugv_msgs/include/husarion_ugv_msgs/husarion_ugv_msgs/msg/detail/system_status__type_support.hpp
-- Symlinking: /husarion_ws/install/husarion_ugv_msgs/include/husarion_ugv_msgs/husarion_ugv_msgs/msg/driver_state.hpp
-- Symlinking: /husarion_ws/install/husarion_ugv_msgs/include/husarion_ugv_msgs/husarion_ugv_msgs/msg/driver_state_named.hpp
-- Symlinking: /husarion_ws/install/husarion_ugv_msgs/include/husarion_ugv_msgs/husarion_ugv_msgs/msg/fault_flag.hpp
-- Symlinking: /husarion_ws/install/husarion_ugv_msgs/include/husarion_ugv_msgs/husarion_ugv_msgs/msg/io_state.hpp
-- Symlinking: /husarion_ws/install/husarion_ugv_msgs/include/husarion_ugv_msgs/husarion_ugv_msgs/msg/led_animation.hpp
-- Symlinking: /husarion_ws/install/husarion_ugv_msgs/include/husarion_ugv_msgs/husarion_ugv_msgs/msg/led_animation_queue.hpp
-- Symlinking: /husarion_ws/install/husarion_ugv_msgs/include/husarion_ugv_msgs/husarion_ugv_msgs/msg/led_image_animation.hpp
-- Symlinking: /husarion_ws/install/husarion_ugv_msgs/include/husarion_ugv_msgs/husarion_ugv_msgs/msg/robot_driver_state.hpp
-- Symlinking: /husarion_ws/install/husarion_ugv_msgs/include/husarion_ugv_msgs/husarion_ugv_msgs/msg/rosidl_generator_cpp__visibility_control.hpp
-- Symlinking: /husarion_ws/install/husarion_ugv_msgs/include/husarion_ugv_msgs/husarion_ugv_msgs/msg/runtime_error.hpp
-- Symlinking: /husarion_ws/install/husarion_ugv_msgs/include/husarion_ugv_msgs/husarion_ugv_msgs/msg/script_flag.hpp
-- Symlinking: /husarion_ws/install/husarion_ugv_msgs/include/husarion_ugv_msgs/husarion_ugv_msgs/msg/system_status.hpp
-- Symlinking: /husarion_ws/install/husarion_ugv_msgs/include/husarion_ugv_msgs/husarion_ugv_msgs/srv/detail/set_led_animation__builder.hpp
-- Symlinking: /husarion_ws/install/husarion_ugv_msgs/include/husarion_ugv_msgs/husarion_ugv_msgs/srv/detail/set_led_animation__struct.hpp
-- Symlinking: /husarion_ws/install/husarion_ugv_msgs/include/husarion_ugv_msgs/husarion_ugv_msgs/srv/detail/set_led_animation__traits.hpp
-- Symlinking: /husarion_ws/install/husarion_ugv_msgs/include/husarion_ugv_msgs/husarion_ugv_msgs/srv/detail/set_led_animation__type_support.hpp
-- Symlinking: /husarion_ws/install/husarion_ugv_msgs/include/husarion_ugv_msgs/husarion_ugv_msgs/srv/detail/set_led_brightness__builder.hpp
-- Symlinking: /husarion_ws/install/husarion_ugv_msgs/include/husarion_ugv_msgs/husarion_ugv_msgs/srv/detail/set_led_brightness__struct.hpp
-- Symlinking: /husarion_ws/install/husarion_ugv_msgs/include/husarion_ugv_msgs/husarion_ugv_msgs/srv/detail/set_led_brightness__traits.hpp
-- Symlinking: /husarion_ws/install/husarion_ugv_msgs/include/husarion_ugv_msgs/husarion_ugv_msgs/srv/detail/set_led_brightness__type_support.hpp
-- Symlinking: /husarion_ws/install/husarion_ugv_msgs/include/husarion_ugv_msgs/husarion_ugv_msgs/srv/detail/set_led_image_animation__builder.hpp
-- Symlinking: /husarion_ws/install/husarion_ugv_msgs/include/husarion_ugv_msgs/husarion_ugv_msgs/srv/detail/set_led_image_animation__struct.hpp
-- Symlinking: /husarion_ws/install/husarion_ugv_msgs/include/husarion_ugv_msgs/husarion_ugv_msgs/srv/detail/set_led_image_animation__traits.hpp
-- Symlinking: /husarion_ws/install/husarion_ugv_msgs/include/husarion_ugv_msgs/husarion_ugv_msgs/srv/detail/set_led_image_animation__type_support.hpp
-- Symlinking: /husarion_ws/install/husarion_ugv_msgs/include/husarion_ugv_msgs/husarion_ugv_msgs/srv/set_led_animation.hpp
-- Symlinking: /husarion_ws/install/husarion_ugv_msgs/include/husarion_ugv_msgs/husarion_ugv_msgs/srv/set_led_brightness.hpp
-- Symlinking: /husarion_ws/install/husarion_ugv_msgs/include/husarion_ugv_msgs/husarion_ugv_msgs/srv/set_led_image_animation.hpp
-- Symlinking: /husarion_ws/install/husarion_ugv_msgs/include/husarion_ugv_msgs/husarion_ugv_msgs/msg/detail/charging_status__rosidl_typesupport_fastrtps_cpp.hpp
-- Symlinking: /husarion_ws/install/husarion_ugv_msgs/include/husarion_ugv_msgs/husarion_ugv_msgs/msg/detail/driver_state__rosidl_typesupport_fastrtps_cpp.hpp
-- Symlinking: /husarion_ws/install/husarion_ugv_msgs/include/husarion_ugv_msgs/husarion_ugv_msgs/msg/detail/driver_state_named__rosidl_typesupport_fastrtps_cpp.hpp
-- Symlinking: /husarion_ws/install/husarion_ugv_msgs/include/husarion_ugv_msgs/husarion_ugv_msgs/msg/detail/fault_flag__rosidl_typesupport_fastrtps_cpp.hpp
-- Symlinking: /husarion_ws/install/husarion_ugv_msgs/include/husarion_ugv_msgs/husarion_ugv_msgs/msg/detail/io_state__rosidl_typesupport_fastrtps_cpp.hpp
-- Symlinking: /husarion_ws/install/husarion_ugv_msgs/include/husarion_ugv_msgs/husarion_ugv_msgs/msg/detail/led_animation__rosidl_typesupport_fastrtps_cpp.hpp
-- Symlinking: /husarion_ws/install/husarion_ugv_msgs/include/husarion_ugv_msgs/husarion_ugv_msgs/msg/detail/led_animation_queue__rosidl_typesupport_fastrtps_cpp.hpp
-- Symlinking: /husarion_ws/install/husarion_ugv_msgs/include/husarion_ugv_msgs/husarion_ugv_msgs/msg/detail/led_image_animation__rosidl_typesupport_fastrtps_cpp.hpp
-- Symlinking: /husarion_ws/install/husarion_ugv_msgs/include/husarion_ugv_msgs/husarion_ugv_msgs/msg/detail/robot_driver_state__rosidl_typesupport_fastrtps_cpp.hpp
-- Symlinking: /husarion_ws/install/husarion_ugv_msgs/include/husarion_ugv_msgs/husarion_ugv_msgs/msg/detail/runtime_error__rosidl_typesupport_fastrtps_cpp.hpp
-- Symlinking: /husarion_ws/install/husarion_ugv_msgs/include/husarion_ugv_msgs/husarion_ugv_msgs/msg/detail/script_flag__rosidl_typesupport_fastrtps_cpp.hpp
-- Symlinking: /husarion_ws/install/husarion_ugv_msgs/include/husarion_ugv_msgs/husarion_ugv_msgs/msg/detail/system_status__rosidl_typesupport_fastrtps_cpp.hpp
-- Symlinking: /husarion_ws/install/husarion_ugv_msgs/include/husarion_ugv_msgs/husarion_ugv_msgs/msg/rosidl_typesupport_fastrtps_cpp__visibility_control.h
-- Symlinking: /husarion_ws/install/husarion_ugv_msgs/include/husarion_ugv_msgs/husarion_ugv_msgs/srv/detail/set_led_animation__rosidl_typesupport_fastrtps_cpp.hpp
-- Symlinking: /husarion_ws/install/husarion_ugv_msgs/include/husarion_ugv_msgs/husarion_ugv_msgs/srv/detail/set_led_brightness__rosidl_typesupport_fastrtps_cpp.hpp
-- Symlinking: /husarion_ws/install/husarion_ugv_msgs/include/husarion_ugv_msgs/husarion_ugv_msgs/srv/detail/set_led_image_animation__rosidl_typesupport_fastrtps_cpp.hpp
-- Symlinking: /husarion_ws/install/husarion_ugv_msgs/include/husarion_ugv_msgs/husarion_ugv_msgs/msg/detail/charging_status__rosidl_typesupport_introspection_c.h
-- Symlinking: /husarion_ws/install/husarion_ugv_msgs/include/husarion_ugv_msgs/husarion_ugv_msgs/msg/detail/driver_state__rosidl_typesupport_introspection_c.h
-- Symlinking: /husarion_ws/install/husarion_ugv_msgs/include/husarion_ugv_msgs/husarion_ugv_msgs/msg/detail/driver_state_named__rosidl_typesupport_introspection_c.h
-- Symlinking: /husarion_ws/install/husarion_ugv_msgs/include/husarion_ugv_msgs/husarion_ugv_msgs/msg/detail/fault_flag__rosidl_typesupport_introspection_c.h
-- Symlinking: /husarion_ws/install/husarion_ugv_msgs/include/husarion_ugv_msgs/husarion_ugv_msgs/msg/detail/io_state__rosidl_typesupport_introspection_c.h
-- Symlinking: /husarion_ws/install/husarion_ugv_msgs/include/husarion_ugv_msgs/husarion_ugv_msgs/msg/detail/led_animation__rosidl_typesupport_introspection_c.h
-- Symlinking: /husarion_ws/install/husarion_ugv_msgs/include/husarion_ugv_msgs/husarion_ugv_msgs/msg/detail/led_animation_queue__rosidl_typesupport_introspection_c.h
-- Symlinking: /husarion_ws/install/husarion_ugv_msgs/include/husarion_ugv_msgs/husarion_ugv_msgs/msg/detail/led_image_animation__rosidl_typesupport_introspection_c.h
-- Symlinking: /husarion_ws/install/husarion_ugv_msgs/include/husarion_ugv_msgs/husarion_ugv_msgs/msg/detail/robot_driver_state__rosidl_typesupport_introspection_c.h
-- Symlinking: /husarion_ws/install/husarion_ugv_msgs/include/husarion_ugv_msgs/husarion_ugv_msgs/msg/detail/runtime_error__rosidl_typesupport_introspection_c.h
-- Symlinking: /husarion_ws/install/husarion_ugv_msgs/include/husarion_ugv_msgs/husarion_ugv_msgs/msg/detail/script_flag__rosidl_typesupport_introspection_c.h
-- Symlinking: /husarion_ws/install/husarion_ugv_msgs/include/husarion_ugv_msgs/husarion_ugv_msgs/msg/detail/system_status__rosidl_typesupport_introspection_c.h
-- Symlinking: /husarion_ws/install/husarion_ugv_msgs/include/husarion_ugv_msgs/husarion_ugv_msgs/msg/rosidl_typesupport_introspection_c__visibility_control.h
-- Symlinking: /husarion_ws/install/husarion_ugv_msgs/include/husarion_ugv_msgs/husarion_ugv_msgs/srv/detail/set_led_animation__rosidl_typesupport_introspection_c.h
-- Symlinking: /husarion_ws/install/husarion_ugv_msgs/include/husarion_ugv_msgs/husarion_ugv_msgs/srv/detail/set_led_brightness__rosidl_typesupport_introspection_c.h
-- Symlinking: /husarion_ws/install/husarion_ugv_msgs/include/husarion_ugv_msgs/husarion_ugv_msgs/srv/detail/set_led_image_animation__rosidl_typesupport_introspection_c.h
-- Symlinking: /husarion_ws/install/husarion_ugv_msgs/include/husarion_ugv_msgs/husarion_ugv_msgs/msg/detail/charging_status__rosidl_typesupport_introspection_cpp.hpp
-- Symlinking: /husarion_ws/install/husarion_ugv_msgs/include/husarion_ugv_msgs/husarion_ugv_msgs/msg/detail/driver_state__rosidl_typesupport_introspection_cpp.hpp
-- Symlinking: /husarion_ws/install/husarion_ugv_msgs/include/husarion_ugv_msgs/husarion_ugv_msgs/msg/detail/driver_state_named__rosidl_typesupport_introspection_cpp.hpp
-- Symlinking: /husarion_ws/install/husarion_ugv_msgs/include/husarion_ugv_msgs/husarion_ugv_msgs/msg/detail/fault_flag__rosidl_typesupport_introspection_cpp.hpp
-- Symlinking: /husarion_ws/install/husarion_ugv_msgs/include/husarion_ugv_msgs/husarion_ugv_msgs/msg/detail/io_state__rosidl_typesupport_introspection_cpp.hpp
-- Symlinking: /husarion_ws/install/husarion_ugv_msgs/include/husarion_ugv_msgs/husarion_ugv_msgs/msg/detail/led_animation__rosidl_typesupport_introspection_cpp.hpp
-- Symlinking: /husarion_ws/install/husarion_ugv_msgs/include/husarion_ugv_msgs/husarion_ugv_msgs/msg/detail/led_animation_queue__rosidl_typesupport_introspection_cpp.hpp
-- Symlinking: /husarion_ws/install/husarion_ugv_msgs/include/husarion_ugv_msgs/husarion_ugv_msgs/msg/detail/led_image_animation__rosidl_typesupport_introspection_cpp.hpp
-- Symlinking: /husarion_ws/install/husarion_ugv_msgs/include/husarion_ugv_msgs/husarion_ugv_msgs/msg/detail/robot_driver_state__rosidl_typesupport_introspection_cpp.hpp
-- Symlinking: /husarion_ws/install/husarion_ugv_msgs/include/husarion_ugv_msgs/husarion_ugv_msgs/msg/detail/runtime_error__rosidl_typesupport_introspection_cpp.hpp
-- Symlinking: /husarion_ws/install/husarion_ugv_msgs/include/husarion_ugv_msgs/husarion_ugv_msgs/msg/detail/script_flag__rosidl_typesupport_introspection_cpp.hpp
-- Symlinking: /husarion_ws/install/husarion_ugv_msgs/include/husarion_ugv_msgs/husarion_ugv_msgs/msg/detail/system_status__rosidl_typesupport_introspection_cpp.hpp
-- Symlinking: /husarion_ws/install/husarion_ugv_msgs/include/husarion_ugv_msgs/husarion_ugv_msgs/srv/detail/set_led_animation__rosidl_typesupport_introspection_cpp.hpp
-- Symlinking: /husarion_ws/install/husarion_ugv_msgs/include/husarion_ugv_msgs/husarion_ugv_msgs/srv/detail/set_led_brightness__rosidl_typesupport_introspection_cpp.hpp
-- Symlinking: /husarion_ws/install/husarion_ugv_msgs/include/husarion_ugv_msgs/husarion_ugv_msgs/srv/detail/set_led_image_animation__rosidl_typesupport_introspection_cpp.hpp
-- Symlinking: /husarion_ws/install/husarion_ugv_msgs/share/husarion_ugv_msgs/environment/pythonpath.sh
-- Symlinking: /husarion_ws/install/husarion_ugv_msgs/share/husarion_ugv_msgs/environment/pythonpath.dsv
-- Symlinking: /husarion_ws/install/husarion_ugv_msgs/lib/python3.12/site-packages/husarion_ugv_msgs-2.3.0-py3.12.egg-info/PKG-INFO
-- Symlinking: /husarion_ws/install/husarion_ugv_msgs/lib/python3.12/site-packages/husarion_ugv_msgs-2.3.0-py3.12.egg-info/SOURCES.txt
-- Symlinking: /husarion_ws/install/husarion_ugv_msgs/lib/python3.12/site-packages/husarion_ugv_msgs-2.3.0-py3.12.egg-info/dependency_links.txt
-- Symlinking: /husarion_ws/install/husarion_ugv_msgs/lib/python3.12/site-packages/husarion_ugv_msgs-2.3.0-py3.12.egg-info/top_level.txt
-- Symlinking: /husarion_ws/install/husarion_ugv_msgs/lib/python3.12/site-packages/husarion_ugv_msgs/__init__.py
-- Symlinking: /husarion_ws/install/husarion_ugv_msgs/lib/python3.12/site-packages/husarion_ugv_msgs/_husarion_ugv_msgs_s.ep.rosidl_typesupport_c.c
-- Symlinking: /husarion_ws/install/husarion_ugv_msgs/lib/python3.12/site-packages/husarion_ugv_msgs/_husarion_ugv_msgs_s.ep.rosidl_typesupport_fastrtps_c.c
-- Symlinking: /husarion_ws/install/husarion_ugv_msgs/lib/python3.12/site-packages/husarion_ugv_msgs/_husarion_ugv_msgs_s.ep.rosidl_typesupport_introspection_c.c
-- Symlinking: /husarion_ws/install/husarion_ugv_msgs/lib/python3.12/site-packages/husarion_ugv_msgs/husarion_ugv_msgs_s__rosidl_typesupport_c.so
-- Symlinking: /husarion_ws/install/husarion_ugv_msgs/lib/python3.12/site-packages/husarion_ugv_msgs/husarion_ugv_msgs_s__rosidl_typesupport_fastrtps_c.so
-- Symlinking: /husarion_ws/install/husarion_ugv_msgs/lib/python3.12/site-packages/husarion_ugv_msgs/husarion_ugv_msgs_s__rosidl_typesupport_introspection_c.so
-- Symlinking: /husarion_ws/install/husarion_ugv_msgs/lib/python3.12/site-packages/husarion_ugv_msgs/msg/__init__.py
-- Symlinking: /husarion_ws/install/husarion_ugv_msgs/lib/python3.12/site-packages/husarion_ugv_msgs/msg/_charging_status.py
-- Symlinking: /husarion_ws/install/husarion_ugv_msgs/lib/python3.12/site-packages/husarion_ugv_msgs/msg/_charging_status_s.c
-- Symlinking: /husarion_ws/install/husarion_ugv_msgs/lib/python3.12/site-packages/husarion_ugv_msgs/msg/_driver_state.py
-- Symlinking: /husarion_ws/install/husarion_ugv_msgs/lib/python3.12/site-packages/husarion_ugv_msgs/msg/_driver_state_named.py
-- Symlinking: /husarion_ws/install/husarion_ugv_msgs/lib/python3.12/site-packages/husarion_ugv_msgs/msg/_driver_state_named_s.c
-- Symlinking: /husarion_ws/install/husarion_ugv_msgs/lib/python3.12/site-packages/husarion_ugv_msgs/msg/_driver_state_s.c
-- Symlinking: /husarion_ws/install/husarion_ugv_msgs/lib/python3.12/site-packages/husarion_ugv_msgs/msg/_fault_flag.py
-- Symlinking: /husarion_ws/install/husarion_ugv_msgs/lib/python3.12/site-packages/husarion_ugv_msgs/msg/_fault_flag_s.c
-- Symlinking: /husarion_ws/install/husarion_ugv_msgs/lib/python3.12/site-packages/husarion_ugv_msgs/msg/_io_state.py
-- Symlinking: /husarion_ws/install/husarion_ugv_msgs/lib/python3.12/site-packages/husarion_ugv_msgs/msg/_io_state_s.c
-- Symlinking: /husarion_ws/install/husarion_ugv_msgs/lib/python3.12/site-packages/husarion_ugv_msgs/msg/_led_animation.py
-- Symlinking: /husarion_ws/install/husarion_ugv_msgs/lib/python3.12/site-packages/husarion_ugv_msgs/msg/_led_animation_queue.py
-- Symlinking: /husarion_ws/install/husarion_ugv_msgs/lib/python3.12/site-packages/husarion_ugv_msgs/msg/_led_animation_queue_s.c
-- Symlinking: /husarion_ws/install/husarion_ugv_msgs/lib/python3.12/site-packages/husarion_ugv_msgs/msg/_led_animation_s.c
-- Symlinking: /husarion_ws/install/husarion_ugv_msgs/lib/python3.12/site-packages/husarion_ugv_msgs/msg/_led_image_animation.py
-- Symlinking: /husarion_ws/install/husarion_ugv_msgs/lib/python3.12/site-packages/husarion_ugv_msgs/msg/_led_image_animation_s.c
-- Symlinking: /husarion_ws/install/husarion_ugv_msgs/lib/python3.12/site-packages/husarion_ugv_msgs/msg/_robot_driver_state.py
-- Symlinking: /husarion_ws/install/husarion_ugv_msgs/lib/python3.12/site-packages/husarion_ugv_msgs/msg/_robot_driver_state_s.c
-- Symlinking: /husarion_ws/install/husarion_ugv_msgs/lib/python3.12/site-packages/husarion_ugv_msgs/msg/_runtime_error.py
-- Symlinking: /husarion_ws/install/husarion_ugv_msgs/lib/python3.12/site-packages/husarion_ugv_msgs/msg/_runtime_error_s.c
-- Symlinking: /husarion_ws/install/husarion_ugv_msgs/lib/python3.12/site-packages/husarion_ugv_msgs/msg/_script_flag.py
-- Symlinking: /husarion_ws/install/husarion_ugv_msgs/lib/python3.12/site-packages/husarion_ugv_msgs/msg/_script_flag_s.c
-- Symlinking: /husarion_ws/install/husarion_ugv_msgs/lib/python3.12/site-packages/husarion_ugv_msgs/msg/_system_status.py
-- Symlinking: /husarion_ws/install/husarion_ugv_msgs/lib/python3.12/site-packages/husarion_ugv_msgs/msg/_system_status_s.c
-- Symlinking: /husarion_ws/install/husarion_ugv_msgs/lib/python3.12/site-packages/husarion_ugv_msgs/srv/__init__.py
-- Symlinking: /husarion_ws/install/husarion_ugv_msgs/lib/python3.12/site-packages/husarion_ugv_msgs/srv/_set_led_animation.py
-- Symlinking: /husarion_ws/install/husarion_ugv_msgs/lib/python3.12/site-packages/husarion_ugv_msgs/srv/_set_led_animation_s.c
-- Symlinking: /husarion_ws/install/husarion_ugv_msgs/lib/python3.12/site-packages/husarion_ugv_msgs/srv/_set_led_brightness.py
-- Symlinking: /husarion_ws/install/husarion_ugv_msgs/lib/python3.12/site-packages/husarion_ugv_msgs/srv/_set_led_brightness_s.c
-- Symlinking: /husarion_ws/install/husarion_ugv_msgs/lib/python3.12/site-packages/husarion_ugv_msgs/srv/_set_led_image_animation.py
-- Symlinking: /husarion_ws/install/husarion_ugv_msgs/lib/python3.12/site-packages/husarion_ugv_msgs/srv/_set_led_image_animation_s.c
-- Up-to-date symlink: /husarion_ws/install/husarion_ugv_msgs/lib/python3.12/site-packages/husarion_ugv_msgs/husarion_ugv_msgs_s__rosidl_typesupport_fastrtps_c.so
-- Up-to-date symlink: /husarion_ws/install/husarion_ugv_msgs/lib/python3.12/site-packages/husarion_ugv_msgs/husarion_ugv_msgs_s__rosidl_typesupport_introspection_c.so
-- Up-to-date symlink: /husarion_ws/install/husarion_ugv_msgs/lib/python3.12/site-packages/husarion_ugv_msgs/husarion_ugv_msgs_s__rosidl_typesupport_c.so
-- Symlinking: /husarion_ws/install/husarion_ugv_msgs/share/husarion_ugv_msgs/msg/ChargingStatus.idl
-- Symlinking: /husarion_ws/install/husarion_ugv_msgs/share/husarion_ugv_msgs/msg/DriverState.idl
-- Symlinking: /husarion_ws/install/husarion_ugv_msgs/share/husarion_ugv_msgs/msg/DriverStateNamed.idl
-- Symlinking: /husarion_ws/install/husarion_ugv_msgs/share/husarion_ugv_msgs/msg/FaultFlag.idl
-- Symlinking: /husarion_ws/install/husarion_ugv_msgs/share/husarion_ugv_msgs/msg/IOState.idl
-- Symlinking: /husarion_ws/install/husarion_ugv_msgs/share/husarion_ugv_msgs/msg/LEDAnimation.idl
-- Symlinking: /husarion_ws/install/husarion_ugv_msgs/share/husarion_ugv_msgs/msg/LEDAnimationQueue.idl
-- Symlinking: /husarion_ws/install/husarion_ugv_msgs/share/husarion_ugv_msgs/msg/LEDImageAnimation.idl
-- Symlinking: /husarion_ws/install/husarion_ugv_msgs/share/husarion_ugv_msgs/msg/RobotDriverState.idl
-- Symlinking: /husarion_ws/install/husarion_ugv_msgs/share/husarion_ugv_msgs/msg/RuntimeError.idl
-- Symlinking: /husarion_ws/install/husarion_ugv_msgs/share/husarion_ugv_msgs/msg/ScriptFlag.idl
-- Symlinking: /husarion_ws/install/husarion_ugv_msgs/share/husarion_ugv_msgs/msg/SystemStatus.idl
-- Symlinking: /husarion_ws/install/husarion_ugv_msgs/share/husarion_ugv_msgs/srv/SetLEDAnimation.idl
-- Symlinking: /husarion_ws/install/husarion_ugv_msgs/share/husarion_ugv_msgs/srv/SetLEDBrightness.idl
-- Symlinking: /husarion_ws/install/husarion_ugv_msgs/share/husarion_ugv_msgs/srv/SetLEDImageAnimation.idl
-- Symlinking: /husarion_ws/install/husarion_ugv_msgs/share/husarion_ugv_msgs/msg/ChargingStatus.msg
-- Symlinking: /husarion_ws/install/husarion_ugv_msgs/share/husarion_ugv_msgs/msg/DriverState.msg
-- Symlinking: /husarion_ws/install/husarion_ugv_msgs/share/husarion_ugv_msgs/msg/DriverStateNamed.msg
-- Symlinking: /husarion_ws/install/husarion_ugv_msgs/share/husarion_ugv_msgs/msg/FaultFlag.msg
-- Symlinking: /husarion_ws/install/husarion_ugv_msgs/share/husarion_ugv_msgs/msg/IOState.msg
-- Symlinking: /husarion_ws/install/husarion_ugv_msgs/share/husarion_ugv_msgs/msg/LEDAnimation.msg
-- Symlinking: /husarion_ws/install/husarion_ugv_msgs/share/husarion_ugv_msgs/msg/LEDAnimationQueue.msg
-- Symlinking: /husarion_ws/install/husarion_ugv_msgs/share/husarion_ugv_msgs/msg/LEDImageAnimation.msg
-- Symlinking: /husarion_ws/install/husarion_ugv_msgs/share/husarion_ugv_msgs/msg/RobotDriverState.msg
-- Symlinking: /husarion_ws/install/husarion_ugv_msgs/share/husarion_ugv_msgs/msg/RuntimeError.msg
-- Symlinking: /husarion_ws/install/husarion_ugv_msgs/share/husarion_ugv_msgs/msg/ScriptFlag.msg
-- Symlinking: /husarion_ws/install/husarion_ugv_msgs/share/husarion_ugv_msgs/msg/SystemStatus.msg
-- Symlinking: /husarion_ws/install/husarion_ugv_msgs/share/husarion_ugv_msgs/srv/SetLEDAnimation.srv
-- Symlinking: /husarion_ws/install/husarion_ugv_msgs/share/husarion_ugv_msgs/srv/SetLEDBrightness.srv
-- Symlinking: /husarion_ws/install/husarion_ugv_msgs/share/husarion_ugv_msgs/srv/SetLEDImageAnimation.srv
-- Symlinking: /husarion_ws/install/husarion_ugv_msgs/share/ament_index/resource_index/package_run_dependencies/husarion_ugv_msgs
-- Symlinking: /husarion_ws/install/husarion_ugv_msgs/share/ament_index/resource_index/parent_prefix_path/husarion_ugv_msgs
-- Symlinking: /husarion_ws/install/husarion_ugv_msgs/share/husarion_ugv_msgs/environment/ament_prefix_path.sh
-- Symlinking: /husarion_ws/install/husarion_ugv_msgs/share/husarion_ugv_msgs/environment/ament_prefix_path.dsv
-- Symlinking: /husarion_ws/install/husarion_ugv_msgs/share/husarion_ugv_msgs/environment/path.sh
-- Symlinking: /husarion_ws/install/husarion_ugv_msgs/share/husarion_ugv_msgs/environment/path.dsv
-- Symlinking: /husarion_ws/install/husarion_ugv_msgs/share/husarion_ugv_msgs/local_setup.bash
-- Symlinking: /husarion_ws/install/husarion_ugv_msgs/share/husarion_ugv_msgs/local_setup.sh
-- Symlinking: /husarion_ws/install/husarion_ugv_msgs/share/husarion_ugv_msgs/local_setup.zsh
-- Symlinking: /husarion_ws/install/husarion_ugv_msgs/share/husarion_ugv_msgs/local_setup.dsv
-- Symlinking: /husarion_ws/install/husarion_ugv_msgs/share/husarion_ugv_msgs/package.dsv
-- Symlinking: /husarion_ws/install/husarion_ugv_msgs/share/ament_index/resource_index/packages/husarion_ugv_msgs
-- Symlinking: /husarion_ws/install/husarion_ugv_msgs/share/husarion_ugv_msgs/cmake/rosidl_cmake-extras.cmake
-- Symlinking: /husarion_ws/install/husarion_ugv_msgs/share/husarion_ugv_msgs/cmake/ament_cmake_export_dependencies-extras.cmake
-- Symlinking: /husarion_ws/install/husarion_ugv_msgs/share/husarion_ugv_msgs/cmake/ament_cmake_export_include_directories-extras.cmake
-- Symlinking: /husarion_ws/install/husarion_ugv_msgs/share/husarion_ugv_msgs/cmake/ament_cmake_export_libraries-extras.cmake
-- Symlinking: /husarion_ws/install/husarion_ugv_msgs/share/husarion_ugv_msgs/cmake/ament_cmake_export_targets-extras.cmake
-- Symlinking: /husarion_ws/install/husarion_ugv_msgs/share/husarion_ugv_msgs/cmake/rosidl_cmake_export_typesupport_targets-extras.cmake
-- Symlinking: /husarion_ws/install/husarion_ugv_msgs/share/husarion_ugv_msgs/cmake/rosidl_cmake_export_typesupport_libraries-extras.cmake
-- Symlinking: /husarion_ws/install/husarion_ugv_msgs/share/husarion_ugv_msgs/cmake/husarion_ugv_msgsConfig.cmake
-- Symlinking: /husarion_ws/install/husarion_ugv_msgs/share/husarion_ugv_msgs/cmake/husarion_ugv_msgsConfig-version.cmake
-- Symlinking: /husarion_ws/install/husarion_ugv_msgs/share/husarion_ugv_msgs/package.xml
-- Installing: /husarion_ws/install/husarion_ugv_msgs/lib/libhusarion_ugv_msgs__rosidl_generator_c.so
-- Set non-toolchain portion of runtime path of "/husarion_ws/install/husarion_ugv_msgs/lib/libhusarion_ugv_msgs__rosidl_generator_c.so" to ""
-- Installing: /husarion_ws/install/husarion_ugv_msgs/lib/libhusarion_ugv_msgs__rosidl_typesupport_fastrtps_c.so
-- Set non-toolchain portion of runtime path of "/husarion_ws/install/husarion_ugv_msgs/lib/libhusarion_ugv_msgs__rosidl_typesupport_fastrtps_c.so" to ""
-- Installing: /husarion_ws/install/husarion_ugv_msgs/lib/libhusarion_ugv_msgs__rosidl_typesupport_fastrtps_cpp.so
-- Set non-toolchain portion of runtime path of "/husarion_ws/install/husarion_ugv_msgs/lib/libhusarion_ugv_msgs__rosidl_typesupport_fastrtps_cpp.so" to ""
-- Installing: /husarion_ws/install/husarion_ugv_msgs/lib/libhusarion_ugv_msgs__rosidl_typesupport_introspection_c.so
-- Set non-toolchain portion of runtime path of "/husarion_ws/install/husarion_ugv_msgs/lib/libhusarion_ugv_msgs__rosidl_typesupport_introspection_c.so" to ""
-- Installing: /husarion_ws/install/husarion_ugv_msgs/lib/libhusarion_ugv_msgs__rosidl_typesupport_c.so
-- Set non-toolchain portion of runtime path of "/husarion_ws/install/husarion_ugv_msgs/lib/libhusarion_ugv_msgs__rosidl_typesupport_c.so" to ""
-- Installing: /husarion_ws/install/husarion_ugv_msgs/lib/libhusarion_ugv_msgs__rosidl_typesupport_introspection_cpp.so
-- Set non-toolchain portion of runtime path of "/husarion_ws/install/husarion_ugv_msgs/lib/libhusarion_ugv_msgs__rosidl_typesupport_introspection_cpp.so" to ""
-- Installing: /husarion_ws/install/husarion_ugv_msgs/lib/libhusarion_ugv_msgs__rosidl_typesupport_cpp.so
-- Set non-toolchain portion of runtime path of "/husarion_ws/install/husarion_ugv_msgs/lib/libhusarion_ugv_msgs__rosidl_typesupport_cpp.so" to ""
Listing '/husarion_ws/install/husarion_ugv_msgs/lib/python3.12/site-packages/husarion_ugv_msgs'...
Compiling '/husarion_ws/install/husarion_ugv_msgs/lib/python3.12/site-packages/husarion_ugv_msgs/__init__.py'...
Listing '/husarion_ws/install/husarion_ugv_msgs/lib/python3.12/site-packages/husarion_ugv_msgs/msg'...
Compiling '/husarion_ws/install/husarion_ugv_msgs/lib/python3.12/site-packages/husarion_ugv_msgs/msg/__init__.py'...
Compiling '/husarion_ws/install/husarion_ugv_msgs/lib/python3.12/site-packages/husarion_ugv_msgs/msg/_charging_status.py'...
Compiling '/husarion_ws/install/husarion_ugv_msgs/lib/python3.12/site-packages/husarion_ugv_msgs/msg/_driver_state.py'...
Compiling '/husarion_ws/install/husarion_ugv_msgs/lib/python3.12/site-packages/husarion_ugv_msgs/msg/_driver_state_named.py'...
Compiling '/husarion_ws/install/husarion_ugv_msgs/lib/python3.12/site-packages/husarion_ugv_msgs/msg/_fault_flag.py'...
Compiling '/husarion_ws/install/husarion_ugv_msgs/lib/python3.12/site-packages/husarion_ugv_msgs/msg/_io_state.py'...
Compiling '/husarion_ws/install/husarion_ugv_msgs/lib/python3.12/site-packages/husarion_ugv_msgs/msg/_led_animation.py'...
Compiling '/husarion_ws/install/husarion_ugv_msgs/lib/python3.12/site-packages/husarion_ugv_msgs/msg/_led_animation_queue.py'...
Compiling '/husarion_ws/install/husarion_ugv_msgs/lib/python3.12/site-packages/husarion_ugv_msgs/msg/_led_image_animation.py'...
Compiling '/husarion_ws/install/husarion_ugv_msgs/lib/python3.12/site-packages/husarion_ugv_msgs/msg/_robot_driver_state.py'...
Compiling '/husarion_ws/install/husarion_ugv_msgs/lib/python3.12/site-packages/husarion_ugv_msgs/msg/_runtime_error.py'...
Compiling '/husarion_ws/install/husarion_ugv_msgs/lib/python3.12/site-packages/husarion_ugv_msgs/msg/_script_flag.py'...
Compiling '/husarion_ws/install/husarion_ugv_msgs/lib/python3.12/site-packages/husarion_ugv_msgs/msg/_system_status.py'...
Listing '/husarion_ws/install/husarion_ugv_msgs/lib/python3.12/site-packages/husarion_ugv_msgs/srv'...
Compiling '/husarion_ws/install/husarion_ugv_msgs/lib/python3.12/site-packages/husarion_ugv_msgs/srv/__init__.py'...
Compiling '/husarion_ws/install/husarion_ugv_msgs/lib/python3.12/site-packages/husarion_ugv_msgs/srv/_set_led_animation.py'...
Compiling '/husarion_ws/install/husarion_ugv_msgs/lib/python3.12/site-packages/husarion_ugv_msgs/srv/_set_led_brightness.py'...
Compiling '/husarion_ws/install/husarion_ugv_msgs/lib/python3.12/site-packages/husarion_ugv_msgs/srv/_set_led_image_animation.py'...
-- Installing: /husarion_ws/install/husarion_ugv_msgs/lib/libhusarion_ugv_msgs__rosidl_generator_py.so
-- Set non-toolchain portion of runtime path of "/husarion_ws/install/husarion_ugv_msgs/lib/libhusarion_ugv_msgs__rosidl_generator_py.so" to ""
-- Installing: /husarion_ws/install/husarion_ugv_msgs/share/husarion_ugv_msgs/cmake/export_husarion_ugv_msgs__rosidl_generator_cExport.cmake
-- Installing: /husarion_ws/install/husarion_ugv_msgs/share/husarion_ugv_msgs/cmake/export_husarion_ugv_msgs__rosidl_generator_cExport-release.cmake
-- Installing: /husarion_ws/install/husarion_ugv_msgs/share/husarion_ugv_msgs/cmake/export_husarion_ugv_msgs__rosidl_typesupport_fastrtps_cExport.cmake
-- Installing: /husarion_ws/install/husarion_ugv_msgs/share/husarion_ugv_msgs/cmake/export_husarion_ugv_msgs__rosidl_typesupport_fastrtps_cExport-release.cmake
-- Installing: /husarion_ws/install/husarion_ugv_msgs/share/husarion_ugv_msgs/cmake/export_husarion_ugv_msgs__rosidl_generator_cppExport.cmake
-- Installing: /husarion_ws/install/husarion_ugv_msgs/share/husarion_ugv_msgs/cmake/export_husarion_ugv_msgs__rosidl_typesupport_fastrtps_cppExport.cmake
-- Installing: /husarion_ws/install/husarion_ugv_msgs/share/husarion_ugv_msgs/cmake/export_husarion_ugv_msgs__rosidl_typesupport_fastrtps_cppExport-release.cmake
-- Installing: /husarion_ws/install/husarion_ugv_msgs/share/husarion_ugv_msgs/cmake/husarion_ugv_msgs__rosidl_typesupport_introspection_cExport.cmake
-- Installing: /husarion_ws/install/husarion_ugv_msgs/share/husarion_ugv_msgs/cmake/husarion_ugv_msgs__rosidl_typesupport_introspection_cExport-release.cmake
-- Installing: /husarion_ws/install/husarion_ugv_msgs/share/husarion_ugv_msgs/cmake/husarion_ugv_msgs__rosidl_typesupport_cExport.cmake
-- Installing: /husarion_ws/install/husarion_ugv_msgs/share/husarion_ugv_msgs/cmake/husarion_ugv_msgs__rosidl_typesupport_cExport-release.cmake
-- Installing: /husarion_ws/install/husarion_ugv_msgs/share/husarion_ugv_msgs/cmake/husarion_ugv_msgs__rosidl_typesupport_introspection_cppExport.cmake
-- Installing: /husarion_ws/install/husarion_ugv_msgs/share/husarion_ugv_msgs/cmake/husarion_ugv_msgs__rosidl_typesupport_introspection_cppExport-release.cmake
-- Installing: /husarion_ws/install/husarion_ugv_msgs/share/husarion_ugv_msgs/cmake/husarion_ugv_msgs__rosidl_typesupport_cppExport.cmake
-- Installing: /husarion_ws/install/husarion_ugv_msgs/share/husarion_ugv_msgs/cmake/husarion_ugv_msgs__rosidl_typesupport_cppExport-release.cmake
-- Installing: /husarion_ws/install/husarion_ugv_msgs/share/husarion_ugv_msgs/cmake/export_husarion_ugv_msgs__rosidl_generator_pyExport.cmake
-- Installing: /husarion_ws/install/husarion_ugv_msgs/share/husarion_ugv_msgs/cmake/export_husarion_ugv_msgs__rosidl_generator_pyExport-release.cmake
