[0.020s] Invoking command in '/husarion_ws/build/husarion_ugv_msgs': CMAKE_PREFIX_PATH=${CMAKE_PREFIX_PATH}:/opt/ros/jazzy /usr/bin/cmake /husarion_ws/src/husarion_ugv_ros/husarion_ugv_msgs -DCMAKE_BUILD_TYPE=Release -DBUILD_TESTING=OFF -DAMENT_CMAKE_SYMLINK_INSTALL=1 -DCMAKE_INSTALL_PREFIX=/husarion_ws/install/husarion_ugv_msgs
[0.201s] -- The C compiler identification is GNU 13.3.0
[0.363s] -- The CXX compiler identification is GNU 13.3.0
[0.385s] -- Detecting C compiler ABI info
[0.496s] -- Detecting C compiler ABI info - done
[0.505s] -- Check for working C compiler: /usr/bin/cc - skipped
[0.505s] -- Detecting C compile features
[0.505s] -- Detecting C compile features - done
[0.514s] -- Detecting CXX compiler ABI info
[0.630s] -- Detecting CXX compiler ABI info - done
[0.637s] -- Check for working CXX compiler: /usr/bin/c++ - skipped
[0.638s] -- Detecting CXX compile features
[0.638s] -- Detecting CXX compile features - done
[0.645s] -- Found ament_cmake: 2.5.4 (/opt/ros/jazzy/share/ament_cmake/cmake)
[0.818s] -- Found Python3: /usr/bin/python3 (found version "3.12.3") found components: Interpreter 
[0.908s] -- Override CMake install command with custom implementation using symlinks instead of copying resources
[0.989s] -- Found builtin_interfaces: 2.0.2 (/opt/ros/jazzy/share/builtin_interfaces/cmake)
[1.051s] -- Found rosidl_generator_c: 4.6.5 (/opt/ros/jazzy/share/rosidl_generator_c/cmake)
[1.073s] -- Found rosidl_generator_cpp: 4.6.5 (/opt/ros/jazzy/share/rosidl_generator_cpp/cmake)
[1.107s] -- Using all available rosidl_typesupport_c: rosidl_typesupport_fastrtps_c;rosidl_typesupport_introspection_c
[1.140s] -- Using all available rosidl_typesupport_cpp: rosidl_typesupport_fastrtps_cpp;rosidl_typesupport_introspection_cpp
[1.159s] -- Found rosidl_default_generators: 1.6.0 (/opt/ros/jazzy/share/rosidl_default_generators/cmake)
[1.184s] -- Found rosidl_adapter: 4.6.5 (/opt/ros/jazzy/share/rosidl_adapter/cmake)
[1.187s] -- Found std_msgs: 5.3.6 (/opt/ros/jazzy/share/std_msgs/cmake)
[1.887s] -- Found ament_cmake_ros: 0.12.0 (/opt/ros/jazzy/share/ament_cmake_ros/cmake)
[2.652s] -- Using all available rosidl_typesupport_c: rosidl_typesupport_fastrtps_c;rosidl_typesupport_introspection_c
[2.961s] -- Using all available rosidl_typesupport_cpp: rosidl_typesupport_fastrtps_cpp;rosidl_typesupport_introspection_cpp
[2.966s] -- Found python_cmake_module: 0.11.1 (/opt/ros/jazzy/share/python_cmake_module/cmake)
[3.099s] -- Found PythonExtra: /usr/bin/python3  
[3.532s] -- Found Python3: /usr/bin/python3 (found version "3.12.3") found components: Interpreter Development NumPy Development.Module Development.Embed 
[3.614s] -- Configuring done (3.6s)
[3.695s] -- Generating done (0.1s)
[3.712s] -- Build files have been written to: /husarion_ws/build/husarion_ugv_msgs
[3.726s] Invoked command in '/husarion_ws/build/husarion_ugv_msgs' returned '0': CMAKE_PREFIX_PATH=${CMAKE_PREFIX_PATH}:/opt/ros/jazzy /usr/bin/cmake /husarion_ws/src/husarion_ugv_ros/husarion_ugv_msgs -DCMAKE_BUILD_TYPE=Release -DBUILD_TESTING=OFF -DAMENT_CMAKE_SYMLINK_INSTALL=1 -DCMAKE_INSTALL_PREFIX=/husarion_ws/install/husarion_ugv_msgs
[3.727s] Invoking command in '/husarion_ws/build/husarion_ugv_msgs': CMAKE_PREFIX_PATH=${CMAKE_PREFIX_PATH}:/opt/ros/jazzy /usr/bin/cmake --build /husarion_ws/build/husarion_ugv_msgs -- -j6 -l6
[3.788s] [  0%] Generating type hashes for ROS interfaces
[3.795s] [  0%] Built target ament_cmake_python_symlink_husarion_ugv_msgs
[3.998s] running egg_info
[3.998s] creating husarion_ugv_msgs.egg-info
[4.015s] writing husarion_ugv_msgs.egg-info/PKG-INFO
[4.015s] writing dependency_links to husarion_ugv_msgs.egg-info/dependency_links.txt
[4.015s] writing top-level names to husarion_ugv_msgs.egg-info/top_level.txt
[4.015s] writing manifest file 'husarion_ugv_msgs.egg-info/SOURCES.txt'
[4.065s] reading manifest file 'husarion_ugv_msgs.egg-info/SOURCES.txt'
[4.066s] writing manifest file 'husarion_ugv_msgs.egg-info/SOURCES.txt'
[4.125s] [  0%] Built target ament_cmake_python_build_husarion_ugv_msgs_egg
[4.316s] [  0%] Built target husarion_ugv_msgs__rosidl_generator_type_description
[4.332s] [  0%] Generating C code for ROS interfaces
[4.341s] [  0%] Generating C++ code for ROS interfaces
[5.637s] [  0%] Built target husarion_ugv_msgs__cpp
[6.041s] [  1%] Building C object CMakeFiles/husarion_ugv_msgs__rosidl_generator_c.dir/rosidl_generator_c/husarion_ugv_msgs/msg/detail/charging_status__description.c.o
[6.041s] [  2%] Building C object CMakeFiles/husarion_ugv_msgs__rosidl_generator_c.dir/rosidl_generator_c/husarion_ugv_msgs/msg/detail/charging_status__type_support.c.o
[6.041s] [  2%] Building C object CMakeFiles/husarion_ugv_msgs__rosidl_generator_c.dir/rosidl_generator_c/husarion_ugv_msgs/msg/detail/charging_status__functions.c.o
[6.044s] [  2%] Building C object CMakeFiles/husarion_ugv_msgs__rosidl_generator_c.dir/rosidl_generator_c/husarion_ugv_msgs/msg/detail/driver_state__functions.c.o
[6.045s] [  3%] Building C object CMakeFiles/husarion_ugv_msgs__rosidl_generator_c.dir/rosidl_generator_c/husarion_ugv_msgs/msg/detail/driver_state__description.c.o
[6.050s] [  4%] Building C object CMakeFiles/husarion_ugv_msgs__rosidl_generator_c.dir/rosidl_generator_c/husarion_ugv_msgs/msg/detail/driver_state__type_support.c.o
[6.106s] [  4%] Building C object CMakeFiles/husarion_ugv_msgs__rosidl_generator_c.dir/rosidl_generator_c/husarion_ugv_msgs/msg/detail/driver_state_named__description.c.o
[6.123s] [  5%] Building C object CMakeFiles/husarion_ugv_msgs__rosidl_generator_c.dir/rosidl_generator_c/husarion_ugv_msgs/msg/detail/driver_state_named__functions.c.o
[6.137s] [  5%] Building C object CMakeFiles/husarion_ugv_msgs__rosidl_generator_c.dir/rosidl_generator_c/husarion_ugv_msgs/msg/detail/driver_state_named__type_support.c.o
[6.177s] [  6%] Building C object CMakeFiles/husarion_ugv_msgs__rosidl_generator_c.dir/rosidl_generator_c/husarion_ugv_msgs/msg/detail/fault_flag__description.c.o
[6.237s] [  7%] Building C object CMakeFiles/husarion_ugv_msgs__rosidl_generator_c.dir/rosidl_generator_c/husarion_ugv_msgs/msg/detail/fault_flag__functions.c.o
[6.240s] [  7%] Building C object CMakeFiles/husarion_ugv_msgs__rosidl_generator_c.dir/rosidl_generator_c/husarion_ugv_msgs/msg/detail/fault_flag__type_support.c.o
[6.263s] [  8%] Building C object CMakeFiles/husarion_ugv_msgs__rosidl_generator_c.dir/rosidl_generator_c/husarion_ugv_msgs/msg/detail/io_state__description.c.o
[6.280s] [  8%] Building C object CMakeFiles/husarion_ugv_msgs__rosidl_generator_c.dir/rosidl_generator_c/husarion_ugv_msgs/msg/detail/io_state__functions.c.o
[6.285s] [  9%] Building C object CMakeFiles/husarion_ugv_msgs__rosidl_generator_c.dir/rosidl_generator_c/husarion_ugv_msgs/msg/detail/io_state__type_support.c.o
[6.313s] [  9%] Building C object CMakeFiles/husarion_ugv_msgs__rosidl_generator_c.dir/rosidl_generator_c/husarion_ugv_msgs/msg/detail/led_animation__description.c.o
[6.343s] [ 10%] Building C object CMakeFiles/husarion_ugv_msgs__rosidl_generator_c.dir/rosidl_generator_c/husarion_ugv_msgs/msg/detail/led_animation__functions.c.o
[6.356s] [ 11%] Building C object CMakeFiles/husarion_ugv_msgs__rosidl_generator_c.dir/rosidl_generator_c/husarion_ugv_msgs/msg/detail/led_animation__type_support.c.o
[6.361s] [ 11%] Building C object CMakeFiles/husarion_ugv_msgs__rosidl_generator_c.dir/rosidl_generator_c/husarion_ugv_msgs/msg/detail/led_animation_queue__description.c.o
[6.407s] [ 12%] Building C object CMakeFiles/husarion_ugv_msgs__rosidl_generator_c.dir/rosidl_generator_c/husarion_ugv_msgs/msg/detail/led_animation_queue__functions.c.o
[6.429s] [ 12%] Building C object CMakeFiles/husarion_ugv_msgs__rosidl_generator_c.dir/rosidl_generator_c/husarion_ugv_msgs/msg/detail/led_animation_queue__type_support.c.o
[6.442s] [ 13%] Building C object CMakeFiles/husarion_ugv_msgs__rosidl_generator_c.dir/rosidl_generator_c/husarion_ugv_msgs/msg/detail/led_image_animation__description.c.o
[6.445s] [ 13%] Building C object CMakeFiles/husarion_ugv_msgs__rosidl_generator_c.dir/rosidl_generator_c/husarion_ugv_msgs/msg/detail/led_image_animation__functions.c.o
[6.485s] [ 14%] Building C object CMakeFiles/husarion_ugv_msgs__rosidl_generator_c.dir/rosidl_generator_c/husarion_ugv_msgs/msg/detail/led_image_animation__type_support.c.o
[6.489s] [ 15%] Building C object CMakeFiles/husarion_ugv_msgs__rosidl_generator_c.dir/rosidl_generator_c/husarion_ugv_msgs/msg/detail/robot_driver_state__description.c.o
[6.521s] [ 15%] Building C object CMakeFiles/husarion_ugv_msgs__rosidl_generator_c.dir/rosidl_generator_c/husarion_ugv_msgs/msg/detail/robot_driver_state__functions.c.o
[6.533s] [ 16%] Building C object CMakeFiles/husarion_ugv_msgs__rosidl_generator_c.dir/rosidl_generator_c/husarion_ugv_msgs/msg/detail/robot_driver_state__type_support.c.o
[6.574s] [ 16%] Building C object CMakeFiles/husarion_ugv_msgs__rosidl_generator_c.dir/rosidl_generator_c/husarion_ugv_msgs/msg/detail/runtime_error__description.c.o
[6.597s] [ 16%] Building C object CMakeFiles/husarion_ugv_msgs__rosidl_generator_c.dir/rosidl_generator_c/husarion_ugv_msgs/msg/detail/runtime_error__type_support.c.o
[6.600s] [ 17%] Building C object CMakeFiles/husarion_ugv_msgs__rosidl_generator_c.dir/rosidl_generator_c/husarion_ugv_msgs/msg/detail/runtime_error__functions.c.o
[6.624s] [ 18%] Building C object CMakeFiles/husarion_ugv_msgs__rosidl_generator_c.dir/rosidl_generator_c/husarion_ugv_msgs/msg/detail/script_flag__description.c.o
[6.637s] [ 19%] Building C object CMakeFiles/husarion_ugv_msgs__rosidl_generator_c.dir/rosidl_generator_c/husarion_ugv_msgs/msg/detail/script_flag__functions.c.o
[6.660s] [ 19%] Building C object CMakeFiles/husarion_ugv_msgs__rosidl_generator_c.dir/rosidl_generator_c/husarion_ugv_msgs/msg/detail/script_flag__type_support.c.o
[6.696s] [ 20%] Building C object CMakeFiles/husarion_ugv_msgs__rosidl_generator_c.dir/rosidl_generator_c/husarion_ugv_msgs/msg/detail/system_status__description.c.o
[6.715s] [ 20%] Building C object CMakeFiles/husarion_ugv_msgs__rosidl_generator_c.dir/rosidl_generator_c/husarion_ugv_msgs/msg/detail/system_status__functions.c.o
[6.723s] [ 21%] Building C object CMakeFiles/husarion_ugv_msgs__rosidl_generator_c.dir/rosidl_generator_c/husarion_ugv_msgs/msg/detail/system_status__type_support.c.o
[6.741s] [ 21%] Building C object CMakeFiles/husarion_ugv_msgs__rosidl_generator_c.dir/rosidl_generator_c/husarion_ugv_msgs/srv/detail/set_led_animation__description.c.o
[6.777s] [ 22%] Building C object CMakeFiles/husarion_ugv_msgs__rosidl_generator_c.dir/rosidl_generator_c/husarion_ugv_msgs/srv/detail/set_led_animation__functions.c.o
[6.806s] [ 22%] Building C object CMakeFiles/husarion_ugv_msgs__rosidl_generator_c.dir/rosidl_generator_c/husarion_ugv_msgs/srv/detail/set_led_brightness__description.c.o
[6.806s] [ 23%] Building C object CMakeFiles/husarion_ugv_msgs__rosidl_generator_c.dir/rosidl_generator_c/husarion_ugv_msgs/srv/detail/set_led_animation__type_support.c.o
[6.813s] [ 24%] Building C object CMakeFiles/husarion_ugv_msgs__rosidl_generator_c.dir/rosidl_generator_c/husarion_ugv_msgs/srv/detail/set_led_brightness__functions.c.o
[6.863s] [ 24%] Building C object CMakeFiles/husarion_ugv_msgs__rosidl_generator_c.dir/rosidl_generator_c/husarion_ugv_msgs/srv/detail/set_led_brightness__type_support.c.o
[6.904s] [ 25%] Building C object CMakeFiles/husarion_ugv_msgs__rosidl_generator_c.dir/rosidl_generator_c/husarion_ugv_msgs/srv/detail/set_led_image_animation__description.c.o
[6.918s] [ 26%] Building C object CMakeFiles/husarion_ugv_msgs__rosidl_generator_c.dir/rosidl_generator_c/husarion_ugv_msgs/srv/detail/set_led_image_animation__functions.c.o
[6.944s] [ 26%] Building C object CMakeFiles/husarion_ugv_msgs__rosidl_generator_c.dir/rosidl_generator_c/husarion_ugv_msgs/srv/detail/set_led_image_animation__type_support.c.o
[7.180s] [ 27%] Linking C shared library libhusarion_ugv_msgs__rosidl_generator_c.so
[7.273s] [ 27%] Built target husarion_ugv_msgs__rosidl_generator_c
[7.305s] [ 28%] Generating C type support for eProsima Fast-RTPS
[7.308s] [ 28%] Generating C++ type support for eProsima Fast-RTPS
[7.308s] [ 28%] Generating C introspection for ROS interfaces
[7.308s] [ 29%] Generating C type support dispatch for ROS interfaces
[7.308s] [ 30%] Generating C++ introspection for ROS interfaces
[7.317s] [ 31%] Generating C++ type support dispatch for ROS interfaces
[8.685s] [ 32%] Building CXX object CMakeFiles/husarion_ugv_msgs__rosidl_typesupport_c.dir/rosidl_typesupport_c/husarion_ugv_msgs/msg/charging_status__type_support.cpp.o
[8.789s] [ 32%] Building CXX object CMakeFiles/husarion_ugv_msgs__rosidl_typesupport_c.dir/rosidl_typesupport_c/husarion_ugv_msgs/msg/driver_state__type_support.cpp.o
[8.905s] [ 33%] Building CXX object CMakeFiles/husarion_ugv_msgs__rosidl_typesupport_c.dir/rosidl_typesupport_c/husarion_ugv_msgs/msg/driver_state_named__type_support.cpp.o
[9.033s] [ 33%] Building CXX object CMakeFiles/husarion_ugv_msgs__rosidl_typesupport_c.dir/rosidl_typesupport_c/husarion_ugv_msgs/msg/fault_flag__type_support.cpp.o
[9.054s] [ 33%] Building CXX object CMakeFiles/husarion_ugv_msgs__rosidl_typesupport_cpp.dir/rosidl_typesupport_cpp/husarion_ugv_msgs/msg/charging_status__type_support.cpp.o
[9.123s] [ 34%] Building CXX object CMakeFiles/husarion_ugv_msgs__rosidl_typesupport_c.dir/rosidl_typesupport_c/husarion_ugv_msgs/msg/io_state__type_support.cpp.o
[9.214s] [ 34%] Building CXX object CMakeFiles/husarion_ugv_msgs__rosidl_typesupport_c.dir/rosidl_typesupport_c/husarion_ugv_msgs/msg/led_animation__type_support.cpp.o
[9.305s] [ 35%] Building CXX object CMakeFiles/husarion_ugv_msgs__rosidl_typesupport_c.dir/rosidl_typesupport_c/husarion_ugv_msgs/msg/led_animation_queue__type_support.cpp.o
[9.407s] [ 36%] Building CXX object CMakeFiles/husarion_ugv_msgs__rosidl_typesupport_c.dir/rosidl_typesupport_c/husarion_ugv_msgs/msg/led_image_animation__type_support.cpp.o
[9.497s] [ 36%] Building CXX object CMakeFiles/husarion_ugv_msgs__rosidl_typesupport_c.dir/rosidl_typesupport_c/husarion_ugv_msgs/msg/robot_driver_state__type_support.cpp.o
[9.594s] [ 37%] Building CXX object CMakeFiles/husarion_ugv_msgs__rosidl_typesupport_c.dir/rosidl_typesupport_c/husarion_ugv_msgs/msg/runtime_error__type_support.cpp.o
[9.707s] [ 37%] Building CXX object CMakeFiles/husarion_ugv_msgs__rosidl_typesupport_c.dir/rosidl_typesupport_c/husarion_ugv_msgs/msg/script_flag__type_support.cpp.o
[9.781s] [ 38%] Building CXX object CMakeFiles/husarion_ugv_msgs__rosidl_typesupport_c.dir/rosidl_typesupport_c/husarion_ugv_msgs/msg/system_status__type_support.cpp.o
[9.795s] [ 38%] Building CXX object CMakeFiles/husarion_ugv_msgs__rosidl_typesupport_introspection_cpp.dir/rosidl_typesupport_introspection_cpp/husarion_ugv_msgs/msg/detail/charging_status__type_support.cpp.o
[9.862s] [ 38%] Building CXX object CMakeFiles/husarion_ugv_msgs__rosidl_typesupport_c.dir/rosidl_typesupport_c/husarion_ugv_msgs/srv/set_led_animation__type_support.cpp.o
[9.980s] [ 39%] Building CXX object CMakeFiles/husarion_ugv_msgs__rosidl_typesupport_c.dir/rosidl_typesupport_c/husarion_ugv_msgs/srv/set_led_brightness__type_support.cpp.o
[9.982s] [ 40%] Building CXX object CMakeFiles/husarion_ugv_msgs__rosidl_typesupport_cpp.dir/rosidl_typesupport_cpp/husarion_ugv_msgs/msg/driver_state__type_support.cpp.o
[10.033s] [ 41%] Building C object CMakeFiles/husarion_ugv_msgs__rosidl_typesupport_introspection_c.dir/rosidl_typesupport_introspection_c/husarion_ugv_msgs/msg/detail/charging_status__type_support.c.o
[10.060s] [ 42%] Building CXX object CMakeFiles/husarion_ugv_msgs__rosidl_typesupport_fastrtps_cpp.dir/rosidl_typesupport_fastrtps_cpp/husarion_ugv_msgs/msg/detail/dds_fastrtps/charging_status__type_support.cpp.o
[10.098s] [ 43%] Building CXX object CMakeFiles/husarion_ugv_msgs__rosidl_typesupport_c.dir/rosidl_typesupport_c/husarion_ugv_msgs/srv/set_led_image_animation__type_support.cpp.o
[10.136s] [ 43%] Building C object CMakeFiles/husarion_ugv_msgs__rosidl_typesupport_introspection_c.dir/rosidl_typesupport_introspection_c/husarion_ugv_msgs/msg/detail/driver_state__type_support.c.o
[10.212s] [ 43%] Linking CXX shared library libhusarion_ugv_msgs__rosidl_typesupport_c.so
[10.228s] [ 44%] Building C object CMakeFiles/husarion_ugv_msgs__rosidl_typesupport_introspection_c.dir/rosidl_typesupport_introspection_c/husarion_ugv_msgs/msg/detail/driver_state_named__type_support.c.o
[10.304s] [ 44%] Built target husarion_ugv_msgs__rosidl_typesupport_c
[10.310s] [ 45%] Building CXX object CMakeFiles/husarion_ugv_msgs__rosidl_typesupport_introspection_cpp.dir/rosidl_typesupport_introspection_cpp/husarion_ugv_msgs/msg/detail/driver_state__type_support.cpp.o
[10.315s] [ 45%] Building C object CMakeFiles/husarion_ugv_msgs__rosidl_typesupport_introspection_c.dir/rosidl_typesupport_introspection_c/husarion_ugv_msgs/msg/detail/fault_flag__type_support.c.o
[10.324s] [ 46%] Building CXX object CMakeFiles/husarion_ugv_msgs__rosidl_typesupport_cpp.dir/rosidl_typesupport_cpp/husarion_ugv_msgs/msg/driver_state_named__type_support.cpp.o
[10.403s] [ 47%] Building C object CMakeFiles/husarion_ugv_msgs__rosidl_typesupport_introspection_c.dir/rosidl_typesupport_introspection_c/husarion_ugv_msgs/msg/detail/io_state__type_support.c.o
[10.474s] [ 47%] Building CXX object CMakeFiles/husarion_ugv_msgs__rosidl_typesupport_cpp.dir/rosidl_typesupport_cpp/husarion_ugv_msgs/msg/fault_flag__type_support.cpp.o
[10.498s] [ 48%] Building C object CMakeFiles/husarion_ugv_msgs__rosidl_typesupport_introspection_c.dir/rosidl_typesupport_introspection_c/husarion_ugv_msgs/msg/detail/led_animation__type_support.c.o
[10.583s] [ 48%] Building C object CMakeFiles/husarion_ugv_msgs__rosidl_typesupport_introspection_c.dir/rosidl_typesupport_introspection_c/husarion_ugv_msgs/msg/detail/led_animation_queue__type_support.c.o
[10.653s] [ 48%] Building CXX object CMakeFiles/husarion_ugv_msgs__rosidl_typesupport_fastrtps_c.dir/rosidl_typesupport_fastrtps_c/husarion_ugv_msgs/msg/detail/charging_status__type_support_c.cpp.o
[10.690s] [ 49%] Building C object CMakeFiles/husarion_ugv_msgs__rosidl_typesupport_introspection_c.dir/rosidl_typesupport_introspection_c/husarion_ugv_msgs/msg/detail/led_image_animation__type_support.c.o
[10.740s] [ 50%] Building CXX object CMakeFiles/husarion_ugv_msgs__rosidl_typesupport_cpp.dir/rosidl_typesupport_cpp/husarion_ugv_msgs/msg/io_state__type_support.cpp.o
[10.776s] [ 50%] Building C object CMakeFiles/husarion_ugv_msgs__rosidl_typesupport_introspection_c.dir/rosidl_typesupport_introspection_c/husarion_ugv_msgs/msg/detail/robot_driver_state__type_support.c.o
[10.822s] [ 51%] Building CXX object CMakeFiles/husarion_ugv_msgs__rosidl_typesupport_introspection_cpp.dir/rosidl_typesupport_introspection_cpp/husarion_ugv_msgs/msg/detail/driver_state_named__type_support.cpp.o
[10.886s] [ 52%] Building C object CMakeFiles/husarion_ugv_msgs__rosidl_typesupport_introspection_c.dir/rosidl_typesupport_introspection_c/husarion_ugv_msgs/msg/detail/runtime_error__type_support.c.o
[10.901s] [ 52%] Building CXX object CMakeFiles/husarion_ugv_msgs__rosidl_typesupport_fastrtps_cpp.dir/rosidl_typesupport_fastrtps_cpp/husarion_ugv_msgs/msg/detail/dds_fastrtps/driver_state__type_support.cpp.o
[10.974s] [ 52%] Building C object CMakeFiles/husarion_ugv_msgs__rosidl_typesupport_introspection_c.dir/rosidl_typesupport_introspection_c/husarion_ugv_msgs/msg/detail/script_flag__type_support.c.o
[11.004s] [ 52%] Building CXX object CMakeFiles/husarion_ugv_msgs__rosidl_typesupport_cpp.dir/rosidl_typesupport_cpp/husarion_ugv_msgs/msg/led_animation__type_support.cpp.o
[11.047s] [ 53%] Building C object CMakeFiles/husarion_ugv_msgs__rosidl_typesupport_introspection_c.dir/rosidl_typesupport_introspection_c/husarion_ugv_msgs/msg/detail/system_status__type_support.c.o
[11.154s] [ 54%] Building C object CMakeFiles/husarion_ugv_msgs__rosidl_typesupport_introspection_c.dir/rosidl_typesupport_introspection_c/husarion_ugv_msgs/srv/detail/set_led_animation__type_support.c.o
[11.173s] [ 55%] Building CXX object CMakeFiles/husarion_ugv_msgs__rosidl_typesupport_fastrtps_c.dir/rosidl_typesupport_fastrtps_c/husarion_ugv_msgs/msg/detail/driver_state__type_support_c.cpp.o
[11.296s] [ 55%] Building C object CMakeFiles/husarion_ugv_msgs__rosidl_typesupport_introspection_c.dir/rosidl_typesupport_introspection_c/husarion_ugv_msgs/srv/detail/set_led_brightness__type_support.c.o
[11.310s] [ 55%] Building CXX object CMakeFiles/husarion_ugv_msgs__rosidl_typesupport_introspection_cpp.dir/rosidl_typesupport_introspection_cpp/husarion_ugv_msgs/msg/detail/fault_flag__type_support.cpp.o
[11.384s] [ 56%] Building CXX object CMakeFiles/husarion_ugv_msgs__rosidl_typesupport_fastrtps_cpp.dir/rosidl_typesupport_fastrtps_cpp/husarion_ugv_msgs/msg/detail/dds_fastrtps/driver_state_named__type_support.cpp.o
[11.441s] [ 57%] Building C object CMakeFiles/husarion_ugv_msgs__rosidl_typesupport_introspection_c.dir/rosidl_typesupport_introspection_c/husarion_ugv_msgs/srv/detail/set_led_image_animation__type_support.c.o
[11.593s] [ 58%] Building CXX object CMakeFiles/husarion_ugv_msgs__rosidl_typesupport_cpp.dir/rosidl_typesupport_cpp/husarion_ugv_msgs/msg/led_animation_queue__type_support.cpp.o
[11.597s] [ 58%] Linking C shared library libhusarion_ugv_msgs__rosidl_typesupport_introspection_c.so
[11.668s] [ 58%] Built target husarion_ugv_msgs__rosidl_typesupport_introspection_c
[11.689s] [ 58%] Building CXX object CMakeFiles/husarion_ugv_msgs__rosidl_typesupport_cpp.dir/rosidl_typesupport_cpp/husarion_ugv_msgs/msg/led_image_animation__type_support.cpp.o
[11.717s] [ 59%] Building CXX object CMakeFiles/husarion_ugv_msgs__rosidl_typesupport_fastrtps_cpp.dir/rosidl_typesupport_fastrtps_cpp/husarion_ugv_msgs/msg/detail/dds_fastrtps/fault_flag__type_support.cpp.o
[11.746s] [ 60%] Building CXX object CMakeFiles/husarion_ugv_msgs__rosidl_typesupport_introspection_cpp.dir/rosidl_typesupport_introspection_cpp/husarion_ugv_msgs/msg/detail/io_state__type_support.cpp.o
[11.803s] [ 60%] Building CXX object CMakeFiles/husarion_ugv_msgs__rosidl_typesupport_fastrtps_c.dir/rosidl_typesupport_fastrtps_c/husarion_ugv_msgs/msg/detail/driver_state_named__type_support_c.cpp.o
[12.018s] [ 61%] Building CXX object CMakeFiles/husarion_ugv_msgs__rosidl_typesupport_fastrtps_c.dir/rosidl_typesupport_fastrtps_c/husarion_ugv_msgs/msg/detail/fault_flag__type_support_c.cpp.o
[12.023s] [ 61%] Building CXX object CMakeFiles/husarion_ugv_msgs__rosidl_typesupport_fastrtps_cpp.dir/rosidl_typesupport_fastrtps_cpp/husarion_ugv_msgs/msg/detail/dds_fastrtps/io_state__type_support.cpp.o
[12.057s] [ 62%] Building CXX object CMakeFiles/husarion_ugv_msgs__rosidl_typesupport_cpp.dir/rosidl_typesupport_cpp/husarion_ugv_msgs/msg/robot_driver_state__type_support.cpp.o
[12.188s] [ 62%] Building CXX object CMakeFiles/husarion_ugv_msgs__rosidl_typesupport_introspection_cpp.dir/rosidl_typesupport_introspection_cpp/husarion_ugv_msgs/msg/detail/led_animation__type_support.cpp.o
[12.358s] [ 63%] Building CXX object CMakeFiles/husarion_ugv_msgs__rosidl_typesupport_fastrtps_cpp.dir/rosidl_typesupport_fastrtps_cpp/husarion_ugv_msgs/msg/detail/dds_fastrtps/led_animation__type_support.cpp.o
[12.367s] [ 63%] Building CXX object CMakeFiles/husarion_ugv_msgs__rosidl_typesupport_fastrtps_c.dir/rosidl_typesupport_fastrtps_c/husarion_ugv_msgs/msg/detail/io_state__type_support_c.cpp.o
[12.410s] [ 64%] Building CXX object CMakeFiles/husarion_ugv_msgs__rosidl_typesupport_cpp.dir/rosidl_typesupport_cpp/husarion_ugv_msgs/msg/runtime_error__type_support.cpp.o
[12.610s] [ 65%] Building CXX object CMakeFiles/husarion_ugv_msgs__rosidl_typesupport_introspection_cpp.dir/rosidl_typesupport_introspection_cpp/husarion_ugv_msgs/msg/detail/led_animation_queue__type_support.cpp.o
[12.741s] [ 66%] Building CXX object CMakeFiles/husarion_ugv_msgs__rosidl_typesupport_fastrtps_c.dir/rosidl_typesupport_fastrtps_c/husarion_ugv_msgs/msg/detail/led_animation__type_support_c.cpp.o
[12.793s] [ 66%] Building CXX object CMakeFiles/husarion_ugv_msgs__rosidl_typesupport_fastrtps_cpp.dir/rosidl_typesupport_fastrtps_cpp/husarion_ugv_msgs/msg/detail/dds_fastrtps/led_animation_queue__type_support.cpp.o
[12.902s] [ 66%] Building CXX object CMakeFiles/husarion_ugv_msgs__rosidl_typesupport_cpp.dir/rosidl_typesupport_cpp/husarion_ugv_msgs/msg/script_flag__type_support.cpp.o
[13.051s] [ 67%] Building CXX object CMakeFiles/husarion_ugv_msgs__rosidl_typesupport_fastrtps_cpp.dir/rosidl_typesupport_fastrtps_cpp/husarion_ugv_msgs/msg/detail/dds_fastrtps/led_image_animation__type_support.cpp.o
[13.126s] [ 67%] Building CXX object CMakeFiles/husarion_ugv_msgs__rosidl_typesupport_introspection_cpp.dir/rosidl_typesupport_introspection_cpp/husarion_ugv_msgs/msg/detail/led_image_animation__type_support.cpp.o
[13.144s] [ 68%] Building CXX object CMakeFiles/husarion_ugv_msgs__rosidl_typesupport_introspection_cpp.dir/rosidl_typesupport_introspection_cpp/husarion_ugv_msgs/msg/detail/robot_driver_state__type_support.cpp.o
[13.240s] [ 69%] Building CXX object CMakeFiles/husarion_ugv_msgs__rosidl_typesupport_cpp.dir/rosidl_typesupport_cpp/husarion_ugv_msgs/msg/system_status__type_support.cpp.o
[13.427s] [ 70%] Building CXX object CMakeFiles/husarion_ugv_msgs__rosidl_typesupport_fastrtps_c.dir/rosidl_typesupport_fastrtps_c/husarion_ugv_msgs/msg/detail/led_animation_queue__type_support_c.cpp.o
[13.515s] [ 71%] Building CXX object CMakeFiles/husarion_ugv_msgs__rosidl_typesupport_introspection_cpp.dir/rosidl_typesupport_introspection_cpp/husarion_ugv_msgs/msg/detail/runtime_error__type_support.cpp.o
[13.639s] [ 71%] Building CXX object CMakeFiles/husarion_ugv_msgs__rosidl_typesupport_introspection_cpp.dir/rosidl_typesupport_introspection_cpp/husarion_ugv_msgs/msg/detail/script_flag__type_support.cpp.o
[13.692s] [ 71%] Building CXX object CMakeFiles/husarion_ugv_msgs__rosidl_typesupport_cpp.dir/rosidl_typesupport_cpp/husarion_ugv_msgs/srv/set_led_animation__type_support.cpp.o
[13.701s] [ 71%] Building CXX object CMakeFiles/husarion_ugv_msgs__rosidl_typesupport_fastrtps_c.dir/rosidl_typesupport_fastrtps_c/husarion_ugv_msgs/msg/detail/led_image_animation__type_support_c.cpp.o
[13.741s] [ 71%] Building CXX object CMakeFiles/husarion_ugv_msgs__rosidl_typesupport_fastrtps_cpp.dir/rosidl_typesupport_fastrtps_cpp/husarion_ugv_msgs/msg/detail/dds_fastrtps/robot_driver_state__type_support.cpp.o
[13.992s] [ 72%] Building CXX object CMakeFiles/husarion_ugv_msgs__rosidl_typesupport_introspection_cpp.dir/rosidl_typesupport_introspection_cpp/husarion_ugv_msgs/msg/detail/system_status__type_support.cpp.o
[14.008s] [ 72%] Building CXX object CMakeFiles/husarion_ugv_msgs__rosidl_typesupport_introspection_cpp.dir/rosidl_typesupport_introspection_cpp/husarion_ugv_msgs/srv/detail/set_led_animation__type_support.cpp.o
[14.179s] [ 73%] Building CXX object CMakeFiles/husarion_ugv_msgs__rosidl_typesupport_fastrtps_c.dir/rosidl_typesupport_fastrtps_c/husarion_ugv_msgs/msg/detail/robot_driver_state__type_support_c.cpp.o
[14.484s] [ 74%] Building CXX object CMakeFiles/husarion_ugv_msgs__rosidl_typesupport_cpp.dir/rosidl_typesupport_cpp/husarion_ugv_msgs/srv/set_led_brightness__type_support.cpp.o
[14.489s] [ 74%] Building CXX object CMakeFiles/husarion_ugv_msgs__rosidl_typesupport_fastrtps_c.dir/rosidl_typesupport_fastrtps_c/husarion_ugv_msgs/msg/detail/runtime_error__type_support_c.cpp.o
[14.531s] [ 75%] Building CXX object CMakeFiles/husarion_ugv_msgs__rosidl_typesupport_fastrtps_cpp.dir/rosidl_typesupport_fastrtps_cpp/husarion_ugv_msgs/msg/detail/dds_fastrtps/runtime_error__type_support.cpp.o
[14.534s] [ 76%] Building CXX object CMakeFiles/husarion_ugv_msgs__rosidl_typesupport_introspection_cpp.dir/rosidl_typesupport_introspection_cpp/husarion_ugv_msgs/srv/detail/set_led_brightness__type_support.cpp.o
[15.021s] [ 76%] Building CXX object CMakeFiles/husarion_ugv_msgs__rosidl_typesupport_cpp.dir/rosidl_typesupport_cpp/husarion_ugv_msgs/srv/set_led_image_animation__type_support.cpp.o
[15.034s] [ 76%] Building CXX object CMakeFiles/husarion_ugv_msgs__rosidl_typesupport_introspection_cpp.dir/rosidl_typesupport_introspection_cpp/husarion_ugv_msgs/srv/detail/set_led_image_animation__type_support.cpp.o
[15.149s] [ 77%] Building CXX object CMakeFiles/husarion_ugv_msgs__rosidl_typesupport_fastrtps_c.dir/rosidl_typesupport_fastrtps_c/husarion_ugv_msgs/msg/detail/script_flag__type_support_c.cpp.o
[15.167s] [ 78%] Building CXX object CMakeFiles/husarion_ugv_msgs__rosidl_typesupport_fastrtps_cpp.dir/rosidl_typesupport_fastrtps_cpp/husarion_ugv_msgs/msg/detail/dds_fastrtps/script_flag__type_support.cpp.o
[15.218s] [ 78%] Building CXX object CMakeFiles/husarion_ugv_msgs__rosidl_typesupport_fastrtps_cpp.dir/rosidl_typesupport_fastrtps_cpp/husarion_ugv_msgs/msg/detail/dds_fastrtps/system_status__type_support.cpp.o
[15.353s] [ 78%] Building CXX object CMakeFiles/husarion_ugv_msgs__rosidl_typesupport_fastrtps_c.dir/rosidl_typesupport_fastrtps_c/husarion_ugv_msgs/msg/detail/system_status__type_support_c.cpp.o
[15.639s] [ 79%] Linking CXX shared library libhusarion_ugv_msgs__rosidl_typesupport_cpp.so
[15.815s] [ 79%] Built target husarion_ugv_msgs__rosidl_typesupport_cpp
[15.826s] [ 80%] Building CXX object CMakeFiles/husarion_ugv_msgs__rosidl_typesupport_fastrtps_c.dir/rosidl_typesupport_fastrtps_c/husarion_ugv_msgs/srv/detail/set_led_animation__type_support_c.cpp.o
[15.888s] [ 81%] Building CXX object CMakeFiles/husarion_ugv_msgs__rosidl_typesupport_fastrtps_cpp.dir/rosidl_typesupport_fastrtps_cpp/husarion_ugv_msgs/srv/detail/dds_fastrtps/set_led_animation__type_support.cpp.o
[15.932s] [ 82%] Building CXX object CMakeFiles/husarion_ugv_msgs__rosidl_typesupport_fastrtps_c.dir/rosidl_typesupport_fastrtps_c/husarion_ugv_msgs/srv/detail/set_led_brightness__type_support_c.cpp.o
[15.962s] [ 83%] Linking CXX shared library libhusarion_ugv_msgs__rosidl_typesupport_introspection_cpp.so
[16.000s] [ 83%] Building CXX object CMakeFiles/husarion_ugv_msgs__rosidl_typesupport_fastrtps_c.dir/rosidl_typesupport_fastrtps_c/husarion_ugv_msgs/srv/detail/set_led_image_animation__type_support_c.cpp.o
[16.057s] [ 83%] Building CXX object CMakeFiles/husarion_ugv_msgs__rosidl_typesupport_fastrtps_cpp.dir/rosidl_typesupport_fastrtps_cpp/husarion_ugv_msgs/srv/detail/dds_fastrtps/set_led_brightness__type_support.cpp.o
[16.090s] [ 83%] Built target husarion_ugv_msgs__rosidl_typesupport_introspection_cpp
[16.108s] [ 84%] Building CXX object CMakeFiles/husarion_ugv_msgs__rosidl_typesupport_fastrtps_cpp.dir/rosidl_typesupport_fastrtps_cpp/husarion_ugv_msgs/srv/detail/dds_fastrtps/set_led_image_animation__type_support.cpp.o
[16.817s] [ 85%] Linking CXX shared library libhusarion_ugv_msgs__rosidl_typesupport_fastrtps_c.so
[16.924s] [ 85%] Built target husarion_ugv_msgs__rosidl_typesupport_fastrtps_c
[17.122s] [ 86%] Linking CXX shared library libhusarion_ugv_msgs__rosidl_typesupport_fastrtps_cpp.so
[17.216s] [ 86%] Built target husarion_ugv_msgs__rosidl_typesupport_fastrtps_cpp
[17.263s] [ 86%] Built target husarion_ugv_msgs
[17.267s] [ 87%] Generating Python code for ROS interfaces
[18.960s] [ 87%] Built target husarion_ugv_msgs__py
[18.986s] [ 89%] Building C object CMakeFiles/husarion_ugv_msgs__rosidl_generator_py.dir/rosidl_generator_py/husarion_ugv_msgs/msg/_charging_status_s.c.o
[18.986s] [ 89%] Building C object CMakeFiles/husarion_ugv_msgs__rosidl_generator_py.dir/rosidl_generator_py/husarion_ugv_msgs/msg/_driver_state_named_s.c.o
[18.986s] [ 89%] Building C object CMakeFiles/husarion_ugv_msgs__rosidl_generator_py.dir/rosidl_generator_py/husarion_ugv_msgs/msg/_driver_state_s.c.o
[18.987s] [ 89%] Building C object CMakeFiles/husarion_ugv_msgs__rosidl_generator_py.dir/rosidl_generator_py/husarion_ugv_msgs/msg/_fault_flag_s.c.o
[18.989s] [ 90%] Building C object CMakeFiles/husarion_ugv_msgs__rosidl_generator_py.dir/rosidl_generator_py/husarion_ugv_msgs/msg/_io_state_s.c.o
[18.998s] [ 90%] Building C object CMakeFiles/husarion_ugv_msgs__rosidl_generator_py.dir/rosidl_generator_py/husarion_ugv_msgs/msg/_led_animation_s.c.o
[19.145s] [ 91%] Building C object CMakeFiles/husarion_ugv_msgs__rosidl_generator_py.dir/rosidl_generator_py/husarion_ugv_msgs/msg/_led_animation_queue_s.c.o
[19.155s] [ 91%] Building C object CMakeFiles/husarion_ugv_msgs__rosidl_generator_py.dir/rosidl_generator_py/husarion_ugv_msgs/msg/_led_image_animation_s.c.o
[19.166s] [ 92%] Building C object CMakeFiles/husarion_ugv_msgs__rosidl_generator_py.dir/rosidl_generator_py/husarion_ugv_msgs/msg/_robot_driver_state_s.c.o
[19.215s] [ 92%] Building C object CMakeFiles/husarion_ugv_msgs__rosidl_generator_py.dir/rosidl_generator_py/husarion_ugv_msgs/msg/_runtime_error_s.c.o
[19.235s] [ 93%] Building C object CMakeFiles/husarion_ugv_msgs__rosidl_generator_py.dir/rosidl_generator_py/husarion_ugv_msgs/msg/_script_flag_s.c.o
[19.239s] [ 94%] Building C object CMakeFiles/husarion_ugv_msgs__rosidl_generator_py.dir/rosidl_generator_py/husarion_ugv_msgs/msg/_system_status_s.c.o
[19.322s] [ 94%] Building C object CMakeFiles/husarion_ugv_msgs__rosidl_generator_py.dir/rosidl_generator_py/husarion_ugv_msgs/srv/_set_led_animation_s.c.o
[19.394s] [ 95%] Building C object CMakeFiles/husarion_ugv_msgs__rosidl_generator_py.dir/rosidl_generator_py/husarion_ugv_msgs/srv/_set_led_brightness_s.c.o
[19.404s] [ 95%] Building C object CMakeFiles/husarion_ugv_msgs__rosidl_generator_py.dir/rosidl_generator_py/husarion_ugv_msgs/srv/_set_led_image_animation_s.c.o
[19.645s] [ 96%] Linking C shared library libhusarion_ugv_msgs__rosidl_generator_py.so
[19.697s] [ 96%] Built target husarion_ugv_msgs__rosidl_generator_py
[19.727s] [ 97%] Building C object CMakeFiles/husarion_ugv_msgs_s__rosidl_typesupport_fastrtps_c.dir/rosidl_generator_py/husarion_ugv_msgs/_husarion_ugv_msgs_s.ep.rosidl_typesupport_fastrtps_c.c.o
[19.727s] [ 98%] Building C object CMakeFiles/husarion_ugv_msgs_s__rosidl_typesupport_c.dir/rosidl_generator_py/husarion_ugv_msgs/_husarion_ugv_msgs_s.ep.rosidl_typesupport_c.c.o
[19.733s] [ 99%] Building C object CMakeFiles/husarion_ugv_msgs_s__rosidl_typesupport_introspection_c.dir/rosidl_generator_py/husarion_ugv_msgs/_husarion_ugv_msgs_s.ep.rosidl_typesupport_introspection_c.c.o
[20.057s] [ 99%] Linking C shared module rosidl_generator_py/husarion_ugv_msgs/husarion_ugv_msgs_s__rosidl_typesupport_fastrtps_c.so
[20.095s] [100%] Linking C shared module rosidl_generator_py/husarion_ugv_msgs/husarion_ugv_msgs_s__rosidl_typesupport_introspection_c.so
[20.104s] [100%] Built target husarion_ugv_msgs_s__rosidl_typesupport_fastrtps_c
[20.134s] [100%] Built target husarion_ugv_msgs_s__rosidl_typesupport_introspection_c
[20.179s] [100%] Linking C shared module rosidl_generator_py/husarion_ugv_msgs/husarion_ugv_msgs_s__rosidl_typesupport_c.so
[20.217s] [100%] Built target husarion_ugv_msgs_s__rosidl_typesupport_c
[20.231s] Invoked command in '/husarion_ws/build/husarion_ugv_msgs' returned '0': CMAKE_PREFIX_PATH=${CMAKE_PREFIX_PATH}:/opt/ros/jazzy /usr/bin/cmake --build /husarion_ws/build/husarion_ugv_msgs -- -j6 -l6
[20.232s] Invoking command in '/husarion_ws/build/husarion_ugv_msgs': CMAKE_PREFIX_PATH=${CMAKE_PREFIX_PATH}:/opt/ros/jazzy /usr/bin/cmake --install /husarion_ws/build/husarion_ugv_msgs
[20.241s] -- Install configuration: "Release"
[20.241s] -- Execute custom install script
[20.241s] -- Symlinking: /husarion_ws/install/husarion_ugv_msgs/share/ament_index/resource_index/rosidl_interfaces/husarion_ugv_msgs
[20.251s] -- Symlinking: /husarion_ws/install/husarion_ugv_msgs/share/husarion_ugv_msgs/msg/ChargingStatus.json
[20.262s] -- Symlinking: /husarion_ws/install/husarion_ugv_msgs/share/husarion_ugv_msgs/msg/DriverState.json
[20.272s] -- Symlinking: /husarion_ws/install/husarion_ugv_msgs/share/husarion_ugv_msgs/msg/DriverStateNamed.json
[20.281s] -- Symlinking: /husarion_ws/install/husarion_ugv_msgs/share/husarion_ugv_msgs/msg/FaultFlag.json
[20.291s] -- Symlinking: /husarion_ws/install/husarion_ugv_msgs/share/husarion_ugv_msgs/msg/IOState.json
[20.300s] -- Symlinking: /husarion_ws/install/husarion_ugv_msgs/share/husarion_ugv_msgs/msg/LEDAnimation.json
[20.310s] -- Symlinking: /husarion_ws/install/husarion_ugv_msgs/share/husarion_ugv_msgs/msg/LEDAnimationQueue.json
[20.320s] -- Symlinking: /husarion_ws/install/husarion_ugv_msgs/share/husarion_ugv_msgs/msg/LEDImageAnimation.json
[20.330s] -- Symlinking: /husarion_ws/install/husarion_ugv_msgs/share/husarion_ugv_msgs/msg/RobotDriverState.json
[20.340s] -- Symlinking: /husarion_ws/install/husarion_ugv_msgs/share/husarion_ugv_msgs/msg/RuntimeError.json
[20.349s] -- Symlinking: /husarion_ws/install/husarion_ugv_msgs/share/husarion_ugv_msgs/msg/ScriptFlag.json
[20.359s] -- Symlinking: /husarion_ws/install/husarion_ugv_msgs/share/husarion_ugv_msgs/msg/SystemStatus.json
[20.368s] -- Symlinking: /husarion_ws/install/husarion_ugv_msgs/share/husarion_ugv_msgs/srv/SetLEDAnimation.json
[20.378s] -- Symlinking: /husarion_ws/install/husarion_ugv_msgs/share/husarion_ugv_msgs/srv/SetLEDBrightness.json
[20.387s] -- Symlinking: /husarion_ws/install/husarion_ugv_msgs/share/husarion_ugv_msgs/srv/SetLEDImageAnimation.json
[20.400s] -- Symlinking: /husarion_ws/install/husarion_ugv_msgs/include/husarion_ugv_msgs/husarion_ugv_msgs/msg/charging_status.h
[20.410s] -- Symlinking: /husarion_ws/install/husarion_ugv_msgs/include/husarion_ugv_msgs/husarion_ugv_msgs/msg/detail/charging_status__functions.h
[20.420s] -- Symlinking: /husarion_ws/install/husarion_ugv_msgs/include/husarion_ugv_msgs/husarion_ugv_msgs/msg/detail/charging_status__struct.h
[20.430s] -- Symlinking: /husarion_ws/install/husarion_ugv_msgs/include/husarion_ugv_msgs/husarion_ugv_msgs/msg/detail/charging_status__type_support.h
[20.441s] -- Symlinking: /husarion_ws/install/husarion_ugv_msgs/include/husarion_ugv_msgs/husarion_ugv_msgs/msg/detail/driver_state__functions.h
[20.449s] -- Symlinking: /husarion_ws/install/husarion_ugv_msgs/include/husarion_ugv_msgs/husarion_ugv_msgs/msg/detail/driver_state__struct.h
[20.458s] -- Symlinking: /husarion_ws/install/husarion_ugv_msgs/include/husarion_ugv_msgs/husarion_ugv_msgs/msg/detail/driver_state__type_support.h
[20.468s] -- Symlinking: /husarion_ws/install/husarion_ugv_msgs/include/husarion_ugv_msgs/husarion_ugv_msgs/msg/detail/driver_state_named__functions.h
[20.478s] -- Symlinking: /husarion_ws/install/husarion_ugv_msgs/include/husarion_ugv_msgs/husarion_ugv_msgs/msg/detail/driver_state_named__struct.h
[20.487s] -- Symlinking: /husarion_ws/install/husarion_ugv_msgs/include/husarion_ugv_msgs/husarion_ugv_msgs/msg/detail/driver_state_named__type_support.h
[20.496s] -- Symlinking: /husarion_ws/install/husarion_ugv_msgs/include/husarion_ugv_msgs/husarion_ugv_msgs/msg/detail/fault_flag__functions.h
[20.506s] -- Symlinking: /husarion_ws/install/husarion_ugv_msgs/include/husarion_ugv_msgs/husarion_ugv_msgs/msg/detail/fault_flag__struct.h
[20.515s] -- Symlinking: /husarion_ws/install/husarion_ugv_msgs/include/husarion_ugv_msgs/husarion_ugv_msgs/msg/detail/fault_flag__type_support.h
[20.524s] -- Symlinking: /husarion_ws/install/husarion_ugv_msgs/include/husarion_ugv_msgs/husarion_ugv_msgs/msg/detail/io_state__functions.h
[20.534s] -- Symlinking: /husarion_ws/install/husarion_ugv_msgs/include/husarion_ugv_msgs/husarion_ugv_msgs/msg/detail/io_state__struct.h
[20.543s] -- Symlinking: /husarion_ws/install/husarion_ugv_msgs/include/husarion_ugv_msgs/husarion_ugv_msgs/msg/detail/io_state__type_support.h
[20.552s] -- Symlinking: /husarion_ws/install/husarion_ugv_msgs/include/husarion_ugv_msgs/husarion_ugv_msgs/msg/detail/led_animation__functions.h
[20.562s] -- Symlinking: /husarion_ws/install/husarion_ugv_msgs/include/husarion_ugv_msgs/husarion_ugv_msgs/msg/detail/led_animation__struct.h
[20.571s] -- Symlinking: /husarion_ws/install/husarion_ugv_msgs/include/husarion_ugv_msgs/husarion_ugv_msgs/msg/detail/led_animation__type_support.h
[20.581s] -- Symlinking: /husarion_ws/install/husarion_ugv_msgs/include/husarion_ugv_msgs/husarion_ugv_msgs/msg/detail/led_animation_queue__functions.h
[20.590s] -- Symlinking: /husarion_ws/install/husarion_ugv_msgs/include/husarion_ugv_msgs/husarion_ugv_msgs/msg/detail/led_animation_queue__struct.h
[20.600s] -- Symlinking: /husarion_ws/install/husarion_ugv_msgs/include/husarion_ugv_msgs/husarion_ugv_msgs/msg/detail/led_animation_queue__type_support.h
[20.609s] -- Symlinking: /husarion_ws/install/husarion_ugv_msgs/include/husarion_ugv_msgs/husarion_ugv_msgs/msg/detail/led_image_animation__functions.h
[20.619s] -- Symlinking: /husarion_ws/install/husarion_ugv_msgs/include/husarion_ugv_msgs/husarion_ugv_msgs/msg/detail/led_image_animation__struct.h
[20.628s] -- Symlinking: /husarion_ws/install/husarion_ugv_msgs/include/husarion_ugv_msgs/husarion_ugv_msgs/msg/detail/led_image_animation__type_support.h
[20.637s] -- Symlinking: /husarion_ws/install/husarion_ugv_msgs/include/husarion_ugv_msgs/husarion_ugv_msgs/msg/detail/robot_driver_state__functions.h
[20.649s] -- Symlinking: /husarion_ws/install/husarion_ugv_msgs/include/husarion_ugv_msgs/husarion_ugv_msgs/msg/detail/robot_driver_state__struct.h
[20.659s] -- Symlinking: /husarion_ws/install/husarion_ugv_msgs/include/husarion_ugv_msgs/husarion_ugv_msgs/msg/detail/robot_driver_state__type_support.h
[20.668s] -- Symlinking: /husarion_ws/install/husarion_ugv_msgs/include/husarion_ugv_msgs/husarion_ugv_msgs/msg/detail/runtime_error__functions.h
[20.678s] -- Symlinking: /husarion_ws/install/husarion_ugv_msgs/include/husarion_ugv_msgs/husarion_ugv_msgs/msg/detail/runtime_error__struct.h
[20.687s] -- Symlinking: /husarion_ws/install/husarion_ugv_msgs/include/husarion_ugv_msgs/husarion_ugv_msgs/msg/detail/runtime_error__type_support.h
[20.697s] -- Symlinking: /husarion_ws/install/husarion_ugv_msgs/include/husarion_ugv_msgs/husarion_ugv_msgs/msg/detail/script_flag__functions.h
[20.707s] -- Symlinking: /husarion_ws/install/husarion_ugv_msgs/include/husarion_ugv_msgs/husarion_ugv_msgs/msg/detail/script_flag__struct.h
[20.716s] -- Symlinking: /husarion_ws/install/husarion_ugv_msgs/include/husarion_ugv_msgs/husarion_ugv_msgs/msg/detail/script_flag__type_support.h
[20.725s] -- Symlinking: /husarion_ws/install/husarion_ugv_msgs/include/husarion_ugv_msgs/husarion_ugv_msgs/msg/detail/system_status__functions.h
[20.734s] -- Symlinking: /husarion_ws/install/husarion_ugv_msgs/include/husarion_ugv_msgs/husarion_ugv_msgs/msg/detail/system_status__struct.h
[20.743s] -- Symlinking: /husarion_ws/install/husarion_ugv_msgs/include/husarion_ugv_msgs/husarion_ugv_msgs/msg/detail/system_status__type_support.h
[20.753s] -- Symlinking: /husarion_ws/install/husarion_ugv_msgs/include/husarion_ugv_msgs/husarion_ugv_msgs/msg/driver_state.h
[20.762s] -- Symlinking: /husarion_ws/install/husarion_ugv_msgs/include/husarion_ugv_msgs/husarion_ugv_msgs/msg/driver_state_named.h
[20.772s] -- Symlinking: /husarion_ws/install/husarion_ugv_msgs/include/husarion_ugv_msgs/husarion_ugv_msgs/msg/fault_flag.h
[20.788s] -- Symlinking: /husarion_ws/install/husarion_ugv_msgs/include/husarion_ugv_msgs/husarion_ugv_msgs/msg/io_state.h
[20.798s] -- Symlinking: /husarion_ws/install/husarion_ugv_msgs/include/husarion_ugv_msgs/husarion_ugv_msgs/msg/led_animation.h
[20.812s] -- Symlinking: /husarion_ws/install/husarion_ugv_msgs/include/husarion_ugv_msgs/husarion_ugv_msgs/msg/led_animation_queue.h
[20.822s] -- Symlinking: /husarion_ws/install/husarion_ugv_msgs/include/husarion_ugv_msgs/husarion_ugv_msgs/msg/led_image_animation.h
[20.832s] -- Symlinking: /husarion_ws/install/husarion_ugv_msgs/include/husarion_ugv_msgs/husarion_ugv_msgs/msg/robot_driver_state.h
[20.843s] -- Symlinking: /husarion_ws/install/husarion_ugv_msgs/include/husarion_ugv_msgs/husarion_ugv_msgs/msg/rosidl_generator_c__visibility_control.h
[20.853s] -- Symlinking: /husarion_ws/install/husarion_ugv_msgs/include/husarion_ugv_msgs/husarion_ugv_msgs/msg/runtime_error.h
[20.863s] -- Symlinking: /husarion_ws/install/husarion_ugv_msgs/include/husarion_ugv_msgs/husarion_ugv_msgs/msg/script_flag.h
[20.873s] -- Symlinking: /husarion_ws/install/husarion_ugv_msgs/include/husarion_ugv_msgs/husarion_ugv_msgs/msg/system_status.h
[20.883s] -- Symlinking: /husarion_ws/install/husarion_ugv_msgs/include/husarion_ugv_msgs/husarion_ugv_msgs/srv/detail/set_led_animation__functions.h
[20.896s] -- Symlinking: /husarion_ws/install/husarion_ugv_msgs/include/husarion_ugv_msgs/husarion_ugv_msgs/srv/detail/set_led_animation__struct.h
[20.906s] -- Symlinking: /husarion_ws/install/husarion_ugv_msgs/include/husarion_ugv_msgs/husarion_ugv_msgs/srv/detail/set_led_animation__type_support.h
[20.916s] -- Symlinking: /husarion_ws/install/husarion_ugv_msgs/include/husarion_ugv_msgs/husarion_ugv_msgs/srv/detail/set_led_brightness__functions.h
[20.925s] -- Symlinking: /husarion_ws/install/husarion_ugv_msgs/include/husarion_ugv_msgs/husarion_ugv_msgs/srv/detail/set_led_brightness__struct.h
[20.935s] -- Symlinking: /husarion_ws/install/husarion_ugv_msgs/include/husarion_ugv_msgs/husarion_ugv_msgs/srv/detail/set_led_brightness__type_support.h
[20.945s] -- Symlinking: /husarion_ws/install/husarion_ugv_msgs/include/husarion_ugv_msgs/husarion_ugv_msgs/srv/detail/set_led_image_animation__functions.h
[20.955s] -- Symlinking: /husarion_ws/install/husarion_ugv_msgs/include/husarion_ugv_msgs/husarion_ugv_msgs/srv/detail/set_led_image_animation__struct.h
[20.966s] -- Symlinking: /husarion_ws/install/husarion_ugv_msgs/include/husarion_ugv_msgs/husarion_ugv_msgs/srv/detail/set_led_image_animation__type_support.h
[20.976s] -- Symlinking: /husarion_ws/install/husarion_ugv_msgs/include/husarion_ugv_msgs/husarion_ugv_msgs/srv/set_led_animation.h
[20.986s] -- Symlinking: /husarion_ws/install/husarion_ugv_msgs/include/husarion_ugv_msgs/husarion_ugv_msgs/srv/set_led_brightness.h
[20.996s] -- Symlinking: /husarion_ws/install/husarion_ugv_msgs/include/husarion_ugv_msgs/husarion_ugv_msgs/srv/set_led_image_animation.h
[21.005s] -- Symlinking: /husarion_ws/install/husarion_ugv_msgs/share/husarion_ugv_msgs/environment/library_path.sh
[21.017s] -- Symlinking: /husarion_ws/install/husarion_ugv_msgs/share/husarion_ugv_msgs/environment/library_path.dsv
[21.028s] -- Symlinking: /husarion_ws/install/husarion_ugv_msgs/include/husarion_ugv_msgs/husarion_ugv_msgs/msg/detail/charging_status__rosidl_typesupport_fastrtps_c.h
[21.037s] -- Symlinking: /husarion_ws/install/husarion_ugv_msgs/include/husarion_ugv_msgs/husarion_ugv_msgs/msg/detail/driver_state__rosidl_typesupport_fastrtps_c.h
[21.047s] -- Symlinking: /husarion_ws/install/husarion_ugv_msgs/include/husarion_ugv_msgs/husarion_ugv_msgs/msg/detail/driver_state_named__rosidl_typesupport_fastrtps_c.h
[21.057s] -- Symlinking: /husarion_ws/install/husarion_ugv_msgs/include/husarion_ugv_msgs/husarion_ugv_msgs/msg/detail/fault_flag__rosidl_typesupport_fastrtps_c.h
[21.067s] -- Symlinking: /husarion_ws/install/husarion_ugv_msgs/include/husarion_ugv_msgs/husarion_ugv_msgs/msg/detail/io_state__rosidl_typesupport_fastrtps_c.h
[21.077s] -- Symlinking: /husarion_ws/install/husarion_ugv_msgs/include/husarion_ugv_msgs/husarion_ugv_msgs/msg/detail/led_animation__rosidl_typesupport_fastrtps_c.h
[21.086s] -- Symlinking: /husarion_ws/install/husarion_ugv_msgs/include/husarion_ugv_msgs/husarion_ugv_msgs/msg/detail/led_animation_queue__rosidl_typesupport_fastrtps_c.h
[21.096s] -- Symlinking: /husarion_ws/install/husarion_ugv_msgs/include/husarion_ugv_msgs/husarion_ugv_msgs/msg/detail/led_image_animation__rosidl_typesupport_fastrtps_c.h
[21.106s] -- Symlinking: /husarion_ws/install/husarion_ugv_msgs/include/husarion_ugv_msgs/husarion_ugv_msgs/msg/detail/robot_driver_state__rosidl_typesupport_fastrtps_c.h
[21.116s] -- Symlinking: /husarion_ws/install/husarion_ugv_msgs/include/husarion_ugv_msgs/husarion_ugv_msgs/msg/detail/runtime_error__rosidl_typesupport_fastrtps_c.h
[21.125s] -- Symlinking: /husarion_ws/install/husarion_ugv_msgs/include/husarion_ugv_msgs/husarion_ugv_msgs/msg/detail/script_flag__rosidl_typesupport_fastrtps_c.h
[21.135s] -- Symlinking: /husarion_ws/install/husarion_ugv_msgs/include/husarion_ugv_msgs/husarion_ugv_msgs/msg/detail/system_status__rosidl_typesupport_fastrtps_c.h
[21.145s] -- Symlinking: /husarion_ws/install/husarion_ugv_msgs/include/husarion_ugv_msgs/husarion_ugv_msgs/msg/rosidl_typesupport_fastrtps_c__visibility_control.h
[21.155s] -- Symlinking: /husarion_ws/install/husarion_ugv_msgs/include/husarion_ugv_msgs/husarion_ugv_msgs/srv/detail/set_led_animation__rosidl_typesupport_fastrtps_c.h
[21.168s] -- Symlinking: /husarion_ws/install/husarion_ugv_msgs/include/husarion_ugv_msgs/husarion_ugv_msgs/srv/detail/set_led_brightness__rosidl_typesupport_fastrtps_c.h
[21.177s] -- Symlinking: /husarion_ws/install/husarion_ugv_msgs/include/husarion_ugv_msgs/husarion_ugv_msgs/srv/detail/set_led_image_animation__rosidl_typesupport_fastrtps_c.h
[21.190s] -- Symlinking: /husarion_ws/install/husarion_ugv_msgs/include/husarion_ugv_msgs/husarion_ugv_msgs/msg/charging_status.hpp
[21.200s] -- Symlinking: /husarion_ws/install/husarion_ugv_msgs/include/husarion_ugv_msgs/husarion_ugv_msgs/msg/detail/charging_status__builder.hpp
[21.210s] -- Symlinking: /husarion_ws/install/husarion_ugv_msgs/include/husarion_ugv_msgs/husarion_ugv_msgs/msg/detail/charging_status__struct.hpp
[21.220s] -- Symlinking: /husarion_ws/install/husarion_ugv_msgs/include/husarion_ugv_msgs/husarion_ugv_msgs/msg/detail/charging_status__traits.hpp
[21.230s] -- Symlinking: /husarion_ws/install/husarion_ugv_msgs/include/husarion_ugv_msgs/husarion_ugv_msgs/msg/detail/charging_status__type_support.hpp
[21.240s] -- Symlinking: /husarion_ws/install/husarion_ugv_msgs/include/husarion_ugv_msgs/husarion_ugv_msgs/msg/detail/driver_state__builder.hpp
[21.250s] -- Symlinking: /husarion_ws/install/husarion_ugv_msgs/include/husarion_ugv_msgs/husarion_ugv_msgs/msg/detail/driver_state__struct.hpp
[21.260s] -- Symlinking: /husarion_ws/install/husarion_ugv_msgs/include/husarion_ugv_msgs/husarion_ugv_msgs/msg/detail/driver_state__traits.hpp
[21.269s] -- Symlinking: /husarion_ws/install/husarion_ugv_msgs/include/husarion_ugv_msgs/husarion_ugv_msgs/msg/detail/driver_state__type_support.hpp
[21.280s] -- Symlinking: /husarion_ws/install/husarion_ugv_msgs/include/husarion_ugv_msgs/husarion_ugv_msgs/msg/detail/driver_state_named__builder.hpp
[21.290s] -- Symlinking: /husarion_ws/install/husarion_ugv_msgs/include/husarion_ugv_msgs/husarion_ugv_msgs/msg/detail/driver_state_named__struct.hpp
[21.300s] -- Symlinking: /husarion_ws/install/husarion_ugv_msgs/include/husarion_ugv_msgs/husarion_ugv_msgs/msg/detail/driver_state_named__traits.hpp
[21.312s] -- Symlinking: /husarion_ws/install/husarion_ugv_msgs/include/husarion_ugv_msgs/husarion_ugv_msgs/msg/detail/driver_state_named__type_support.hpp
[21.324s] -- Symlinking: /husarion_ws/install/husarion_ugv_msgs/include/husarion_ugv_msgs/husarion_ugv_msgs/msg/detail/fault_flag__builder.hpp
[21.335s] -- Symlinking: /husarion_ws/install/husarion_ugv_msgs/include/husarion_ugv_msgs/husarion_ugv_msgs/msg/detail/fault_flag__struct.hpp
[21.345s] -- Symlinking: /husarion_ws/install/husarion_ugv_msgs/include/husarion_ugv_msgs/husarion_ugv_msgs/msg/detail/fault_flag__traits.hpp
[21.355s] -- Symlinking: /husarion_ws/install/husarion_ugv_msgs/include/husarion_ugv_msgs/husarion_ugv_msgs/msg/detail/fault_flag__type_support.hpp
[21.364s] -- Symlinking: /husarion_ws/install/husarion_ugv_msgs/include/husarion_ugv_msgs/husarion_ugv_msgs/msg/detail/io_state__builder.hpp
[21.377s] -- Symlinking: /husarion_ws/install/husarion_ugv_msgs/include/husarion_ugv_msgs/husarion_ugv_msgs/msg/detail/io_state__struct.hpp
[21.387s] -- Symlinking: /husarion_ws/install/husarion_ugv_msgs/include/husarion_ugv_msgs/husarion_ugv_msgs/msg/detail/io_state__traits.hpp
[21.397s] -- Symlinking: /husarion_ws/install/husarion_ugv_msgs/include/husarion_ugv_msgs/husarion_ugv_msgs/msg/detail/io_state__type_support.hpp
[21.407s] -- Symlinking: /husarion_ws/install/husarion_ugv_msgs/include/husarion_ugv_msgs/husarion_ugv_msgs/msg/detail/led_animation__builder.hpp
[21.417s] -- Symlinking: /husarion_ws/install/husarion_ugv_msgs/include/husarion_ugv_msgs/husarion_ugv_msgs/msg/detail/led_animation__struct.hpp
[21.427s] -- Symlinking: /husarion_ws/install/husarion_ugv_msgs/include/husarion_ugv_msgs/husarion_ugv_msgs/msg/detail/led_animation__traits.hpp
[21.437s] -- Symlinking: /husarion_ws/install/husarion_ugv_msgs/include/husarion_ugv_msgs/husarion_ugv_msgs/msg/detail/led_animation__type_support.hpp
[21.446s] -- Symlinking: /husarion_ws/install/husarion_ugv_msgs/include/husarion_ugv_msgs/husarion_ugv_msgs/msg/detail/led_animation_queue__builder.hpp
[21.456s] -- Symlinking: /husarion_ws/install/husarion_ugv_msgs/include/husarion_ugv_msgs/husarion_ugv_msgs/msg/detail/led_animation_queue__struct.hpp
[21.468s] -- Symlinking: /husarion_ws/install/husarion_ugv_msgs/include/husarion_ugv_msgs/husarion_ugv_msgs/msg/detail/led_animation_queue__traits.hpp
[21.478s] -- Symlinking: /husarion_ws/install/husarion_ugv_msgs/include/husarion_ugv_msgs/husarion_ugv_msgs/msg/detail/led_animation_queue__type_support.hpp
[21.489s] -- Symlinking: /husarion_ws/install/husarion_ugv_msgs/include/husarion_ugv_msgs/husarion_ugv_msgs/msg/detail/led_image_animation__builder.hpp
[21.499s] -- Symlinking: /husarion_ws/install/husarion_ugv_msgs/include/husarion_ugv_msgs/husarion_ugv_msgs/msg/detail/led_image_animation__struct.hpp
[21.508s] -- Symlinking: /husarion_ws/install/husarion_ugv_msgs/include/husarion_ugv_msgs/husarion_ugv_msgs/msg/detail/led_image_animation__traits.hpp
[21.518s] -- Symlinking: /husarion_ws/install/husarion_ugv_msgs/include/husarion_ugv_msgs/husarion_ugv_msgs/msg/detail/led_image_animation__type_support.hpp
[21.528s] -- Symlinking: /husarion_ws/install/husarion_ugv_msgs/include/husarion_ugv_msgs/husarion_ugv_msgs/msg/detail/robot_driver_state__builder.hpp
[21.539s] -- Symlinking: /husarion_ws/install/husarion_ugv_msgs/include/husarion_ugv_msgs/husarion_ugv_msgs/msg/detail/robot_driver_state__struct.hpp
[21.549s] -- Symlinking: /husarion_ws/install/husarion_ugv_msgs/include/husarion_ugv_msgs/husarion_ugv_msgs/msg/detail/robot_driver_state__traits.hpp
[21.559s] -- Symlinking: /husarion_ws/install/husarion_ugv_msgs/include/husarion_ugv_msgs/husarion_ugv_msgs/msg/detail/robot_driver_state__type_support.hpp
[21.569s] -- Symlinking: /husarion_ws/install/husarion_ugv_msgs/include/husarion_ugv_msgs/husarion_ugv_msgs/msg/detail/runtime_error__builder.hpp
[21.578s] -- Symlinking: /husarion_ws/install/husarion_ugv_msgs/include/husarion_ugv_msgs/husarion_ugv_msgs/msg/detail/runtime_error__struct.hpp
[21.588s] -- Symlinking: /husarion_ws/install/husarion_ugv_msgs/include/husarion_ugv_msgs/husarion_ugv_msgs/msg/detail/runtime_error__traits.hpp
[21.598s] -- Symlinking: /husarion_ws/install/husarion_ugv_msgs/include/husarion_ugv_msgs/husarion_ugv_msgs/msg/detail/runtime_error__type_support.hpp
[21.607s] -- Symlinking: /husarion_ws/install/husarion_ugv_msgs/include/husarion_ugv_msgs/husarion_ugv_msgs/msg/detail/script_flag__builder.hpp
[21.621s] -- Symlinking: /husarion_ws/install/husarion_ugv_msgs/include/husarion_ugv_msgs/husarion_ugv_msgs/msg/detail/script_flag__struct.hpp
[21.631s] -- Symlinking: /husarion_ws/install/husarion_ugv_msgs/include/husarion_ugv_msgs/husarion_ugv_msgs/msg/detail/script_flag__traits.hpp
[21.641s] -- Symlinking: /husarion_ws/install/husarion_ugv_msgs/include/husarion_ugv_msgs/husarion_ugv_msgs/msg/detail/script_flag__type_support.hpp
[21.651s] -- Symlinking: /husarion_ws/install/husarion_ugv_msgs/include/husarion_ugv_msgs/husarion_ugv_msgs/msg/detail/system_status__builder.hpp
[21.661s] -- Symlinking: /husarion_ws/install/husarion_ugv_msgs/include/husarion_ugv_msgs/husarion_ugv_msgs/msg/detail/system_status__struct.hpp
[21.671s] -- Symlinking: /husarion_ws/install/husarion_ugv_msgs/include/husarion_ugv_msgs/husarion_ugv_msgs/msg/detail/system_status__traits.hpp
[21.681s] -- Symlinking: /husarion_ws/install/husarion_ugv_msgs/include/husarion_ugv_msgs/husarion_ugv_msgs/msg/detail/system_status__type_support.hpp
[21.696s] -- Symlinking: /husarion_ws/install/husarion_ugv_msgs/include/husarion_ugv_msgs/husarion_ugv_msgs/msg/driver_state.hpp
[21.706s] -- Symlinking: /husarion_ws/install/husarion_ugv_msgs/include/husarion_ugv_msgs/husarion_ugv_msgs/msg/driver_state_named.hpp
[21.715s] -- Symlinking: /husarion_ws/install/husarion_ugv_msgs/include/husarion_ugv_msgs/husarion_ugv_msgs/msg/fault_flag.hpp
[21.726s] -- Symlinking: /husarion_ws/install/husarion_ugv_msgs/include/husarion_ugv_msgs/husarion_ugv_msgs/msg/io_state.hpp
[21.735s] -- Symlinking: /husarion_ws/install/husarion_ugv_msgs/include/husarion_ugv_msgs/husarion_ugv_msgs/msg/led_animation.hpp
[21.745s] -- Symlinking: /husarion_ws/install/husarion_ugv_msgs/include/husarion_ugv_msgs/husarion_ugv_msgs/msg/led_animation_queue.hpp
[21.760s] -- Symlinking: /husarion_ws/install/husarion_ugv_msgs/include/husarion_ugv_msgs/husarion_ugv_msgs/msg/led_image_animation.hpp
[21.770s] -- Symlinking: /husarion_ws/install/husarion_ugv_msgs/include/husarion_ugv_msgs/husarion_ugv_msgs/msg/robot_driver_state.hpp
[21.781s] -- Symlinking: /husarion_ws/install/husarion_ugv_msgs/include/husarion_ugv_msgs/husarion_ugv_msgs/msg/rosidl_generator_cpp__visibility_control.hpp
[21.790s] -- Symlinking: /husarion_ws/install/husarion_ugv_msgs/include/husarion_ugv_msgs/husarion_ugv_msgs/msg/runtime_error.hpp
[21.800s] -- Symlinking: /husarion_ws/install/husarion_ugv_msgs/include/husarion_ugv_msgs/husarion_ugv_msgs/msg/script_flag.hpp
[21.810s] -- Symlinking: /husarion_ws/install/husarion_ugv_msgs/include/husarion_ugv_msgs/husarion_ugv_msgs/msg/system_status.hpp
[21.820s] -- Symlinking: /husarion_ws/install/husarion_ugv_msgs/include/husarion_ugv_msgs/husarion_ugv_msgs/srv/detail/set_led_animation__builder.hpp
[21.830s] -- Symlinking: /husarion_ws/install/husarion_ugv_msgs/include/husarion_ugv_msgs/husarion_ugv_msgs/srv/detail/set_led_animation__struct.hpp
[21.840s] -- Symlinking: /husarion_ws/install/husarion_ugv_msgs/include/husarion_ugv_msgs/husarion_ugv_msgs/srv/detail/set_led_animation__traits.hpp
[21.850s] -- Symlinking: /husarion_ws/install/husarion_ugv_msgs/include/husarion_ugv_msgs/husarion_ugv_msgs/srv/detail/set_led_animation__type_support.hpp
[21.859s] -- Symlinking: /husarion_ws/install/husarion_ugv_msgs/include/husarion_ugv_msgs/husarion_ugv_msgs/srv/detail/set_led_brightness__builder.hpp
[21.869s] -- Symlinking: /husarion_ws/install/husarion_ugv_msgs/include/husarion_ugv_msgs/husarion_ugv_msgs/srv/detail/set_led_brightness__struct.hpp
[21.879s] -- Symlinking: /husarion_ws/install/husarion_ugv_msgs/include/husarion_ugv_msgs/husarion_ugv_msgs/srv/detail/set_led_brightness__traits.hpp
[21.889s] -- Symlinking: /husarion_ws/install/husarion_ugv_msgs/include/husarion_ugv_msgs/husarion_ugv_msgs/srv/detail/set_led_brightness__type_support.hpp
[21.899s] -- Symlinking: /husarion_ws/install/husarion_ugv_msgs/include/husarion_ugv_msgs/husarion_ugv_msgs/srv/detail/set_led_image_animation__builder.hpp
[21.910s] -- Symlinking: /husarion_ws/install/husarion_ugv_msgs/include/husarion_ugv_msgs/husarion_ugv_msgs/srv/detail/set_led_image_animation__struct.hpp
[21.921s] -- Symlinking: /husarion_ws/install/husarion_ugv_msgs/include/husarion_ugv_msgs/husarion_ugv_msgs/srv/detail/set_led_image_animation__traits.hpp
[21.931s] -- Symlinking: /husarion_ws/install/husarion_ugv_msgs/include/husarion_ugv_msgs/husarion_ugv_msgs/srv/detail/set_led_image_animation__type_support.hpp
[21.941s] -- Symlinking: /husarion_ws/install/husarion_ugv_msgs/include/husarion_ugv_msgs/husarion_ugv_msgs/srv/set_led_animation.hpp
[21.951s] -- Symlinking: /husarion_ws/install/husarion_ugv_msgs/include/husarion_ugv_msgs/husarion_ugv_msgs/srv/set_led_brightness.hpp
[21.960s] -- Symlinking: /husarion_ws/install/husarion_ugv_msgs/include/husarion_ugv_msgs/husarion_ugv_msgs/srv/set_led_image_animation.hpp
[21.972s] -- Symlinking: /husarion_ws/install/husarion_ugv_msgs/include/husarion_ugv_msgs/husarion_ugv_msgs/msg/detail/charging_status__rosidl_typesupport_fastrtps_cpp.hpp
[21.982s] -- Symlinking: /husarion_ws/install/husarion_ugv_msgs/include/husarion_ugv_msgs/husarion_ugv_msgs/msg/detail/driver_state__rosidl_typesupport_fastrtps_cpp.hpp
[21.991s] -- Symlinking: /husarion_ws/install/husarion_ugv_msgs/include/husarion_ugv_msgs/husarion_ugv_msgs/msg/detail/driver_state_named__rosidl_typesupport_fastrtps_cpp.hpp
[22.001s] -- Symlinking: /husarion_ws/install/husarion_ugv_msgs/include/husarion_ugv_msgs/husarion_ugv_msgs/msg/detail/fault_flag__rosidl_typesupport_fastrtps_cpp.hpp
[22.011s] -- Symlinking: /husarion_ws/install/husarion_ugv_msgs/include/husarion_ugv_msgs/husarion_ugv_msgs/msg/detail/io_state__rosidl_typesupport_fastrtps_cpp.hpp
[22.021s] -- Symlinking: /husarion_ws/install/husarion_ugv_msgs/include/husarion_ugv_msgs/husarion_ugv_msgs/msg/detail/led_animation__rosidl_typesupport_fastrtps_cpp.hpp
[22.031s] -- Symlinking: /husarion_ws/install/husarion_ugv_msgs/include/husarion_ugv_msgs/husarion_ugv_msgs/msg/detail/led_animation_queue__rosidl_typesupport_fastrtps_cpp.hpp
[22.041s] -- Symlinking: /husarion_ws/install/husarion_ugv_msgs/include/husarion_ugv_msgs/husarion_ugv_msgs/msg/detail/led_image_animation__rosidl_typesupport_fastrtps_cpp.hpp
[22.051s] -- Symlinking: /husarion_ws/install/husarion_ugv_msgs/include/husarion_ugv_msgs/husarion_ugv_msgs/msg/detail/robot_driver_state__rosidl_typesupport_fastrtps_cpp.hpp
[22.062s] -- Symlinking: /husarion_ws/install/husarion_ugv_msgs/include/husarion_ugv_msgs/husarion_ugv_msgs/msg/detail/runtime_error__rosidl_typesupport_fastrtps_cpp.hpp
[22.072s] -- Symlinking: /husarion_ws/install/husarion_ugv_msgs/include/husarion_ugv_msgs/husarion_ugv_msgs/msg/detail/script_flag__rosidl_typesupport_fastrtps_cpp.hpp
[22.083s] -- Symlinking: /husarion_ws/install/husarion_ugv_msgs/include/husarion_ugv_msgs/husarion_ugv_msgs/msg/detail/system_status__rosidl_typesupport_fastrtps_cpp.hpp
[22.093s] -- Symlinking: /husarion_ws/install/husarion_ugv_msgs/include/husarion_ugv_msgs/husarion_ugv_msgs/msg/rosidl_typesupport_fastrtps_cpp__visibility_control.h
[22.103s] -- Symlinking: /husarion_ws/install/husarion_ugv_msgs/include/husarion_ugv_msgs/husarion_ugv_msgs/srv/detail/set_led_animation__rosidl_typesupport_fastrtps_cpp.hpp
[22.112s] -- Symlinking: /husarion_ws/install/husarion_ugv_msgs/include/husarion_ugv_msgs/husarion_ugv_msgs/srv/detail/set_led_brightness__rosidl_typesupport_fastrtps_cpp.hpp
[22.122s] -- Symlinking: /husarion_ws/install/husarion_ugv_msgs/include/husarion_ugv_msgs/husarion_ugv_msgs/srv/detail/set_led_image_animation__rosidl_typesupport_fastrtps_cpp.hpp
[22.133s] -- Symlinking: /husarion_ws/install/husarion_ugv_msgs/include/husarion_ugv_msgs/husarion_ugv_msgs/msg/detail/charging_status__rosidl_typesupport_introspection_c.h
[22.143s] -- Symlinking: /husarion_ws/install/husarion_ugv_msgs/include/husarion_ugv_msgs/husarion_ugv_msgs/msg/detail/driver_state__rosidl_typesupport_introspection_c.h
[22.153s] -- Symlinking: /husarion_ws/install/husarion_ugv_msgs/include/husarion_ugv_msgs/husarion_ugv_msgs/msg/detail/driver_state_named__rosidl_typesupport_introspection_c.h
[22.163s] -- Symlinking: /husarion_ws/install/husarion_ugv_msgs/include/husarion_ugv_msgs/husarion_ugv_msgs/msg/detail/fault_flag__rosidl_typesupport_introspection_c.h
[22.173s] -- Symlinking: /husarion_ws/install/husarion_ugv_msgs/include/husarion_ugv_msgs/husarion_ugv_msgs/msg/detail/io_state__rosidl_typesupport_introspection_c.h
[22.183s] -- Symlinking: /husarion_ws/install/husarion_ugv_msgs/include/husarion_ugv_msgs/husarion_ugv_msgs/msg/detail/led_animation__rosidl_typesupport_introspection_c.h
[22.193s] -- Symlinking: /husarion_ws/install/husarion_ugv_msgs/include/husarion_ugv_msgs/husarion_ugv_msgs/msg/detail/led_animation_queue__rosidl_typesupport_introspection_c.h
[22.203s] -- Symlinking: /husarion_ws/install/husarion_ugv_msgs/include/husarion_ugv_msgs/husarion_ugv_msgs/msg/detail/led_image_animation__rosidl_typesupport_introspection_c.h
[22.215s] -- Symlinking: /husarion_ws/install/husarion_ugv_msgs/include/husarion_ugv_msgs/husarion_ugv_msgs/msg/detail/robot_driver_state__rosidl_typesupport_introspection_c.h
[22.225s] -- Symlinking: /husarion_ws/install/husarion_ugv_msgs/include/husarion_ugv_msgs/husarion_ugv_msgs/msg/detail/runtime_error__rosidl_typesupport_introspection_c.h
[22.235s] -- Symlinking: /husarion_ws/install/husarion_ugv_msgs/include/husarion_ugv_msgs/husarion_ugv_msgs/msg/detail/script_flag__rosidl_typesupport_introspection_c.h
[22.245s] -- Symlinking: /husarion_ws/install/husarion_ugv_msgs/include/husarion_ugv_msgs/husarion_ugv_msgs/msg/detail/system_status__rosidl_typesupport_introspection_c.h
[22.254s] -- Symlinking: /husarion_ws/install/husarion_ugv_msgs/include/husarion_ugv_msgs/husarion_ugv_msgs/msg/rosidl_typesupport_introspection_c__visibility_control.h
[22.264s] -- Symlinking: /husarion_ws/install/husarion_ugv_msgs/include/husarion_ugv_msgs/husarion_ugv_msgs/srv/detail/set_led_animation__rosidl_typesupport_introspection_c.h
[22.274s] -- Symlinking: /husarion_ws/install/husarion_ugv_msgs/include/husarion_ugv_msgs/husarion_ugv_msgs/srv/detail/set_led_brightness__rosidl_typesupport_introspection_c.h
[22.284s] -- Symlinking: /husarion_ws/install/husarion_ugv_msgs/include/husarion_ugv_msgs/husarion_ugv_msgs/srv/detail/set_led_image_animation__rosidl_typesupport_introspection_c.h
[22.294s] -- Symlinking: /husarion_ws/install/husarion_ugv_msgs/include/husarion_ugv_msgs/husarion_ugv_msgs/msg/detail/charging_status__rosidl_typesupport_introspection_cpp.hpp
[22.305s] -- Symlinking: /husarion_ws/install/husarion_ugv_msgs/include/husarion_ugv_msgs/husarion_ugv_msgs/msg/detail/driver_state__rosidl_typesupport_introspection_cpp.hpp
[22.316s] -- Symlinking: /husarion_ws/install/husarion_ugv_msgs/include/husarion_ugv_msgs/husarion_ugv_msgs/msg/detail/driver_state_named__rosidl_typesupport_introspection_cpp.hpp
[22.326s] -- Symlinking: /husarion_ws/install/husarion_ugv_msgs/include/husarion_ugv_msgs/husarion_ugv_msgs/msg/detail/fault_flag__rosidl_typesupport_introspection_cpp.hpp
[22.336s] -- Symlinking: /husarion_ws/install/husarion_ugv_msgs/include/husarion_ugv_msgs/husarion_ugv_msgs/msg/detail/io_state__rosidl_typesupport_introspection_cpp.hpp
[22.346s] -- Symlinking: /husarion_ws/install/husarion_ugv_msgs/include/husarion_ugv_msgs/husarion_ugv_msgs/msg/detail/led_animation__rosidl_typesupport_introspection_cpp.hpp
[22.358s] -- Symlinking: /husarion_ws/install/husarion_ugv_msgs/include/husarion_ugv_msgs/husarion_ugv_msgs/msg/detail/led_animation_queue__rosidl_typesupport_introspection_cpp.hpp
[22.369s] -- Symlinking: /husarion_ws/install/husarion_ugv_msgs/include/husarion_ugv_msgs/husarion_ugv_msgs/msg/detail/led_image_animation__rosidl_typesupport_introspection_cpp.hpp
[22.380s] -- Symlinking: /husarion_ws/install/husarion_ugv_msgs/include/husarion_ugv_msgs/husarion_ugv_msgs/msg/detail/robot_driver_state__rosidl_typesupport_introspection_cpp.hpp
[22.390s] -- Symlinking: /husarion_ws/install/husarion_ugv_msgs/include/husarion_ugv_msgs/husarion_ugv_msgs/msg/detail/runtime_error__rosidl_typesupport_introspection_cpp.hpp
[22.401s] -- Symlinking: /husarion_ws/install/husarion_ugv_msgs/include/husarion_ugv_msgs/husarion_ugv_msgs/msg/detail/script_flag__rosidl_typesupport_introspection_cpp.hpp
[22.411s] -- Symlinking: /husarion_ws/install/husarion_ugv_msgs/include/husarion_ugv_msgs/husarion_ugv_msgs/msg/detail/system_status__rosidl_typesupport_introspection_cpp.hpp
[22.422s] -- Symlinking: /husarion_ws/install/husarion_ugv_msgs/include/husarion_ugv_msgs/husarion_ugv_msgs/srv/detail/set_led_animation__rosidl_typesupport_introspection_cpp.hpp
[22.432s] -- Symlinking: /husarion_ws/install/husarion_ugv_msgs/include/husarion_ugv_msgs/husarion_ugv_msgs/srv/detail/set_led_brightness__rosidl_typesupport_introspection_cpp.hpp
[22.442s] -- Symlinking: /husarion_ws/install/husarion_ugv_msgs/include/husarion_ugv_msgs/husarion_ugv_msgs/srv/detail/set_led_image_animation__rosidl_typesupport_introspection_cpp.hpp
[22.453s] -- Symlinking: /husarion_ws/install/husarion_ugv_msgs/share/husarion_ugv_msgs/environment/pythonpath.sh
[22.464s] -- Symlinking: /husarion_ws/install/husarion_ugv_msgs/share/husarion_ugv_msgs/environment/pythonpath.dsv
[22.476s] -- Symlinking: /husarion_ws/install/husarion_ugv_msgs/lib/python3.12/site-packages/husarion_ugv_msgs-2.3.0-py3.12.egg-info/PKG-INFO
[22.486s] -- Symlinking: /husarion_ws/install/husarion_ugv_msgs/lib/python3.12/site-packages/husarion_ugv_msgs-2.3.0-py3.12.egg-info/SOURCES.txt
[22.496s] -- Symlinking: /husarion_ws/install/husarion_ugv_msgs/lib/python3.12/site-packages/husarion_ugv_msgs-2.3.0-py3.12.egg-info/dependency_links.txt
[22.506s] -- Symlinking: /husarion_ws/install/husarion_ugv_msgs/lib/python3.12/site-packages/husarion_ugv_msgs-2.3.0-py3.12.egg-info/top_level.txt
[22.517s] -- Symlinking: /husarion_ws/install/husarion_ugv_msgs/lib/python3.12/site-packages/husarion_ugv_msgs/__init__.py
[22.527s] -- Symlinking: /husarion_ws/install/husarion_ugv_msgs/lib/python3.12/site-packages/husarion_ugv_msgs/_husarion_ugv_msgs_s.ep.rosidl_typesupport_c.c
[22.536s] -- Symlinking: /husarion_ws/install/husarion_ugv_msgs/lib/python3.12/site-packages/husarion_ugv_msgs/_husarion_ugv_msgs_s.ep.rosidl_typesupport_fastrtps_c.c
[22.546s] -- Symlinking: /husarion_ws/install/husarion_ugv_msgs/lib/python3.12/site-packages/husarion_ugv_msgs/_husarion_ugv_msgs_s.ep.rosidl_typesupport_introspection_c.c
[22.556s] -- Symlinking: /husarion_ws/install/husarion_ugv_msgs/lib/python3.12/site-packages/husarion_ugv_msgs/husarion_ugv_msgs_s__rosidl_typesupport_c.so
[22.565s] -- Symlinking: /husarion_ws/install/husarion_ugv_msgs/lib/python3.12/site-packages/husarion_ugv_msgs/husarion_ugv_msgs_s__rosidl_typesupport_fastrtps_c.so
[22.574s] -- Symlinking: /husarion_ws/install/husarion_ugv_msgs/lib/python3.12/site-packages/husarion_ugv_msgs/husarion_ugv_msgs_s__rosidl_typesupport_introspection_c.so
[22.585s] -- Symlinking: /husarion_ws/install/husarion_ugv_msgs/lib/python3.12/site-packages/husarion_ugv_msgs/msg/__init__.py
[22.594s] -- Symlinking: /husarion_ws/install/husarion_ugv_msgs/lib/python3.12/site-packages/husarion_ugv_msgs/msg/_charging_status.py
[22.603s] -- Symlinking: /husarion_ws/install/husarion_ugv_msgs/lib/python3.12/site-packages/husarion_ugv_msgs/msg/_charging_status_s.c
[22.612s] -- Symlinking: /husarion_ws/install/husarion_ugv_msgs/lib/python3.12/site-packages/husarion_ugv_msgs/msg/_driver_state.py
[22.622s] -- Symlinking: /husarion_ws/install/husarion_ugv_msgs/lib/python3.12/site-packages/husarion_ugv_msgs/msg/_driver_state_named.py
[22.631s] -- Symlinking: /husarion_ws/install/husarion_ugv_msgs/lib/python3.12/site-packages/husarion_ugv_msgs/msg/_driver_state_named_s.c
[22.640s] -- Symlinking: /husarion_ws/install/husarion_ugv_msgs/lib/python3.12/site-packages/husarion_ugv_msgs/msg/_driver_state_s.c
[22.649s] -- Symlinking: /husarion_ws/install/husarion_ugv_msgs/lib/python3.12/site-packages/husarion_ugv_msgs/msg/_fault_flag.py
[22.660s] -- Symlinking: /husarion_ws/install/husarion_ugv_msgs/lib/python3.12/site-packages/husarion_ugv_msgs/msg/_fault_flag_s.c
[22.671s] -- Symlinking: /husarion_ws/install/husarion_ugv_msgs/lib/python3.12/site-packages/husarion_ugv_msgs/msg/_io_state.py
[22.680s] -- Symlinking: /husarion_ws/install/husarion_ugv_msgs/lib/python3.12/site-packages/husarion_ugv_msgs/msg/_io_state_s.c
[22.689s] -- Symlinking: /husarion_ws/install/husarion_ugv_msgs/lib/python3.12/site-packages/husarion_ugv_msgs/msg/_led_animation.py
[22.699s] -- Symlinking: /husarion_ws/install/husarion_ugv_msgs/lib/python3.12/site-packages/husarion_ugv_msgs/msg/_led_animation_queue.py
[22.708s] -- Symlinking: /husarion_ws/install/husarion_ugv_msgs/lib/python3.12/site-packages/husarion_ugv_msgs/msg/_led_animation_queue_s.c
[22.718s] -- Symlinking: /husarion_ws/install/husarion_ugv_msgs/lib/python3.12/site-packages/husarion_ugv_msgs/msg/_led_animation_s.c
[22.728s] -- Symlinking: /husarion_ws/install/husarion_ugv_msgs/lib/python3.12/site-packages/husarion_ugv_msgs/msg/_led_image_animation.py
[22.737s] -- Symlinking: /husarion_ws/install/husarion_ugv_msgs/lib/python3.12/site-packages/husarion_ugv_msgs/msg/_led_image_animation_s.c
[22.747s] -- Symlinking: /husarion_ws/install/husarion_ugv_msgs/lib/python3.12/site-packages/husarion_ugv_msgs/msg/_robot_driver_state.py
[22.756s] -- Symlinking: /husarion_ws/install/husarion_ugv_msgs/lib/python3.12/site-packages/husarion_ugv_msgs/msg/_robot_driver_state_s.c
[22.766s] -- Symlinking: /husarion_ws/install/husarion_ugv_msgs/lib/python3.12/site-packages/husarion_ugv_msgs/msg/_runtime_error.py
[22.776s] -- Symlinking: /husarion_ws/install/husarion_ugv_msgs/lib/python3.12/site-packages/husarion_ugv_msgs/msg/_runtime_error_s.c
[22.786s] -- Symlinking: /husarion_ws/install/husarion_ugv_msgs/lib/python3.12/site-packages/husarion_ugv_msgs/msg/_script_flag.py
[22.795s] -- Symlinking: /husarion_ws/install/husarion_ugv_msgs/lib/python3.12/site-packages/husarion_ugv_msgs/msg/_script_flag_s.c
[22.805s] -- Symlinking: /husarion_ws/install/husarion_ugv_msgs/lib/python3.12/site-packages/husarion_ugv_msgs/msg/_system_status.py
[22.817s] -- Symlinking: /husarion_ws/install/husarion_ugv_msgs/lib/python3.12/site-packages/husarion_ugv_msgs/msg/_system_status_s.c
[22.830s] -- Symlinking: /husarion_ws/install/husarion_ugv_msgs/lib/python3.12/site-packages/husarion_ugv_msgs/srv/__init__.py
[22.839s] -- Symlinking: /husarion_ws/install/husarion_ugv_msgs/lib/python3.12/site-packages/husarion_ugv_msgs/srv/_set_led_animation.py
[22.850s] -- Symlinking: /husarion_ws/install/husarion_ugv_msgs/lib/python3.12/site-packages/husarion_ugv_msgs/srv/_set_led_animation_s.c
[22.860s] -- Symlinking: /husarion_ws/install/husarion_ugv_msgs/lib/python3.12/site-packages/husarion_ugv_msgs/srv/_set_led_brightness.py
[22.869s] -- Symlinking: /husarion_ws/install/husarion_ugv_msgs/lib/python3.12/site-packages/husarion_ugv_msgs/srv/_set_led_brightness_s.c
[22.879s] -- Symlinking: /husarion_ws/install/husarion_ugv_msgs/lib/python3.12/site-packages/husarion_ugv_msgs/srv/_set_led_image_animation.py
[22.889s] -- Symlinking: /husarion_ws/install/husarion_ugv_msgs/lib/python3.12/site-packages/husarion_ugv_msgs/srv/_set_led_image_animation_s.c
[22.899s] -- Up-to-date symlink: /husarion_ws/install/husarion_ugv_msgs/lib/python3.12/site-packages/husarion_ugv_msgs/husarion_ugv_msgs_s__rosidl_typesupport_fastrtps_c.so
[22.900s] -- Up-to-date symlink: /husarion_ws/install/husarion_ugv_msgs/lib/python3.12/site-packages/husarion_ugv_msgs/husarion_ugv_msgs_s__rosidl_typesupport_introspection_c.so
[22.900s] -- Up-to-date symlink: /husarion_ws/install/husarion_ugv_msgs/lib/python3.12/site-packages/husarion_ugv_msgs/husarion_ugv_msgs_s__rosidl_typesupport_c.so
[22.900s] -- Symlinking: /husarion_ws/install/husarion_ugv_msgs/share/husarion_ugv_msgs/msg/ChargingStatus.idl
[22.909s] -- Symlinking: /husarion_ws/install/husarion_ugv_msgs/share/husarion_ugv_msgs/msg/DriverState.idl
[22.918s] -- Symlinking: /husarion_ws/install/husarion_ugv_msgs/share/husarion_ugv_msgs/msg/DriverStateNamed.idl
[22.928s] -- Symlinking: /husarion_ws/install/husarion_ugv_msgs/share/husarion_ugv_msgs/msg/FaultFlag.idl
[22.938s] -- Symlinking: /husarion_ws/install/husarion_ugv_msgs/share/husarion_ugv_msgs/msg/IOState.idl
[22.948s] -- Symlinking: /husarion_ws/install/husarion_ugv_msgs/share/husarion_ugv_msgs/msg/LEDAnimation.idl
[22.960s] -- Symlinking: /husarion_ws/install/husarion_ugv_msgs/share/husarion_ugv_msgs/msg/LEDAnimationQueue.idl
[22.967s] -- Symlinking: /husarion_ws/install/husarion_ugv_msgs/share/husarion_ugv_msgs/msg/LEDImageAnimation.idl
[22.977s] -- Symlinking: /husarion_ws/install/husarion_ugv_msgs/share/husarion_ugv_msgs/msg/RobotDriverState.idl
[22.987s] -- Symlinking: /husarion_ws/install/husarion_ugv_msgs/share/husarion_ugv_msgs/msg/RuntimeError.idl
[22.997s] -- Symlinking: /husarion_ws/install/husarion_ugv_msgs/share/husarion_ugv_msgs/msg/ScriptFlag.idl
[23.006s] -- Symlinking: /husarion_ws/install/husarion_ugv_msgs/share/husarion_ugv_msgs/msg/SystemStatus.idl
[23.017s] -- Symlinking: /husarion_ws/install/husarion_ugv_msgs/share/husarion_ugv_msgs/srv/SetLEDAnimation.idl
[23.026s] -- Symlinking: /husarion_ws/install/husarion_ugv_msgs/share/husarion_ugv_msgs/srv/SetLEDBrightness.idl
[23.036s] -- Symlinking: /husarion_ws/install/husarion_ugv_msgs/share/husarion_ugv_msgs/srv/SetLEDImageAnimation.idl
[23.045s] -- Symlinking: /husarion_ws/install/husarion_ugv_msgs/share/husarion_ugv_msgs/msg/ChargingStatus.msg
[23.055s] -- Symlinking: /husarion_ws/install/husarion_ugv_msgs/share/husarion_ugv_msgs/msg/DriverState.msg
[23.065s] -- Symlinking: /husarion_ws/install/husarion_ugv_msgs/share/husarion_ugv_msgs/msg/DriverStateNamed.msg
[23.075s] -- Symlinking: /husarion_ws/install/husarion_ugv_msgs/share/husarion_ugv_msgs/msg/FaultFlag.msg
[23.084s] -- Symlinking: /husarion_ws/install/husarion_ugv_msgs/share/husarion_ugv_msgs/msg/IOState.msg
[23.094s] -- Symlinking: /husarion_ws/install/husarion_ugv_msgs/share/husarion_ugv_msgs/msg/LEDAnimation.msg
[23.103s] -- Symlinking: /husarion_ws/install/husarion_ugv_msgs/share/husarion_ugv_msgs/msg/LEDAnimationQueue.msg
[23.114s] -- Symlinking: /husarion_ws/install/husarion_ugv_msgs/share/husarion_ugv_msgs/msg/LEDImageAnimation.msg
[23.123s] -- Symlinking: /husarion_ws/install/husarion_ugv_msgs/share/husarion_ugv_msgs/msg/RobotDriverState.msg
[23.133s] -- Symlinking: /husarion_ws/install/husarion_ugv_msgs/share/husarion_ugv_msgs/msg/RuntimeError.msg
[23.142s] -- Symlinking: /husarion_ws/install/husarion_ugv_msgs/share/husarion_ugv_msgs/msg/ScriptFlag.msg
[23.152s] -- Symlinking: /husarion_ws/install/husarion_ugv_msgs/share/husarion_ugv_msgs/msg/SystemStatus.msg
[23.162s] -- Symlinking: /husarion_ws/install/husarion_ugv_msgs/share/husarion_ugv_msgs/srv/SetLEDAnimation.srv
[23.171s] -- Symlinking: /husarion_ws/install/husarion_ugv_msgs/share/husarion_ugv_msgs/srv/SetLEDBrightness.srv
[23.180s] -- Symlinking: /husarion_ws/install/husarion_ugv_msgs/share/husarion_ugv_msgs/srv/SetLEDImageAnimation.srv
[23.190s] -- Symlinking: /husarion_ws/install/husarion_ugv_msgs/share/ament_index/resource_index/package_run_dependencies/husarion_ugv_msgs
[23.200s] -- Symlinking: /husarion_ws/install/husarion_ugv_msgs/share/ament_index/resource_index/parent_prefix_path/husarion_ugv_msgs
[23.209s] -- Symlinking: /husarion_ws/install/husarion_ugv_msgs/share/husarion_ugv_msgs/environment/ament_prefix_path.sh
[23.219s] -- Symlinking: /husarion_ws/install/husarion_ugv_msgs/share/husarion_ugv_msgs/environment/ament_prefix_path.dsv
[23.228s] -- Symlinking: /husarion_ws/install/husarion_ugv_msgs/share/husarion_ugv_msgs/environment/path.sh
[23.238s] -- Symlinking: /husarion_ws/install/husarion_ugv_msgs/share/husarion_ugv_msgs/environment/path.dsv
[23.247s] -- Symlinking: /husarion_ws/install/husarion_ugv_msgs/share/husarion_ugv_msgs/local_setup.bash
[23.257s] -- Symlinking: /husarion_ws/install/husarion_ugv_msgs/share/husarion_ugv_msgs/local_setup.sh
[23.267s] -- Symlinking: /husarion_ws/install/husarion_ugv_msgs/share/husarion_ugv_msgs/local_setup.zsh
[23.276s] -- Symlinking: /husarion_ws/install/husarion_ugv_msgs/share/husarion_ugv_msgs/local_setup.dsv
[23.285s] -- Symlinking: /husarion_ws/install/husarion_ugv_msgs/share/husarion_ugv_msgs/package.dsv
[23.294s] -- Symlinking: /husarion_ws/install/husarion_ugv_msgs/share/ament_index/resource_index/packages/husarion_ugv_msgs
[23.303s] -- Symlinking: /husarion_ws/install/husarion_ugv_msgs/share/husarion_ugv_msgs/cmake/rosidl_cmake-extras.cmake
[23.313s] -- Symlinking: /husarion_ws/install/husarion_ugv_msgs/share/husarion_ugv_msgs/cmake/ament_cmake_export_dependencies-extras.cmake
[23.322s] -- Symlinking: /husarion_ws/install/husarion_ugv_msgs/share/husarion_ugv_msgs/cmake/ament_cmake_export_include_directories-extras.cmake
[23.331s] -- Symlinking: /husarion_ws/install/husarion_ugv_msgs/share/husarion_ugv_msgs/cmake/ament_cmake_export_libraries-extras.cmake
[23.340s] -- Symlinking: /husarion_ws/install/husarion_ugv_msgs/share/husarion_ugv_msgs/cmake/ament_cmake_export_targets-extras.cmake
[23.350s] -- Symlinking: /husarion_ws/install/husarion_ugv_msgs/share/husarion_ugv_msgs/cmake/rosidl_cmake_export_typesupport_targets-extras.cmake
[23.359s] -- Symlinking: /husarion_ws/install/husarion_ugv_msgs/share/husarion_ugv_msgs/cmake/rosidl_cmake_export_typesupport_libraries-extras.cmake
[23.368s] -- Symlinking: /husarion_ws/install/husarion_ugv_msgs/share/husarion_ugv_msgs/cmake/husarion_ugv_msgsConfig.cmake
[23.378s] -- Symlinking: /husarion_ws/install/husarion_ugv_msgs/share/husarion_ugv_msgs/cmake/husarion_ugv_msgsConfig-version.cmake
[23.387s] -- Symlinking: /husarion_ws/install/husarion_ugv_msgs/share/husarion_ugv_msgs/package.xml
[23.396s] -- Installing: /husarion_ws/install/husarion_ugv_msgs/lib/libhusarion_ugv_msgs__rosidl_generator_c.so
[23.397s] -- Set non-toolchain portion of runtime path of "/husarion_ws/install/husarion_ugv_msgs/lib/libhusarion_ugv_msgs__rosidl_generator_c.so" to ""
[23.397s] -- Installing: /husarion_ws/install/husarion_ugv_msgs/lib/libhusarion_ugv_msgs__rosidl_typesupport_fastrtps_c.so
[23.398s] -- Set non-toolchain portion of runtime path of "/husarion_ws/install/husarion_ugv_msgs/lib/libhusarion_ugv_msgs__rosidl_typesupport_fastrtps_c.so" to ""
[23.398s] -- Installing: /husarion_ws/install/husarion_ugv_msgs/lib/libhusarion_ugv_msgs__rosidl_typesupport_fastrtps_cpp.so
[23.398s] -- Set non-toolchain portion of runtime path of "/husarion_ws/install/husarion_ugv_msgs/lib/libhusarion_ugv_msgs__rosidl_typesupport_fastrtps_cpp.so" to ""
[23.398s] -- Installing: /husarion_ws/install/husarion_ugv_msgs/lib/libhusarion_ugv_msgs__rosidl_typesupport_introspection_c.so
[23.398s] -- Set non-toolchain portion of runtime path of "/husarion_ws/install/husarion_ugv_msgs/lib/libhusarion_ugv_msgs__rosidl_typesupport_introspection_c.so" to ""
[23.399s] -- Installing: /husarion_ws/install/husarion_ugv_msgs/lib/libhusarion_ugv_msgs__rosidl_typesupport_c.so
[23.399s] -- Set non-toolchain portion of runtime path of "/husarion_ws/install/husarion_ugv_msgs/lib/libhusarion_ugv_msgs__rosidl_typesupport_c.so" to ""
[23.399s] -- Installing: /husarion_ws/install/husarion_ugv_msgs/lib/libhusarion_ugv_msgs__rosidl_typesupport_introspection_cpp.so
[23.399s] -- Set non-toolchain portion of runtime path of "/husarion_ws/install/husarion_ugv_msgs/lib/libhusarion_ugv_msgs__rosidl_typesupport_introspection_cpp.so" to ""
[23.399s] -- Installing: /husarion_ws/install/husarion_ugv_msgs/lib/libhusarion_ugv_msgs__rosidl_typesupport_cpp.so
[23.400s] -- Set non-toolchain portion of runtime path of "/husarion_ws/install/husarion_ugv_msgs/lib/libhusarion_ugv_msgs__rosidl_typesupport_cpp.so" to ""
[23.468s] Listing '/husarion_ws/install/husarion_ugv_msgs/lib/python3.12/site-packages/husarion_ugv_msgs'...
[23.468s] Compiling '/husarion_ws/install/husarion_ugv_msgs/lib/python3.12/site-packages/husarion_ugv_msgs/__init__.py'...
[23.469s] Listing '/husarion_ws/install/husarion_ugv_msgs/lib/python3.12/site-packages/husarion_ugv_msgs/msg'...
[23.469s] Compiling '/husarion_ws/install/husarion_ugv_msgs/lib/python3.12/site-packages/husarion_ugv_msgs/msg/__init__.py'...
[23.469s] Compiling '/husarion_ws/install/husarion_ugv_msgs/lib/python3.12/site-packages/husarion_ugv_msgs/msg/_charging_status.py'...
[23.469s] Compiling '/husarion_ws/install/husarion_ugv_msgs/lib/python3.12/site-packages/husarion_ugv_msgs/msg/_driver_state.py'...
[23.469s] Compiling '/husarion_ws/install/husarion_ugv_msgs/lib/python3.12/site-packages/husarion_ugv_msgs/msg/_driver_state_named.py'...
[23.469s] Compiling '/husarion_ws/install/husarion_ugv_msgs/lib/python3.12/site-packages/husarion_ugv_msgs/msg/_fault_flag.py'...
[23.469s] Compiling '/husarion_ws/install/husarion_ugv_msgs/lib/python3.12/site-packages/husarion_ugv_msgs/msg/_io_state.py'...
[23.469s] Compiling '/husarion_ws/install/husarion_ugv_msgs/lib/python3.12/site-packages/husarion_ugv_msgs/msg/_led_animation.py'...
[23.470s] Compiling '/husarion_ws/install/husarion_ugv_msgs/lib/python3.12/site-packages/husarion_ugv_msgs/msg/_led_animation_queue.py'...
[23.470s] Compiling '/husarion_ws/install/husarion_ugv_msgs/lib/python3.12/site-packages/husarion_ugv_msgs/msg/_led_image_animation.py'...
[23.470s] Compiling '/husarion_ws/install/husarion_ugv_msgs/lib/python3.12/site-packages/husarion_ugv_msgs/msg/_robot_driver_state.py'...
[23.470s] Compiling '/husarion_ws/install/husarion_ugv_msgs/lib/python3.12/site-packages/husarion_ugv_msgs/msg/_runtime_error.py'...
[23.470s] Compiling '/husarion_ws/install/husarion_ugv_msgs/lib/python3.12/site-packages/husarion_ugv_msgs/msg/_script_flag.py'...
[23.470s] Compiling '/husarion_ws/install/husarion_ugv_msgs/lib/python3.12/site-packages/husarion_ugv_msgs/msg/_system_status.py'...
[23.470s] Listing '/husarion_ws/install/husarion_ugv_msgs/lib/python3.12/site-packages/husarion_ugv_msgs/srv'...
[23.470s] Compiling '/husarion_ws/install/husarion_ugv_msgs/lib/python3.12/site-packages/husarion_ugv_msgs/srv/__init__.py'...
[23.470s] Compiling '/husarion_ws/install/husarion_ugv_msgs/lib/python3.12/site-packages/husarion_ugv_msgs/srv/_set_led_animation.py'...
[23.471s] Compiling '/husarion_ws/install/husarion_ugv_msgs/lib/python3.12/site-packages/husarion_ugv_msgs/srv/_set_led_brightness.py'...
[23.471s] Compiling '/husarion_ws/install/husarion_ugv_msgs/lib/python3.12/site-packages/husarion_ugv_msgs/srv/_set_led_image_animation.py'...
[23.473s] -- Installing: /husarion_ws/install/husarion_ugv_msgs/lib/libhusarion_ugv_msgs__rosidl_generator_py.so
[23.473s] -- Set non-toolchain portion of runtime path of "/husarion_ws/install/husarion_ugv_msgs/lib/libhusarion_ugv_msgs__rosidl_generator_py.so" to ""
[23.473s] -- Installing: /husarion_ws/install/husarion_ugv_msgs/share/husarion_ugv_msgs/cmake/export_husarion_ugv_msgs__rosidl_generator_cExport.cmake
[23.474s] -- Installing: /husarion_ws/install/husarion_ugv_msgs/share/husarion_ugv_msgs/cmake/export_husarion_ugv_msgs__rosidl_generator_cExport-release.cmake
[23.474s] -- Installing: /husarion_ws/install/husarion_ugv_msgs/share/husarion_ugv_msgs/cmake/export_husarion_ugv_msgs__rosidl_typesupport_fastrtps_cExport.cmake
[23.474s] -- Installing: /husarion_ws/install/husarion_ugv_msgs/share/husarion_ugv_msgs/cmake/export_husarion_ugv_msgs__rosidl_typesupport_fastrtps_cExport-release.cmake
[23.474s] -- Installing: /husarion_ws/install/husarion_ugv_msgs/share/husarion_ugv_msgs/cmake/export_husarion_ugv_msgs__rosidl_generator_cppExport.cmake
[23.475s] -- Installing: /husarion_ws/install/husarion_ugv_msgs/share/husarion_ugv_msgs/cmake/export_husarion_ugv_msgs__rosidl_typesupport_fastrtps_cppExport.cmake
[23.475s] -- Installing: /husarion_ws/install/husarion_ugv_msgs/share/husarion_ugv_msgs/cmake/export_husarion_ugv_msgs__rosidl_typesupport_fastrtps_cppExport-release.cmake
[23.475s] -- Installing: /husarion_ws/install/husarion_ugv_msgs/share/husarion_ugv_msgs/cmake/husarion_ugv_msgs__rosidl_typesupport_introspection_cExport.cmake
[23.475s] -- Installing: /husarion_ws/install/husarion_ugv_msgs/share/husarion_ugv_msgs/cmake/husarion_ugv_msgs__rosidl_typesupport_introspection_cExport-release.cmake
[23.475s] -- Installing: /husarion_ws/install/husarion_ugv_msgs/share/husarion_ugv_msgs/cmake/husarion_ugv_msgs__rosidl_typesupport_cExport.cmake
[23.476s] -- Installing: /husarion_ws/install/husarion_ugv_msgs/share/husarion_ugv_msgs/cmake/husarion_ugv_msgs__rosidl_typesupport_cExport-release.cmake
[23.476s] -- Installing: /husarion_ws/install/husarion_ugv_msgs/share/husarion_ugv_msgs/cmake/husarion_ugv_msgs__rosidl_typesupport_introspection_cppExport.cmake
[23.476s] -- Installing: /husarion_ws/install/husarion_ugv_msgs/share/husarion_ugv_msgs/cmake/husarion_ugv_msgs__rosidl_typesupport_introspection_cppExport-release.cmake
[23.476s] -- Installing: /husarion_ws/install/husarion_ugv_msgs/share/husarion_ugv_msgs/cmake/husarion_ugv_msgs__rosidl_typesupport_cppExport.cmake
[23.476s] -- Installing: /husarion_ws/install/husarion_ugv_msgs/share/husarion_ugv_msgs/cmake/husarion_ugv_msgs__rosidl_typesupport_cppExport-release.cmake
[23.476s] -- Installing: /husarion_ws/install/husarion_ugv_msgs/share/husarion_ugv_msgs/cmake/export_husarion_ugv_msgs__rosidl_generator_pyExport.cmake
[23.476s] -- Installing: /husarion_ws/install/husarion_ugv_msgs/share/husarion_ugv_msgs/cmake/export_husarion_ugv_msgs__rosidl_generator_pyExport-release.cmake
[23.478s] Invoked command in '/husarion_ws/build/husarion_ugv_msgs' returned '0': CMAKE_PREFIX_PATH=${CMAKE_PREFIX_PATH}:/opt/ros/jazzy /usr/bin/cmake --install /husarion_ws/build/husarion_ugv_msgs
